<?xml version="1.0" encoding="UTF-8"?>
<!-- Generated by org.testng.reporters.JUnitXMLReporter -->
<testsuite ignored="0" hostname="archroot" failures="3" tests="10" name="Inventory Tests" time="145.698" errors="0" timestamp="2025-12-07T11:02:14 EET">
  <testcase classname="tests.InventoryTest" name="testInventoryItems" time="1.947"/>
  <testcase classname="tests.InventoryTest" name="testInventoryItems" time="1.449"/>
  <testcase classname="tests.InventoryTest" name="testInventoryItems" time="6.021"/>
  <testcase classname="tests.InventoryTest" name="testInventoryItems" time="1.636"/>
  <testcase classname="tests.InventoryTest" name="testInventoryItems" time="0.784">
    <failure type="java.lang.AssertionError" message="The following asserts failed:
	User : &amp;apos;visual_user&amp;apos;, The price of the product is incorrect for item 1 : Sauce Labs Backpack expected [$29.99] but found [$31.33],
	User : &amp;apos;visual_user&amp;apos;, The price of the product is incorrect for item 2 : Sauce Labs Bike Light expected [$9.99] but found [$36.35],
	User : &amp;apos;visual_user&amp;apos;, The price of the product is incorrect for item 3 : Sauce Labs Bolt T-Shirt expected [$15.99] but found [$64.48],
	User : &amp;apos;visual_user&amp;apos;, The price of the product is incorrect for item 4 : Sauce Labs Fleece Jacket expected [$49.99] but found [$43.53],
	User : &amp;apos;visual_user&amp;apos;, The price of the product is incorrect for item 5 : Sauce Labs Onesie expected [$7.99] but found [$94.58],
	User : &amp;apos;visual_user&amp;apos;, The price of the product is incorrect for item 6 : Test.allTheThings() T-Shirt (Red) expected [$15.99] but found [$53.75]">
      <![CDATA[java.lang.AssertionError: The following asserts failed:
User : 'visual_user', The price of the product is incorrect for item 1 : Sauce Labs Backpack expected [$29.99] but found [$31.33],
User : 'visual_user', The price of the product is incorrect for item 2 : Sauce Labs Bike Light expected [$9.99] but found [$36.35],
User : 'visual_user', The price of the product is incorrect for item 3 : Sauce Labs Bolt T-Shirt expected [$15.99] but found [$64.48],
User : 'visual_user', The price of the product is incorrect for item 4 : Sauce Labs Fleece Jacket expected [$49.99] but found [$43.53],
User : 'visual_user', The price of the product is incorrect for item 5 : Sauce Labs Onesie expected [$7.99] but found [$94.58],
User : 'visual_user', The price of the product is incorrect for item 6 : Test.allTheThings() T-Shirt (Red) expected [$15.99] but found [$53.75]
at tests.InventoryTest.testInventoryItems(InventoryTest.java:89)
at java.base/java.util.ArrayList.forEach(ArrayList.java:1604)
at java.base/java.util.concurrent.FutureTask.run(FutureTask.java:328)
at java.base/java.util.concurrent.ThreadPoolExecutor.runWorker(ThreadPoolExecutor.java:1090)
at java.base/java.util.concurrent.ThreadPoolExecutor$Worker.run(ThreadPoolExecutor.java:614)
at java.base/java.lang.Thread.run(Thread.java:1474)
... Removed 17 stack frames]]>
    </failure>
  </testcase> <!-- testInventoryItems -->
  <testcase classname="tests.InventoryTest" name="test_Add_Remove_Item" time="2.684"/>
  <testcase classname="tests.InventoryTest" name="test_Add_Remove_Item" time="3.984">
    <failure type="java.lang.AssertionError" message="The following asserts failed:
	User : &amp;apos;problem_user&amp;apos;, Sauce Labs Bolt T-Shirt: remove form cart button unclickable.,
	User : &amp;apos;problem_user&amp;apos;, Sauce Labs Fleece Jacket: remove form cart button unclickable.,
	User : &amp;apos;problem_user&amp;apos;, Test.allTheThings() T-Shirt (Red): remove form cart button unclickable.">
      <![CDATA[java.lang.AssertionError: The following asserts failed:
User : 'problem_user', Sauce Labs Bolt T-Shirt: remove form cart button unclickable.,
User : 'problem_user', Sauce Labs Fleece Jacket: remove form cart button unclickable.,
User : 'problem_user', Test.allTheThings() T-Shirt (Red): remove form cart button unclickable.
at tests.InventoryTest.test_Add_Remove_Item(InventoryTest.java:52)
at java.base/java.util.ArrayList.forEach(ArrayList.java:1604)
at java.base/java.util.concurrent.FutureTask.run(FutureTask.java:328)
at java.base/java.util.concurrent.ThreadPoolExecutor.runWorker(ThreadPoolExecutor.java:1090)
at java.base/java.util.concurrent.ThreadPoolExecutor$Worker.run(ThreadPoolExecutor.java:614)
at java.base/java.lang.Thread.run(Thread.java:1474)
... Removed 17 stack frames]]>
    </failure>
  </testcase> <!-- test_Add_Remove_Item -->
  <testcase classname="tests.InventoryTest" name="test_Add_Remove_Item" time="8.38"/>
  <testcase classname="tests.InventoryTest" name="test_Add_Remove_Item" time="1.296">
    <failure type="java.lang.AssertionError" message="The following asserts failed:
	User : &amp;apos;error_user&amp;apos;, Sauce Labs Bolt T-Shirt: remove form cart button unclickable.,
	User : &amp;apos;error_user&amp;apos;, Sauce Labs Fleece Jacket: remove form cart button unclickable.,
	User : &amp;apos;error_user&amp;apos;, Test.allTheThings() T-Shirt (Red): remove form cart button unclickable.">
      <![CDATA[java.lang.AssertionError: The following asserts failed:
User : 'error_user', Sauce Labs Bolt T-Shirt: remove form cart button unclickable.,
User : 'error_user', Sauce Labs Fleece Jacket: remove form cart button unclickable.,
User : 'error_user', Test.allTheThings() T-Shirt (Red): remove form cart button unclickable.
at tests.InventoryTest.test_Add_Remove_Item(InventoryTest.java:52)
at java.base/java.util.ArrayList.forEach(ArrayList.java:1604)
at java.base/java.util.concurrent.FutureTask.run(FutureTask.java:328)
at java.base/java.util.concurrent.ThreadPoolExecutor.runWorker(ThreadPoolExecutor.java:1090)
at java.base/java.util.concurrent.ThreadPoolExecutor$Worker.run(ThreadPoolExecutor.java:614)
at java.base/java.lang.Thread.run(Thread.java:1474)
... Removed 17 stack frames]]>
    </failure>
  </testcase> <!-- test_Add_Remove_Item -->
  <testcase classname="tests.InventoryTest" name="test_Add_Remove_Item" time="1.906"/>
</testsuite> <!-- Inventory Tests -->
