<?xml version="1.0" encoding="UTF-8"?>
<!-- Generated by org.testng.reporters.JUnitXMLReporter -->
<testsuite ignored="0" hostname="archroot" failures="0" tests="9" name="Login Tests" time="125.522" errors="0" timestamp="2025-12-07T11:01:54 EET">
  <testcase classname="tests.LoginTest" name="testLogin" time="0.954"/>
  <testcase classname="tests.LoginTest" name="testLogin" time="0.513"/>
  <testcase classname="tests.LoginTest" name="testLogin" time="0.843"/>
  <testcase classname="tests.LoginTest" name="testLogin" time="0.494"/>
  <testcase classname="tests.LoginTest" name="testLogin" time="0.443"/>
  <testcase classname="tests.LoginTest" name="testLogin" time="1.116"/>
  <testcase classname="tests.LoginTest" name="testLogin" time="6.029"/>
  <testcase classname="tests.LoginTest" name="testLogin" time="1.06"/>
  <testcase classname="tests.LoginTest" name="testLogin" time="0.662"/>
</testsuite> <!-- Login Tests -->
