<?xml version="1.0" encoding="UTF-8"?>
<!-- Generated by org.testng.reporters.JUnitXMLReporter -->
<testsuite ignored="0" hostname="archroot" failures="0" tests="9" name="Login Tests" time="101.112" errors="0" timestamp="2025-12-07T13:28:41 EET">
  <testcase classname="tests.LoginTest" name="testLogin" time="0.76"/>
  <testcase classname="tests.LoginTest" name="testLogin" time="0.645"/>
  <testcase classname="tests.LoginTest" name="testLogin" time="1.341"/>
  <testcase classname="tests.LoginTest" name="testLogin" time="0.617"/>
  <testcase classname="tests.LoginTest" name="testLogin" time="0.641"/>
  <testcase classname="tests.LoginTest" name="testLogin" time="0.814"/>
  <testcase classname="tests.LoginTest" name="testLogin" time="6.054"/>
  <testcase classname="tests.LoginTest" name="testLogin" time="0.896"/>
  <testcase classname="tests.LoginTest" name="testLogin" time="0.505"/>
</testsuite> <!-- Login Tests -->
