<?xml version="1.0" encoding="UTF-8"?>
<!-- Generated by org.testng.reporters.JUnitXMLReporter -->
<testsuite ignored="0" hostname="archroot" failures="0" tests="5" name="Logout Tests" time="52.465" errors="0" timestamp="2025-12-07T13:32:14 EET">
  <testcase classname="tests.LogoutTest" name="Logout" time="0.864"/>
  <testcase classname="tests.LogoutTest" name="Logout" time="1.257"/>
  <testcase classname="tests.LogoutTest" name="Logout" time="5.936"/>
  <testcase classname="tests.LogoutTest" name="Logout" time="0.714"/>
  <testcase classname="tests.LogoutTest" name="Logout" time="0.623"/>
</testsuite> <!-- Logout Tests -->
