<?xml version="1.0" encoding="UTF-8"?>
<!-- Generated by org.testng.reporters.JUnitXMLReporter -->
<testsuite ignored="0" hostname="archroot" failures="0" tests="5" name="Logout Tests" time="56.194" errors="0" timestamp="2025-12-07T11:05:54 EET">
  <testcase classname="tests.LogoutTest" name="Logout" time="2.06"/>
  <testcase classname="tests.LogoutTest" name="Logout" time="0.936"/>
  <testcase classname="tests.LogoutTest" name="Logout" time="5.716"/>
  <testcase classname="tests.LogoutTest" name="Logout" time="0.745"/>
  <testcase classname="tests.LogoutTest" name="Logout" time="0.724"/>
</testsuite> <!-- Logout Tests -->
