<?xml version="1.0" encoding="UTF-8"?>
<!-- Generated by org.testng.reporters.JUnitXMLReporter -->
<testsuite ignored="0" hostname="archroot" failures="6" tests="15" name="Overview Tests" time="312.186" errors="0" timestamp="2025-12-07T11:09:46 EET">
  <testcase classname="tests.OverviewTest" name="testFinishProcess" time="8.696"/>
  <testcase classname="tests.OverviewTest" name="testFinishProcess" time="2.07">
    <failure type="java.lang.AssertionError" message="checkout failed Error: Last Name is required expected [] but found [Error: Last Name is required]">
      <![CDATA[java.lang.AssertionError: checkout failed Error: Last Name is required expected [] but found [Error: Last Name is required]
at tests.OverviewTest.fillValidInfo(OverviewTest.java:24)
at tests.OverviewTest.testFinishProcess(OverviewTest.java:179)
at java.base/java.util.ArrayList.forEach(ArrayList.java:1604)
at java.base/java.util.concurrent.FutureTask.run(FutureTask.java:328)
at java.base/java.util.concurrent.ThreadPoolExecutor.runWorker(ThreadPoolExecutor.java:1090)
at java.base/java.util.concurrent.ThreadPoolExecutor$Worker.run(ThreadPoolExecutor.java:614)
at java.base/java.lang.Thread.run(Thread.java:1474)
... Removed 20 stack frames]]>
    </failure>
  </testcase> <!-- testFinishProcess -->
  <testcase classname="tests.OverviewTest" name="testFinishProcess" time="41.485"/>
  <testcase classname="tests.OverviewTest" name="testFinishProcess" time="0.876">
    <failure type="java.lang.AssertionError" message="expected [https://www.saucedemo.com/checkout-complete.html] but found [https://www.saucedemo.com/checkout-step-two.html]">
      <![CDATA[java.lang.AssertionError: expected [https://www.saucedemo.com/checkout-complete.html] but found [https://www.saucedemo.com/checkout-step-two.html]
at tests.OverviewTest.testFinishProcess(OverviewTest.java:183)
at java.base/java.util.ArrayList.forEach(ArrayList.java:1604)
at java.base/java.util.concurrent.FutureTask.run(FutureTask.java:328)
at java.base/java.util.concurrent.ThreadPoolExecutor.runWorker(ThreadPoolExecutor.java:1090)
at java.base/java.util.concurrent.ThreadPoolExecutor$Worker.run(ThreadPoolExecutor.java:614)
at java.base/java.lang.Thread.run(Thread.java:1474)
... Removed 21 stack frames]]>
    </failure>
  </testcase> <!-- testFinishProcess -->
  <testcase classname="tests.OverviewTest" name="testFinishProcess" time="6.171"/>
  <testcase classname="tests.OverviewTest" name="testOverviewPage" time="6.958"/>
  <testcase classname="tests.OverviewTest" name="testOverviewPage" time="0.815">
    <failure type="java.lang.AssertionError" message="checkout failed Error: Last Name is required expected [] but found [Error: Last Name is required]">
      <![CDATA[java.lang.AssertionError: checkout failed Error: Last Name is required expected [] but found [Error: Last Name is required]
at tests.OverviewTest.fillValidInfo(OverviewTest.java:24)
at tests.OverviewTest.testOverviewPage(OverviewTest.java:62)
at java.base/java.util.ArrayList.forEach(ArrayList.java:1604)
at java.base/java.util.concurrent.FutureTask.run(FutureTask.java:328)
at java.base/java.util.concurrent.ThreadPoolExecutor.runWorker(ThreadPoolExecutor.java:1090)
at java.base/java.util.concurrent.ThreadPoolExecutor$Worker.run(ThreadPoolExecutor.java:614)
at java.base/java.lang.Thread.run(Thread.java:1474)
... Removed 20 stack frames]]>
    </failure>
  </testcase> <!-- testOverviewPage -->
  <testcase classname="tests.OverviewTest" name="testOverviewPage" time="41.741"/>
  <testcase classname="tests.OverviewTest" name="testOverviewPage" time="7.342">
    <failure type="java.lang.AssertionError" message="The following asserts failed:
	The product: Sauce Labs Bike Light name does not match the expected name. expected [Sauce Labs Bolt T-Shirt] but found [Sauce Labs Bike Light],
	The product: Sauce Labs Bike Light name does not match the expected name. expected [Sauce Labs Fleece Jacket] but found [Sauce Labs Bike Light],
	The product: Sauce Labs Onesie name does not match the expected name. expected [Test.allTheThings() T-Shirt (Red)] but found [Sauce Labs Onesie]">
      <![CDATA[java.lang.AssertionError: The following asserts failed:
The product: Sauce Labs Bike Light name does not match the expected name. expected [Sauce Labs Bolt T-Shirt] but found [Sauce Labs Bike Light],
The product: Sauce Labs Bike Light name does not match the expected name. expected [Sauce Labs Fleece Jacket] but found [Sauce Labs Bike Light],
The product: Sauce Labs Onesie name does not match the expected name. expected [Test.allTheThings() T-Shirt (Red)] but found [Sauce Labs Onesie]
at tests.OverviewTest.testOverviewPage(OverviewTest.java:96)
at java.base/java.util.ArrayList.forEach(ArrayList.java:1604)
at java.base/java.util.concurrent.FutureTask.run(FutureTask.java:328)
at java.base/java.util.concurrent.ThreadPoolExecutor.runWorker(ThreadPoolExecutor.java:1090)
at java.base/java.util.concurrent.ThreadPoolExecutor$Worker.run(ThreadPoolExecutor.java:614)
at java.base/java.lang.Thread.run(Thread.java:1474)
... Removed 17 stack frames]]>
    </failure>
  </testcase> <!-- testOverviewPage -->
  <testcase classname="tests.OverviewTest" name="testOverviewPage" time="10.462"/>
  <testcase classname="tests.OverviewTest" name="testTotalPrice" time="9.076"/>
  <testcase classname="tests.OverviewTest" name="testTotalPrice" time="0.871">
    <failure type="java.lang.AssertionError" message="checkout failed Error: Last Name is required expected [] but found [Error: Last Name is required]">
      <![CDATA[java.lang.AssertionError: checkout failed Error: Last Name is required expected [] but found [Error: Last Name is required]
at tests.OverviewTest.fillValidInfo(OverviewTest.java:24)
at tests.OverviewTest.testTotalPrice(OverviewTest.java:134)
at java.base/java.util.ArrayList.forEach(ArrayList.java:1604)
at java.base/java.util.concurrent.FutureTask.run(FutureTask.java:328)
at java.base/java.util.concurrent.ThreadPoolExecutor.runWorker(ThreadPoolExecutor.java:1090)
at java.base/java.util.concurrent.ThreadPoolExecutor$Worker.run(ThreadPoolExecutor.java:614)
at java.base/java.lang.Thread.run(Thread.java:1474)
... Removed 20 stack frames]]>
    </failure>
  </testcase> <!-- testTotalPrice -->
  <testcase classname="tests.OverviewTest" name="testTotalPrice" time="40.536"/>
  <testcase classname="tests.OverviewTest" name="testTotalPrice" time="6.823">
    <failure type="java.lang.AssertionError" message="The following asserts failed:
	The total price calculation is incorrect! expected [59.17] but found [43.18],
	The total price calculation is incorrect! expected [109.16000000000001] but found [43.18],
	The total price calculation is incorrect! expected [117.79] but found [51.81],
	The total price calculation is incorrect! expected [133.78] but found [51.81]">
      <![CDATA[java.lang.AssertionError: The following asserts failed:
The total price calculation is incorrect! expected [59.17] but found [43.18],
The total price calculation is incorrect! expected [109.16000000000001] but found [43.18],
The total price calculation is incorrect! expected [117.79] but found [51.81],
The total price calculation is incorrect! expected [133.78] but found [51.81]
at tests.OverviewTest.testTotalPrice(OverviewTest.java:149)
at java.base/java.util.ArrayList.forEach(ArrayList.java:1604)
at java.base/java.util.concurrent.FutureTask.run(FutureTask.java:328)
at java.base/java.util.concurrent.ThreadPoolExecutor.runWorker(ThreadPoolExecutor.java:1090)
at java.base/java.util.concurrent.ThreadPoolExecutor$Worker.run(ThreadPoolExecutor.java:614)
at java.base/java.lang.Thread.run(Thread.java:1474)
... Removed 17 stack frames]]>
    </failure>
  </testcase> <!-- testTotalPrice -->
  <testcase classname="tests.OverviewTest" name="testTotalPrice" time="5.548"/>
</testsuite> <!-- Overview Tests -->
