<?xml version="1.0" encoding="UTF-8"?>
<!-- Generated by org.testng.reporters.JUnitXMLReporter -->
<testsuite ignored="0" hostname="archroot" failures="8" tests="20" name="Sorting Tests" time="262.065" errors="0" timestamp="2025-12-07T13:31:22 EET">
  <testcase classname="tests.SortingTest" name="sortingByNameAtoZ" time="1.049"/>
  <testcase classname="tests.SortingTest" name="sortingByNameAtoZ" time="1.42"/>
  <testcase classname="tests.SortingTest" name="sortingByNameAtoZ" time="10.988"/>
  <testcase classname="tests.SortingTest" name="sortingByNameAtoZ" time="1.454"/>
  <testcase classname="tests.SortingTest" name="sortingByNameAtoZ" time="1.079"/>
  <testcase classname="tests.SortingTest" name="sortingByNameZtoA" time="1.049"/>
  <testcase classname="tests.SortingTest" name="sortingByNameZtoA" time="1.129">
    <failure type="java.lang.AssertionError" message="User: &amp;apos;problem_user&amp;apos;, Item names should be sorted in descending alphabetical order.: Lists differ at element [0]: Sauce Labs Backpack != Test.allTheThings() T-Shirt (Red) expected [Sauce Labs Backpack] but found [Test.allTheThings() T-Shirt (Red)]">
      <![CDATA[java.lang.AssertionError: User: 'problem_user', Item names should be sorted in descending alphabetical order.: Lists differ at element [0]: Sauce Labs Backpack != Test.allTheThings() T-Shirt (Red) expected [Sauce Labs Backpack] but found [Test.allTheThings() T-Shirt (Red)]
at tests.SortingTest.sortingByNameZtoA(SortingTest.java:67)
at java.base/java.util.ArrayList.forEach(ArrayList.java:1604)
at java.base/java.util.concurrent.FutureTask.run(FutureTask.java:328)
at java.base/java.util.concurrent.ThreadPoolExecutor.runWorker(ThreadPoolExecutor.java:1090)
at java.base/java.util.concurrent.ThreadPoolExecutor$Worker.run(ThreadPoolExecutor.java:614)
at java.base/java.lang.Thread.run(Thread.java:1474)
... Removed 19 stack frames]]>
    </failure>
  </testcase> <!-- sortingByNameZtoA -->
  <testcase classname="tests.SortingTest" name="sortingByNameZtoA" time="10.911"/>
  <testcase classname="tests.SortingTest" name="sortingByNameZtoA" time="1.628">
    <failure type="java.lang.AssertionError" message="User: &amp;apos;error_user&amp;apos;, Item names should be sorted in descending alphabetical order.: Lists differ at element [0]: Sauce Labs Backpack != Test.allTheThings() T-Shirt (Red) expected [Sauce Labs Backpack] but found [Test.allTheThings() T-Shirt (Red)]">
      <![CDATA[java.lang.AssertionError: User: 'error_user', Item names should be sorted in descending alphabetical order.: Lists differ at element [0]: Sauce Labs Backpack != Test.allTheThings() T-Shirt (Red) expected [Sauce Labs Backpack] but found [Test.allTheThings() T-Shirt (Red)]
at tests.SortingTest.sortingByNameZtoA(SortingTest.java:67)
at java.base/java.util.ArrayList.forEach(ArrayList.java:1604)
at java.base/java.util.concurrent.FutureTask.run(FutureTask.java:328)
at java.base/java.util.concurrent.ThreadPoolExecutor.runWorker(ThreadPoolExecutor.java:1090)
at java.base/java.util.concurrent.ThreadPoolExecutor$Worker.run(ThreadPoolExecutor.java:614)
at java.base/java.lang.Thread.run(Thread.java:1474)
... Removed 19 stack frames]]>
    </failure>
  </testcase> <!-- sortingByNameZtoA -->
  <testcase classname="tests.SortingTest" name="sortingByNameZtoA" time="2.787"/>
  <testcase classname="tests.SortingTest" name="sortingByPriceHightoLow" time="1.019"/>
  <testcase classname="tests.SortingTest" name="sortingByPriceHightoLow" time="0.816">
    <failure type="java.lang.AssertionError" message="User: &amp;apos;problem_user&amp;apos;, Item prices should be sorted in descending order.: Lists differ at element [0]: 29.99 != 49.99 expected [29.99] but found [49.99]">
      <![CDATA[java.lang.AssertionError: User: 'problem_user', Item prices should be sorted in descending order.: Lists differ at element [0]: 29.99 != 49.99 expected [29.99] but found [49.99]
at tests.SortingTest.sortingByPriceHightoLow(SortingTest.java:123)
at java.base/java.util.ArrayList.forEach(ArrayList.java:1604)
at java.base/java.util.concurrent.FutureTask.run(FutureTask.java:328)
at java.base/java.util.concurrent.ThreadPoolExecutor.runWorker(ThreadPoolExecutor.java:1090)
at java.base/java.util.concurrent.ThreadPoolExecutor$Worker.run(ThreadPoolExecutor.java:614)
at java.base/java.lang.Thread.run(Thread.java:1474)
... Removed 19 stack frames]]>
    </failure>
  </testcase> <!-- sortingByPriceHightoLow -->
  <testcase classname="tests.SortingTest" name="sortingByPriceHightoLow" time="10.91"/>
  <testcase classname="tests.SortingTest" name="sortingByPriceHightoLow" time="1.31">
    <failure type="java.lang.AssertionError" message="User: &amp;apos;error_user&amp;apos;, Item prices should be sorted in descending order.: Lists differ at element [0]: 29.99 != 49.99 expected [29.99] but found [49.99]">
      <![CDATA[java.lang.AssertionError: User: 'error_user', Item prices should be sorted in descending order.: Lists differ at element [0]: 29.99 != 49.99 expected [29.99] but found [49.99]
at tests.SortingTest.sortingByPriceHightoLow(SortingTest.java:123)
at java.base/java.util.ArrayList.forEach(ArrayList.java:1604)
at java.base/java.util.concurrent.FutureTask.run(FutureTask.java:328)
at java.base/java.util.concurrent.ThreadPoolExecutor.runWorker(ThreadPoolExecutor.java:1090)
at java.base/java.util.concurrent.ThreadPoolExecutor$Worker.run(ThreadPoolExecutor.java:614)
at java.base/java.lang.Thread.run(Thread.java:1474)
... Removed 19 stack frames]]>
    </failure>
  </testcase> <!-- sortingByPriceHightoLow -->
  <testcase classname="tests.SortingTest" name="sortingByPriceHightoLow" time="1.257">
    <failure type="java.lang.AssertionError" message="User: &amp;apos;visual_user&amp;apos;, Item prices should be sorted in descending order.: Lists differ at element [0]: 60.89 != 71.06 expected [60.89] but found [71.06]">
      <![CDATA[java.lang.AssertionError: User: 'visual_user', Item prices should be sorted in descending order.: Lists differ at element [0]: 60.89 != 71.06 expected [60.89] but found [71.06]
at tests.SortingTest.sortingByPriceHightoLow(SortingTest.java:123)
at java.base/java.util.ArrayList.forEach(ArrayList.java:1604)
at java.base/java.util.concurrent.FutureTask.run(FutureTask.java:328)
at java.base/java.util.concurrent.ThreadPoolExecutor.runWorker(ThreadPoolExecutor.java:1090)
at java.base/java.util.concurrent.ThreadPoolExecutor$Worker.run(ThreadPoolExecutor.java:614)
at java.base/java.lang.Thread.run(Thread.java:1474)
... Removed 19 stack frames]]>
    </failure>
  </testcase> <!-- sortingByPriceHightoLow -->
  <testcase classname="tests.SortingTest" name="sortingByPriceLowtoHigh" time="1.031"/>
  <testcase classname="tests.SortingTest" name="sortingByPriceLowtoHigh" time="1.321">
    <failure type="java.lang.AssertionError" message="User: &amp;apos;problem_user&amp;apos;, Item prices should be sorted in ascending order.: Lists differ at element [0]: 29.99 != 7.99 expected [29.99] but found [7.99]">
      <![CDATA[java.lang.AssertionError: User: 'problem_user', Item prices should be sorted in ascending order.: Lists differ at element [0]: 29.99 != 7.99 expected [29.99] but found [7.99]
at tests.SortingTest.sortingByPriceLowtoHigh(SortingTest.java:95)
at java.base/java.util.ArrayList.forEach(ArrayList.java:1604)
at java.base/java.util.concurrent.FutureTask.run(FutureTask.java:328)
at java.base/java.util.concurrent.ThreadPoolExecutor.runWorker(ThreadPoolExecutor.java:1090)
at java.base/java.util.concurrent.ThreadPoolExecutor$Worker.run(ThreadPoolExecutor.java:614)
at java.base/java.lang.Thread.run(Thread.java:1474)
... Removed 19 stack frames]]>
    </failure>
  </testcase> <!-- sortingByPriceLowtoHigh -->
  <testcase classname="tests.SortingTest" name="sortingByPriceLowtoHigh" time="11.343"/>
  <testcase classname="tests.SortingTest" name="sortingByPriceLowtoHigh" time="1.61">
    <failure type="java.lang.AssertionError" message="User: &amp;apos;error_user&amp;apos;, Item prices should be sorted in ascending order.: Lists differ at element [0]: 29.99 != 7.99 expected [29.99] but found [7.99]">
      <![CDATA[java.lang.AssertionError: User: 'error_user', Item prices should be sorted in ascending order.: Lists differ at element [0]: 29.99 != 7.99 expected [29.99] but found [7.99]
at tests.SortingTest.sortingByPriceLowtoHigh(SortingTest.java:95)
at java.base/java.util.ArrayList.forEach(ArrayList.java:1604)
at java.base/java.util.concurrent.FutureTask.run(FutureTask.java:328)
at java.base/java.util.concurrent.ThreadPoolExecutor.runWorker(ThreadPoolExecutor.java:1090)
at java.base/java.util.concurrent.ThreadPoolExecutor$Worker.run(ThreadPoolExecutor.java:614)
at java.base/java.lang.Thread.run(Thread.java:1474)
... Removed 19 stack frames]]>
    </failure>
  </testcase> <!-- sortingByPriceLowtoHigh -->
  <testcase classname="tests.SortingTest" name="sortingByPriceLowtoHigh" time="2.048">
    <failure type="java.lang.AssertionError" message="User: &amp;apos;visual_user&amp;apos;, Item prices should be sorted in ascending order.: Lists differ at element [0]: 39.49 != 21.25 expected [39.49] but found [21.25]">
      <![CDATA[java.lang.AssertionError: User: 'visual_user', Item prices should be sorted in ascending order.: Lists differ at element [0]: 39.49 != 21.25 expected [39.49] but found [21.25]
at tests.SortingTest.sortingByPriceLowtoHigh(SortingTest.java:95)
at java.base/java.util.ArrayList.forEach(ArrayList.java:1604)
at java.base/java.util.concurrent.FutureTask.run(FutureTask.java:328)
at java.base/java.util.concurrent.ThreadPoolExecutor.runWorker(ThreadPoolExecutor.java:1090)
at java.base/java.util.concurrent.ThreadPoolExecutor$Worker.run(ThreadPoolExecutor.java:614)
at java.base/java.lang.Thread.run(Thread.java:1474)
... Removed 19 stack frames]]>
    </failure>
  </testcase> <!-- sortingByPriceLowtoHigh -->
</testsuite> <!-- Sorting Tests -->
