<?xml version="1.0" encoding="UTF-8"?>
<!-- Generated by org.testng.reporters.JUnitXMLReporter -->
<testsuite ignored="0" hostname="archroot" failures="8" tests="20" name="Sorting Tests" time="309.268" errors="0" timestamp="2025-12-07T11:04:57 EET">
  <testcase classname="tests.SortingTest" name="sortingByNameAtoZ" time="2.771"/>
  <testcase classname="tests.SortingTest" name="sortingByNameAtoZ" time="1.917"/>
  <testcase classname="tests.SortingTest" name="sortingByNameAtoZ" time="12.178"/>
  <testcase classname="tests.SortingTest" name="sortingByNameAtoZ" time="2.118"/>
  <testcase classname="tests.SortingTest" name="sortingByNameAtoZ" time="0.863"/>
  <testcase classname="tests.SortingTest" name="sortingByNameZtoA" time="1.58"/>
  <testcase classname="tests.SortingTest" name="sortingByNameZtoA" time="1.664">
    <failure type="java.lang.AssertionError" message="User: &amp;apos;problem_user&amp;apos;, Item names should be sorted in descending alphabetical order.: Lists differ at element [0]: Sauce Labs Backpack != Test.allTheThings() T-Shirt (Red) expected [Sauce Labs Backpack] but found [Test.allTheThings() T-Shirt (Red)]">
      <![CDATA[java.lang.AssertionError: User: 'problem_user', Item names should be sorted in descending alphabetical order.: Lists differ at element [0]: Sauce Labs Backpack != Test.allTheThings() T-Shirt (Red) expected [Sauce Labs Backpack] but found [Test.allTheThings() T-Shirt (Red)]
at tests.SortingTest.sortingByNameZtoA(SortingTest.java:56)
at java.base/java.util.ArrayList.forEach(ArrayList.java:1604)
at java.base/java.util.concurrent.FutureTask.run(FutureTask.java:328)
at java.base/java.util.concurrent.ThreadPoolExecutor.runWorker(ThreadPoolExecutor.java:1090)
at java.base/java.util.concurrent.ThreadPoolExecutor$Worker.run(ThreadPoolExecutor.java:614)
at java.base/java.lang.Thread.run(Thread.java:1474)
... Removed 19 stack frames]]>
    </failure>
  </testcase> <!-- sortingByNameZtoA -->
  <testcase classname="tests.SortingTest" name="sortingByNameZtoA" time="13.058"/>
  <testcase classname="tests.SortingTest" name="sortingByNameZtoA" time="2.441">
    <failure type="java.lang.AssertionError" message="User: &amp;apos;error_user&amp;apos;, Item names should be sorted in descending alphabetical order.: Lists differ at element [0]: Sauce Labs Backpack != Test.allTheThings() T-Shirt (Red) expected [Sauce Labs Backpack] but found [Test.allTheThings() T-Shirt (Red)]">
      <![CDATA[java.lang.AssertionError: User: 'error_user', Item names should be sorted in descending alphabetical order.: Lists differ at element [0]: Sauce Labs Backpack != Test.allTheThings() T-Shirt (Red) expected [Sauce Labs Backpack] but found [Test.allTheThings() T-Shirt (Red)]
at tests.SortingTest.sortingByNameZtoA(SortingTest.java:56)
at java.base/java.util.ArrayList.forEach(ArrayList.java:1604)
at java.base/java.util.concurrent.FutureTask.run(FutureTask.java:328)
at java.base/java.util.concurrent.ThreadPoolExecutor.runWorker(ThreadPoolExecutor.java:1090)
at java.base/java.util.concurrent.ThreadPoolExecutor$Worker.run(ThreadPoolExecutor.java:614)
at java.base/java.lang.Thread.run(Thread.java:1474)
... Removed 19 stack frames]]>
    </failure>
  </testcase> <!-- sortingByNameZtoA -->
  <testcase classname="tests.SortingTest" name="sortingByNameZtoA" time="0.975"/>
  <testcase classname="tests.SortingTest" name="sortingByPriceHightoLow" time="1.146"/>
  <testcase classname="tests.SortingTest" name="sortingByPriceHightoLow" time="1.893">
    <failure type="java.lang.AssertionError" message="User: &amp;apos;problem_user&amp;apos;, Item prices should be sorted in descending order.: Lists differ at element [0]: 29.99 != 49.99 expected [29.99] but found [49.99]">
      <![CDATA[java.lang.AssertionError: User: 'problem_user', Item prices should be sorted in descending order.: Lists differ at element [0]: 29.99 != 49.99 expected [29.99] but found [49.99]
at tests.SortingTest.sortingByPriceHightoLow(SortingTest.java:103)
at java.base/java.util.ArrayList.forEach(ArrayList.java:1604)
at java.base/java.util.concurrent.FutureTask.run(FutureTask.java:328)
at java.base/java.util.concurrent.ThreadPoolExecutor.runWorker(ThreadPoolExecutor.java:1090)
at java.base/java.util.concurrent.ThreadPoolExecutor$Worker.run(ThreadPoolExecutor.java:614)
at java.base/java.lang.Thread.run(Thread.java:1474)
... Removed 19 stack frames]]>
    </failure>
  </testcase> <!-- sortingByPriceHightoLow -->
  <testcase classname="tests.SortingTest" name="sortingByPriceHightoLow" time="11.656"/>
  <testcase classname="tests.SortingTest" name="sortingByPriceHightoLow" time="1.428">
    <failure type="java.lang.AssertionError" message="User: &amp;apos;error_user&amp;apos;, Item prices should be sorted in descending order.: Lists differ at element [0]: 29.99 != 49.99 expected [29.99] but found [49.99]">
      <![CDATA[java.lang.AssertionError: User: 'error_user', Item prices should be sorted in descending order.: Lists differ at element [0]: 29.99 != 49.99 expected [29.99] but found [49.99]
at tests.SortingTest.sortingByPriceHightoLow(SortingTest.java:103)
at java.base/java.util.ArrayList.forEach(ArrayList.java:1604)
at java.base/java.util.concurrent.FutureTask.run(FutureTask.java:328)
at java.base/java.util.concurrent.ThreadPoolExecutor.runWorker(ThreadPoolExecutor.java:1090)
at java.base/java.util.concurrent.ThreadPoolExecutor$Worker.run(ThreadPoolExecutor.java:614)
at java.base/java.lang.Thread.run(Thread.java:1474)
... Removed 19 stack frames]]>
    </failure>
  </testcase> <!-- sortingByPriceHightoLow -->
  <testcase classname="tests.SortingTest" name="sortingByPriceHightoLow" time="1.046">
    <failure type="java.lang.AssertionError" message="User: &amp;apos;visual_user&amp;apos;, Item prices should be sorted in descending order.: Lists differ at element [0]: 22.42 != 47.66 expected [22.42] but found [47.66]">
      <![CDATA[java.lang.AssertionError: User: 'visual_user', Item prices should be sorted in descending order.: Lists differ at element [0]: 22.42 != 47.66 expected [22.42] but found [47.66]
at tests.SortingTest.sortingByPriceHightoLow(SortingTest.java:103)
at java.base/java.util.ArrayList.forEach(ArrayList.java:1604)
at java.base/java.util.concurrent.FutureTask.run(FutureTask.java:328)
at java.base/java.util.concurrent.ThreadPoolExecutor.runWorker(ThreadPoolExecutor.java:1090)
at java.base/java.util.concurrent.ThreadPoolExecutor$Worker.run(ThreadPoolExecutor.java:614)
at java.base/java.lang.Thread.run(Thread.java:1474)
... Removed 19 stack frames]]>
    </failure>
  </testcase> <!-- sortingByPriceHightoLow -->
  <testcase classname="tests.SortingTest" name="sortingByPriceLowtoHigh" time="1.78"/>
  <testcase classname="tests.SortingTest" name="sortingByPriceLowtoHigh" time="1.208">
    <failure type="java.lang.AssertionError" message="User: &amp;apos;problem_user&amp;apos;, Item prices should be sorted in ascending order.: Lists differ at element [0]: 29.99 != 7.99 expected [29.99] but found [7.99]">
      <![CDATA[java.lang.AssertionError: User: 'problem_user', Item prices should be sorted in ascending order.: Lists differ at element [0]: 29.99 != 7.99 expected [29.99] but found [7.99]
at tests.SortingTest.sortingByPriceLowtoHigh(SortingTest.java:79)
at java.base/java.util.ArrayList.forEach(ArrayList.java:1604)
at java.base/java.util.concurrent.FutureTask.run(FutureTask.java:328)
at java.base/java.util.concurrent.ThreadPoolExecutor.runWorker(ThreadPoolExecutor.java:1090)
at java.base/java.util.concurrent.ThreadPoolExecutor$Worker.run(ThreadPoolExecutor.java:614)
at java.base/java.lang.Thread.run(Thread.java:1474)
... Removed 19 stack frames]]>
    </failure>
  </testcase> <!-- sortingByPriceLowtoHigh -->
  <testcase classname="tests.SortingTest" name="sortingByPriceLowtoHigh" time="11.437"/>
  <testcase classname="tests.SortingTest" name="sortingByPriceLowtoHigh" time="1.909">
    <failure type="java.lang.AssertionError" message="User: &amp;apos;error_user&amp;apos;, Item prices should be sorted in ascending order.: Lists differ at element [0]: 29.99 != 7.99 expected [29.99] but found [7.99]">
      <![CDATA[java.lang.AssertionError: User: 'error_user', Item prices should be sorted in ascending order.: Lists differ at element [0]: 29.99 != 7.99 expected [29.99] but found [7.99]
at tests.SortingTest.sortingByPriceLowtoHigh(SortingTest.java:79)
at java.base/java.util.ArrayList.forEach(ArrayList.java:1604)
at java.base/java.util.concurrent.FutureTask.run(FutureTask.java:328)
at java.base/java.util.concurrent.ThreadPoolExecutor.runWorker(ThreadPoolExecutor.java:1090)
at java.base/java.util.concurrent.ThreadPoolExecutor$Worker.run(ThreadPoolExecutor.java:614)
at java.base/java.lang.Thread.run(Thread.java:1474)
... Removed 19 stack frames]]>
    </failure>
  </testcase> <!-- sortingByPriceLowtoHigh -->
  <testcase classname="tests.SortingTest" name="sortingByPriceLowtoHigh" time="1.237">
    <failure type="java.lang.AssertionError" message="User: &amp;apos;visual_user&amp;apos;, Item prices should be sorted in ascending order.: Lists differ at element [0]: 14.22 != 4.76 expected [14.22] but found [4.76]">
      <![CDATA[java.lang.AssertionError: User: 'visual_user', Item prices should be sorted in ascending order.: Lists differ at element [0]: 14.22 != 4.76 expected [14.22] but found [4.76]
at tests.SortingTest.sortingByPriceLowtoHigh(SortingTest.java:79)
at java.base/java.util.ArrayList.forEach(ArrayList.java:1604)
at java.base/java.util.concurrent.FutureTask.run(FutureTask.java:328)
at java.base/java.util.concurrent.ThreadPoolExecutor.runWorker(ThreadPoolExecutor.java:1090)
at java.base/java.util.concurrent.ThreadPoolExecutor$Worker.run(ThreadPoolExecutor.java:614)
at java.base/java.lang.Thread.run(Thread.java:1474)
... Removed 19 stack frames]]>
    </failure>
  </testcase> <!-- sortingByPriceLowtoHigh -->
</testsuite> <!-- Sorting Tests -->
