<!DOCTYPE html PUBLIC "-//W3C//DTD XHTML 1.1//EN" "https://www.w3.org/TR/xhtml11/DTD/xhtml11.dtd">
<html xmlns="https://www.w3.org/1999/xhtml">
<head>
<meta http-equiv="content-type" content="text/html; charset=UTF-8"/>
<title>TestNG Report</title>
<style type="text/css">table {margin-bottom:10px;border-collapse:collapse;empty-cells:show}th,td {border:1px solid #009;padding:.25em .5em}th {vertical-align:bottom}td {vertical-align:top}table a {font-weight:bold}.stripe td {background-color: #E6EBF9}.num {text-align:right}.passedodd td {background-color: #3F3}.passedeven td {background-color: #0A0}.skippedodd td {background-color: #DDD}.skippedeven td {background-color: #CCC}.failedodd td,.attn {background-color: #F33}.failedeven td,.stripe .attn {background-color: #D00}.stacktrace {white-space:pre;font-family:monospace}.totop {font-size:85%;text-align:center;border-bottom:2px solid #000}.invisible {display:none}</style>
</head>
<body>
<table>
<tr><th>Test</th><th># Passed</th><th># Skipped</th><th># Retried</th><th># Failed</th><th>Time (ms)</th><th>Included Groups</th><th>Excluded Groups</th></tr>
<tr><th colspan="8">SauceDemo Test Suite</th></tr>
<tr><td><a href="#t0">Login Tests</a></td><td class="num">9</td><td class="num">0</td><td class="num">0</td><td class="num">0</td><td class="num">125,522</td><td></td><td></td></tr>
<tr class="stripe"><td><a href="#t1">Inventory Tests</a></td><td class="num">7</td><td class="num">0</td><td class="num">0</td><td class="num attn">3</td><td class="num">145,698</td><td></td><td></td></tr>
<tr><td><a href="#t2">Cart Tests</a></td><td class="num">3</td><td class="num">0</td><td class="num">0</td><td class="num attn">2</td><td class="num">160,343</td><td></td><td></td></tr>
<tr class="stripe"><td><a href="#t3">Sorting Tests</a></td><td class="num">12</td><td class="num">0</td><td class="num">0</td><td class="num attn">8</td><td class="num">309,268</td><td></td><td></td></tr>
<tr><td><a href="#t4">ProductPage Tests</a></td><td class="num">12</td><td class="num">0</td><td class="num">0</td><td class="num attn">3</td><td class="num">334,653</td><td></td><td></td></tr>
<tr class="stripe"><td><a href="#t5">Logout Tests</a></td><td class="num">5</td><td class="num">0</td><td class="num">0</td><td class="num">0</td><td class="num">56,194</td><td></td><td></td></tr>
<tr><td><a href="#t6">Checkout Tests</a></td><td class="num">3</td><td class="num">0</td><td class="num">0</td><td class="num attn">2</td><td class="num">443,010</td><td></td><td></td></tr>
<tr class="stripe"><td><a href="#t7">Overview Tests</a></td><td class="num">9</td><td class="num">0</td><td class="num">0</td><td class="num attn">6</td><td class="num">312,186</td><td></td><td></td></tr>
<tr><th>Total</th><th class="num">60</th><th class="num">0</th><th class="num">0</th><th class="num attn">24</th><th class="num">1,886,874</th><th colspan="2"></th></tr>
</table>
<table id='summary'><thead><tr><th>Class</th><th>Method</th><th>Start</th><th>Time (ms)</th></tr></thead><tbody><tr><th colspan="4">SauceDemo Test Suite</th></tr></tbody><tbody id="t0"><tr><th colspan="4">Login Tests &#8212; passed</th></tr><tr class="passedeven"><td rowspan="9">tests.LoginTest</td><td><a href="#m0">testLogin</a></td><td rowspan="9">1765098020521</td><td rowspan="9">513</td></tr><tr class="passedeven"><td><a href="#m1">testLogin</a></td></tr><tr class="passedeven"><td><a href="#m2">testLogin</a></td></tr><tr class="passedeven"><td><a href="#m3">testLogin</a></td></tr><tr class="passedeven"><td><a href="#m4">testLogin</a></td></tr><tr class="passedeven"><td><a href="#m5">testLogin</a></td></tr><tr class="passedeven"><td><a href="#m6">testLogin</a></td></tr><tr class="passedeven"><td><a href="#m7">testLogin</a></td></tr><tr class="passedeven"><td><a href="#m8">testLogin</a></td></tr></tbody>
<tbody id="t1"><tr><th colspan="4">Inventory Tests &#8212; failed</th></tr><tr class="failedeven"><td rowspan="3">tests.InventoryTest</td><td><a href="#m9">testInventoryItems</a></td><td rowspan="1">1765098056918</td><td rowspan="1">784</td></tr><tr class="failedeven"><td><a href="#m10">test_Add_Remove_Item</a></td><td rowspan="2">1765098081678</td><td rowspan="2">3984</td></tr><tr class="failedeven"><td><a href="#m11">test_Add_Remove_Item</a></td></tr><tr><th colspan="4">Inventory Tests &#8212; passed</th></tr><tr class="passedeven"><td rowspan="7">tests.InventoryTest</td><td><a href="#m12">testInventoryItems</a></td><td rowspan="4">1765098027698</td><td rowspan="4">6021</td></tr><tr class="passedeven"><td><a href="#m13">testInventoryItems</a></td></tr><tr class="passedeven"><td><a href="#m14">testInventoryItems</a></td></tr><tr class="passedeven"><td><a href="#m15">testInventoryItems</a></td></tr><tr class="passedeven"><td><a href="#m16">test_Add_Remove_Item</a></td><td rowspan="3">1765098069947</td><td rowspan="3">2684</td></tr><tr class="passedeven"><td><a href="#m17">test_Add_Remove_Item</a></td></tr><tr class="passedeven"><td><a href="#m18">test_Add_Remove_Item</a></td></tr></tbody>
<tbody id="t2"><tr><th colspan="4">Cart Tests &#8212; failed</th></tr><tr class="failedeven"><td rowspan="2">tests.CartTest</td><td><a href="#m19">verifyAddRemoveItemFromCart</a></td><td rowspan="2">1765098246395</td><td rowspan="2">7740</td></tr><tr class="failedeven"><td><a href="#m20">verifyAddRemoveItemFromCart</a></td></tr><tr><th colspan="4">Cart Tests &#8212; passed</th></tr><tr class="passedeven"><td rowspan="3">tests.CartTest</td><td><a href="#m21">verifyAddRemoveItemFromCart</a></td><td rowspan="3">1765098120597</td><td rowspan="3">9922</td></tr><tr class="passedeven"><td><a href="#m22">verifyAddRemoveItemFromCart</a></td></tr><tr class="passedeven"><td><a href="#m23">verifyAddRemoveItemFromCart</a></td></tr></tbody>
<tbody id="t3"><tr><th colspan="4">Sorting Tests &#8212; failed</th></tr><tr class="failedeven"><td rowspan="8">tests.SortingTest</td><td><a href="#m24">sortingByNameZtoA</a></td><td rowspan="2">1765098088330</td><td rowspan="2">1664</td></tr><tr class="failedeven"><td><a href="#m25">sortingByNameZtoA</a></td></tr><tr class="failedeven"><td><a href="#m26">sortingByPriceHightoLow</a></td><td rowspan="3">1765098214498</td><td rowspan="3">1046</td></tr><tr class="failedeven"><td><a href="#m27">sortingByPriceHightoLow</a></td></tr><tr class="failedeven"><td><a href="#m28">sortingByPriceHightoLow</a></td></tr><tr class="failedeven"><td><a href="#m29">sortingByPriceLowtoHigh</a></td><td rowspan="3">1765098280663</td><td rowspan="3">1909</td></tr><tr class="failedeven"><td><a href="#m30">sortingByPriceLowtoHigh</a></td></tr><tr class="failedeven"><td><a href="#m31">sortingByPriceLowtoHigh</a></td></tr><tr><th colspan="4">Sorting Tests &#8212; passed</th></tr><tr class="passedeven"><td rowspan="12">tests.SortingTest</td><td><a href="#m32">sortingByNameAtoZ</a></td><td rowspan="5">1765098052011</td><td rowspan="5">2118</td></tr><tr class="passedeven"><td><a href="#m33">sortingByNameAtoZ</a></td></tr><tr class="passedeven"><td><a href="#m34">sortingByNameAtoZ</a></td></tr><tr class="passedeven"><td><a href="#m35">sortingByNameAtoZ</a></td></tr><tr class="passedeven"><td><a href="#m36">sortingByNameAtoZ</a></td></tr><tr class="passedeven"><td><a href="#m37">sortingByNameZtoA</a></td><td rowspan="3">1765098101221</td><td rowspan="3">13058</td></tr><tr class="passedeven"><td><a href="#m38">sortingByNameZtoA</a></td></tr><tr class="passedeven"><td><a href="#m39">sortingByNameZtoA</a></td></tr><tr class="passedeven"><td><a href="#m40">sortingByPriceHightoLow</a></td><td rowspan="2">1765098153848</td><td rowspan="2">1146</td></tr><tr class="passedeven"><td><a href="#m41">sortingByPriceHightoLow</a></td></tr><tr class="passedeven"><td><a href="#m42">sortingByPriceLowtoHigh</a></td><td rowspan="2">1765098253426</td><td rowspan="2">11437</td></tr><tr class="passedeven"><td><a href="#m43">sortingByPriceLowtoHigh</a></td></tr></tbody>
<tbody id="t4"><tr><th colspan="4">ProductPage Tests &#8212; failed</th></tr><tr class="failedeven"><td rowspan="3">tests.ProductPageTest</td><td><a href="#m44">test_Add_Remove_Item</a></td><td rowspan="2">1765098065006</td><td rowspan="2">8075</td></tr><tr class="failedeven"><td><a href="#m45">test_Add_Remove_Item</a></td></tr><tr class="failedeven"><td><a href="#m46">validateProduct_Name_Price_Description</a></td><td rowspan="1">1765098290842</td><td rowspan="1">7947</td></tr><tr><th colspan="4">ProductPage Tests &#8212; passed</th></tr><tr class="passedeven"><td rowspan="12">tests.ProductPageTest</td><td><a href="#m47">test_Add_Remove_Item</a></td><td rowspan="3">1765098047100</td><td rowspan="3">10622</td></tr><tr class="passedeven"><td><a href="#m48">test_Add_Remove_Item</a></td></tr><tr class="passedeven"><td><a href="#m49">test_Add_Remove_Item</a></td></tr><tr class="passedeven"><td><a href="#m50">validateProductImages</a></td><td rowspan="5">1765098105993</td><td rowspan="5">6399</td></tr><tr class="passedeven"><td><a href="#m51">validateProductImages</a></td></tr><tr class="passedeven"><td><a href="#m52">validateProductImages</a></td></tr><tr class="passedeven"><td><a href="#m53">validateProductImages</a></td></tr><tr class="passedeven"><td><a href="#m54">validateProductImages</a></td></tr><tr class="passedeven"><td><a href="#m55">validateProduct_Name_Price_Description</a></td><td rowspan="4">1765098310804</td><td rowspan="4">9912</td></tr><tr class="passedeven"><td><a href="#m56">validateProduct_Name_Price_Description</a></td></tr><tr class="passedeven"><td><a href="#m57">validateProduct_Name_Price_Description</a></td></tr><tr class="passedeven"><td><a href="#m58">validateProduct_Name_Price_Description</a></td></tr></tbody>
<tbody id="t5"><tr><th colspan="4">Logout Tests &#8212; passed</th></tr><tr class="passedeven"><td rowspan="5">tests.LogoutTest</td><td><a href="#m59">Logout</a></td><td rowspan="5">1765098321988</td><td rowspan="5">936</td></tr><tr class="passedeven"><td><a href="#m60">Logout</a></td></tr><tr class="passedeven"><td><a href="#m61">Logout</a></td></tr><tr class="passedeven"><td><a href="#m62">Logout</a></td></tr><tr class="passedeven"><td><a href="#m63">Logout</a></td></tr></tbody>
<tbody id="t6"><tr><th colspan="4">Checkout Tests &#8212; failed</th></tr><tr class="failedeven"><td rowspan="2">tests.CheckoutInfoTest</td><td><a href="#m64">testCheckoutPage</a></td><td rowspan="2">1765098442098</td><td rowspan="2">77859</td></tr><tr class="failedeven"><td><a href="#m65">testCheckoutPage</a></td></tr><tr><th colspan="4">Checkout Tests &#8212; passed</th></tr><tr class="passedeven"><td rowspan="3">tests.CheckoutInfoTest</td><td><a href="#m66">testCheckoutPage</a></td><td rowspan="3">1765098525859</td><td rowspan="3">49883</td></tr><tr class="passedeven"><td><a href="#m67">testCheckoutPage</a></td></tr><tr class="passedeven"><td><a href="#m68">testCheckoutPage</a></td></tr></tbody>
<tbody id="t7"><tr><th colspan="4">Overview Tests &#8212; failed</th></tr><tr class="failedeven"><td rowspan="6">tests.OverviewTest</td><td><a href="#m69">testFinishProcess</a></td><td rowspan="2">1765098367688</td><td rowspan="2">876</td></tr><tr class="failedeven"><td><a href="#m70">testFinishProcess</a></td></tr><tr class="failedeven"><td><a href="#m71">testOverviewPage</a></td><td rowspan="2">1765098401476</td><td rowspan="2">815</td></tr><tr class="failedeven"><td><a href="#m72">testOverviewPage</a></td></tr><tr class="failedeven"><td><a href="#m73">testTotalPrice</a></td><td rowspan="2">1765098567225</td><td rowspan="2">6823</td></tr><tr class="failedeven"><td><a href="#m74">testTotalPrice</a></td></tr><tr><th colspan="4">Overview Tests &#8212; passed</th></tr><tr class="passedeven"><td rowspan="9">tests.OverviewTest</td><td><a href="#m75">testFinishProcess</a></td><td rowspan="3">1765098283668</td><td rowspan="3">8696</td></tr><tr class="passedeven"><td><a href="#m76">testFinishProcess</a></td></tr><tr class="passedeven"><td><a href="#m77">testFinishProcess</a></td></tr><tr class="passedeven"><td><a href="#m78">testOverviewPage</a></td><td rowspan="3">1765098408625</td><td rowspan="3">41741</td></tr><tr class="passedeven"><td><a href="#m79">testOverviewPage</a></td></tr><tr class="passedeven"><td><a href="#m80">testOverviewPage</a></td></tr><tr class="passedeven"><td><a href="#m81">testTotalPrice</a></td><td rowspan="3">1765098579997</td><td rowspan="3">5548</td></tr><tr class="passedeven"><td><a href="#m82">testTotalPrice</a></td></tr><tr class="passedeven"><td><a href="#m83">testTotalPrice</a></td></tr></tbody>
</table>
<h2>Login Tests</h2><h3 id="m0">tests.LoginTest#testLogin</h3><table class="result"><tr class="param"><th>Parameter #1</th><th>Parameter #2</th><th>Parameter #3</th></tr><tr class="param stripe"><td>invalid_user</td><td>invalid_user</td><td>Epic sadface: Username and password do not match any user in this service</td></tr></table><p class="totop"><a href="#summary">back to summary</a></p>
<h3 id="m1">tests.LoginTest#testLogin</h3><table class="result"><tr class="param"><th>Parameter #1</th><th>Parameter #2</th><th>Parameter #3</th></tr><tr class="param stripe"><td>standard_user</td><td></td><td>Epic sadface: Password is required</td></tr></table><p class="totop"><a href="#summary">back to summary</a></p>
<h3 id="m2">tests.LoginTest#testLogin</h3><table class="result"><tr class="param"><th>Parameter #1</th><th>Parameter #2</th><th>Parameter #3</th></tr><tr class="param stripe"><td>locked_out_user</td><td>secret_sauce</td><td>Epic sadface: Sorry, this user has been locked out.</td></tr></table><p class="totop"><a href="#summary">back to summary</a></p>
<h3 id="m3">tests.LoginTest#testLogin</h3><table class="result"><tr class="param"><th>Parameter #1</th><th>Parameter #2</th><th>Parameter #3</th></tr><tr class="param stripe"><td>problem_user</td><td>secret_sauce</td><td>null</td></tr></table><p class="totop"><a href="#summary">back to summary</a></p>
<h3 id="m4">tests.LoginTest#testLogin</h3><table class="result"><tr class="param"><th>Parameter #1</th><th>Parameter #2</th><th>Parameter #3</th></tr><tr class="param stripe"><td>error_user</td><td>secret_sauce</td><td>null</td></tr></table><p class="totop"><a href="#summary">back to summary</a></p>
<h3 id="m5">tests.LoginTest#testLogin</h3><table class="result"><tr class="param"><th>Parameter #1</th><th>Parameter #2</th><th>Parameter #3</th></tr><tr class="param stripe"><td>visual_user</td><td>secret_sauce</td><td>null</td></tr></table><p class="totop"><a href="#summary">back to summary</a></p>
<h3 id="m6">tests.LoginTest#testLogin</h3><table class="result"><tr class="param"><th>Parameter #1</th><th>Parameter #2</th><th>Parameter #3</th></tr><tr class="param stripe"><td></td><td>secret_sauce</td><td>Epic sadface: Username is required</td></tr></table><p class="totop"><a href="#summary">back to summary</a></p>
<h3 id="m7">tests.LoginTest#testLogin</h3><table class="result"><tr class="param"><th>Parameter #1</th><th>Parameter #2</th><th>Parameter #3</th></tr><tr class="param stripe"><td>standard_user</td><td>secret_sauce</td><td>null</td></tr></table><p class="totop"><a href="#summary">back to summary</a></p>
<h3 id="m8">tests.LoginTest#testLogin</h3><table class="result"><tr class="param"><th>Parameter #1</th><th>Parameter #2</th><th>Parameter #3</th></tr><tr class="param stripe"><td>performance_glitch_user</td><td>secret_sauce</td><td>null</td></tr></table><p class="totop"><a href="#summary">back to summary</a></p>
<h2>Inventory Tests</h2><h3 id="m9">tests.InventoryTest#testInventoryItems</h3><table class="result"><tr class="param"><th>Parameter #1</th><th>Parameter #2</th></tr><tr class="param stripe"><td>visual_user</td><td>secret_sauce</td></tr><tr><th colspan="2">Exception</th></tr><tr><td colspan="2"><div class="stacktrace">java.lang.AssertionError: The following asserts failed:
	User : &apos;visual_user&apos;, The price of the product is incorrect for item 1 : Sauce Labs Backpack expected [$29.99] but found [$31.33],
	User : &apos;visual_user&apos;, The price of the product is incorrect for item 2 : Sauce Labs Bike Light expected [$9.99] but found [$36.35],
	User : &apos;visual_user&apos;, The price of the product is incorrect for item 3 : Sauce Labs Bolt T-Shirt expected [$15.99] but found [$64.48],
	User : &apos;visual_user&apos;, The price of the product is incorrect for item 4 : Sauce Labs Fleece Jacket expected [$49.99] but found [$43.53],
	User : &apos;visual_user&apos;, The price of the product is incorrect for item 5 : Sauce Labs Onesie expected [$7.99] but found [$94.58],
	User : &apos;visual_user&apos;, The price of the product is incorrect for item 6 : Test.allTheThings() T-Shirt (Red) expected [$15.99] but found [$53.75]
	at tests.InventoryTest.testInventoryItems(InventoryTest.java:89)
	at java.base/java.util.ArrayList.forEach(ArrayList.java:1604)
	at java.base/java.util.concurrent.FutureTask.run(FutureTask.java:328)
	at java.base/java.util.concurrent.ThreadPoolExecutor.runWorker(ThreadPoolExecutor.java:1090)
	at java.base/java.util.concurrent.ThreadPoolExecutor$Worker.run(ThreadPoolExecutor.java:614)
	at java.base/java.lang.Thread.run(Thread.java:1474)
... Removed 17 stack frames</div></td></tr></table><p class="totop"><a href="#summary">back to summary</a></p>
<h3 id="m10">tests.InventoryTest#test_Add_Remove_Item</h3><table class="result"><tr class="param"><th>Parameter #1</th><th>Parameter #2</th></tr><tr class="param stripe"><td>problem_user</td><td>secret_sauce</td></tr><tr><th colspan="2">Exception</th></tr><tr><td colspan="2"><div class="stacktrace">java.lang.AssertionError: The following asserts failed:
	User : &apos;problem_user&apos;, Sauce Labs Bolt T-Shirt: remove form cart button unclickable.,
	User : &apos;problem_user&apos;, Sauce Labs Fleece Jacket: remove form cart button unclickable.,
	User : &apos;problem_user&apos;, Test.allTheThings() T-Shirt (Red): remove form cart button unclickable.
	at tests.InventoryTest.test_Add_Remove_Item(InventoryTest.java:52)
	at java.base/java.util.ArrayList.forEach(ArrayList.java:1604)
	at java.base/java.util.concurrent.FutureTask.run(FutureTask.java:328)
	at java.base/java.util.concurrent.ThreadPoolExecutor.runWorker(ThreadPoolExecutor.java:1090)
	at java.base/java.util.concurrent.ThreadPoolExecutor$Worker.run(ThreadPoolExecutor.java:614)
	at java.base/java.lang.Thread.run(Thread.java:1474)
... Removed 17 stack frames</div></td></tr></table><p class="totop"><a href="#summary">back to summary</a></p>
<h3 id="m11">tests.InventoryTest#test_Add_Remove_Item</h3><table class="result"><tr class="param"><th>Parameter #1</th><th>Parameter #2</th></tr><tr class="param stripe"><td>error_user</td><td>secret_sauce</td></tr><tr><th colspan="2">Exception</th></tr><tr><td colspan="2"><div class="stacktrace">java.lang.AssertionError: The following asserts failed:
	User : &apos;error_user&apos;, Sauce Labs Bolt T-Shirt: remove form cart button unclickable.,
	User : &apos;error_user&apos;, Sauce Labs Fleece Jacket: remove form cart button unclickable.,
	User : &apos;error_user&apos;, Test.allTheThings() T-Shirt (Red): remove form cart button unclickable.
	at tests.InventoryTest.test_Add_Remove_Item(InventoryTest.java:52)
	at java.base/java.util.ArrayList.forEach(ArrayList.java:1604)
	at java.base/java.util.concurrent.FutureTask.run(FutureTask.java:328)
	at java.base/java.util.concurrent.ThreadPoolExecutor.runWorker(ThreadPoolExecutor.java:1090)
	at java.base/java.util.concurrent.ThreadPoolExecutor$Worker.run(ThreadPoolExecutor.java:614)
	at java.base/java.lang.Thread.run(Thread.java:1474)
... Removed 17 stack frames</div></td></tr></table><p class="totop"><a href="#summary">back to summary</a></p>
<h3 id="m12">tests.InventoryTest#testInventoryItems</h3><table class="result"><tr class="param"><th>Parameter #1</th><th>Parameter #2</th></tr><tr class="param stripe"><td>performance_glitch_user</td><td>secret_sauce</td></tr></table><p class="totop"><a href="#summary">back to summary</a></p>
<h3 id="m13">tests.InventoryTest#testInventoryItems</h3><table class="result"><tr class="param"><th>Parameter #1</th><th>Parameter #2</th></tr><tr class="param stripe"><td>problem_user</td><td>secret_sauce</td></tr></table><p class="totop"><a href="#summary">back to summary</a></p>
<h3 id="m14">tests.InventoryTest#testInventoryItems</h3><table class="result"><tr class="param"><th>Parameter #1</th><th>Parameter #2</th></tr><tr class="param stripe"><td>standard_user</td><td>secret_sauce</td></tr></table><p class="totop"><a href="#summary">back to summary</a></p>
<h3 id="m15">tests.InventoryTest#testInventoryItems</h3><table class="result"><tr class="param"><th>Parameter #1</th><th>Parameter #2</th></tr><tr class="param stripe"><td>error_user</td><td>secret_sauce</td></tr></table><p class="totop"><a href="#summary">back to summary</a></p>
<h3 id="m16">tests.InventoryTest#test_Add_Remove_Item</h3><table class="result"><tr class="param"><th>Parameter #1</th><th>Parameter #2</th></tr><tr class="param stripe"><td>standard_user</td><td>secret_sauce</td></tr></table><p class="totop"><a href="#summary">back to summary</a></p>
<h3 id="m17">tests.InventoryTest#test_Add_Remove_Item</h3><table class="result"><tr class="param"><th>Parameter #1</th><th>Parameter #2</th></tr><tr class="param stripe"><td>performance_glitch_user</td><td>secret_sauce</td></tr></table><p class="totop"><a href="#summary">back to summary</a></p>
<h3 id="m18">tests.InventoryTest#test_Add_Remove_Item</h3><table class="result"><tr class="param"><th>Parameter #1</th><th>Parameter #2</th></tr><tr class="param stripe"><td>visual_user</td><td>secret_sauce</td></tr></table><p class="totop"><a href="#summary">back to summary</a></p>
<h2>Cart Tests</h2><h3 id="m19">tests.CartTest#verifyAddRemoveItemFromCart</h3><table class="result"><tr class="param"><th>Parameter #1</th><th>Parameter #2</th></tr><tr class="param stripe"><td>error_user</td><td>secret_sauce</td></tr><tr><th colspan="2">Exception</th></tr><tr><td colspan="2"><div class="stacktrace">java.lang.AssertionError: The following asserts failed:
	User : &apos;error_user&apos;, The product: Sauce Labs Bolt T-Shirt, Add to Cart test failed: badge count did not decrease expected [true] but found [false],
	User : &apos;error_user&apos;, The product: Sauce Labs Bolt T-Shirt name does not match the expected name. expected [Sauce Labs Bolt T-Shirt] but found [Sauce Labs Bike Light],
	User : &apos;error_user&apos;, The product: Sauce Labs Bolt T-Shirt description does not match the expected description. expected [Get your testing superhero on with the Sauce Labs bolt T-shirt. From American Apparel, 100% ringspun combed cotton, heather gray with red bolt.] but found [A red light isn&apos;t the desired state in testing but it sure helps when riding your bike at night. Water-resistant with 3 lighting modes, 1 AAA battery included.],
	User : &apos;error_user&apos;,The product: Sauce Labs Bolt T-Shirt price does not match the expected price. expected [$15.99] but found [$9.99],
	User : &apos;error_user&apos;, The product: Sauce Labs Fleece Jacket, Add to Cart test failed: badge count did not decrease expected [true] but found [false],
	User : &apos;error_user&apos;, The product: Sauce Labs Fleece Jacket name does not match the expected name. expected [Sauce Labs Fleece Jacket] but found [Sauce Labs Bike Light],
	User : &apos;error_user&apos;, The product: Sauce Labs Fleece Jacket description does not match the expected description. expected [It&apos;s not every day that you come across a midweight quarter-zip fleece jacket capable of handling everything from a relaxing day outdoors to a busy day at the office.] but found [A red light isn&apos;t the desired state in testing but it sure helps when riding your bike at night. Water-resistant with 3 lighting modes, 1 AAA battery included.],
	User : &apos;error_user&apos;,The product: Sauce Labs Fleece Jacket price does not match the expected price. expected [$49.99] but found [$9.99],
	User : &apos;error_user&apos;, The product: Test.allTheThings() T-Shirt (Red), Add to Cart test failed: badge count did not decrease expected [true] but found [false],
	User : &apos;error_user&apos;, The product: Test.allTheThings() T-Shirt (Red) name does not match the expected name. expected [Test.allTheThings() T-Shirt (Red)] but found [Sauce Labs Onesie],
	User : &apos;error_user&apos;, The product: Test.allTheThings() T-Shirt (Red) description does not match the expected description. expected [This classic Sauce Labs t-shirt is perfect to wear when cozying up to your keyboard to automate a few tests. Super-soft and comfy ringspun combed cotton.] but found [Rib snap infant onesie for the junior automation engineer in development. Reinforced 3-snap bottom closure, two-needle hemmed sleeved and bottom won&apos;t unravel.],
	User : &apos;error_user&apos;,The product: Test.allTheThings() T-Shirt (Red) price does not match the expected price. expected [$15.99] but found [$7.99],
	User : &apos;error_user&apos;, The product: Sauce Labs Backpack, Add to Cart test failed: badge count did not decrease expected [true] but found [false],
	User : &apos;error_user&apos;, The product Sauce Labs Backpack was not removed from the cart. expected [false] but found [true],
	User : &apos;error_user&apos;, The product: Sauce Labs Bike Light, Add to Cart test failed: badge count did not decrease expected [true] but found [false],
	User : &apos;error_user&apos;, The product Sauce Labs Bike Light was not removed from the cart. expected [false] but found [true],
	User : &apos;error_user&apos;, The product: Sauce Labs Bolt T-Shirt, Add to Cart test failed: badge count did not decrease expected [true] but found [false],
	User : &apos;error_user&apos;, The product: Sauce Labs Fleece Jacket, Add to Cart test failed: badge count did not decrease expected [true] but found [false],
	User : &apos;error_user&apos;, The product: Sauce Labs Onesie, Add to Cart test failed: badge count did not decrease expected [true] but found [false],
	User : &apos;error_user&apos;, The product Sauce Labs Onesie was not removed from the cart. expected [false] but found [true],
	User : &apos;error_user&apos;, The product: Test.allTheThings() T-Shirt (Red), Add to Cart test failed: badge count did not decrease expected [true] but found [false]
	at tests.CartTest.verifyAddRemoveItemFromCart(CartTest.java:107)
	at java.base/java.util.ArrayList.forEach(ArrayList.java:1604)
	at java.base/java.util.concurrent.FutureTask.run(FutureTask.java:328)
	at java.base/java.util.concurrent.ThreadPoolExecutor.runWorker(ThreadPoolExecutor.java:1090)
	at java.base/java.util.concurrent.ThreadPoolExecutor$Worker.run(ThreadPoolExecutor.java:614)
	at java.base/java.lang.Thread.run(Thread.java:1474)
... Removed 17 stack frames</div></td></tr></table><p class="totop"><a href="#summary">back to summary</a></p>
<h3 id="m20">tests.CartTest#verifyAddRemoveItemFromCart</h3><table class="result"><tr class="param"><th>Parameter #1</th><th>Parameter #2</th></tr><tr class="param stripe"><td>problem_user</td><td>secret_sauce</td></tr><tr><th colspan="2">Exception</th></tr><tr><td colspan="2"><div class="stacktrace">java.lang.AssertionError: The following asserts failed:
	User : &apos;problem_user&apos;, The product: Sauce Labs Bolt T-Shirt, Add to Cart test failed: badge count did not decrease expected [true] but found [false],
	User : &apos;problem_user&apos;, The product: Sauce Labs Bolt T-Shirt name does not match the expected name. expected [Sauce Labs Bolt T-Shirt] but found [Sauce Labs Bike Light],
	User : &apos;problem_user&apos;, The product: Sauce Labs Bolt T-Shirt description does not match the expected description. expected [Get your testing superhero on with the Sauce Labs bolt T-shirt. From American Apparel, 100% ringspun combed cotton, heather gray with red bolt.] but found [A red light isn&apos;t the desired state in testing but it sure helps when riding your bike at night. Water-resistant with 3 lighting modes, 1 AAA battery included.],
	User : &apos;problem_user&apos;,The product: Sauce Labs Bolt T-Shirt price does not match the expected price. expected [$15.99] but found [$9.99],
	User : &apos;problem_user&apos;, The product: Sauce Labs Fleece Jacket, Add to Cart test failed: badge count did not decrease expected [true] but found [false],
	User : &apos;problem_user&apos;, The product: Sauce Labs Fleece Jacket name does not match the expected name. expected [Sauce Labs Fleece Jacket] but found [Sauce Labs Bike Light],
	User : &apos;problem_user&apos;, The product: Sauce Labs Fleece Jacket description does not match the expected description. expected [It&apos;s not every day that you come across a midweight quarter-zip fleece jacket capable of handling everything from a relaxing day outdoors to a busy day at the office.] but found [A red light isn&apos;t the desired state in testing but it sure helps when riding your bike at night. Water-resistant with 3 lighting modes, 1 AAA battery included.],
	User : &apos;problem_user&apos;,The product: Sauce Labs Fleece Jacket price does not match the expected price. expected [$49.99] but found [$9.99],
	User : &apos;problem_user&apos;, The product: Test.allTheThings() T-Shirt (Red), Add to Cart test failed: badge count did not decrease expected [true] but found [false],
	User : &apos;problem_user&apos;, The product: Test.allTheThings() T-Shirt (Red) name does not match the expected name. expected [Test.allTheThings() T-Shirt (Red)] but found [Sauce Labs Onesie],
	User : &apos;problem_user&apos;, The product: Test.allTheThings() T-Shirt (Red) description does not match the expected description. expected [This classic Sauce Labs t-shirt is perfect to wear when cozying up to your keyboard to automate a few tests. Super-soft and comfy ringspun combed cotton.] but found [Rib snap infant onesie for the junior automation engineer in development. Reinforced 3-snap bottom closure, two-needle hemmed sleeved and bottom won&apos;t unravel.],
	User : &apos;problem_user&apos;,The product: Test.allTheThings() T-Shirt (Red) price does not match the expected price. expected [$15.99] but found [$7.99],
	User : &apos;problem_user&apos;, The product: Sauce Labs Backpack, Add to Cart test failed: badge count did not decrease expected [true] but found [false],
	User : &apos;problem_user&apos;, The product Sauce Labs Backpack was not removed from the cart. expected [false] but found [true],
	User : &apos;problem_user&apos;, The product: Sauce Labs Bike Light, Add to Cart test failed: badge count did not decrease expected [true] but found [false],
	User : &apos;problem_user&apos;, The product Sauce Labs Bike Light was not removed from the cart. expected [false] but found [true],
	User : &apos;problem_user&apos;, The product: Sauce Labs Bolt T-Shirt, Add to Cart test failed: badge count did not decrease expected [true] but found [false],
	User : &apos;problem_user&apos;, The product: Sauce Labs Fleece Jacket, Add to Cart test failed: badge count did not decrease expected [true] but found [false],
	User : &apos;problem_user&apos;, The product: Sauce Labs Onesie, Add to Cart test failed: badge count did not decrease expected [true] but found [false],
	User : &apos;problem_user&apos;, The product Sauce Labs Onesie was not removed from the cart. expected [false] but found [true],
	User : &apos;problem_user&apos;, The product: Test.allTheThings() T-Shirt (Red), Add to Cart test failed: badge count did not decrease expected [true] but found [false]
	at tests.CartTest.verifyAddRemoveItemFromCart(CartTest.java:107)
	at java.base/java.util.ArrayList.forEach(ArrayList.java:1604)
	at java.base/java.util.concurrent.FutureTask.run(FutureTask.java:328)
	at java.base/java.util.concurrent.ThreadPoolExecutor.runWorker(ThreadPoolExecutor.java:1090)
	at java.base/java.util.concurrent.ThreadPoolExecutor$Worker.run(ThreadPoolExecutor.java:614)
	at java.base/java.lang.Thread.run(Thread.java:1474)
... Removed 17 stack frames</div></td></tr></table><p class="totop"><a href="#summary">back to summary</a></p>
<h3 id="m21">tests.CartTest#verifyAddRemoveItemFromCart</h3><table class="result"><tr class="param"><th>Parameter #1</th><th>Parameter #2</th></tr><tr class="param stripe"><td>standard_user</td><td>secret_sauce</td></tr></table><p class="totop"><a href="#summary">back to summary</a></p>
<h3 id="m22">tests.CartTest#verifyAddRemoveItemFromCart</h3><table class="result"><tr class="param"><th>Parameter #1</th><th>Parameter #2</th></tr><tr class="param stripe"><td>visual_user</td><td>secret_sauce</td></tr></table><p class="totop"><a href="#summary">back to summary</a></p>
<h3 id="m23">tests.CartTest#verifyAddRemoveItemFromCart</h3><table class="result"><tr class="param"><th>Parameter #1</th><th>Parameter #2</th></tr><tr class="param stripe"><td>performance_glitch_user</td><td>secret_sauce</td></tr></table><p class="totop"><a href="#summary">back to summary</a></p>
<h2>Sorting Tests</h2><h3 id="m24">tests.SortingTest#sortingByNameZtoA</h3><table class="result"><tr class="param"><th>Parameter #1</th><th>Parameter #2</th></tr><tr class="param stripe"><td>problem_user</td><td>secret_sauce</td></tr><tr><th colspan="2">Exception</th></tr><tr><td colspan="2"><div class="stacktrace">java.lang.AssertionError: User: &apos;problem_user&apos;, Item names should be sorted in descending alphabetical order.: Lists differ at element [0]: Sauce Labs Backpack != Test.allTheThings() T-Shirt (Red) expected [Sauce Labs Backpack] but found [Test.allTheThings() T-Shirt (Red)]
	at tests.SortingTest.sortingByNameZtoA(SortingTest.java:56)
	at java.base/java.util.ArrayList.forEach(ArrayList.java:1604)
	at java.base/java.util.concurrent.FutureTask.run(FutureTask.java:328)
	at java.base/java.util.concurrent.ThreadPoolExecutor.runWorker(ThreadPoolExecutor.java:1090)
	at java.base/java.util.concurrent.ThreadPoolExecutor$Worker.run(ThreadPoolExecutor.java:614)
	at java.base/java.lang.Thread.run(Thread.java:1474)
... Removed 19 stack frames</div></td></tr></table><p class="totop"><a href="#summary">back to summary</a></p>
<h3 id="m25">tests.SortingTest#sortingByNameZtoA</h3><table class="result"><tr class="param"><th>Parameter #1</th><th>Parameter #2</th></tr><tr class="param stripe"><td>error_user</td><td>secret_sauce</td></tr><tr><th colspan="2">Exception</th></tr><tr><td colspan="2"><div class="stacktrace">java.lang.AssertionError: User: &apos;error_user&apos;, Item names should be sorted in descending alphabetical order.: Lists differ at element [0]: Sauce Labs Backpack != Test.allTheThings() T-Shirt (Red) expected [Sauce Labs Backpack] but found [Test.allTheThings() T-Shirt (Red)]
	at tests.SortingTest.sortingByNameZtoA(SortingTest.java:56)
	at java.base/java.util.ArrayList.forEach(ArrayList.java:1604)
	at java.base/java.util.concurrent.FutureTask.run(FutureTask.java:328)
	at java.base/java.util.concurrent.ThreadPoolExecutor.runWorker(ThreadPoolExecutor.java:1090)
	at java.base/java.util.concurrent.ThreadPoolExecutor$Worker.run(ThreadPoolExecutor.java:614)
	at java.base/java.lang.Thread.run(Thread.java:1474)
... Removed 19 stack frames</div></td></tr></table><p class="totop"><a href="#summary">back to summary</a></p>
<h3 id="m26">tests.SortingTest#sortingByPriceHightoLow</h3><table class="result"><tr class="param"><th>Parameter #1</th><th>Parameter #2</th></tr><tr class="param stripe"><td>visual_user</td><td>secret_sauce</td></tr><tr><th colspan="2">Exception</th></tr><tr><td colspan="2"><div class="stacktrace">java.lang.AssertionError: User: &apos;visual_user&apos;, Item prices should be sorted in descending order.: Lists differ at element [0]: 22.42 != 47.66 expected [22.42] but found [47.66]
	at tests.SortingTest.sortingByPriceHightoLow(SortingTest.java:103)
	at java.base/java.util.ArrayList.forEach(ArrayList.java:1604)
	at java.base/java.util.concurrent.FutureTask.run(FutureTask.java:328)
	at java.base/java.util.concurrent.ThreadPoolExecutor.runWorker(ThreadPoolExecutor.java:1090)
	at java.base/java.util.concurrent.ThreadPoolExecutor$Worker.run(ThreadPoolExecutor.java:614)
	at java.base/java.lang.Thread.run(Thread.java:1474)
... Removed 19 stack frames</div></td></tr></table><p class="totop"><a href="#summary">back to summary</a></p>
<h3 id="m27">tests.SortingTest#sortingByPriceHightoLow</h3><table class="result"><tr class="param"><th>Parameter #1</th><th>Parameter #2</th></tr><tr class="param stripe"><td>problem_user</td><td>secret_sauce</td></tr><tr><th colspan="2">Exception</th></tr><tr><td colspan="2"><div class="stacktrace">java.lang.AssertionError: User: &apos;problem_user&apos;, Item prices should be sorted in descending order.: Lists differ at element [0]: 29.99 != 49.99 expected [29.99] but found [49.99]
	at tests.SortingTest.sortingByPriceHightoLow(SortingTest.java:103)
	at java.base/java.util.ArrayList.forEach(ArrayList.java:1604)
	at java.base/java.util.concurrent.FutureTask.run(FutureTask.java:328)
	at java.base/java.util.concurrent.ThreadPoolExecutor.runWorker(ThreadPoolExecutor.java:1090)
	at java.base/java.util.concurrent.ThreadPoolExecutor$Worker.run(ThreadPoolExecutor.java:614)
	at java.base/java.lang.Thread.run(Thread.java:1474)
... Removed 19 stack frames</div></td></tr></table><p class="totop"><a href="#summary">back to summary</a></p>
<h3 id="m28">tests.SortingTest#sortingByPriceHightoLow</h3><table class="result"><tr class="param"><th>Parameter #1</th><th>Parameter #2</th></tr><tr class="param stripe"><td>error_user</td><td>secret_sauce</td></tr><tr><th colspan="2">Exception</th></tr><tr><td colspan="2"><div class="stacktrace">java.lang.AssertionError: User: &apos;error_user&apos;, Item prices should be sorted in descending order.: Lists differ at element [0]: 29.99 != 49.99 expected [29.99] but found [49.99]
	at tests.SortingTest.sortingByPriceHightoLow(SortingTest.java:103)
	at java.base/java.util.ArrayList.forEach(ArrayList.java:1604)
	at java.base/java.util.concurrent.FutureTask.run(FutureTask.java:328)
	at java.base/java.util.concurrent.ThreadPoolExecutor.runWorker(ThreadPoolExecutor.java:1090)
	at java.base/java.util.concurrent.ThreadPoolExecutor$Worker.run(ThreadPoolExecutor.java:614)
	at java.base/java.lang.Thread.run(Thread.java:1474)
... Removed 19 stack frames</div></td></tr></table><p class="totop"><a href="#summary">back to summary</a></p>
<h3 id="m29">tests.SortingTest#sortingByPriceLowtoHigh</h3><table class="result"><tr class="param"><th>Parameter #1</th><th>Parameter #2</th></tr><tr class="param stripe"><td>error_user</td><td>secret_sauce</td></tr><tr><th colspan="2">Exception</th></tr><tr><td colspan="2"><div class="stacktrace">java.lang.AssertionError: User: &apos;error_user&apos;, Item prices should be sorted in ascending order.: Lists differ at element [0]: 29.99 != 7.99 expected [29.99] but found [7.99]
	at tests.SortingTest.sortingByPriceLowtoHigh(SortingTest.java:79)
	at java.base/java.util.ArrayList.forEach(ArrayList.java:1604)
	at java.base/java.util.concurrent.FutureTask.run(FutureTask.java:328)
	at java.base/java.util.concurrent.ThreadPoolExecutor.runWorker(ThreadPoolExecutor.java:1090)
	at java.base/java.util.concurrent.ThreadPoolExecutor$Worker.run(ThreadPoolExecutor.java:614)
	at java.base/java.lang.Thread.run(Thread.java:1474)
... Removed 19 stack frames</div></td></tr></table><p class="totop"><a href="#summary">back to summary</a></p>
<h3 id="m30">tests.SortingTest#sortingByPriceLowtoHigh</h3><table class="result"><tr class="param"><th>Parameter #1</th><th>Parameter #2</th></tr><tr class="param stripe"><td>problem_user</td><td>secret_sauce</td></tr><tr><th colspan="2">Exception</th></tr><tr><td colspan="2"><div class="stacktrace">java.lang.AssertionError: User: &apos;problem_user&apos;, Item prices should be sorted in ascending order.: Lists differ at element [0]: 29.99 != 7.99 expected [29.99] but found [7.99]
	at tests.SortingTest.sortingByPriceLowtoHigh(SortingTest.java:79)
	at java.base/java.util.ArrayList.forEach(ArrayList.java:1604)
	at java.base/java.util.concurrent.FutureTask.run(FutureTask.java:328)
	at java.base/java.util.concurrent.ThreadPoolExecutor.runWorker(ThreadPoolExecutor.java:1090)
	at java.base/java.util.concurrent.ThreadPoolExecutor$Worker.run(ThreadPoolExecutor.java:614)
	at java.base/java.lang.Thread.run(Thread.java:1474)
... Removed 19 stack frames</div></td></tr></table><p class="totop"><a href="#summary">back to summary</a></p>
<h3 id="m31">tests.SortingTest#sortingByPriceLowtoHigh</h3><table class="result"><tr class="param"><th>Parameter #1</th><th>Parameter #2</th></tr><tr class="param stripe"><td>visual_user</td><td>secret_sauce</td></tr><tr><th colspan="2">Exception</th></tr><tr><td colspan="2"><div class="stacktrace">java.lang.AssertionError: User: &apos;visual_user&apos;, Item prices should be sorted in ascending order.: Lists differ at element [0]: 14.22 != 4.76 expected [14.22] but found [4.76]
	at tests.SortingTest.sortingByPriceLowtoHigh(SortingTest.java:79)
	at java.base/java.util.ArrayList.forEach(ArrayList.java:1604)
	at java.base/java.util.concurrent.FutureTask.run(FutureTask.java:328)
	at java.base/java.util.concurrent.ThreadPoolExecutor.runWorker(ThreadPoolExecutor.java:1090)
	at java.base/java.util.concurrent.ThreadPoolExecutor$Worker.run(ThreadPoolExecutor.java:614)
	at java.base/java.lang.Thread.run(Thread.java:1474)
... Removed 19 stack frames</div></td></tr></table><p class="totop"><a href="#summary">back to summary</a></p>
<h3 id="m32">tests.SortingTest#sortingByNameAtoZ</h3><table class="result"><tr class="param"><th>Parameter #1</th><th>Parameter #2</th></tr><tr class="param stripe"><td>error_user</td><td>secret_sauce</td></tr></table><p class="totop"><a href="#summary">back to summary</a></p>
<h3 id="m33">tests.SortingTest#sortingByNameAtoZ</h3><table class="result"><tr class="param"><th>Parameter #1</th><th>Parameter #2</th></tr><tr class="param stripe"><td>visual_user</td><td>secret_sauce</td></tr></table><p class="totop"><a href="#summary">back to summary</a></p>
<h3 id="m34">tests.SortingTest#sortingByNameAtoZ</h3><table class="result"><tr class="param"><th>Parameter #1</th><th>Parameter #2</th></tr><tr class="param stripe"><td>problem_user</td><td>secret_sauce</td></tr></table><p class="totop"><a href="#summary">back to summary</a></p>
<h3 id="m35">tests.SortingTest#sortingByNameAtoZ</h3><table class="result"><tr class="param"><th>Parameter #1</th><th>Parameter #2</th></tr><tr class="param stripe"><td>standard_user</td><td>secret_sauce</td></tr></table><p class="totop"><a href="#summary">back to summary</a></p>
<h3 id="m36">tests.SortingTest#sortingByNameAtoZ</h3><table class="result"><tr class="param"><th>Parameter #1</th><th>Parameter #2</th></tr><tr class="param stripe"><td>performance_glitch_user</td><td>secret_sauce</td></tr></table><p class="totop"><a href="#summary">back to summary</a></p>
<h3 id="m37">tests.SortingTest#sortingByNameZtoA</h3><table class="result"><tr class="param"><th>Parameter #1</th><th>Parameter #2</th></tr><tr class="param stripe"><td>performance_glitch_user</td><td>secret_sauce</td></tr></table><p class="totop"><a href="#summary">back to summary</a></p>
<h3 id="m38">tests.SortingTest#sortingByNameZtoA</h3><table class="result"><tr class="param"><th>Parameter #1</th><th>Parameter #2</th></tr><tr class="param stripe"><td>standard_user</td><td>secret_sauce</td></tr></table><p class="totop"><a href="#summary">back to summary</a></p>
<h3 id="m39">tests.SortingTest#sortingByNameZtoA</h3><table class="result"><tr class="param"><th>Parameter #1</th><th>Parameter #2</th></tr><tr class="param stripe"><td>visual_user</td><td>secret_sauce</td></tr></table><p class="totop"><a href="#summary">back to summary</a></p>
<h3 id="m40">tests.SortingTest#sortingByPriceHightoLow</h3><table class="result"><tr class="param"><th>Parameter #1</th><th>Parameter #2</th></tr><tr class="param stripe"><td>standard_user</td><td>secret_sauce</td></tr></table><p class="totop"><a href="#summary">back to summary</a></p>
<h3 id="m41">tests.SortingTest#sortingByPriceHightoLow</h3><table class="result"><tr class="param"><th>Parameter #1</th><th>Parameter #2</th></tr><tr class="param stripe"><td>performance_glitch_user</td><td>secret_sauce</td></tr></table><p class="totop"><a href="#summary">back to summary</a></p>
<h3 id="m42">tests.SortingTest#sortingByPriceLowtoHigh</h3><table class="result"><tr class="param"><th>Parameter #1</th><th>Parameter #2</th></tr><tr class="param stripe"><td>performance_glitch_user</td><td>secret_sauce</td></tr></table><p class="totop"><a href="#summary">back to summary</a></p>
<h3 id="m43">tests.SortingTest#sortingByPriceLowtoHigh</h3><table class="result"><tr class="param"><th>Parameter #1</th><th>Parameter #2</th></tr><tr class="param stripe"><td>standard_user</td><td>secret_sauce</td></tr></table><p class="totop"><a href="#summary">back to summary</a></p>
<h2>ProductPage Tests</h2><h3 id="m44">tests.ProductPageTest#test_Add_Remove_Item</h3><table class="result"><tr class="param"><th>Parameter #1</th><th>Parameter #2</th></tr><tr class="param stripe"><td>error_user</td><td>secret_sauce</td></tr><tr><th colspan="2">Exception</th></tr><tr><td colspan="2"><div class="stacktrace">java.lang.AssertionError: The following asserts failed:
	expected [true] but found [false],
	User : &apos;error_user&apos;, Product ID: item_1&apos;,Test failed: Product not added to cart.,
	User : &apos;error_user&apos;, Product ID: item_1&apos;, Test failed: Cart badge still visible.,
	User : &apos;error_user&apos;, Product ID: item_5&apos;,Test failed: Product not added to cart.,
	User : &apos;error_user&apos;, Product ID: item_5&apos;, Test failed: Cart badge still visible.,
	expected [true] but found [false],
	User : &apos;error_user&apos;, Product ID: item_3&apos;,Test failed: Product not added to cart.,
	User : &apos;error_user&apos;, Product ID: item_3&apos;, Test failed: Cart badge still visible.
	at tests.ProductPageTest.test_Add_Remove_Item(ProductPageTest.java:158)
	at java.base/java.util.ArrayList.forEach(ArrayList.java:1604)
	at java.base/java.util.concurrent.FutureTask.run(FutureTask.java:328)
	at java.base/java.util.concurrent.ThreadPoolExecutor.runWorker(ThreadPoolExecutor.java:1090)
	at java.base/java.util.concurrent.ThreadPoolExecutor$Worker.run(ThreadPoolExecutor.java:614)
	at java.base/java.lang.Thread.run(Thread.java:1474)
... Removed 17 stack frames</div></td></tr></table><p class="totop"><a href="#summary">back to summary</a></p>
<h3 id="m45">tests.ProductPageTest#test_Add_Remove_Item</h3><table class="result"><tr class="param"><th>Parameter #1</th><th>Parameter #2</th></tr><tr class="param stripe"><td>problem_user</td><td>secret_sauce</td></tr><tr><th colspan="2">Exception</th></tr><tr><td colspan="2"><div class="stacktrace">java.lang.AssertionError: The following asserts failed:
	expected [true] but found [false],
	User : &apos;problem_user&apos;, Product ID: item_1&apos;,Test failed: Product not added to cart.,
	User : &apos;problem_user&apos;, Product ID: item_1&apos;, Test failed: Cart badge still visible.,
	User : &apos;problem_user&apos;, Product ID: item_5&apos;,Test failed: Product not added to cart.,
	User : &apos;problem_user&apos;, Product ID: item_5&apos;, Test failed: Cart badge still visible.,
	expected [true] but found [false],
	User : &apos;problem_user&apos;, Product ID: item_3&apos;,Test failed: Product not added to cart.,
	User : &apos;problem_user&apos;, Product ID: item_3&apos;, Test failed: Cart badge still visible.
	at tests.ProductPageTest.test_Add_Remove_Item(ProductPageTest.java:158)
	at java.base/java.util.ArrayList.forEach(ArrayList.java:1604)
	at java.base/java.util.concurrent.FutureTask.run(FutureTask.java:328)
	at java.base/java.util.concurrent.ThreadPoolExecutor.runWorker(ThreadPoolExecutor.java:1090)
	at java.base/java.util.concurrent.ThreadPoolExecutor$Worker.run(ThreadPoolExecutor.java:614)
	at java.base/java.lang.Thread.run(Thread.java:1474)
... Removed 17 stack frames</div></td></tr></table><p class="totop"><a href="#summary">back to summary</a></p>
<h3 id="m46">tests.ProductPageTest#validateProduct_Name_Price_Description</h3><table class="result"><tr class="param"><th>Parameter #1</th><th>Parameter #2</th></tr><tr class="param stripe"><td>error_user</td><td>secret_sauce</td></tr><tr><th colspan="2">Exception</th></tr><tr><td colspan="2"><div class="stacktrace">java.lang.AssertionError: The following asserts failed:
	User : &apos;error_user&apos;, Product: &apos;Sauce Labs Backpack&apos;, Product description mismatch expected [carry.allTheThings() with the sleek, streamlined Sly Pack that melds uncompromising style with unequaled laptop and tablet protection.] but found [A description should be here, but it failed to render! This error has been reported to Backtrace.],
	User : &apos;error_user&apos;, Product: &apos;Sauce Labs Bike Light&apos;, Product description mismatch expected [A red light isn&apos;t the desired state in testing but it sure helps when riding your bike at night. Water-resistant with 3 lighting modes, 1 AAA battery included.] but found [A description should be here, but it failed to render! This error has been reported to Backtrace.],
	User : &apos;error_user&apos;, Product: &apos;Sauce Labs Bolt T-Shirt&apos;, Product description mismatch expected [Get your testing superhero on with the Sauce Labs bolt T-shirt. From American Apparel, 100% ringspun combed cotton, heather gray with red bolt.] but found [A description should be here, but it failed to render! This error has been reported to Backtrace.],
	User : &apos;error_user&apos;, Product: &apos;Sauce Labs Fleece Jacket&apos;, Product description mismatch expected [It&apos;s not every day that you come across a midweight quarter-zip fleece jacket capable of handling everything from a relaxing day outdoors to a busy day at the office.] but found [A description should be here, but it failed to render! This error has been reported to Backtrace.],
	User : &apos;error_user&apos;, Product: &apos;Sauce Labs Onesie&apos;, Product description mismatch expected [Rib snap infant onesie for the junior automation engineer in development. Reinforced 3-snap bottom closure, two-needle hemmed sleeved and bottom won&apos;t unravel.] but found [A description should be here, but it failed to render! This error has been reported to Backtrace.],
	User : &apos;error_user&apos;, Product: &apos;Test.allTheThings() T-Shirt (Red)&apos;, Product description mismatch expected [This classic Sauce Labs t-shirt is perfect to wear when cozying up to your keyboard to automate a few tests. Super-soft and comfy ringspun combed cotton.] but found [A description should be here, but it failed to render! This error has been reported to Backtrace.]
	at tests.ProductPageTest.validateProduct_Name_Price_Description(ProductPageTest.java:64)
	at java.base/java.util.ArrayList.forEach(ArrayList.java:1604)
	at java.base/java.util.concurrent.FutureTask.run(FutureTask.java:328)
	at java.base/java.util.concurrent.ThreadPoolExecutor.runWorker(ThreadPoolExecutor.java:1090)
	at java.base/java.util.concurrent.ThreadPoolExecutor$Worker.run(ThreadPoolExecutor.java:614)
	at java.base/java.lang.Thread.run(Thread.java:1474)
... Removed 17 stack frames</div></td></tr></table><p class="totop"><a href="#summary">back to summary</a></p>
<h3 id="m47">tests.ProductPageTest#test_Add_Remove_Item</h3><table class="result"><tr class="param"><th>Parameter #1</th><th>Parameter #2</th></tr><tr class="param stripe"><td>performance_glitch_user</td><td>secret_sauce</td></tr></table><p class="totop"><a href="#summary">back to summary</a></p>
<h3 id="m48">tests.ProductPageTest#test_Add_Remove_Item</h3><table class="result"><tr class="param"><th>Parameter #1</th><th>Parameter #2</th></tr><tr class="param stripe"><td>standard_user</td><td>secret_sauce</td></tr></table><p class="totop"><a href="#summary">back to summary</a></p>
<h3 id="m49">tests.ProductPageTest#test_Add_Remove_Item</h3><table class="result"><tr class="param"><th>Parameter #1</th><th>Parameter #2</th></tr><tr class="param stripe"><td>visual_user</td><td>secret_sauce</td></tr></table><p class="totop"><a href="#summary">back to summary</a></p>
<h3 id="m50">tests.ProductPageTest#validateProductImages</h3><table class="result"><tr class="param"><th>Parameter #1</th><th>Parameter #2</th></tr><tr class="param stripe"><td>standard_user</td><td>secret_sauce</td></tr></table><p class="totop"><a href="#summary">back to summary</a></p>
<h3 id="m51">tests.ProductPageTest#validateProductImages</h3><table class="result"><tr class="param"><th>Parameter #1</th><th>Parameter #2</th></tr><tr class="param stripe"><td>error_user</td><td>secret_sauce</td></tr></table><p class="totop"><a href="#summary">back to summary</a></p>
<h3 id="m52">tests.ProductPageTest#validateProductImages</h3><table class="result"><tr class="param"><th>Parameter #1</th><th>Parameter #2</th></tr><tr class="param stripe"><td>problem_user</td><td>secret_sauce</td></tr></table><p class="totop"><a href="#summary">back to summary</a></p>
<h3 id="m53">tests.ProductPageTest#validateProductImages</h3><table class="result"><tr class="param"><th>Parameter #1</th><th>Parameter #2</th></tr><tr class="param stripe"><td>performance_glitch_user</td><td>secret_sauce</td></tr></table><p class="totop"><a href="#summary">back to summary</a></p>
<h3 id="m54">tests.ProductPageTest#validateProductImages</h3><table class="result"><tr class="param"><th>Parameter #1</th><th>Parameter #2</th></tr><tr class="param stripe"><td>visual_user</td><td>secret_sauce</td></tr></table><p class="totop"><a href="#summary">back to summary</a></p>
<h3 id="m55">tests.ProductPageTest#validateProduct_Name_Price_Description</h3><table class="result"><tr class="param"><th>Parameter #1</th><th>Parameter #2</th></tr><tr class="param stripe"><td>visual_user</td><td>secret_sauce</td></tr></table><p class="totop"><a href="#summary">back to summary</a></p>
<h3 id="m56">tests.ProductPageTest#validateProduct_Name_Price_Description</h3><table class="result"><tr class="param"><th>Parameter #1</th><th>Parameter #2</th></tr><tr class="param stripe"><td>problem_user</td><td>secret_sauce</td></tr></table><p class="totop"><a href="#summary">back to summary</a></p>
<h3 id="m57">tests.ProductPageTest#validateProduct_Name_Price_Description</h3><table class="result"><tr class="param"><th>Parameter #1</th><th>Parameter #2</th></tr><tr class="param stripe"><td>standard_user</td><td>secret_sauce</td></tr></table><p class="totop"><a href="#summary">back to summary</a></p>
<h3 id="m58">tests.ProductPageTest#validateProduct_Name_Price_Description</h3><table class="result"><tr class="param"><th>Parameter #1</th><th>Parameter #2</th></tr><tr class="param stripe"><td>performance_glitch_user</td><td>secret_sauce</td></tr></table><p class="totop"><a href="#summary">back to summary</a></p>
<h2>Logout Tests</h2><h3 id="m59">tests.LogoutTest#Logout</h3><table class="result"><tr class="param"><th>Parameter #1</th><th>Parameter #2</th></tr><tr class="param stripe"><td>problem_user</td><td>secret_sauce</td></tr></table><p class="totop"><a href="#summary">back to summary</a></p>
<h3 id="m60">tests.LogoutTest#Logout</h3><table class="result"><tr class="param"><th>Parameter #1</th><th>Parameter #2</th></tr><tr class="param stripe"><td>performance_glitch_user</td><td>secret_sauce</td></tr></table><p class="totop"><a href="#summary">back to summary</a></p>
<h3 id="m61">tests.LogoutTest#Logout</h3><table class="result"><tr class="param"><th>Parameter #1</th><th>Parameter #2</th></tr><tr class="param stripe"><td>standard_user</td><td>secret_sauce</td></tr></table><p class="totop"><a href="#summary">back to summary</a></p>
<h3 id="m62">tests.LogoutTest#Logout</h3><table class="result"><tr class="param"><th>Parameter #1</th><th>Parameter #2</th></tr><tr class="param stripe"><td>visual_user</td><td>secret_sauce</td></tr></table><p class="totop"><a href="#summary">back to summary</a></p>
<h3 id="m63">tests.LogoutTest#Logout</h3><table class="result"><tr class="param"><th>Parameter #1</th><th>Parameter #2</th></tr><tr class="param stripe"><td>error_user</td><td>secret_sauce</td></tr></table><p class="totop"><a href="#summary">back to summary</a></p>
<h2>Checkout Tests</h2><h3 id="m64">tests.CheckoutInfoTest#testCheckoutPage</h3><table class="result"><tr class="param"><th>Parameter #1</th><th>Parameter #2</th></tr><tr class="param stripe"><td>error_user</td><td>secret_sauce</td></tr><tr><th colspan="2">Exception</th></tr><tr><td colspan="2"><div class="stacktrace">java.lang.AssertionError: The following asserts failed:
	User : &apos;error_user&apos;, The error message is incorrect for the provided user details. First Name : John Last Name :  zip Code: 67890 expected [Error: Last Name is required] but found [],
	User : &apos;error_user&apos;, The error message is incorrect for the provided user details. First Name : John Last Name :  zip Code: 67890 expected [Error: Last Name is required] but found [],
	User : &apos;error_user&apos;, Product: &apos;Sauce Labs Bolt T-Shirt&apos;, name does not match the expected name. expected [Sauce Labs Bolt T-Shirt] but found [Sauce Labs Bike Light],
	User : &apos;error_user&apos;, The error message is incorrect for the provided user details. First Name : John Last Name :  zip Code: 67890 expected [Error: Last Name is required] but found [],
	User : &apos;error_user&apos;, Product: &apos;Sauce Labs Fleece Jacket&apos;, name does not match the expected name. expected [Sauce Labs Fleece Jacket] but found [Sauce Labs Bike Light],
	User : &apos;error_user&apos;, The error message is incorrect for the provided user details. First Name : John Last Name :  zip Code: 67890 expected [Error: Last Name is required] but found [],
	User : &apos;error_user&apos;, The error message is incorrect for the provided user details. First Name : John Last Name :  zip Code: 67890 expected [Error: Last Name is required] but found [],
	User : &apos;error_user&apos;, Product: &apos;Test.allTheThings() T-Shirt (Red)&apos;, name does not match the expected name. expected [Test.allTheThings() T-Shirt (Red)] but found [Sauce Labs Onesie],
	User : &apos;error_user&apos;, The error message is incorrect for the provided user details. First Name : John Last Name :  zip Code: 67890 expected [Error: Last Name is required] but found []
	at tests.CheckoutInfoTest.testCheckoutPage(CheckoutInfoTest.java:74)
	at java.base/java.util.ArrayList.forEach(ArrayList.java:1604)
	at java.base/java.util.concurrent.FutureTask.run(FutureTask.java:328)
	at java.base/java.util.concurrent.ThreadPoolExecutor.runWorker(ThreadPoolExecutor.java:1090)
	at java.base/java.util.concurrent.ThreadPoolExecutor$Worker.run(ThreadPoolExecutor.java:614)
	at java.base/java.lang.Thread.run(Thread.java:1474)
... Removed 17 stack frames</div></td></tr></table><p class="totop"><a href="#summary">back to summary</a></p>
<h3 id="m65">tests.CheckoutInfoTest#testCheckoutPage</h3><table class="result"><tr class="param"><th>Parameter #1</th><th>Parameter #2</th></tr><tr class="param stripe"><td>problem_user</td><td>secret_sauce</td></tr><tr><th colspan="2">Exception</th></tr><tr><td colspan="2"><div class="stacktrace">java.lang.AssertionError: The following asserts failed:
	User : &apos;problem_user&apos;, The error message is incorrect for the provided user details. First Name :  Last Name : Doe zip Code: 67890 expected [Error: First Name is required] but found [Error: Last Name is required],
	User : &apos;problem_user&apos;, The error message is incorrect for the provided user details. First Name : John Last Name : Doe zip Code:  expected [Error: Postal Code is required] but found [Error: Last Name is required],
	User : &apos;problem_user&apos;, The error message is incorrect for the provided user details. First Name : John Last Name : Doe zip Code: 12345 expected [] but found [Error: Last Name is required],
	User : &apos;problem_user&apos;, The error message is incorrect for the provided user details. First Name : J0hn Last Name : D@e zip Code: 123-45 expected [] but found [Error: Last Name is required],
	User : &apos;problem_user&apos;, The error message is incorrect for the provided user details. First Name : J Last Name : D zip Code: 1 expected [] but found [Error: Last Name is required],
	User : &apos;problem_user&apos;, The error message is incorrect for the provided user details. First Name : John@# Last Name : Doe$% zip Code: ABCDE expected [] but found [Error: Last Name is required],
	User : &apos;problem_user&apos;, The error message is incorrect for the provided user details. First Name :     Last Name :     zip Code:     expected [] but found [Error: Last Name is required],
	User : &apos;problem_user&apos;, The error message is incorrect for the provided user details. First Name : John Doe Last Name : Smith zip Code:  12345  expected [] but found [Error: Last Name is required],
	User : &apos;problem_user&apos;, The error message is incorrect for the provided user details. First Name : John123 Last Name : Doe456 zip Code: 001234 expected [] but found [Error: Last Name is required],
	User : &apos;problem_user&apos;, The error message is incorrect for the provided user details. First Name : JohnDoe Last Name : LongLastNameHereThatExceedsNormalLength zip Code: 123456789012345 expected [] but found [Error: Last Name is required],
	User : &apos;problem_user&apos;, The error message is incorrect for the provided user details. First Name : Jo$hn Last Name : Do^e zip Code: 12345! expected [] but found [Error: Last Name is required],
	User : &apos;problem_user&apos;, The error message is incorrect for the provided user details. First Name : J@hn Last Name : D#oe zip Code: 12-345 expected [] but found [Error: Last Name is required],
	User : &apos;problem_user&apos;, The error message is incorrect for the provided user details. First Name :  Last Name : Doe zip Code: 67890 expected [Error: First Name is required] but found [Error: Last Name is required],
	User : &apos;problem_user&apos;, The error message is incorrect for the provided user details. First Name : John Last Name : Doe zip Code:  expected [Error: Postal Code is required] but found [Error: Last Name is required],
	User : &apos;problem_user&apos;, The error message is incorrect for the provided user details. First Name : John Last Name : Doe zip Code: 12345 expected [] but found [Error: Last Name is required],
	User : &apos;problem_user&apos;, The error message is incorrect for the provided user details. First Name : J0hn Last Name : D@e zip Code: 123-45 expected [] but found [Error: Last Name is required],
	User : &apos;problem_user&apos;, The error message is incorrect for the provided user details. First Name : J Last Name : D zip Code: 1 expected [] but found [Error: Last Name is required],
	User : &apos;problem_user&apos;, The error message is incorrect for the provided user details. First Name : John@# Last Name : Doe$% zip Code: ABCDE expected [] but found [Error: Last Name is required],
	User : &apos;problem_user&apos;, The error message is incorrect for the provided user details. First Name :     Last Name :     zip Code:     expected [] but found [Error: Last Name is required],
	User : &apos;problem_user&apos;, The error message is incorrect for the provided user details. First Name : John Doe Last Name : Smith zip Code:  12345  expected [] but found [Error: Last Name is required],
	User : &apos;problem_user&apos;, The error message is incorrect for the provided user details. First Name : John123 Last Name : Doe456 zip Code: 001234 expected [] but found [Error: Last Name is required],
	User : &apos;problem_user&apos;, The error message is incorrect for the provided user details. First Name : JohnDoe Last Name : LongLastNameHereThatExceedsNormalLength zip Code: 123456789012345 expected [] but found [Error: Last Name is required],
	User : &apos;problem_user&apos;, The error message is incorrect for the provided user details. First Name : Jo$hn Last Name : Do^e zip Code: 12345! expected [] but found [Error: Last Name is required],
	User : &apos;problem_user&apos;, The error message is incorrect for the provided user details. First Name : J@hn Last Name : D#oe zip Code: 12-345 expected [] but found [Error: Last Name is required],
	User : &apos;problem_user&apos;, Product: &apos;Sauce Labs Bolt T-Shirt&apos;, name does not match the expected name. expected [Sauce Labs Bolt T-Shirt] but found [Sauce Labs Bike Light],
	User : &apos;problem_user&apos;, The error message is incorrect for the provided user details. First Name :  Last Name : Doe zip Code: 67890 expected [Error: First Name is required] but found [Error: Last Name is required],
	User : &apos;problem_user&apos;, The error message is incorrect for the provided user details. First Name : John Last Name : Doe zip Code:  expected [Error: Postal Code is required] but found [Error: Last Name is required],
	User : &apos;problem_user&apos;, The error message is incorrect for the provided user details. First Name : John Last Name : Doe zip Code: 12345 expected [] but found [Error: Last Name is required],
	User : &apos;problem_user&apos;, The error message is incorrect for the provided user details. First Name : J0hn Last Name : D@e zip Code: 123-45 expected [] but found [Error: Last Name is required],
	User : &apos;problem_user&apos;, The error message is incorrect for the provided user details. First Name : J Last Name : D zip Code: 1 expected [] but found [Error: Last Name is required],
	User : &apos;problem_user&apos;, The error message is incorrect for the provided user details. First Name : John@# Last Name : Doe$% zip Code: ABCDE expected [] but found [Error: Last Name is required],
	User : &apos;problem_user&apos;, The error message is incorrect for the provided user details. First Name :     Last Name :     zip Code:     expected [] but found [Error: Last Name is required],
	User : &apos;problem_user&apos;, The error message is incorrect for the provided user details. First Name : John Doe Last Name : Smith zip Code:  12345  expected [] but found [Error: Last Name is required],
	User : &apos;problem_user&apos;, The error message is incorrect for the provided user details. First Name : John123 Last Name : Doe456 zip Code: 001234 expected [] but found [Error: Last Name is required],
	User : &apos;problem_user&apos;, The error message is incorrect for the provided user details. First Name : JohnDoe Last Name : LongLastNameHereThatExceedsNormalLength zip Code: 123456789012345 expected [] but found [Error: Last Name is required],
	User : &apos;problem_user&apos;, The error message is incorrect for the provided user details. First Name : Jo$hn Last Name : Do^e zip Code: 12345! expected [] but found [Error: Last Name is required],
	User : &apos;problem_user&apos;, The error message is incorrect for the provided user details. First Name : J@hn Last Name : D#oe zip Code: 12-345 expected [] but found [Error: Last Name is required],
	User : &apos;problem_user&apos;, Product: &apos;Sauce Labs Fleece Jacket&apos;, name does not match the expected name. expected [Sauce Labs Fleece Jacket] but found [Sauce Labs Bike Light],
	User : &apos;problem_user&apos;, The error message is incorrect for the provided user details. First Name :  Last Name : Doe zip Code: 67890 expected [Error: First Name is required] but found [Error: Last Name is required],
	User : &apos;problem_user&apos;, The error message is incorrect for the provided user details. First Name : John Last Name : Doe zip Code:  expected [Error: Postal Code is required] but found [Error: Last Name is required],
	User : &apos;problem_user&apos;, The error message is incorrect for the provided user details. First Name : John Last Name : Doe zip Code: 12345 expected [] but found [Error: Last Name is required],
	User : &apos;problem_user&apos;, The error message is incorrect for the provided user details. First Name : J0hn Last Name : D@e zip Code: 123-45 expected [] but found [Error: Last Name is required],
	User : &apos;problem_user&apos;, The error message is incorrect for the provided user details. First Name : J Last Name : D zip Code: 1 expected [] but found [Error: Last Name is required],
	User : &apos;problem_user&apos;, The error message is incorrect for the provided user details. First Name : John@# Last Name : Doe$% zip Code: ABCDE expected [] but found [Error: Last Name is required],
	User : &apos;problem_user&apos;, The error message is incorrect for the provided user details. First Name :     Last Name :     zip Code:     expected [] but found [Error: Last Name is required],
	User : &apos;problem_user&apos;, The error message is incorrect for the provided user details. First Name : John Doe Last Name : Smith zip Code:  12345  expected [] but found [Error: Last Name is required],
	User : &apos;problem_user&apos;, The error message is incorrect for the provided user details. First Name : John123 Last Name : Doe456 zip Code: 001234 expected [] but found [Error: Last Name is required],
	User : &apos;problem_user&apos;, The error message is incorrect for the provided user details. First Name : JohnDoe Last Name : LongLastNameHereThatExceedsNormalLength zip Code: 123456789012345 expected [] but found [Error: Last Name is required],
	User : &apos;problem_user&apos;, The error message is incorrect for the provided user details. First Name : Jo$hn Last Name : Do^e zip Code: 12345! expected [] but found [Error: Last Name is required],
	User : &apos;problem_user&apos;, The error message is incorrect for the provided user details. First Name : J@hn Last Name : D#oe zip Code: 12-345 expected [] but found [Error: Last Name is required],
	User : &apos;problem_user&apos;, The error message is incorrect for the provided user details. First Name :  Last Name : Doe zip Code: 67890 expected [Error: First Name is required] but found [Error: Last Name is required],
	User : &apos;problem_user&apos;, The error message is incorrect for the provided user details. First Name : John Last Name : Doe zip Code:  expected [Error: Postal Code is required] but found [Error: Last Name is required],
	User : &apos;problem_user&apos;, The error message is incorrect for the provided user details. First Name : John Last Name : Doe zip Code: 12345 expected [] but found [Error: Last Name is required],
	User : &apos;problem_user&apos;, The error message is incorrect for the provided user details. First Name : J0hn Last Name : D@e zip Code: 123-45 expected [] but found [Error: Last Name is required],
	User : &apos;problem_user&apos;, The error message is incorrect for the provided user details. First Name : J Last Name : D zip Code: 1 expected [] but found [Error: Last Name is required],
	User : &apos;problem_user&apos;, The error message is incorrect for the provided user details. First Name : John@# Last Name : Doe$% zip Code: ABCDE expected [] but found [Error: Last Name is required],
	User : &apos;problem_user&apos;, The error message is incorrect for the provided user details. First Name :     Last Name :     zip Code:     expected [] but found [Error: Last Name is required],
	User : &apos;problem_user&apos;, The error message is incorrect for the provided user details. First Name : John Doe Last Name : Smith zip Code:  12345  expected [] but found [Error: Last Name is required],
	User : &apos;problem_user&apos;, The error message is incorrect for the provided user details. First Name : John123 Last Name : Doe456 zip Code: 001234 expected [] but found [Error: Last Name is required],
	User : &apos;problem_user&apos;, The error message is incorrect for the provided user details. First Name : JohnDoe Last Name : LongLastNameHereThatExceedsNormalLength zip Code: 123456789012345 expected [] but found [Error: Last Name is required],
	User : &apos;problem_user&apos;, The error message is incorrect for the provided user details. First Name : Jo$hn Last Name : Do^e zip Code: 12345! expected [] but found [Error: Last Name is required],
	User : &apos;problem_user&apos;, The error message is incorrect for the provided user details. First Name : J@hn Last Name : D#oe zip Code: 12-345 expected [] but found [Error: Last Name is required],
	User : &apos;problem_user&apos;, Product: &apos;Test.allTheThings() T-Shirt (Red)&apos;, name does not match the expected name. expected [Test.allTheThings() T-Shirt (Red)] but found [Sauce Labs Onesie],
	User : &apos;problem_user&apos;, The error message is incorrect for the provided user details. First Name :  Last Name : Doe zip Code: 67890 expected [Error: First Name is required] but found [Error: Last Name is required],
	User : &apos;problem_user&apos;, The error message is incorrect for the provided user details. First Name : John Last Name : Doe zip Code:  expected [Error: Postal Code is required] but found [Error: Last Name is required],
	User : &apos;problem_user&apos;, The error message is incorrect for the provided user details. First Name : John Last Name : Doe zip Code: 12345 expected [] but found [Error: Last Name is required],
	User : &apos;problem_user&apos;, The error message is incorrect for the provided user details. First Name : J0hn Last Name : D@e zip Code: 123-45 expected [] but found [Error: Last Name is required],
	User : &apos;problem_user&apos;, The error message is incorrect for the provided user details. First Name : J Last Name : D zip Code: 1 expected [] but found [Error: Last Name is required],
	User : &apos;problem_user&apos;, The error message is incorrect for the provided user details. First Name : John@# Last Name : Doe$% zip Code: ABCDE expected [] but found [Error: Last Name is required],
	User : &apos;problem_user&apos;, The error message is incorrect for the provided user details. First Name :     Last Name :     zip Code:     expected [] but found [Error: Last Name is required],
	User : &apos;problem_user&apos;, The error message is incorrect for the provided user details. First Name : John Doe Last Name : Smith zip Code:  12345  expected [] but found [Error: Last Name is required],
	User : &apos;problem_user&apos;, The error message is incorrect for the provided user details. First Name : John123 Last Name : Doe456 zip Code: 001234 expected [] but found [Error: Last Name is required],
	User : &apos;problem_user&apos;, The error message is incorrect for the provided user details. First Name : JohnDoe Last Name : LongLastNameHereThatExceedsNormalLength zip Code: 123456789012345 expected [] but found [Error: Last Name is required],
	User : &apos;problem_user&apos;, The error message is incorrect for the provided user details. First Name : Jo$hn Last Name : Do^e zip Code: 12345! expected [] but found [Error: Last Name is required],
	User : &apos;problem_user&apos;, The error message is incorrect for the provided user details. First Name : J@hn Last Name : D#oe zip Code: 12-345 expected [] but found [Error: Last Name is required]
	at tests.CheckoutInfoTest.testCheckoutPage(CheckoutInfoTest.java:74)
	at java.base/java.util.ArrayList.forEach(ArrayList.java:1604)
	at java.base/java.util.concurrent.FutureTask.run(FutureTask.java:328)
	at java.base/java.util.concurrent.ThreadPoolExecutor.runWorker(ThreadPoolExecutor.java:1090)
	at java.base/java.util.concurrent.ThreadPoolExecutor$Worker.run(ThreadPoolExecutor.java:614)
	at java.base/java.lang.Thread.run(Thread.java:1474)
... Removed 17 stack frames</div></td></tr></table><p class="totop"><a href="#summary">back to summary</a></p>
<h3 id="m66">tests.CheckoutInfoTest#testCheckoutPage</h3><table class="result"><tr class="param"><th>Parameter #1</th><th>Parameter #2</th></tr><tr class="param stripe"><td>visual_user</td><td>secret_sauce</td></tr></table><p class="totop"><a href="#summary">back to summary</a></p>
<h3 id="m67">tests.CheckoutInfoTest#testCheckoutPage</h3><table class="result"><tr class="param"><th>Parameter #1</th><th>Parameter #2</th></tr><tr class="param stripe"><td>performance_glitch_user</td><td>secret_sauce</td></tr></table><p class="totop"><a href="#summary">back to summary</a></p>
<h3 id="m68">tests.CheckoutInfoTest#testCheckoutPage</h3><table class="result"><tr class="param"><th>Parameter #1</th><th>Parameter #2</th></tr><tr class="param stripe"><td>standard_user</td><td>secret_sauce</td></tr></table><p class="totop"><a href="#summary">back to summary</a></p>
<h2>Overview Tests</h2><h3 id="m69">tests.OverviewTest#testFinishProcess</h3><table class="result"><tr class="param"><th>Parameter #1</th><th>Parameter #2</th></tr><tr class="param stripe"><td>error_user</td><td>secret_sauce</td></tr><tr><th colspan="2">Exception</th></tr><tr><td colspan="2"><div class="stacktrace">java.lang.AssertionError: expected [https://www.saucedemo.com/checkout-complete.html] but found [https://www.saucedemo.com/checkout-step-two.html]
	at tests.OverviewTest.testFinishProcess(OverviewTest.java:183)
	at java.base/java.util.ArrayList.forEach(ArrayList.java:1604)
	at java.base/java.util.concurrent.FutureTask.run(FutureTask.java:328)
	at java.base/java.util.concurrent.ThreadPoolExecutor.runWorker(ThreadPoolExecutor.java:1090)
	at java.base/java.util.concurrent.ThreadPoolExecutor$Worker.run(ThreadPoolExecutor.java:614)
	at java.base/java.lang.Thread.run(Thread.java:1474)
... Removed 21 stack frames</div></td></tr></table><p class="totop"><a href="#summary">back to summary</a></p>
<h3 id="m70">tests.OverviewTest#testFinishProcess</h3><table class="result"><tr class="param"><th>Parameter #1</th><th>Parameter #2</th></tr><tr class="param stripe"><td>problem_user</td><td>secret_sauce</td></tr><tr><th colspan="2">Exception</th></tr><tr><td colspan="2"><div class="stacktrace">java.lang.AssertionError: checkout failed Error: Last Name is required expected [] but found [Error: Last Name is required]
	at tests.OverviewTest.fillValidInfo(OverviewTest.java:24)
	at tests.OverviewTest.testFinishProcess(OverviewTest.java:179)
	at java.base/java.util.ArrayList.forEach(ArrayList.java:1604)
	at java.base/java.util.concurrent.FutureTask.run(FutureTask.java:328)
	at java.base/java.util.concurrent.ThreadPoolExecutor.runWorker(ThreadPoolExecutor.java:1090)
	at java.base/java.util.concurrent.ThreadPoolExecutor$Worker.run(ThreadPoolExecutor.java:614)
	at java.base/java.lang.Thread.run(Thread.java:1474)
... Removed 20 stack frames</div></td></tr></table><p class="totop"><a href="#summary">back to summary</a></p>
<h3 id="m71">tests.OverviewTest#testOverviewPage</h3><table class="result"><tr class="param"><th>Parameter #1</th><th>Parameter #2</th></tr><tr class="param stripe"><td>problem_user</td><td>secret_sauce</td></tr><tr><th colspan="2">Exception</th></tr><tr><td colspan="2"><div class="stacktrace">java.lang.AssertionError: checkout failed Error: Last Name is required expected [] but found [Error: Last Name is required]
	at tests.OverviewTest.fillValidInfo(OverviewTest.java:24)
	at tests.OverviewTest.testOverviewPage(OverviewTest.java:62)
	at java.base/java.util.ArrayList.forEach(ArrayList.java:1604)
	at java.base/java.util.concurrent.FutureTask.run(FutureTask.java:328)
	at java.base/java.util.concurrent.ThreadPoolExecutor.runWorker(ThreadPoolExecutor.java:1090)
	at java.base/java.util.concurrent.ThreadPoolExecutor$Worker.run(ThreadPoolExecutor.java:614)
	at java.base/java.lang.Thread.run(Thread.java:1474)
... Removed 20 stack frames</div></td></tr></table><p class="totop"><a href="#summary">back to summary</a></p>
<h3 id="m72">tests.OverviewTest#testOverviewPage</h3><table class="result"><tr class="param"><th>Parameter #1</th><th>Parameter #2</th></tr><tr class="param stripe"><td>error_user</td><td>secret_sauce</td></tr><tr><th colspan="2">Exception</th></tr><tr><td colspan="2"><div class="stacktrace">java.lang.AssertionError: The following asserts failed:
	The product: Sauce Labs Bike Light name does not match the expected name. expected [Sauce Labs Bolt T-Shirt] but found [Sauce Labs Bike Light],
	The product: Sauce Labs Bike Light name does not match the expected name. expected [Sauce Labs Fleece Jacket] but found [Sauce Labs Bike Light],
	The product: Sauce Labs Onesie name does not match the expected name. expected [Test.allTheThings() T-Shirt (Red)] but found [Sauce Labs Onesie]
	at tests.OverviewTest.testOverviewPage(OverviewTest.java:96)
	at java.base/java.util.ArrayList.forEach(ArrayList.java:1604)
	at java.base/java.util.concurrent.FutureTask.run(FutureTask.java:328)
	at java.base/java.util.concurrent.ThreadPoolExecutor.runWorker(ThreadPoolExecutor.java:1090)
	at java.base/java.util.concurrent.ThreadPoolExecutor$Worker.run(ThreadPoolExecutor.java:614)
	at java.base/java.lang.Thread.run(Thread.java:1474)
... Removed 17 stack frames</div></td></tr></table><p class="totop"><a href="#summary">back to summary</a></p>
<h3 id="m73">tests.OverviewTest#testTotalPrice</h3><table class="result"><tr class="param"><th>Parameter #1</th><th>Parameter #2</th></tr><tr class="param stripe"><td>error_user</td><td>secret_sauce</td></tr><tr><th colspan="2">Exception</th></tr><tr><td colspan="2"><div class="stacktrace">java.lang.AssertionError: The following asserts failed:
	The total price calculation is incorrect! expected [59.17] but found [43.18],
	The total price calculation is incorrect! expected [109.16000000000001] but found [43.18],
	The total price calculation is incorrect! expected [117.79] but found [51.81],
	The total price calculation is incorrect! expected [133.78] but found [51.81]
	at tests.OverviewTest.testTotalPrice(OverviewTest.java:149)
	at java.base/java.util.ArrayList.forEach(ArrayList.java:1604)
	at java.base/java.util.concurrent.FutureTask.run(FutureTask.java:328)
	at java.base/java.util.concurrent.ThreadPoolExecutor.runWorker(ThreadPoolExecutor.java:1090)
	at java.base/java.util.concurrent.ThreadPoolExecutor$Worker.run(ThreadPoolExecutor.java:614)
	at java.base/java.lang.Thread.run(Thread.java:1474)
... Removed 17 stack frames</div></td></tr></table><p class="totop"><a href="#summary">back to summary</a></p>
<h3 id="m74">tests.OverviewTest#testTotalPrice</h3><table class="result"><tr class="param"><th>Parameter #1</th><th>Parameter #2</th></tr><tr class="param stripe"><td>problem_user</td><td>secret_sauce</td></tr><tr><th colspan="2">Exception</th></tr><tr><td colspan="2"><div class="stacktrace">java.lang.AssertionError: checkout failed Error: Last Name is required expected [] but found [Error: Last Name is required]
	at tests.OverviewTest.fillValidInfo(OverviewTest.java:24)
	at tests.OverviewTest.testTotalPrice(OverviewTest.java:134)
	at java.base/java.util.ArrayList.forEach(ArrayList.java:1604)
	at java.base/java.util.concurrent.FutureTask.run(FutureTask.java:328)
	at java.base/java.util.concurrent.ThreadPoolExecutor.runWorker(ThreadPoolExecutor.java:1090)
	at java.base/java.util.concurrent.ThreadPoolExecutor$Worker.run(ThreadPoolExecutor.java:614)
	at java.base/java.lang.Thread.run(Thread.java:1474)
... Removed 20 stack frames</div></td></tr></table><p class="totop"><a href="#summary">back to summary</a></p>
<h3 id="m75">tests.OverviewTest#testFinishProcess</h3><table class="result"><tr class="param"><th>Parameter #1</th><th>Parameter #2</th></tr><tr class="param stripe"><td>standard_user</td><td>secret_sauce</td></tr></table><p class="totop"><a href="#summary">back to summary</a></p>
<h3 id="m76">tests.OverviewTest#testFinishProcess</h3><table class="result"><tr class="param"><th>Parameter #1</th><th>Parameter #2</th></tr><tr class="param stripe"><td>visual_user</td><td>secret_sauce</td></tr></table><p class="totop"><a href="#summary">back to summary</a></p>
<h3 id="m77">tests.OverviewTest#testFinishProcess</h3><table class="result"><tr class="param"><th>Parameter #1</th><th>Parameter #2</th></tr><tr class="param stripe"><td>performance_glitch_user</td><td>secret_sauce</td></tr></table><p class="totop"><a href="#summary">back to summary</a></p>
<h3 id="m78">tests.OverviewTest#testOverviewPage</h3><table class="result"><tr class="param"><th>Parameter #1</th><th>Parameter #2</th></tr><tr class="param stripe"><td>performance_glitch_user</td><td>secret_sauce</td></tr></table><p class="totop"><a href="#summary">back to summary</a></p>
<h3 id="m79">tests.OverviewTest#testOverviewPage</h3><table class="result"><tr class="param"><th>Parameter #1</th><th>Parameter #2</th></tr><tr class="param stripe"><td>standard_user</td><td>secret_sauce</td></tr></table><p class="totop"><a href="#summary">back to summary</a></p>
<h3 id="m80">tests.OverviewTest#testOverviewPage</h3><table class="result"><tr class="param"><th>Parameter #1</th><th>Parameter #2</th></tr><tr class="param stripe"><td>visual_user</td><td>secret_sauce</td></tr></table><p class="totop"><a href="#summary">back to summary</a></p>
<h3 id="m81">tests.OverviewTest#testTotalPrice</h3><table class="result"><tr class="param"><th>Parameter #1</th><th>Parameter #2</th></tr><tr class="param stripe"><td>visual_user</td><td>secret_sauce</td></tr></table><p class="totop"><a href="#summary">back to summary</a></p>
<h3 id="m82">tests.OverviewTest#testTotalPrice</h3><table class="result"><tr class="param"><th>Parameter #1</th><th>Parameter #2</th></tr><tr class="param stripe"><td>standard_user</td><td>secret_sauce</td></tr></table><p class="totop"><a href="#summary">back to summary</a></p>
<h3 id="m83">tests.OverviewTest#testTotalPrice</h3><table class="result"><tr class="param"><th>Parameter #1</th><th>Parameter #2</th></tr><tr class="param stripe"><td>performance_glitch_user</td><td>secret_sauce</td></tr></table><p class="totop"><a href="#summary">back to summary</a></p>
</body>
</html>
