<?xml version="1.0" encoding="UTF-8"?>
<testng-results ignored="0" total="84" passed="60" failed="24" skipped="0">
  <reporter-output>
  </reporter-output>
  <suite started-at="2025-12-07T13:27:00 EET" name="SauceDemo Test Suite" finished-at="2025-12-07T13:36:09 EET" duration-ms="549538">
    <groups>
    </groups>
    <test started-at="2025-12-07T13:27:00 EET" name="Login Tests" finished-at="2025-12-07T13:28:41 EET" duration-ms="101112">
      <class name="tests.LoginTest">
        <test-method is-config="true" signature="setup()[pri:0, instance:tests.LoginTest@42e3ede4]" started-at="2025-12-07T13:27:00 EET" name="setup" finished-at="2025-12-07T13:27:13 EET" duration-ms="13309" status="PASS">
          <reporter-output>
          </reporter-output>
        </test-method> <!-- setup -->
        <test-method signature="testLogin(java.lang.String,java.lang.String,java.lang.String)[pri:0, instance:tests.LoginTest@42e3ede4]" started-at="2025-12-07T13:27:13 EET" name="testLogin" data-provider="loginData" finished-at="2025-12-07T13:27:14 EET" duration-ms="760" status="PASS">
          <params>
            <param index="0">
              <value>
                <![CDATA[standard_user]]>
              </value>
            </param>
            <param index="1">
              <value>
                <![CDATA[secret_sauce]]>
              </value>
            </param>
            <param index="2">
              <value is-null="true"/>
            </param>
          </params>
          <reporter-output>
          </reporter-output>
        </test-method> <!-- testLogin -->
        <test-method is-config="true" signature="teardown()[pri:0, instance:tests.LoginTest@42e3ede4]" started-at="2025-12-07T13:27:14 EET" name="teardown" finished-at="2025-12-07T13:27:16 EET" duration-ms="2405" status="PASS">
          <reporter-output>
          </reporter-output>
        </test-method> <!-- teardown -->
        <test-method is-config="true" signature="setup()[pri:0, instance:tests.LoginTest@42e3ede4]" started-at="2025-12-07T13:27:16 EET" name="setup" finished-at="2025-12-07T13:27:26 EET" duration-ms="9295" status="PASS">
          <reporter-output>
          </reporter-output>
        </test-method> <!-- setup -->
        <test-method signature="testLogin(java.lang.String,java.lang.String,java.lang.String)[pri:0, instance:tests.LoginTest@42e3ede4]" started-at="2025-12-07T13:27:26 EET" name="testLogin" data-provider="loginData" finished-at="2025-12-07T13:27:26 EET" duration-ms="645" status="PASS">
          <params>
            <param index="0">
              <value>
                <![CDATA[invalid_user]]>
              </value>
            </param>
            <param index="1">
              <value>
                <![CDATA[invalid_user]]>
              </value>
            </param>
            <param index="2">
              <value>
                <![CDATA[Epic sadface: Username and password do not match any user in this service]]>
              </value>
            </param>
          </params>
          <reporter-output>
          </reporter-output>
        </test-method> <!-- testLogin -->
        <test-method is-config="true" signature="teardown()[pri:0, instance:tests.LoginTest@42e3ede4]" started-at="2025-12-07T13:27:26 EET" name="teardown" finished-at="2025-12-07T13:27:28 EET" duration-ms="1858" status="PASS">
          <reporter-output>
          </reporter-output>
        </test-method> <!-- teardown -->
        <test-method is-config="true" signature="setup()[pri:0, instance:tests.LoginTest@42e3ede4]" started-at="2025-12-07T13:27:28 EET" name="setup" finished-at="2025-12-07T13:27:36 EET" duration-ms="8047" status="PASS">
          <reporter-output>
          </reporter-output>
        </test-method> <!-- setup -->
        <test-method signature="testLogin(java.lang.String,java.lang.String,java.lang.String)[pri:0, instance:tests.LoginTest@42e3ede4]" started-at="2025-12-07T13:27:36 EET" name="testLogin" data-provider="loginData" finished-at="2025-12-07T13:27:38 EET" duration-ms="1341" status="PASS">
          <params>
            <param index="0">
              <value>
                <![CDATA[]]>
              </value>
            </param>
            <param index="1">
              <value>
                <![CDATA[secret_sauce]]>
              </value>
            </param>
            <param index="2">
              <value>
                <![CDATA[Epic sadface: Username is required]]>
              </value>
            </param>
          </params>
          <reporter-output>
          </reporter-output>
        </test-method> <!-- testLogin -->
        <test-method is-config="true" signature="teardown()[pri:0, instance:tests.LoginTest@42e3ede4]" started-at="2025-12-07T13:27:38 EET" name="teardown" finished-at="2025-12-07T13:27:40 EET" duration-ms="1837" status="PASS">
          <reporter-output>
          </reporter-output>
        </test-method> <!-- teardown -->
        <test-method is-config="true" signature="setup()[pri:0, instance:tests.LoginTest@42e3ede4]" started-at="2025-12-07T13:27:40 EET" name="setup" finished-at="2025-12-07T13:27:46 EET" duration-ms="6121" status="PASS">
          <reporter-output>
          </reporter-output>
        </test-method> <!-- setup -->
        <test-method signature="testLogin(java.lang.String,java.lang.String,java.lang.String)[pri:0, instance:tests.LoginTest@42e3ede4]" started-at="2025-12-07T13:27:46 EET" name="testLogin" data-provider="loginData" finished-at="2025-12-07T13:27:46 EET" duration-ms="617" status="PASS">
          <params>
            <param index="0">
              <value>
                <![CDATA[standard_user]]>
              </value>
            </param>
            <param index="1">
              <value>
                <![CDATA[]]>
              </value>
            </param>
            <param index="2">
              <value>
                <![CDATA[Epic sadface: Password is required]]>
              </value>
            </param>
          </params>
          <reporter-output>
          </reporter-output>
        </test-method> <!-- testLogin -->
        <test-method is-config="true" signature="teardown()[pri:0, instance:tests.LoginTest@42e3ede4]" started-at="2025-12-07T13:27:46 EET" name="teardown" finished-at="2025-12-07T13:27:48 EET" duration-ms="1852" status="PASS">
          <reporter-output>
          </reporter-output>
        </test-method> <!-- teardown -->
        <test-method is-config="true" signature="setup()[pri:0, instance:tests.LoginTest@42e3ede4]" started-at="2025-12-07T13:27:48 EET" name="setup" finished-at="2025-12-07T13:27:54 EET" duration-ms="6377" status="PASS">
          <reporter-output>
          </reporter-output>
        </test-method> <!-- setup -->
        <test-method signature="testLogin(java.lang.String,java.lang.String,java.lang.String)[pri:0, instance:tests.LoginTest@42e3ede4]" started-at="2025-12-07T13:27:54 EET" name="testLogin" data-provider="loginData" finished-at="2025-12-07T13:27:55 EET" duration-ms="641" status="PASS">
          <params>
            <param index="0">
              <value>
                <![CDATA[locked_out_user]]>
              </value>
            </param>
            <param index="1">
              <value>
                <![CDATA[secret_sauce]]>
              </value>
            </param>
            <param index="2">
              <value>
                <![CDATA[Epic sadface: Sorry, this user has been locked out.]]>
              </value>
            </param>
          </params>
          <reporter-output>
          </reporter-output>
        </test-method> <!-- testLogin -->
        <test-method is-config="true" signature="teardown()[pri:0, instance:tests.LoginTest@42e3ede4]" started-at="2025-12-07T13:27:55 EET" name="teardown" finished-at="2025-12-07T13:27:57 EET" duration-ms="2147" status="PASS">
          <reporter-output>
          </reporter-output>
        </test-method> <!-- teardown -->
        <test-method is-config="true" signature="setup()[pri:0, instance:tests.LoginTest@42e3ede4]" started-at="2025-12-07T13:27:57 EET" name="setup" finished-at="2025-12-07T13:28:04 EET" duration-ms="6330" status="PASS">
          <reporter-output>
          </reporter-output>
        </test-method> <!-- setup -->
        <test-method signature="testLogin(java.lang.String,java.lang.String,java.lang.String)[pri:0, instance:tests.LoginTest@42e3ede4]" started-at="2025-12-07T13:28:04 EET" name="testLogin" data-provider="loginData" finished-at="2025-12-07T13:28:04 EET" duration-ms="814" status="PASS">
          <params>
            <param index="0">
              <value>
                <![CDATA[problem_user]]>
              </value>
            </param>
            <param index="1">
              <value>
                <![CDATA[secret_sauce]]>
              </value>
            </param>
            <param index="2">
              <value is-null="true"/>
            </param>
          </params>
          <reporter-output>
          </reporter-output>
        </test-method> <!-- testLogin -->
        <test-method is-config="true" signature="teardown()[pri:0, instance:tests.LoginTest@42e3ede4]" started-at="2025-12-07T13:28:04 EET" name="teardown" finished-at="2025-12-07T13:28:07 EET" duration-ms="2098" status="PASS">
          <reporter-output>
          </reporter-output>
        </test-method> <!-- teardown -->
        <test-method is-config="true" signature="setup()[pri:0, instance:tests.LoginTest@42e3ede4]" started-at="2025-12-07T13:28:07 EET" name="setup" finished-at="2025-12-07T13:28:14 EET" duration-ms="7233" status="PASS">
          <reporter-output>
          </reporter-output>
        </test-method> <!-- setup -->
        <test-method signature="testLogin(java.lang.String,java.lang.String,java.lang.String)[pri:0, instance:tests.LoginTest@42e3ede4]" started-at="2025-12-07T13:28:14 EET" name="testLogin" data-provider="loginData" finished-at="2025-12-07T13:28:20 EET" duration-ms="6054" status="PASS">
          <params>
            <param index="0">
              <value>
                <![CDATA[performance_glitch_user]]>
              </value>
            </param>
            <param index="1">
              <value>
                <![CDATA[secret_sauce]]>
              </value>
            </param>
            <param index="2">
              <value is-null="true"/>
            </param>
          </params>
          <reporter-output>
          </reporter-output>
        </test-method> <!-- testLogin -->
        <test-method is-config="true" signature="teardown()[pri:0, instance:tests.LoginTest@42e3ede4]" started-at="2025-12-07T13:28:20 EET" name="teardown" finished-at="2025-12-07T13:28:22 EET" duration-ms="1969" status="PASS">
          <reporter-output>
          </reporter-output>
        </test-method> <!-- teardown -->
        <test-method is-config="true" signature="setup()[pri:0, instance:tests.LoginTest@42e3ede4]" started-at="2025-12-07T13:28:22 EET" name="setup" finished-at="2025-12-07T13:28:28 EET" duration-ms="6468" status="PASS">
          <reporter-output>
          </reporter-output>
        </test-method> <!-- setup -->
        <test-method signature="testLogin(java.lang.String,java.lang.String,java.lang.String)[pri:0, instance:tests.LoginTest@42e3ede4]" started-at="2025-12-07T13:28:28 EET" name="testLogin" data-provider="loginData" finished-at="2025-12-07T13:28:29 EET" duration-ms="896" status="PASS">
          <params>
            <param index="0">
              <value>
                <![CDATA[error_user]]>
              </value>
            </param>
            <param index="1">
              <value>
                <![CDATA[secret_sauce]]>
              </value>
            </param>
            <param index="2">
              <value is-null="true"/>
            </param>
          </params>
          <reporter-output>
          </reporter-output>
        </test-method> <!-- testLogin -->
        <test-method is-config="true" signature="teardown()[pri:0, instance:tests.LoginTest@42e3ede4]" started-at="2025-12-07T13:28:29 EET" name="teardown" finished-at="2025-12-07T13:28:31 EET" duration-ms="1980" status="PASS">
          <reporter-output>
          </reporter-output>
        </test-method> <!-- teardown -->
        <test-method is-config="true" signature="setup()[pri:0, instance:tests.LoginTest@42e3ede4]" started-at="2025-12-07T13:28:31 EET" name="setup" finished-at="2025-12-07T13:28:38 EET" duration-ms="7049" status="PASS">
          <reporter-output>
          </reporter-output>
        </test-method> <!-- setup -->
        <test-method signature="testLogin(java.lang.String,java.lang.String,java.lang.String)[pri:0, instance:tests.LoginTest@42e3ede4]" started-at="2025-12-07T13:28:38 EET" name="testLogin" data-provider="loginData" finished-at="2025-12-07T13:28:39 EET" duration-ms="505" status="PASS">
          <params>
            <param index="0">
              <value>
                <![CDATA[visual_user]]>
              </value>
            </param>
            <param index="1">
              <value>
                <![CDATA[secret_sauce]]>
              </value>
            </param>
            <param index="2">
              <value is-null="true"/>
            </param>
          </params>
          <reporter-output>
          </reporter-output>
        </test-method> <!-- testLogin -->
        <test-method is-config="true" signature="teardown()[pri:0, instance:tests.LoginTest@42e3ede4]" started-at="2025-12-07T13:28:39 EET" name="teardown" finished-at="2025-12-07T13:28:41 EET" duration-ms="2290" status="PASS">
          <reporter-output>
          </reporter-output>
        </test-method> <!-- teardown -->
      </class> <!-- tests.LoginTest -->
    </test> <!-- Login Tests -->
    <test started-at="2025-12-07T13:27:00 EET" name="Inventory Tests" finished-at="2025-12-07T13:29:04 EET" duration-ms="124206">
      <class name="tests.InventoryTest">
        <test-method is-config="true" signature="setup()[pri:0, instance:tests.InventoryTest@749c877b]" started-at="2025-12-07T13:27:00 EET" name="setup" finished-at="2025-12-07T13:27:08 EET" duration-ms="7975" status="PASS">
          <reporter-output>
          </reporter-output>
        </test-method> <!-- setup -->
        <test-method signature="testInventoryItems(java.lang.String,java.lang.String)[pri:0, instance:tests.InventoryTest@749c877b]" started-at="2025-12-07T13:27:08 EET" name="testInventoryItems" data-provider="ValidLoginData" finished-at="2025-12-07T13:27:12 EET" duration-ms="3060" status="PASS">
          <params>
            <param index="0">
              <value>
                <![CDATA[standard_user]]>
              </value>
            </param>
            <param index="1">
              <value>
                <![CDATA[secret_sauce]]>
              </value>
            </param>
          </params>
          <reporter-output>
          </reporter-output>
        </test-method> <!-- testInventoryItems -->
        <test-method is-config="true" signature="teardown()[pri:0, instance:tests.InventoryTest@749c877b]" started-at="2025-12-07T13:27:12 EET" name="teardown" finished-at="2025-12-07T13:27:15 EET" duration-ms="3041" status="PASS">
          <reporter-output>
          </reporter-output>
        </test-method> <!-- teardown -->
        <test-method is-config="true" signature="setup()[pri:0, instance:tests.InventoryTest@749c877b]" started-at="2025-12-07T13:27:15 EET" name="setup" finished-at="2025-12-07T13:27:22 EET" duration-ms="7435" status="PASS">
          <reporter-output>
          </reporter-output>
        </test-method> <!-- setup -->
        <test-method signature="testInventoryItems(java.lang.String,java.lang.String)[pri:0, instance:tests.InventoryTest@749c877b]" started-at="2025-12-07T13:27:22 EET" name="testInventoryItems" data-provider="ValidLoginData" finished-at="2025-12-07T13:27:24 EET" duration-ms="1913" status="PASS">
          <params>
            <param index="0">
              <value>
                <![CDATA[problem_user]]>
              </value>
            </param>
            <param index="1">
              <value>
                <![CDATA[secret_sauce]]>
              </value>
            </param>
          </params>
          <reporter-output>
          </reporter-output>
        </test-method> <!-- testInventoryItems -->
        <test-method is-config="true" signature="teardown()[pri:0, instance:tests.InventoryTest@749c877b]" started-at="2025-12-07T13:27:24 EET" name="teardown" finished-at="2025-12-07T13:27:26 EET" duration-ms="2253" status="PASS">
          <reporter-output>
          </reporter-output>
        </test-method> <!-- teardown -->
        <test-method is-config="true" signature="setup()[pri:0, instance:tests.InventoryTest@749c877b]" started-at="2025-12-07T13:27:26 EET" name="setup" finished-at="2025-12-07T13:27:33 EET" duration-ms="7184" status="PASS">
          <reporter-output>
          </reporter-output>
        </test-method> <!-- setup -->
        <test-method signature="testInventoryItems(java.lang.String,java.lang.String)[pri:0, instance:tests.InventoryTest@749c877b]" started-at="2025-12-07T13:27:33 EET" name="testInventoryItems" data-provider="ValidLoginData" finished-at="2025-12-07T13:27:40 EET" duration-ms="6646" status="PASS">
          <params>
            <param index="0">
              <value>
                <![CDATA[performance_glitch_user]]>
              </value>
            </param>
            <param index="1">
              <value>
                <![CDATA[secret_sauce]]>
              </value>
            </param>
          </params>
          <reporter-output>
          </reporter-output>
        </test-method> <!-- testInventoryItems -->
        <test-method is-config="true" signature="teardown()[pri:0, instance:tests.InventoryTest@749c877b]" started-at="2025-12-07T13:27:40 EET" name="teardown" finished-at="2025-12-07T13:27:42 EET" duration-ms="1624" status="PASS">
          <reporter-output>
          </reporter-output>
        </test-method> <!-- teardown -->
        <test-method is-config="true" signature="setup()[pri:0, instance:tests.InventoryTest@749c877b]" started-at="2025-12-07T13:27:42 EET" name="setup" finished-at="2025-12-07T13:27:50 EET" duration-ms="7827" status="PASS">
          <reporter-output>
          </reporter-output>
        </test-method> <!-- setup -->
        <test-method signature="testInventoryItems(java.lang.String,java.lang.String)[pri:0, instance:tests.InventoryTest@749c877b]" started-at="2025-12-07T13:27:50 EET" name="testInventoryItems" data-provider="ValidLoginData" finished-at="2025-12-07T13:27:51 EET" duration-ms="1113" status="PASS">
          <params>
            <param index="0">
              <value>
                <![CDATA[error_user]]>
              </value>
            </param>
            <param index="1">
              <value>
                <![CDATA[secret_sauce]]>
              </value>
            </param>
          </params>
          <reporter-output>
          </reporter-output>
        </test-method> <!-- testInventoryItems -->
        <test-method is-config="true" signature="teardown()[pri:0, instance:tests.InventoryTest@749c877b]" started-at="2025-12-07T13:27:51 EET" name="teardown" finished-at="2025-12-07T13:27:53 EET" duration-ms="2048" status="PASS">
          <reporter-output>
          </reporter-output>
        </test-method> <!-- teardown -->
        <test-method is-config="true" signature="setup()[pri:0, instance:tests.InventoryTest@749c877b]" started-at="2025-12-07T13:27:53 EET" name="setup" finished-at="2025-12-07T13:28:01 EET" duration-ms="8190" status="PASS">
          <reporter-output>
          </reporter-output>
        </test-method> <!-- setup -->
        <test-method signature="testInventoryItems(java.lang.String,java.lang.String)[pri:0, instance:tests.InventoryTest@749c877b]" started-at="2025-12-07T13:28:01 EET" name="testInventoryItems" data-provider="ValidLoginData" finished-at="2025-12-07T13:28:02 EET" duration-ms="896" status="FAIL">
          <params>
            <param index="0">
              <value>
                <![CDATA[visual_user]]>
              </value>
            </param>
            <param index="1">
              <value>
                <![CDATA[secret_sauce]]>
              </value>
            </param>
          </params>
          <exception class="java.lang.AssertionError">
            <message>
              <![CDATA[The following asserts failed:
User : 'visual_user', The price of the product is incorrect for item 1 : Sauce Labs Backpack expected [$29.99] but found [$47.22],
User : 'visual_user', The price of the product is incorrect for item 2 : Sauce Labs Bike Light expected [$9.99] but found [$44.12],
User : 'visual_user', The price of the product is incorrect for item 3 : Sauce Labs Bolt T-Shirt expected [$15.99] but found [$0.06],
User : 'visual_user', The price of the product is incorrect for item 4 : Sauce Labs Fleece Jacket expected [$49.99] but found [$72.2],
User : 'visual_user', The price of the product is incorrect for item 5 : Sauce Labs Onesie expected [$7.99] but found [$57.98],
User : 'visual_user', The price of the product is incorrect for item 6 : Test.allTheThings() T-Shirt (Red) expected [$15.99] but found [$76.83]]]>
            </message>
            <full-stacktrace>
              <![CDATA[java.lang.AssertionError: The following asserts failed:
User : 'visual_user', The price of the product is incorrect for item 1 : Sauce Labs Backpack expected [$29.99] but found [$47.22],
User : 'visual_user', The price of the product is incorrect for item 2 : Sauce Labs Bike Light expected [$9.99] but found [$44.12],
User : 'visual_user', The price of the product is incorrect for item 3 : Sauce Labs Bolt T-Shirt expected [$15.99] but found [$0.06],
User : 'visual_user', The price of the product is incorrect for item 4 : Sauce Labs Fleece Jacket expected [$49.99] but found [$72.2],
User : 'visual_user', The price of the product is incorrect for item 5 : Sauce Labs Onesie expected [$7.99] but found [$57.98],
User : 'visual_user', The price of the product is incorrect for item 6 : Test.allTheThings() T-Shirt (Red) expected [$15.99] but found [$76.83]
at org.testng.asserts.SoftAssert.assertAll(SoftAssert.java:46)
at org.testng.asserts.SoftAssert.assertAll(SoftAssert.java:30)
at tests.InventoryTest.testInventoryItems(InventoryTest.java:109)
at java.base/jdk.internal.reflect.DirectMethodHandleAccessor.invoke(DirectMethodHandleAccessor.java:104)
at java.base/java.lang.reflect.Method.invoke(Method.java:565)
at org.testng.internal.invokers.MethodInvocationHelper.invokeMethod(MethodInvocationHelper.java:139)
at org.testng.internal.invokers.TestInvoker.invokeMethod(TestInvoker.java:677)
at org.testng.internal.invokers.TestInvoker.invokeTestMethod(TestInvoker.java:221)
at org.testng.internal.invokers.MethodRunner.runInSequence(MethodRunner.java:50)
at org.testng.internal.invokers.TestInvoker$MethodInvocationAgent.invoke(TestInvoker.java:969)
at org.testng.internal.invokers.TestInvoker.invokeTestMethods(TestInvoker.java:194)
at org.testng.internal.invokers.TestMethodWorker.invokeTestMethods(TestMethodWorker.java:148)
at org.testng.internal.invokers.TestMethodWorker.run(TestMethodWorker.java:128)
at java.base/java.util.ArrayList.forEach(ArrayList.java:1604)
at org.testng.TestRunner.privateRun(TestRunner.java:829)
at org.testng.TestRunner.run(TestRunner.java:602)
at org.testng.SuiteRunner.runTest(SuiteRunner.java:437)
at org.testng.SuiteRunner$SuiteWorker.run(SuiteRunner.java:475)
at org.testng.internal.thread.ThreadUtil.lambda$execute$0(ThreadUtil.java:58)
at java.base/java.util.concurrent.FutureTask.run(FutureTask.java:328)
at java.base/java.util.concurrent.ThreadPoolExecutor.runWorker(ThreadPoolExecutor.java:1090)
at java.base/java.util.concurrent.ThreadPoolExecutor$Worker.run(ThreadPoolExecutor.java:614)
at java.base/java.lang.Thread.run(Thread.java:1474)
]]>
            </full-stacktrace>
          </exception> <!-- java.lang.AssertionError -->
          <reporter-output>
          </reporter-output>
        </test-method> <!-- testInventoryItems -->
        <test-method is-config="true" signature="teardown()[pri:0, instance:tests.InventoryTest@749c877b]" started-at="2025-12-07T13:28:02 EET" name="teardown" finished-at="2025-12-07T13:28:04 EET" duration-ms="1940" status="PASS">
          <reporter-output>
          </reporter-output>
        </test-method> <!-- teardown -->
        <test-method is-config="true" signature="setup()[pri:0, instance:tests.InventoryTest@749c877b]" started-at="2025-12-07T13:28:04 EET" name="setup" finished-at="2025-12-07T13:28:14 EET" duration-ms="10029" status="PASS">
          <reporter-output>
          </reporter-output>
        </test-method> <!-- setup -->
        <test-method signature="test_Add_Remove_Item(java.lang.String,java.lang.String)[pri:0, instance:tests.InventoryTest@749c877b]" started-at="2025-12-07T13:28:14 EET" name="test_Add_Remove_Item" data-provider="ValidLoginData" finished-at="2025-12-07T13:28:16 EET" duration-ms="2384" status="PASS">
          <params>
            <param index="0">
              <value>
                <![CDATA[standard_user]]>
              </value>
            </param>
            <param index="1">
              <value>
                <![CDATA[secret_sauce]]>
              </value>
            </param>
          </params>
          <reporter-output>
          </reporter-output>
        </test-method> <!-- test_Add_Remove_Item -->
        <test-method is-config="true" signature="teardown()[pri:0, instance:tests.InventoryTest@749c877b]" started-at="2025-12-07T13:28:16 EET" name="teardown" finished-at="2025-12-07T13:28:18 EET" duration-ms="1769" status="PASS">
          <reporter-output>
          </reporter-output>
        </test-method> <!-- teardown -->
        <test-method is-config="true" signature="setup()[pri:0, instance:tests.InventoryTest@749c877b]" started-at="2025-12-07T13:28:18 EET" name="setup" finished-at="2025-12-07T13:28:26 EET" duration-ms="7967" status="PASS">
          <reporter-output>
          </reporter-output>
        </test-method> <!-- setup -->
        <test-method signature="test_Add_Remove_Item(java.lang.String,java.lang.String)[pri:0, instance:tests.InventoryTest@749c877b]" started-at="2025-12-07T13:28:26 EET" name="test_Add_Remove_Item" data-provider="ValidLoginData" finished-at="2025-12-07T13:28:27 EET" duration-ms="1256" status="FAIL">
          <params>
            <param index="0">
              <value>
                <![CDATA[problem_user]]>
              </value>
            </param>
            <param index="1">
              <value>
                <![CDATA[secret_sauce]]>
              </value>
            </param>
          </params>
          <exception class="java.lang.AssertionError">
            <message>
              <![CDATA[The following asserts failed:
User : 'problem_user', Sauce Labs Bolt T-Shirt: remove form cart button unclickable.,
User : 'problem_user', Sauce Labs Fleece Jacket: remove form cart button unclickable.,
User : 'problem_user', Test.allTheThings() T-Shirt (Red): remove form cart button unclickable.]]>
            </message>
            <full-stacktrace>
              <![CDATA[java.lang.AssertionError: The following asserts failed:
User : 'problem_user', Sauce Labs Bolt T-Shirt: remove form cart button unclickable.,
User : 'problem_user', Sauce Labs Fleece Jacket: remove form cart button unclickable.,
User : 'problem_user', Test.allTheThings() T-Shirt (Red): remove form cart button unclickable.
at org.testng.asserts.SoftAssert.assertAll(SoftAssert.java:46)
at org.testng.asserts.SoftAssert.assertAll(SoftAssert.java:30)
at tests.InventoryTest.test_Add_Remove_Item(InventoryTest.java:65)
at java.base/jdk.internal.reflect.DirectMethodHandleAccessor.invoke(DirectMethodHandleAccessor.java:104)
at java.base/java.lang.reflect.Method.invoke(Method.java:565)
at org.testng.internal.invokers.MethodInvocationHelper.invokeMethod(MethodInvocationHelper.java:139)
at org.testng.internal.invokers.TestInvoker.invokeMethod(TestInvoker.java:677)
at org.testng.internal.invokers.TestInvoker.invokeTestMethod(TestInvoker.java:221)
at org.testng.internal.invokers.MethodRunner.runInSequence(MethodRunner.java:50)
at org.testng.internal.invokers.TestInvoker$MethodInvocationAgent.invoke(TestInvoker.java:969)
at org.testng.internal.invokers.TestInvoker.invokeTestMethods(TestInvoker.java:194)
at org.testng.internal.invokers.TestMethodWorker.invokeTestMethods(TestMethodWorker.java:148)
at org.testng.internal.invokers.TestMethodWorker.run(TestMethodWorker.java:128)
at java.base/java.util.ArrayList.forEach(ArrayList.java:1604)
at org.testng.TestRunner.privateRun(TestRunner.java:829)
at org.testng.TestRunner.run(TestRunner.java:602)
at org.testng.SuiteRunner.runTest(SuiteRunner.java:437)
at org.testng.SuiteRunner$SuiteWorker.run(SuiteRunner.java:475)
at org.testng.internal.thread.ThreadUtil.lambda$execute$0(ThreadUtil.java:58)
at java.base/java.util.concurrent.FutureTask.run(FutureTask.java:328)
at java.base/java.util.concurrent.ThreadPoolExecutor.runWorker(ThreadPoolExecutor.java:1090)
at java.base/java.util.concurrent.ThreadPoolExecutor$Worker.run(ThreadPoolExecutor.java:614)
at java.base/java.lang.Thread.run(Thread.java:1474)
]]>
            </full-stacktrace>
          </exception> <!-- java.lang.AssertionError -->
          <reporter-output>
          </reporter-output>
        </test-method> <!-- test_Add_Remove_Item -->
        <test-method is-config="true" signature="teardown()[pri:0, instance:tests.InventoryTest@749c877b]" started-at="2025-12-07T13:28:27 EET" name="teardown" finished-at="2025-12-07T13:28:29 EET" duration-ms="2026" status="PASS">
          <reporter-output>
          </reporter-output>
        </test-method> <!-- teardown -->
        <test-method is-config="true" signature="setup()[pri:0, instance:tests.InventoryTest@749c877b]" started-at="2025-12-07T13:28:29 EET" name="setup" finished-at="2025-12-07T13:28:36 EET" duration-ms="6600" status="PASS">
          <reporter-output>
          </reporter-output>
        </test-method> <!-- setup -->
        <test-method signature="test_Add_Remove_Item(java.lang.String,java.lang.String)[pri:0, instance:tests.InventoryTest@749c877b]" started-at="2025-12-07T13:28:36 EET" name="test_Add_Remove_Item" data-provider="ValidLoginData" finished-at="2025-12-07T13:28:42 EET" duration-ms="6499" status="PASS">
          <params>
            <param index="0">
              <value>
                <![CDATA[performance_glitch_user]]>
              </value>
            </param>
            <param index="1">
              <value>
                <![CDATA[secret_sauce]]>
              </value>
            </param>
          </params>
          <reporter-output>
          </reporter-output>
        </test-method> <!-- test_Add_Remove_Item -->
        <test-method is-config="true" signature="teardown()[pri:0, instance:tests.InventoryTest@749c877b]" started-at="2025-12-07T13:28:42 EET" name="teardown" finished-at="2025-12-07T13:28:44 EET" duration-ms="1690" status="PASS">
          <reporter-output>
          </reporter-output>
        </test-method> <!-- teardown -->
        <test-method is-config="true" signature="setup()[pri:0, instance:tests.InventoryTest@749c877b]" started-at="2025-12-07T13:28:44 EET" name="setup" finished-at="2025-12-07T13:28:51 EET" duration-ms="6704" status="PASS">
          <reporter-output>
          </reporter-output>
        </test-method> <!-- setup -->
        <test-method signature="test_Add_Remove_Item(java.lang.String,java.lang.String)[pri:0, instance:tests.InventoryTest@749c877b]" started-at="2025-12-07T13:28:51 EET" name="test_Add_Remove_Item" data-provider="ValidLoginData" finished-at="2025-12-07T13:28:53 EET" duration-ms="2000" status="FAIL">
          <params>
            <param index="0">
              <value>
                <![CDATA[error_user]]>
              </value>
            </param>
            <param index="1">
              <value>
                <![CDATA[secret_sauce]]>
              </value>
            </param>
          </params>
          <exception class="java.lang.AssertionError">
            <message>
              <![CDATA[The following asserts failed:
User : 'error_user', Sauce Labs Bolt T-Shirt: remove form cart button unclickable.,
User : 'error_user', Sauce Labs Fleece Jacket: remove form cart button unclickable.,
User : 'error_user', Test.allTheThings() T-Shirt (Red): remove form cart button unclickable.]]>
            </message>
            <full-stacktrace>
              <![CDATA[java.lang.AssertionError: The following asserts failed:
User : 'error_user', Sauce Labs Bolt T-Shirt: remove form cart button unclickable.,
User : 'error_user', Sauce Labs Fleece Jacket: remove form cart button unclickable.,
User : 'error_user', Test.allTheThings() T-Shirt (Red): remove form cart button unclickable.
at org.testng.asserts.SoftAssert.assertAll(SoftAssert.java:46)
at org.testng.asserts.SoftAssert.assertAll(SoftAssert.java:30)
at tests.InventoryTest.test_Add_Remove_Item(InventoryTest.java:65)
at java.base/jdk.internal.reflect.DirectMethodHandleAccessor.invoke(DirectMethodHandleAccessor.java:104)
at java.base/java.lang.reflect.Method.invoke(Method.java:565)
at org.testng.internal.invokers.MethodInvocationHelper.invokeMethod(MethodInvocationHelper.java:139)
at org.testng.internal.invokers.TestInvoker.invokeMethod(TestInvoker.java:677)
at org.testng.internal.invokers.TestInvoker.invokeTestMethod(TestInvoker.java:221)
at org.testng.internal.invokers.MethodRunner.runInSequence(MethodRunner.java:50)
at org.testng.internal.invokers.TestInvoker$MethodInvocationAgent.invoke(TestInvoker.java:969)
at org.testng.internal.invokers.TestInvoker.invokeTestMethods(TestInvoker.java:194)
at org.testng.internal.invokers.TestMethodWorker.invokeTestMethods(TestMethodWorker.java:148)
at org.testng.internal.invokers.TestMethodWorker.run(TestMethodWorker.java:128)
at java.base/java.util.ArrayList.forEach(ArrayList.java:1604)
at org.testng.TestRunner.privateRun(TestRunner.java:829)
at org.testng.TestRunner.run(TestRunner.java:602)
at org.testng.SuiteRunner.runTest(SuiteRunner.java:437)
at org.testng.SuiteRunner$SuiteWorker.run(SuiteRunner.java:475)
at org.testng.internal.thread.ThreadUtil.lambda$execute$0(ThreadUtil.java:58)
at java.base/java.util.concurrent.FutureTask.run(FutureTask.java:328)
at java.base/java.util.concurrent.ThreadPoolExecutor.runWorker(ThreadPoolExecutor.java:1090)
at java.base/java.util.concurrent.ThreadPoolExecutor$Worker.run(ThreadPoolExecutor.java:614)
at java.base/java.lang.Thread.run(Thread.java:1474)
]]>
            </full-stacktrace>
          </exception> <!-- java.lang.AssertionError -->
          <reporter-output>
          </reporter-output>
        </test-method> <!-- test_Add_Remove_Item -->
        <test-method is-config="true" signature="teardown()[pri:0, instance:tests.InventoryTest@749c877b]" started-at="2025-12-07T13:28:53 EET" name="teardown" finished-at="2025-12-07T13:28:55 EET" duration-ms="1789" status="PASS">
          <reporter-output>
          </reporter-output>
        </test-method> <!-- teardown -->
        <test-method is-config="true" signature="setup()[pri:0, instance:tests.InventoryTest@749c877b]" started-at="2025-12-07T13:28:55 EET" name="setup" finished-at="2025-12-07T13:29:01 EET" duration-ms="6223" status="PASS">
          <reporter-output>
          </reporter-output>
        </test-method> <!-- setup -->
        <test-method signature="test_Add_Remove_Item(java.lang.String,java.lang.String)[pri:0, instance:tests.InventoryTest@749c877b]" started-at="2025-12-07T13:29:01 EET" name="test_Add_Remove_Item" data-provider="ValidLoginData" finished-at="2025-12-07T13:29:02 EET" duration-ms="1644" status="PASS">
          <params>
            <param index="0">
              <value>
                <![CDATA[visual_user]]>
              </value>
            </param>
            <param index="1">
              <value>
                <![CDATA[secret_sauce]]>
              </value>
            </param>
          </params>
          <reporter-output>
          </reporter-output>
        </test-method> <!-- test_Add_Remove_Item -->
        <test-method is-config="true" signature="teardown()[pri:0, instance:tests.InventoryTest@749c877b]" started-at="2025-12-07T13:29:02 EET" name="teardown" finished-at="2025-12-07T13:29:04 EET" duration-ms="1730" status="PASS">
          <reporter-output>
          </reporter-output>
        </test-method> <!-- teardown -->
      </class> <!-- tests.InventoryTest -->
    </test> <!-- Inventory Tests -->
    <test started-at="2025-12-07T13:28:41 EET" name="Cart Tests" finished-at="2025-12-07T13:31:09 EET" duration-ms="148028">
      <class name="tests.CartTest">
        <test-method is-config="true" signature="setup()[pri:0, instance:tests.CartTest@6c6c5427]" started-at="2025-12-07T13:28:41 EET" name="setup" finished-at="2025-12-07T13:28:47 EET" duration-ms="5884" status="PASS">
          <reporter-output>
          </reporter-output>
        </test-method> <!-- setup -->
        <test-method signature="verifyAddRemoveItemFromCart(java.lang.String,java.lang.String)[pri:0, instance:tests.CartTest@6c6c5427]" started-at="2025-12-07T13:28:47 EET" name="verifyAddRemoveItemFromCart" data-provider="ValidLoginData" finished-at="2025-12-07T13:28:54 EET" duration-ms="7408" status="PASS">
          <params>
            <param index="0">
              <value>
                <![CDATA[standard_user]]>
              </value>
            </param>
            <param index="1">
              <value>
                <![CDATA[secret_sauce]]>
              </value>
            </param>
          </params>
          <reporter-output>
          </reporter-output>
        </test-method> <!-- verifyAddRemoveItemFromCart -->
        <test-method is-config="true" signature="teardown()[pri:0, instance:tests.CartTest@6c6c5427]" started-at="2025-12-07T13:28:54 EET" name="teardown" finished-at="2025-12-07T13:28:56 EET" duration-ms="1412" status="PASS">
          <reporter-output>
          </reporter-output>
        </test-method> <!-- teardown -->
        <test-method is-config="true" signature="setup()[pri:0, instance:tests.CartTest@6c6c5427]" started-at="2025-12-07T13:28:56 EET" name="setup" finished-at="2025-12-07T13:29:03 EET" duration-ms="7590" status="PASS">
          <reporter-output>
          </reporter-output>
        </test-method> <!-- setup -->
        <test-method signature="verifyAddRemoveItemFromCart(java.lang.String,java.lang.String)[pri:0, instance:tests.CartTest@6c6c5427]" started-at="2025-12-07T13:29:03 EET" name="verifyAddRemoveItemFromCart" data-provider="ValidLoginData" finished-at="2025-12-07T13:29:10 EET" duration-ms="6125" status="FAIL">
          <params>
            <param index="0">
              <value>
                <![CDATA[problem_user]]>
              </value>
            </param>
            <param index="1">
              <value>
                <![CDATA[secret_sauce]]>
              </value>
            </param>
          </params>
          <exception class="java.lang.AssertionError">
            <message>
              <![CDATA[The following asserts failed:
User : 'problem_user', The product: Sauce Labs Bolt T-Shirt, Add to Cart test failed: badge count did not decrease expected [true] but found [false],
User : 'problem_user', The product: Sauce Labs Bolt T-Shirt name does not match the expected name. expected [Sauce Labs Bolt T-Shirt] but found [Sauce Labs Bike Light],
User : 'problem_user', The product: Sauce Labs Bolt T-Shirt description does not match the expected description. expected [Get your testing superhero on with the Sauce Labs bolt T-shirt. From American Apparel, 100% ringspun combed cotton, heather gray with red bolt.] but found [A red light isn't the desired state in testing but it sure helps when riding your bike at night. Water-resistant with 3 lighting modes, 1 AAA battery included.],
User : 'problem_user',The product: Sauce Labs Bolt T-Shirt price does not match the expected price. expected [$15.99] but found [$9.99],
User : 'problem_user', The product: Sauce Labs Fleece Jacket, Add to Cart test failed: badge count did not decrease expected [true] but found [false],
User : 'problem_user', The product: Sauce Labs Fleece Jacket name does not match the expected name. expected [Sauce Labs Fleece Jacket] but found [Sauce Labs Bike Light],
User : 'problem_user', The product: Sauce Labs Fleece Jacket description does not match the expected description. expected [It's not every day that you come across a midweight quarter-zip fleece jacket capable of handling everything from a relaxing day outdoors to a busy day at the office.] but found [A red light isn't the desired state in testing but it sure helps when riding your bike at night. Water-resistant with 3 lighting modes, 1 AAA battery included.],
User : 'problem_user',The product: Sauce Labs Fleece Jacket price does not match the expected price. expected [$49.99] but found [$9.99],
User : 'problem_user', The product: Test.allTheThings() T-Shirt (Red), Add to Cart test failed: badge count did not decrease expected [true] but found [false],
User : 'problem_user', The product: Test.allTheThings() T-Shirt (Red) name does not match the expected name. expected [Test.allTheThings() T-Shirt (Red)] but found [Sauce Labs Onesie],
User : 'problem_user', The product: Test.allTheThings() T-Shirt (Red) description does not match the expected description. expected [This classic Sauce Labs t-shirt is perfect to wear when cozying up to your keyboard to automate a few tests. Super-soft and comfy ringspun combed cotton.] but found [Rib snap infant onesie for the junior automation engineer in development. Reinforced 3-snap bottom closure, two-needle hemmed sleeved and bottom won't unravel.],
User : 'problem_user',The product: Test.allTheThings() T-Shirt (Red) price does not match the expected price. expected [$15.99] but found [$7.99],
User : 'problem_user', The product: Sauce Labs Backpack, Add to Cart test failed: badge count did not decrease expected [true] but found [false],
User : 'problem_user', The product Sauce Labs Backpack was not removed from the cart. expected [false] but found [true],
User : 'problem_user', The product: Sauce Labs Bike Light, Add to Cart test failed: badge count did not decrease expected [true] but found [false],
User : 'problem_user', The product Sauce Labs Bike Light was not removed from the cart. expected [false] but found [true],
User : 'problem_user', The product: Sauce Labs Bolt T-Shirt, Add to Cart test failed: badge count did not decrease expected [true] but found [false],
User : 'problem_user', The product: Sauce Labs Fleece Jacket, Add to Cart test failed: badge count did not decrease expected [true] but found [false],
User : 'problem_user', The product: Sauce Labs Onesie, Add to Cart test failed: badge count did not decrease expected [true] but found [false],
User : 'problem_user', The product Sauce Labs Onesie was not removed from the cart. expected [false] but found [true],
User : 'problem_user', The product: Test.allTheThings() T-Shirt (Red), Add to Cart test failed: badge count did not decrease expected [true] but found [false]]]>
            </message>
            <full-stacktrace>
              <![CDATA[java.lang.AssertionError: The following asserts failed:
User : 'problem_user', The product: Sauce Labs Bolt T-Shirt, Add to Cart test failed: badge count did not decrease expected [true] but found [false],
User : 'problem_user', The product: Sauce Labs Bolt T-Shirt name does not match the expected name. expected [Sauce Labs Bolt T-Shirt] but found [Sauce Labs Bike Light],
User : 'problem_user', The product: Sauce Labs Bolt T-Shirt description does not match the expected description. expected [Get your testing superhero on with the Sauce Labs bolt T-shirt. From American Apparel, 100% ringspun combed cotton, heather gray with red bolt.] but found [A red light isn't the desired state in testing but it sure helps when riding your bike at night. Water-resistant with 3 lighting modes, 1 AAA battery included.],
User : 'problem_user',The product: Sauce Labs Bolt T-Shirt price does not match the expected price. expected [$15.99] but found [$9.99],
User : 'problem_user', The product: Sauce Labs Fleece Jacket, Add to Cart test failed: badge count did not decrease expected [true] but found [false],
User : 'problem_user', The product: Sauce Labs Fleece Jacket name does not match the expected name. expected [Sauce Labs Fleece Jacket] but found [Sauce Labs Bike Light],
User : 'problem_user', The product: Sauce Labs Fleece Jacket description does not match the expected description. expected [It's not every day that you come across a midweight quarter-zip fleece jacket capable of handling everything from a relaxing day outdoors to a busy day at the office.] but found [A red light isn't the desired state in testing but it sure helps when riding your bike at night. Water-resistant with 3 lighting modes, 1 AAA battery included.],
User : 'problem_user',The product: Sauce Labs Fleece Jacket price does not match the expected price. expected [$49.99] but found [$9.99],
User : 'problem_user', The product: Test.allTheThings() T-Shirt (Red), Add to Cart test failed: badge count did not decrease expected [true] but found [false],
User : 'problem_user', The product: Test.allTheThings() T-Shirt (Red) name does not match the expected name. expected [Test.allTheThings() T-Shirt (Red)] but found [Sauce Labs Onesie],
User : 'problem_user', The product: Test.allTheThings() T-Shirt (Red) description does not match the expected description. expected [This classic Sauce Labs t-shirt is perfect to wear when cozying up to your keyboard to automate a few tests. Super-soft and comfy ringspun combed cotton.] but found [Rib snap infant onesie for the junior automation engineer in development. Reinforced 3-snap bottom closure, two-needle hemmed sleeved and bottom won't unravel.],
User : 'problem_user',The product: Test.allTheThings() T-Shirt (Red) price does not match the expected price. expected [$15.99] but found [$7.99],
User : 'problem_user', The product: Sauce Labs Backpack, Add to Cart test failed: badge count did not decrease expected [true] but found [false],
User : 'problem_user', The product Sauce Labs Backpack was not removed from the cart. expected [false] but found [true],
User : 'problem_user', The product: Sauce Labs Bike Light, Add to Cart test failed: badge count did not decrease expected [true] but found [false],
User : 'problem_user', The product Sauce Labs Bike Light was not removed from the cart. expected [false] but found [true],
User : 'problem_user', The product: Sauce Labs Bolt T-Shirt, Add to Cart test failed: badge count did not decrease expected [true] but found [false],
User : 'problem_user', The product: Sauce Labs Fleece Jacket, Add to Cart test failed: badge count did not decrease expected [true] but found [false],
User : 'problem_user', The product: Sauce Labs Onesie, Add to Cart test failed: badge count did not decrease expected [true] but found [false],
User : 'problem_user', The product Sauce Labs Onesie was not removed from the cart. expected [false] but found [true],
User : 'problem_user', The product: Test.allTheThings() T-Shirt (Red), Add to Cart test failed: badge count did not decrease expected [true] but found [false]
at org.testng.asserts.SoftAssert.assertAll(SoftAssert.java:46)
at org.testng.asserts.SoftAssert.assertAll(SoftAssert.java:30)
at tests.CartTest.verifyAddRemoveItemFromCart(CartTest.java:128)
at java.base/jdk.internal.reflect.DirectMethodHandleAccessor.invoke(DirectMethodHandleAccessor.java:104)
at java.base/java.lang.reflect.Method.invoke(Method.java:565)
at org.testng.internal.invokers.MethodInvocationHelper.invokeMethod(MethodInvocationHelper.java:139)
at org.testng.internal.invokers.TestInvoker.invokeMethod(TestInvoker.java:677)
at org.testng.internal.invokers.TestInvoker.invokeTestMethod(TestInvoker.java:221)
at org.testng.internal.invokers.MethodRunner.runInSequence(MethodRunner.java:50)
at org.testng.internal.invokers.TestInvoker$MethodInvocationAgent.invoke(TestInvoker.java:969)
at org.testng.internal.invokers.TestInvoker.invokeTestMethods(TestInvoker.java:194)
at org.testng.internal.invokers.TestMethodWorker.invokeTestMethods(TestMethodWorker.java:148)
at org.testng.internal.invokers.TestMethodWorker.run(TestMethodWorker.java:128)
at java.base/java.util.ArrayList.forEach(ArrayList.java:1604)
at org.testng.TestRunner.privateRun(TestRunner.java:829)
at org.testng.TestRunner.run(TestRunner.java:602)
at org.testng.SuiteRunner.runTest(SuiteRunner.java:437)
at org.testng.SuiteRunner$SuiteWorker.run(SuiteRunner.java:475)
at org.testng.internal.thread.ThreadUtil.lambda$execute$0(ThreadUtil.java:58)
at java.base/java.util.concurrent.FutureTask.run(FutureTask.java:328)
at java.base/java.util.concurrent.ThreadPoolExecutor.runWorker(ThreadPoolExecutor.java:1090)
at java.base/java.util.concurrent.ThreadPoolExecutor$Worker.run(ThreadPoolExecutor.java:614)
at java.base/java.lang.Thread.run(Thread.java:1474)
]]>
            </full-stacktrace>
          </exception> <!-- java.lang.AssertionError -->
          <reporter-output>
          </reporter-output>
        </test-method> <!-- verifyAddRemoveItemFromCart -->
        <test-method is-config="true" signature="teardown()[pri:0, instance:tests.CartTest@6c6c5427]" started-at="2025-12-07T13:29:10 EET" name="teardown" finished-at="2025-12-07T13:29:11 EET" duration-ms="1696" status="PASS">
          <reporter-output>
          </reporter-output>
        </test-method> <!-- teardown -->
        <test-method is-config="true" signature="setup()[pri:0, instance:tests.CartTest@6c6c5427]" started-at="2025-12-07T13:29:11 EET" name="setup" finished-at="2025-12-07T13:29:20 EET" duration-ms="8737" status="PASS">
          <reporter-output>
          </reporter-output>
        </test-method> <!-- setup -->
        <test-method signature="verifyAddRemoveItemFromCart(java.lang.String,java.lang.String)[pri:0, instance:tests.CartTest@6c6c5427]" started-at="2025-12-07T13:29:20 EET" name="verifyAddRemoveItemFromCart" data-provider="ValidLoginData" finished-at="2025-12-07T13:30:31 EET" duration-ms="71305" status="PASS">
          <params>
            <param index="0">
              <value>
                <![CDATA[performance_glitch_user]]>
              </value>
            </param>
            <param index="1">
              <value>
                <![CDATA[secret_sauce]]>
              </value>
            </param>
          </params>
          <reporter-output>
          </reporter-output>
        </test-method> <!-- verifyAddRemoveItemFromCart -->
        <test-method is-config="true" signature="teardown()[pri:0, instance:tests.CartTest@6c6c5427]" started-at="2025-12-07T13:30:31 EET" name="teardown" finished-at="2025-12-07T13:30:34 EET" duration-ms="2560" status="PASS">
          <reporter-output>
          </reporter-output>
        </test-method> <!-- teardown -->
        <test-method is-config="true" signature="setup()[pri:0, instance:tests.CartTest@6c6c5427]" started-at="2025-12-07T13:30:34 EET" name="setup" finished-at="2025-12-07T13:30:41 EET" duration-ms="7453" status="PASS">
          <reporter-output>
          </reporter-output>
        </test-method> <!-- setup -->
        <test-method signature="verifyAddRemoveItemFromCart(java.lang.String,java.lang.String)[pri:0, instance:tests.CartTest@6c6c5427]" started-at="2025-12-07T13:30:41 EET" name="verifyAddRemoveItemFromCart" data-provider="ValidLoginData" finished-at="2025-12-07T13:30:51 EET" duration-ms="9517" status="FAIL">
          <params>
            <param index="0">
              <value>
                <![CDATA[error_user]]>
              </value>
            </param>
            <param index="1">
              <value>
                <![CDATA[secret_sauce]]>
              </value>
            </param>
          </params>
          <exception class="java.lang.AssertionError">
            <message>
              <![CDATA[The following asserts failed:
User : 'error_user', The product: Sauce Labs Bolt T-Shirt, Add to Cart test failed: badge count did not decrease expected [true] but found [false],
User : 'error_user', The product: Sauce Labs Bolt T-Shirt name does not match the expected name. expected [Sauce Labs Bolt T-Shirt] but found [Sauce Labs Bike Light],
User : 'error_user', The product: Sauce Labs Bolt T-Shirt description does not match the expected description. expected [Get your testing superhero on with the Sauce Labs bolt T-shirt. From American Apparel, 100% ringspun combed cotton, heather gray with red bolt.] but found [A red light isn't the desired state in testing but it sure helps when riding your bike at night. Water-resistant with 3 lighting modes, 1 AAA battery included.],
User : 'error_user',The product: Sauce Labs Bolt T-Shirt price does not match the expected price. expected [$15.99] but found [$9.99],
User : 'error_user', The product: Sauce Labs Fleece Jacket, Add to Cart test failed: badge count did not decrease expected [true] but found [false],
User : 'error_user', The product: Sauce Labs Fleece Jacket name does not match the expected name. expected [Sauce Labs Fleece Jacket] but found [Sauce Labs Bike Light],
User : 'error_user', The product: Sauce Labs Fleece Jacket description does not match the expected description. expected [It's not every day that you come across a midweight quarter-zip fleece jacket capable of handling everything from a relaxing day outdoors to a busy day at the office.] but found [A red light isn't the desired state in testing but it sure helps when riding your bike at night. Water-resistant with 3 lighting modes, 1 AAA battery included.],
User : 'error_user',The product: Sauce Labs Fleece Jacket price does not match the expected price. expected [$49.99] but found [$9.99],
User : 'error_user', The product: Test.allTheThings() T-Shirt (Red), Add to Cart test failed: badge count did not decrease expected [true] but found [false],
User : 'error_user', The product: Test.allTheThings() T-Shirt (Red) name does not match the expected name. expected [Test.allTheThings() T-Shirt (Red)] but found [Sauce Labs Onesie],
User : 'error_user', The product: Test.allTheThings() T-Shirt (Red) description does not match the expected description. expected [This classic Sauce Labs t-shirt is perfect to wear when cozying up to your keyboard to automate a few tests. Super-soft and comfy ringspun combed cotton.] but found [Rib snap infant onesie for the junior automation engineer in development. Reinforced 3-snap bottom closure, two-needle hemmed sleeved and bottom won't unravel.],
User : 'error_user',The product: Test.allTheThings() T-Shirt (Red) price does not match the expected price. expected [$15.99] but found [$7.99],
User : 'error_user', The product: Sauce Labs Backpack, Add to Cart test failed: badge count did not decrease expected [true] but found [false],
User : 'error_user', The product Sauce Labs Backpack was not removed from the cart. expected [false] but found [true],
User : 'error_user', The product: Sauce Labs Bike Light, Add to Cart test failed: badge count did not decrease expected [true] but found [false],
User : 'error_user', The product Sauce Labs Bike Light was not removed from the cart. expected [false] but found [true],
User : 'error_user', The product: Sauce Labs Bolt T-Shirt, Add to Cart test failed: badge count did not decrease expected [true] but found [false],
User : 'error_user', The product: Sauce Labs Fleece Jacket, Add to Cart test failed: badge count did not decrease expected [true] but found [false],
User : 'error_user', The product: Sauce Labs Onesie, Add to Cart test failed: badge count did not decrease expected [true] but found [false],
User : 'error_user', The product Sauce Labs Onesie was not removed from the cart. expected [false] but found [true],
User : 'error_user', The product: Test.allTheThings() T-Shirt (Red), Add to Cart test failed: badge count did not decrease expected [true] but found [false]]]>
            </message>
            <full-stacktrace>
              <![CDATA[java.lang.AssertionError: The following asserts failed:
User : 'error_user', The product: Sauce Labs Bolt T-Shirt, Add to Cart test failed: badge count did not decrease expected [true] but found [false],
User : 'error_user', The product: Sauce Labs Bolt T-Shirt name does not match the expected name. expected [Sauce Labs Bolt T-Shirt] but found [Sauce Labs Bike Light],
User : 'error_user', The product: Sauce Labs Bolt T-Shirt description does not match the expected description. expected [Get your testing superhero on with the Sauce Labs bolt T-shirt. From American Apparel, 100% ringspun combed cotton, heather gray with red bolt.] but found [A red light isn't the desired state in testing but it sure helps when riding your bike at night. Water-resistant with 3 lighting modes, 1 AAA battery included.],
User : 'error_user',The product: Sauce Labs Bolt T-Shirt price does not match the expected price. expected [$15.99] but found [$9.99],
User : 'error_user', The product: Sauce Labs Fleece Jacket, Add to Cart test failed: badge count did not decrease expected [true] but found [false],
User : 'error_user', The product: Sauce Labs Fleece Jacket name does not match the expected name. expected [Sauce Labs Fleece Jacket] but found [Sauce Labs Bike Light],
User : 'error_user', The product: Sauce Labs Fleece Jacket description does not match the expected description. expected [It's not every day that you come across a midweight quarter-zip fleece jacket capable of handling everything from a relaxing day outdoors to a busy day at the office.] but found [A red light isn't the desired state in testing but it sure helps when riding your bike at night. Water-resistant with 3 lighting modes, 1 AAA battery included.],
User : 'error_user',The product: Sauce Labs Fleece Jacket price does not match the expected price. expected [$49.99] but found [$9.99],
User : 'error_user', The product: Test.allTheThings() T-Shirt (Red), Add to Cart test failed: badge count did not decrease expected [true] but found [false],
User : 'error_user', The product: Test.allTheThings() T-Shirt (Red) name does not match the expected name. expected [Test.allTheThings() T-Shirt (Red)] but found [Sauce Labs Onesie],
User : 'error_user', The product: Test.allTheThings() T-Shirt (Red) description does not match the expected description. expected [This classic Sauce Labs t-shirt is perfect to wear when cozying up to your keyboard to automate a few tests. Super-soft and comfy ringspun combed cotton.] but found [Rib snap infant onesie for the junior automation engineer in development. Reinforced 3-snap bottom closure, two-needle hemmed sleeved and bottom won't unravel.],
User : 'error_user',The product: Test.allTheThings() T-Shirt (Red) price does not match the expected price. expected [$15.99] but found [$7.99],
User : 'error_user', The product: Sauce Labs Backpack, Add to Cart test failed: badge count did not decrease expected [true] but found [false],
User : 'error_user', The product Sauce Labs Backpack was not removed from the cart. expected [false] but found [true],
User : 'error_user', The product: Sauce Labs Bike Light, Add to Cart test failed: badge count did not decrease expected [true] but found [false],
User : 'error_user', The product Sauce Labs Bike Light was not removed from the cart. expected [false] but found [true],
User : 'error_user', The product: Sauce Labs Bolt T-Shirt, Add to Cart test failed: badge count did not decrease expected [true] but found [false],
User : 'error_user', The product: Sauce Labs Fleece Jacket, Add to Cart test failed: badge count did not decrease expected [true] but found [false],
User : 'error_user', The product: Sauce Labs Onesie, Add to Cart test failed: badge count did not decrease expected [true] but found [false],
User : 'error_user', The product Sauce Labs Onesie was not removed from the cart. expected [false] but found [true],
User : 'error_user', The product: Test.allTheThings() T-Shirt (Red), Add to Cart test failed: badge count did not decrease expected [true] but found [false]
at org.testng.asserts.SoftAssert.assertAll(SoftAssert.java:46)
at org.testng.asserts.SoftAssert.assertAll(SoftAssert.java:30)
at tests.CartTest.verifyAddRemoveItemFromCart(CartTest.java:128)
at java.base/jdk.internal.reflect.DirectMethodHandleAccessor.invoke(DirectMethodHandleAccessor.java:104)
at java.base/java.lang.reflect.Method.invoke(Method.java:565)
at org.testng.internal.invokers.MethodInvocationHelper.invokeMethod(MethodInvocationHelper.java:139)
at org.testng.internal.invokers.TestInvoker.invokeMethod(TestInvoker.java:677)
at org.testng.internal.invokers.TestInvoker.invokeTestMethod(TestInvoker.java:221)
at org.testng.internal.invokers.MethodRunner.runInSequence(MethodRunner.java:50)
at org.testng.internal.invokers.TestInvoker$MethodInvocationAgent.invoke(TestInvoker.java:969)
at org.testng.internal.invokers.TestInvoker.invokeTestMethods(TestInvoker.java:194)
at org.testng.internal.invokers.TestMethodWorker.invokeTestMethods(TestMethodWorker.java:148)
at org.testng.internal.invokers.TestMethodWorker.run(TestMethodWorker.java:128)
at java.base/java.util.ArrayList.forEach(ArrayList.java:1604)
at org.testng.TestRunner.privateRun(TestRunner.java:829)
at org.testng.TestRunner.run(TestRunner.java:602)
at org.testng.SuiteRunner.runTest(SuiteRunner.java:437)
at org.testng.SuiteRunner$SuiteWorker.run(SuiteRunner.java:475)
at org.testng.internal.thread.ThreadUtil.lambda$execute$0(ThreadUtil.java:58)
at java.base/java.util.concurrent.FutureTask.run(FutureTask.java:328)
at java.base/java.util.concurrent.ThreadPoolExecutor.runWorker(ThreadPoolExecutor.java:1090)
at java.base/java.util.concurrent.ThreadPoolExecutor$Worker.run(ThreadPoolExecutor.java:614)
at java.base/java.lang.Thread.run(Thread.java:1474)
]]>
            </full-stacktrace>
          </exception> <!-- java.lang.AssertionError -->
          <reporter-output>
          </reporter-output>
        </test-method> <!-- verifyAddRemoveItemFromCart -->
        <test-method is-config="true" signature="teardown()[pri:0, instance:tests.CartTest@6c6c5427]" started-at="2025-12-07T13:30:51 EET" name="teardown" finished-at="2025-12-07T13:30:53 EET" duration-ms="2364" status="PASS">
          <reporter-output>
          </reporter-output>
        </test-method> <!-- teardown -->
        <test-method is-config="true" signature="setup()[pri:0, instance:tests.CartTest@6c6c5427]" started-at="2025-12-07T13:30:53 EET" name="setup" finished-at="2025-12-07T13:31:00 EET" duration-ms="7275" status="PASS">
          <reporter-output>
          </reporter-output>
        </test-method> <!-- setup -->
        <test-method signature="verifyAddRemoveItemFromCart(java.lang.String,java.lang.String)[pri:0, instance:tests.CartTest@6c6c5427]" started-at="2025-12-07T13:31:00 EET" name="verifyAddRemoveItemFromCart" data-provider="ValidLoginData" finished-at="2025-12-07T13:31:07 EET" duration-ms="6446" status="PASS">
          <params>
            <param index="0">
              <value>
                <![CDATA[visual_user]]>
              </value>
            </param>
            <param index="1">
              <value>
                <![CDATA[secret_sauce]]>
              </value>
            </param>
          </params>
          <reporter-output>
          </reporter-output>
        </test-method> <!-- verifyAddRemoveItemFromCart -->
        <test-method is-config="true" signature="teardown()[pri:0, instance:tests.CartTest@6c6c5427]" started-at="2025-12-07T13:31:07 EET" name="teardown" finished-at="2025-12-07T13:31:09 EET" duration-ms="2212" status="PASS">
          <reporter-output>
          </reporter-output>
        </test-method> <!-- teardown -->
      </class> <!-- tests.CartTest -->
    </test> <!-- Cart Tests -->
    <test started-at="2025-12-07T13:27:00 EET" name="Sorting Tests" finished-at="2025-12-07T13:31:22 EET" duration-ms="262065">
      <class name="tests.SortingTest">
        <test-method is-config="true" signature="setup()[pri:0, instance:tests.SortingTest@75ed9710]" started-at="2025-12-07T13:27:00 EET" name="setup" finished-at="2025-12-07T13:27:16 EET" duration-ms="16315" status="PASS">
          <reporter-output>
          </reporter-output>
        </test-method> <!-- setup -->
        <test-method signature="sortingByNameAtoZ(java.lang.String,java.lang.String)[pri:0, instance:tests.SortingTest@75ed9710]" started-at="2025-12-07T13:27:16 EET" name="sortingByNameAtoZ" data-provider="ValidLoginData" finished-at="2025-12-07T13:27:17 EET" duration-ms="1049" status="PASS">
          <params>
            <param index="0">
              <value>
                <![CDATA[standard_user]]>
              </value>
            </param>
            <param index="1">
              <value>
                <![CDATA[secret_sauce]]>
              </value>
            </param>
          </params>
          <reporter-output>
          </reporter-output>
        </test-method> <!-- sortingByNameAtoZ -->
        <test-method is-config="true" signature="teardown()[pri:0, instance:tests.SortingTest@75ed9710]" started-at="2025-12-07T13:27:17 EET" name="teardown" finished-at="2025-12-07T13:27:19 EET" duration-ms="2024" status="PASS">
          <reporter-output>
          </reporter-output>
        </test-method> <!-- teardown -->
        <test-method is-config="true" signature="setup()[pri:0, instance:tests.SortingTest@75ed9710]" started-at="2025-12-07T13:27:19 EET" name="setup" finished-at="2025-12-07T13:27:27 EET" duration-ms="7942" status="PASS">
          <reporter-output>
          </reporter-output>
        </test-method> <!-- setup -->
        <test-method signature="sortingByNameAtoZ(java.lang.String,java.lang.String)[pri:0, instance:tests.SortingTest@75ed9710]" started-at="2025-12-07T13:27:27 EET" name="sortingByNameAtoZ" data-provider="ValidLoginData" finished-at="2025-12-07T13:27:29 EET" duration-ms="1420" status="PASS">
          <params>
            <param index="0">
              <value>
                <![CDATA[problem_user]]>
              </value>
            </param>
            <param index="1">
              <value>
                <![CDATA[secret_sauce]]>
              </value>
            </param>
          </params>
          <reporter-output>
          </reporter-output>
        </test-method> <!-- sortingByNameAtoZ -->
        <test-method is-config="true" signature="teardown()[pri:0, instance:tests.SortingTest@75ed9710]" started-at="2025-12-07T13:27:29 EET" name="teardown" finished-at="2025-12-07T13:27:31 EET" duration-ms="1986" status="PASS">
          <reporter-output>
          </reporter-output>
        </test-method> <!-- teardown -->
        <test-method is-config="true" signature="setup()[pri:0, instance:tests.SortingTest@75ed9710]" started-at="2025-12-07T13:27:31 EET" name="setup" finished-at="2025-12-07T13:27:39 EET" duration-ms="8669" status="PASS">
          <reporter-output>
          </reporter-output>
        </test-method> <!-- setup -->
        <test-method signature="sortingByNameAtoZ(java.lang.String,java.lang.String)[pri:0, instance:tests.SortingTest@75ed9710]" started-at="2025-12-07T13:27:39 EET" name="sortingByNameAtoZ" data-provider="ValidLoginData" finished-at="2025-12-07T13:27:50 EET" duration-ms="10988" status="PASS">
          <params>
            <param index="0">
              <value>
                <![CDATA[performance_glitch_user]]>
              </value>
            </param>
            <param index="1">
              <value>
                <![CDATA[secret_sauce]]>
              </value>
            </param>
          </params>
          <reporter-output>
          </reporter-output>
        </test-method> <!-- sortingByNameAtoZ -->
        <test-method is-config="true" signature="teardown()[pri:0, instance:tests.SortingTest@75ed9710]" started-at="2025-12-07T13:27:50 EET" name="teardown" finished-at="2025-12-07T13:27:52 EET" duration-ms="1665" status="PASS">
          <reporter-output>
          </reporter-output>
        </test-method> <!-- teardown -->
        <test-method is-config="true" signature="setup()[pri:0, instance:tests.SortingTest@75ed9710]" started-at="2025-12-07T13:27:52 EET" name="setup" finished-at="2025-12-07T13:27:58 EET" duration-ms="6021" status="PASS">
          <reporter-output>
          </reporter-output>
        </test-method> <!-- setup -->
        <test-method signature="sortingByNameAtoZ(java.lang.String,java.lang.String)[pri:0, instance:tests.SortingTest@75ed9710]" started-at="2025-12-07T13:27:58 EET" name="sortingByNameAtoZ" data-provider="ValidLoginData" finished-at="2025-12-07T13:28:00 EET" duration-ms="1454" status="PASS">
          <params>
            <param index="0">
              <value>
                <![CDATA[error_user]]>
              </value>
            </param>
            <param index="1">
              <value>
                <![CDATA[secret_sauce]]>
              </value>
            </param>
          </params>
          <reporter-output>
          </reporter-output>
        </test-method> <!-- sortingByNameAtoZ -->
        <test-method is-config="true" signature="teardown()[pri:0, instance:tests.SortingTest@75ed9710]" started-at="2025-12-07T13:28:00 EET" name="teardown" finished-at="2025-12-07T13:28:01 EET" duration-ms="1920" status="PASS">
          <reporter-output>
          </reporter-output>
        </test-method> <!-- teardown -->
        <test-method is-config="true" signature="setup()[pri:0, instance:tests.SortingTest@75ed9710]" started-at="2025-12-07T13:28:01 EET" name="setup" finished-at="2025-12-07T13:28:11 EET" duration-ms="9512" status="PASS">
          <reporter-output>
          </reporter-output>
        </test-method> <!-- setup -->
        <test-method signature="sortingByNameAtoZ(java.lang.String,java.lang.String)[pri:0, instance:tests.SortingTest@75ed9710]" started-at="2025-12-07T13:28:11 EET" name="sortingByNameAtoZ" data-provider="ValidLoginData" finished-at="2025-12-07T13:28:12 EET" duration-ms="1079" status="PASS">
          <params>
            <param index="0">
              <value>
                <![CDATA[visual_user]]>
              </value>
            </param>
            <param index="1">
              <value>
                <![CDATA[secret_sauce]]>
              </value>
            </param>
          </params>
          <reporter-output>
          </reporter-output>
        </test-method> <!-- sortingByNameAtoZ -->
        <test-method is-config="true" signature="teardown()[pri:0, instance:tests.SortingTest@75ed9710]" started-at="2025-12-07T13:28:12 EET" name="teardown" finished-at="2025-12-07T13:28:15 EET" duration-ms="3095" status="PASS">
          <reporter-output>
          </reporter-output>
        </test-method> <!-- teardown -->
        <test-method is-config="true" signature="setup()[pri:0, instance:tests.SortingTest@75ed9710]" started-at="2025-12-07T13:28:15 EET" name="setup" finished-at="2025-12-07T13:28:22 EET" duration-ms="7055" status="PASS">
          <reporter-output>
          </reporter-output>
        </test-method> <!-- setup -->
        <test-method signature="sortingByNameZtoA(java.lang.String,java.lang.String)[pri:0, instance:tests.SortingTest@75ed9710]" started-at="2025-12-07T13:28:22 EET" name="sortingByNameZtoA" data-provider="ValidLoginData" finished-at="2025-12-07T13:28:23 EET" duration-ms="1049" status="PASS">
          <params>
            <param index="0">
              <value>
                <![CDATA[standard_user]]>
              </value>
            </param>
            <param index="1">
              <value>
                <![CDATA[secret_sauce]]>
              </value>
            </param>
          </params>
          <reporter-output>
          </reporter-output>
        </test-method> <!-- sortingByNameZtoA -->
        <test-method is-config="true" signature="teardown()[pri:0, instance:tests.SortingTest@75ed9710]" started-at="2025-12-07T13:28:23 EET" name="teardown" finished-at="2025-12-07T13:28:25 EET" duration-ms="2005" status="PASS">
          <reporter-output>
          </reporter-output>
        </test-method> <!-- teardown -->
        <test-method is-config="true" signature="setup()[pri:0, instance:tests.SortingTest@75ed9710]" started-at="2025-12-07T13:28:25 EET" name="setup" finished-at="2025-12-07T13:28:32 EET" duration-ms="6518" status="PASS">
          <reporter-output>
          </reporter-output>
        </test-method> <!-- setup -->
        <test-method signature="sortingByNameZtoA(java.lang.String,java.lang.String)[pri:0, instance:tests.SortingTest@75ed9710]" started-at="2025-12-07T13:28:32 EET" name="sortingByNameZtoA" data-provider="ValidLoginData" finished-at="2025-12-07T13:28:33 EET" duration-ms="1129" status="FAIL">
          <params>
            <param index="0">
              <value>
                <![CDATA[problem_user]]>
              </value>
            </param>
            <param index="1">
              <value>
                <![CDATA[secret_sauce]]>
              </value>
            </param>
          </params>
          <exception class="java.lang.AssertionError">
            <message>
              <![CDATA[User: 'problem_user', Item names should be sorted in descending alphabetical order.: Lists differ at element [0]: Sauce Labs Backpack != Test.allTheThings() T-Shirt (Red) expected [Sauce Labs Backpack] but found [Test.allTheThings() T-Shirt (Red)]]]>
            </message>
            <full-stacktrace>
              <![CDATA[java.lang.AssertionError: User: 'problem_user', Item names should be sorted in descending alphabetical order.: Lists differ at element [0]: Sauce Labs Backpack != Test.allTheThings() T-Shirt (Red) expected [Sauce Labs Backpack] but found [Test.allTheThings() T-Shirt (Red)]
at org.testng.Assert.fail(Assert.java:110)
at org.testng.Assert.failNotEquals(Assert.java:1413)
at org.testng.Assert.assertEqualsImpl(Assert.java:149)
at org.testng.Assert.assertEquals(Assert.java:1479)
at tests.SortingTest.sortingByNameZtoA(SortingTest.java:67)
at java.base/jdk.internal.reflect.DirectMethodHandleAccessor.invoke(DirectMethodHandleAccessor.java:104)
at java.base/java.lang.reflect.Method.invoke(Method.java:565)
at org.testng.internal.invokers.MethodInvocationHelper.invokeMethod(MethodInvocationHelper.java:139)
at org.testng.internal.invokers.TestInvoker.invokeMethod(TestInvoker.java:677)
at org.testng.internal.invokers.TestInvoker.invokeTestMethod(TestInvoker.java:221)
at org.testng.internal.invokers.MethodRunner.runInSequence(MethodRunner.java:50)
at org.testng.internal.invokers.TestInvoker$MethodInvocationAgent.invoke(TestInvoker.java:969)
at org.testng.internal.invokers.TestInvoker.invokeTestMethods(TestInvoker.java:194)
at org.testng.internal.invokers.TestMethodWorker.invokeTestMethods(TestMethodWorker.java:148)
at org.testng.internal.invokers.TestMethodWorker.run(TestMethodWorker.java:128)
at java.base/java.util.ArrayList.forEach(ArrayList.java:1604)
at org.testng.TestRunner.privateRun(TestRunner.java:829)
at org.testng.TestRunner.run(TestRunner.java:602)
at org.testng.SuiteRunner.runTest(SuiteRunner.java:437)
at org.testng.SuiteRunner$SuiteWorker.run(SuiteRunner.java:475)
at org.testng.internal.thread.ThreadUtil.lambda$execute$0(ThreadUtil.java:58)
at java.base/java.util.concurrent.FutureTask.run(FutureTask.java:328)
at java.base/java.util.concurrent.ThreadPoolExecutor.runWorker(ThreadPoolExecutor.java:1090)
at java.base/java.util.concurrent.ThreadPoolExecutor$Worker.run(ThreadPoolExecutor.java:614)
at java.base/java.lang.Thread.run(Thread.java:1474)
]]>
            </full-stacktrace>
          </exception> <!-- java.lang.AssertionError -->
          <reporter-output>
          </reporter-output>
        </test-method> <!-- sortingByNameZtoA -->
        <test-method is-config="true" signature="teardown()[pri:0, instance:tests.SortingTest@75ed9710]" started-at="2025-12-07T13:28:33 EET" name="teardown" finished-at="2025-12-07T13:28:35 EET" duration-ms="1910" status="PASS">
          <reporter-output>
          </reporter-output>
        </test-method> <!-- teardown -->
        <test-method is-config="true" signature="setup()[pri:0, instance:tests.SortingTest@75ed9710]" started-at="2025-12-07T13:28:35 EET" name="setup" finished-at="2025-12-07T13:28:42 EET" duration-ms="7180" status="PASS">
          <reporter-output>
          </reporter-output>
        </test-method> <!-- setup -->
        <test-method signature="sortingByNameZtoA(java.lang.String,java.lang.String)[pri:0, instance:tests.SortingTest@75ed9710]" started-at="2025-12-07T13:28:42 EET" name="sortingByNameZtoA" data-provider="ValidLoginData" finished-at="2025-12-07T13:28:53 EET" duration-ms="10911" status="PASS">
          <params>
            <param index="0">
              <value>
                <![CDATA[performance_glitch_user]]>
              </value>
            </param>
            <param index="1">
              <value>
                <![CDATA[secret_sauce]]>
              </value>
            </param>
          </params>
          <reporter-output>
          </reporter-output>
        </test-method> <!-- sortingByNameZtoA -->
        <test-method is-config="true" signature="teardown()[pri:0, instance:tests.SortingTest@75ed9710]" started-at="2025-12-07T13:28:53 EET" name="teardown" finished-at="2025-12-07T13:28:55 EET" duration-ms="1591" status="PASS">
          <reporter-output>
          </reporter-output>
        </test-method> <!-- teardown -->
        <test-method is-config="true" signature="setup()[pri:0, instance:tests.SortingTest@75ed9710]" started-at="2025-12-07T13:28:55 EET" name="setup" finished-at="2025-12-07T13:29:04 EET" duration-ms="9935" status="PASS">
          <reporter-output>
          </reporter-output>
        </test-method> <!-- setup -->
        <test-method signature="sortingByNameZtoA(java.lang.String,java.lang.String)[pri:0, instance:tests.SortingTest@75ed9710]" started-at="2025-12-07T13:29:04 EET" name="sortingByNameZtoA" data-provider="ValidLoginData" finished-at="2025-12-07T13:29:06 EET" duration-ms="1628" status="FAIL">
          <params>
            <param index="0">
              <value>
                <![CDATA[error_user]]>
              </value>
            </param>
            <param index="1">
              <value>
                <![CDATA[secret_sauce]]>
              </value>
            </param>
          </params>
          <exception class="java.lang.AssertionError">
            <message>
              <![CDATA[User: 'error_user', Item names should be sorted in descending alphabetical order.: Lists differ at element [0]: Sauce Labs Backpack != Test.allTheThings() T-Shirt (Red) expected [Sauce Labs Backpack] but found [Test.allTheThings() T-Shirt (Red)]]]>
            </message>
            <full-stacktrace>
              <![CDATA[java.lang.AssertionError: User: 'error_user', Item names should be sorted in descending alphabetical order.: Lists differ at element [0]: Sauce Labs Backpack != Test.allTheThings() T-Shirt (Red) expected [Sauce Labs Backpack] but found [Test.allTheThings() T-Shirt (Red)]
at org.testng.Assert.fail(Assert.java:110)
at org.testng.Assert.failNotEquals(Assert.java:1413)
at org.testng.Assert.assertEqualsImpl(Assert.java:149)
at org.testng.Assert.assertEquals(Assert.java:1479)
at tests.SortingTest.sortingByNameZtoA(SortingTest.java:67)
at java.base/jdk.internal.reflect.DirectMethodHandleAccessor.invoke(DirectMethodHandleAccessor.java:104)
at java.base/java.lang.reflect.Method.invoke(Method.java:565)
at org.testng.internal.invokers.MethodInvocationHelper.invokeMethod(MethodInvocationHelper.java:139)
[...]
User : 'problem_user', The error message is incorrect for the provided user details. First Name : JohnDoe Last Name : LongLastNameHereThatExceedsNormalLength zip Code: 123456789012345 expected [] but found [Error: Last Name is required],
User : 'problem_user', The error message is incorrect for the provided user details. First Name : Jo$hn Last Name : Do^e zip Code: 12345! expected [] but found [Error: Last Name is required],
User : 'problem_user', The error message is incorrect for the provided user details. First Name : J@hn Last Name : D#oe zip Code: 12-345 expected [] but found [Error: Last Name is required],
User : 'problem_user', Product: 'Sauce Labs Fleece Jacket', name does not match the expected name. expected [Sauce Labs Fleece Jacket] but found [Sauce Labs Bike Light],
User : 'problem_user', The error message is incorrect for the provided user details. First Name :  Last Name : Doe zip Code: 67890 expected [Error: First Name is required] but found [Error: Last Name is required],
User : 'problem_user', The error message is incorrect for the provided user details. First Name : John Last Name : Doe zip Code:  expected [Error: Postal Code is required] but found [Error: Last Name is required],
User : 'problem_user', The error message is incorrect for the provided user details. First Name : John Last Name : Doe zip Code: 12345 expected [] but found [Error: Last Name is required],
User : 'problem_user', The error message is incorrect for the provided user details. First Name : J0hn Last Name : D@e zip Code: 123-45 expected [] but found [Error: Last Name is required],
User : 'problem_user', The error message is incorrect for the provided user details. First Name : J Last Name : D zip Code: 1 expected [] but found [Error: Last Name is required],
User : 'problem_user', The error message is incorrect for the provided user details. First Name : John@# Last Name : Doe$% zip Code: ABCDE expected [] but found [Error: Last Name is required],
User : 'problem_user', The error message is incorrect for the provided user details. First Name :     Last Name :     zip Code:     expected [] but found [Error: Last Name is required],
User : 'problem_user', The error message is incorrect for the provided user details. First Name : John Doe Last Name : Smith zip Code:  12345  expected [] but found [Error: Last Name is required],
User : 'problem_user', The error message is incorrect for the provided user details. First Name : John123 Last Name : Doe456 zip Code: 001234 expected [] but found [Error: Last Name is required],
User : 'problem_user', The error message is incorrect for the provided user details. First Name : JohnDoe Last Name : LongLastNameHereThatExceedsNormalLength zip Code: 123456789012345 expected [] but found [Error: Last Name is required],
User : 'problem_user', The error message is incorrect for the provided user details. First Name : Jo$hn Last Name : Do^e zip Code: 12345! expected [] but found [Error: Last Name is required],
User : 'problem_user', The error message is incorrect for the provided user details. First Name : J@hn Last Name : D#oe zip Code: 12-345 expected [] but found [Error: Last Name is required],
User : 'problem_user', The error message is incorrect for the provided user details. First Name :  Last Name : Doe zip Code: 67890 expected [Error: First Name is required] but found [Error: Last Name is required],
User : 'problem_user', The error message is incorrect for the provided user details. First Name : John Last Name : Doe zip Code:  expected [Error: Postal Code is required] but found [Error: Last Name is required],
User : 'problem_user', The error message is incorrect for the provided user details. First Name : John Last Name : Doe zip Code: 12345 expected [] but found [Error: Last Name is required],
User : 'problem_user', The error message is incorrect for the provided user details. First Name : J0hn Last Name : D@e zip Code: 123-45 expected [] but found [Error: Last Name is required],
User : 'problem_user', The error message is incorrect for the provided user details. First Name : J Last Name : D zip Code: 1 expected [] but found [Error: Last Name is required],
User : 'problem_user', The error message is incorrect for the provided user details. First Name : John@# Last Name : Doe$% zip Code: ABCDE expected [] but found [Error: Last Name is required],
User : 'problem_user', The error message is incorrect for the provided user details. First Name :     Last Name :     zip Code:     expected [] but found [Error: Last Name is required],
User : 'problem_user', The error message is incorrect for the provided user details. First Name : John Doe Last Name : Smith zip Code:  12345  expected [] but found [Error: Last Name is required],
User : 'problem_user', The error message is incorrect for the provided user details. First Name : John123 Last Name : Doe456 zip Code: 001234 expected [] but found [Error: Last Name is required],
User : 'problem_user', The error message is incorrect for the provided user details. First Name : JohnDoe Last Name : LongLastNameHereThatExceedsNormalLength zip Code: 123456789012345 expected [] but found [Error: Last Name is required],
User : 'problem_user', The error message is incorrect for the provided user details. First Name : Jo$hn Last Name : Do^e zip Code: 12345! expected [] but found [Error: Last Name is required],
User : 'problem_user', The error message is incorrect for the provided user details. First Name : J@hn Last Name : D#oe zip Code: 12-345 expected [] but found [Error: Last Name is required],
User : 'problem_user', Product: 'Test.allTheThings() T-Shirt (Red)', name does not match the expected name. expected [Test.allTheThings() T-Shirt (Red)] but found [Sauce Labs Onesie],
User : 'problem_user', The error message is incorrect for the provided user details. First Name :  Last Name : Doe zip Code: 67890 expected [Error: First Name is required] but found [Error: Last Name is required],
User : 'problem_user', The error message is incorrect for the provided user details. First Name : John Last Name : Doe zip Code:  expected [Error: Postal Code is required] but found [Error: Last Name is required],
User : 'problem_user', The error message is incorrect for the provided user details. First Name : John Last Name : Doe zip Code: 12345 expected [] but found [Error: Last Name is required],
User : 'problem_user', The error message is incorrect for the provided user details. First Name : J0hn Last Name : D@e zip Code: 123-45 expected [] but found [Error: Last Name is required],
User : 'problem_user', The error message is incorrect for the provided user details. First Name : J Last Name : D zip Code: 1 expected [] but found [Error: Last Name is required],
User : 'problem_user', The error message is incorrect for the provided user details. First Name : John@# Last Name : Doe$% zip Code: ABCDE expected [] but found [Error: Last Name is required],
User : 'problem_user', The error message is incorrect for the provided user details. First Name :     Last Name :     zip Code:     expected [] but found [Error: Last Name is required],
User : 'problem_user', The error message is incorrect for the provided user details. First Name : John Doe Last Name : Smith zip Code:  12345  expected [] but found [Error: Last Name is required],
User : 'problem_user', The error message is incorrect for the provided user details. First Name : John123 Last Name : Doe456 zip Code: 001234 expected [] but found [Error: Last Name is required],
User : 'problem_user', The error message is incorrect for the provided user details. First Name : JohnDoe Last Name : LongLastNameHereThatExceedsNormalLength zip Code: 123456789012345 expected [] but found [Error: Last Name is required],
User : 'problem_user', The error message is incorrect for the provided user details. First Name : Jo$hn Last Name : Do^e zip Code: 12345! expected [] but found [Error: Last Name is required],
User : 'problem_user', The error message is incorrect for the provided user details. First Name : J@hn Last Name : D#oe zip Code: 12-345 expected [] but found [Error: Last Name is required]
at org.testng.asserts.SoftAssert.assertAll(SoftAssert.java:46)
at org.testng.asserts.SoftAssert.assertAll(SoftAssert.java:30)
at tests.CheckoutInfoTest.testCheckoutPage(CheckoutInfoTest.java:88)
at java.base/jdk.internal.reflect.DirectMethodHandleAccessor.invoke(DirectMethodHandleAccessor.java:104)
at java.base/java.lang.reflect.Method.invoke(Method.java:565)
at org.testng.internal.invokers.MethodInvocationHelper.invokeMethod(MethodInvocationHelper.java:139)
at org.testng.internal.invokers.TestInvoker.invokeMethod(TestInvoker.java:677)
at org.testng.internal.invokers.TestInvoker.invokeTestMethod(TestInvoker.java:221)
at org.testng.internal.invokers.MethodRunner.runInSequence(MethodRunner.java:50)
at org.testng.internal.invokers.TestInvoker$MethodInvocationAgent.invoke(TestInvoker.java:969)
at org.testng.internal.invokers.TestInvoker.invokeTestMethods(TestInvoker.java:194)
at org.testng.internal.invokers.TestMethodWorker.invokeTestMethods(TestMethodWorker.java:148)
at org.testng.internal.invokers.TestMethodWorker.run(TestMethodWorker.java:128)
at java.base/java.util.ArrayList.forEach(ArrayList.java:1604)
at org.testng.TestRunner.privateRun(TestRunner.java:829)
at org.testng.TestRunner.run(TestRunner.java:602)
at org.testng.SuiteRunner.runTest(SuiteRunner.java:437)
at org.testng.SuiteRunner$SuiteWorker.run(SuiteRunner.java:475)
at org.testng.internal.thread.ThreadUtil.lambda$execute$0(ThreadUtil.java:58)
at java.base/java.util.concurrent.FutureTask.run(FutureTask.java:328)
at java.base/java.util.concurrent.ThreadPoolExecutor.runWorker(ThreadPoolExecutor.java:1090)
at java.base/java.util.concurrent.ThreadPoolExecutor$Worker.run(ThreadPoolExecutor.java:614)
at java.base/java.lang.Thread.run(Thread.java:1474)
]]>
            </full-stacktrace>
          </exception> <!-- java.lang.AssertionError -->
          <reporter-output>
          </reporter-output>
        </test-method> <!-- testCheckoutPage -->
        <test-method is-config="true" signature="teardown()[pri:0, instance:tests.CheckoutInfoTest@36546a22]" started-at="2025-12-07T13:32:00 EET" name="teardown" finished-at="2025-12-07T13:32:02 EET" duration-ms="1836" status="PASS">
          <reporter-output>
          </reporter-output>
        </test-method> <!-- teardown -->
        <test-method is-config="true" signature="setup()[pri:0, instance:tests.CheckoutInfoTest@36546a22]" started-at="2025-12-07T13:32:02 EET" name="setup" finished-at="2025-12-07T13:32:14 EET" duration-ms="12191" status="PASS">
          <reporter-output>
          </reporter-output>
        </test-method> <!-- setup -->
        <test-method signature="testCheckoutPage(java.lang.String,java.lang.String)[pri:0, instance:tests.CheckoutInfoTest@36546a22]" started-at="2025-12-07T13:32:14 EET" name="testCheckoutPage" data-provider="ValidLoginData" finished-at="2025-12-07T13:33:52 EET" duration-ms="97952" status="PASS">
          <params>
            <param index="0">
              <value>
                <![CDATA[performance_glitch_user]]>
              </value>
            </param>
            <param index="1">
              <value>
                <![CDATA[secret_sauce]]>
              </value>
            </param>
          </params>
          <reporter-output>
          </reporter-output>
        </test-method> <!-- testCheckoutPage -->
        <test-method is-config="true" signature="teardown()[pri:0, instance:tests.CheckoutInfoTest@36546a22]" started-at="2025-12-07T13:33:52 EET" name="teardown" finished-at="2025-12-07T13:33:53 EET" duration-ms="1162" status="PASS">
          <reporter-output>
          </reporter-output>
        </test-method> <!-- teardown -->
        <test-method is-config="true" signature="setup()[pri:0, instance:tests.CheckoutInfoTest@36546a22]" started-at="2025-12-07T13:33:53 EET" name="setup" finished-at="2025-12-07T13:33:58 EET" duration-ms="5185" status="PASS">
          <reporter-output>
          </reporter-output>
        </test-method> <!-- setup -->
        <test-method signature="testCheckoutPage(java.lang.String,java.lang.String)[pri:0, instance:tests.CheckoutInfoTest@36546a22]" started-at="2025-12-07T13:33:58 EET" name="testCheckoutPage" data-provider="ValidLoginData" finished-at="2025-12-07T13:35:12 EET" duration-ms="73379" status="FAIL">
          <params>
            <param index="0">
              <value>
                <![CDATA[error_user]]>
              </value>
            </param>
            <param index="1">
              <value>
                <![CDATA[secret_sauce]]>
              </value>
            </param>
          </params>
          <exception class="java.lang.AssertionError">
            <message>
              <![CDATA[The following asserts failed:
User : 'error_user', The error message is incorrect for the provided user details. First Name : John Last Name :  zip Code: 67890 expected [Error: Last Name is required] but found [],
User : 'error_user', The error message is incorrect for the provided user details. First Name : John Last Name :  zip Code: 67890 expected [Error: Last Name is required] but found [],
User : 'error_user', Product: 'Sauce Labs Bolt T-Shirt', name does not match the expected name. expected [Sauce Labs Bolt T-Shirt] but found [Sauce Labs Bike Light],
User : 'error_user', The error message is incorrect for the provided user details. First Name : John Last Name :  zip Code: 67890 expected [Error: Last Name is required] but found [],
User : 'error_user', Product: 'Sauce Labs Fleece Jacket', name does not match the expected name. expected [Sauce Labs Fleece Jacket] but found [Sauce Labs Bike Light],
User : 'error_user', The error message is incorrect for the provided user details. First Name : John Last Name :  zip Code: 67890 expected [Error: Last Name is required] but found [],
User : 'error_user', The error message is incorrect for the provided user details. First Name : John Last Name :  zip Code: 67890 expected [Error: Last Name is required] but found [],
User : 'error_user', Product: 'Test.allTheThings() T-Shirt (Red)', name does not match the expected name. expected [Test.allTheThings() T-Shirt (Red)] but found [Sauce Labs Onesie],
User : 'error_user', The error message is incorrect for the provided user details. First Name : John Last Name :  zip Code: 67890 expected [Error: Last Name is required] but found []]]>
            </message>
            <full-stacktrace>
              <![CDATA[java.lang.AssertionError: The following asserts failed:
User : 'error_user', The error message is incorrect for the provided user details. First Name : John Last Name :  zip Code: 67890 expected [Error: Last Name is required] but found [],
User : 'error_user', The error message is incorrect for the provided user details. First Name : John Last Name :  zip Code: 67890 expected [Error: Last Name is required] but found [],
User : 'error_user', Product: 'Sauce Labs Bolt T-Shirt', name does not match the expected name. expected [Sauce Labs Bolt T-Shirt] but found [Sauce Labs Bike Light],
User : 'error_user', The error message is incorrect for the provided user details. First Name : John Last Name :  zip Code: 67890 expected [Error: Last Name is required] but found [],
User : 'error_user', Product: 'Sauce Labs Fleece Jacket', name does not match the expected name. expected [Sauce Labs Fleece Jacket] but found [Sauce Labs Bike Light],
User : 'error_user', The error message is incorrect for the provided user details. First Name : John Last Name :  zip Code: 67890 expected [Error: Last Name is required] but found [],
User : 'error_user', The error message is incorrect for the provided user details. First Name : John Last Name :  zip Code: 67890 expected [Error: Last Name is required] but found [],
User : 'error_user', Product: 'Test.allTheThings() T-Shirt (Red)', name does not match the expected name. expected [Test.allTheThings() T-Shirt (Red)] but found [Sauce Labs Onesie],
User : 'error_user', The error message is incorrect for the provided user details. First Name : John Last Name :  zip Code: 67890 expected [Error: Last Name is required] but found []
at org.testng.asserts.SoftAssert.assertAll(SoftAssert.java:46)
at org.testng.asserts.SoftAssert.assertAll(SoftAssert.java:30)
at tests.CheckoutInfoTest.testCheckoutPage(CheckoutInfoTest.java:88)
at java.base/jdk.internal.reflect.DirectMethodHandleAccessor.invoke(DirectMethodHandleAccessor.java:104)
at java.base/java.lang.reflect.Method.invoke(Method.java:565)
at org.testng.internal.invokers.MethodInvocationHelper.invokeMethod(MethodInvocationHelper.java:139)
at org.testng.internal.invokers.TestInvoker.invokeMethod(TestInvoker.java:677)
at org.testng.internal.invokers.TestInvoker.invokeTestMethod(TestInvoker.java:221)
at org.testng.internal.invokers.MethodRunner.runInSequence(MethodRunner.java:50)
at org.testng.internal.invokers.TestInvoker$MethodInvocationAgent.invoke(TestInvoker.java:969)
at org.testng.internal.invokers.TestInvoker.invokeTestMethods(TestInvoker.java:194)
at org.testng.internal.invokers.TestMethodWorker.invokeTestMethods(TestMethodWorker.java:148)
at org.testng.internal.invokers.TestMethodWorker.run(TestMethodWorker.java:128)
at java.base/java.util.ArrayList.forEach(ArrayList.java:1604)
at org.testng.TestRunner.privateRun(TestRunner.java:829)
at org.testng.TestRunner.run(TestRunner.java:602)
at org.testng.SuiteRunner.runTest(SuiteRunner.java:437)
at org.testng.SuiteRunner$SuiteWorker.run(SuiteRunner.java:475)
at org.testng.internal.thread.ThreadUtil.lambda$execute$0(ThreadUtil.java:58)
at java.base/java.util.concurrent.FutureTask.run(FutureTask.java:328)
at java.base/java.util.concurrent.ThreadPoolExecutor.runWorker(ThreadPoolExecutor.java:1090)
at java.base/java.util.concurrent.ThreadPoolExecutor$Worker.run(ThreadPoolExecutor.java:614)
at java.base/java.lang.Thread.run(Thread.java:1474)
]]>
            </full-stacktrace>
          </exception> <!-- java.lang.AssertionError -->
          <reporter-output>
          </reporter-output>
        </test-method> <!-- testCheckoutPage -->
        <test-method is-config="true" signature="teardown()[pri:0, instance:tests.CheckoutInfoTest@36546a22]" started-at="2025-12-07T13:35:12 EET" name="teardown" finished-at="2025-12-07T13:35:13 EET" duration-ms="1075" status="PASS">
          <reporter-output>
          </reporter-output>
        </test-method> <!-- teardown -->
        <test-method is-config="true" signature="setup()[pri:0, instance:tests.CheckoutInfoTest@36546a22]" started-at="2025-12-07T13:35:13 EET" name="setup" finished-at="2025-12-07T13:35:18 EET" duration-ms="4678" status="PASS">
          <reporter-output>
          </reporter-output>
        </test-method> <!-- setup -->
        <test-method signature="testCheckoutPage(java.lang.String,java.lang.String)[pri:0, instance:tests.CheckoutInfoTest@36546a22]" started-at="2025-12-07T13:35:18 EET" name="testCheckoutPage" data-provider="ValidLoginData" finished-at="2025-12-07T13:36:08 EET" duration-ms="50639" status="PASS">
          <params>
            <param index="0">
              <value>
                <![CDATA[visual_user]]>
              </value>
            </param>
            <param index="1">
              <value>
                <![CDATA[secret_sauce]]>
              </value>
            </param>
          </params>
          <reporter-output>
          </reporter-output>
        </test-method> <!-- testCheckoutPage -->
        <test-method is-config="true" signature="teardown()[pri:0, instance:tests.CheckoutInfoTest@36546a22]" started-at="2025-12-07T13:36:08 EET" name="teardown" finished-at="2025-12-07T13:36:09 EET" duration-ms="1283" status="PASS">
          <reporter-output>
          </reporter-output>
        </test-method> <!-- teardown -->
      </class> <!-- tests.CheckoutInfoTest -->
    </test> <!-- Checkout Tests -->
  </suite> <!-- SauceDemo Test Suite -->
</testng-results>
