<?xml version="1.0" encoding="UTF-8"?>
<testng-results ignored="0" total="84" passed="60" failed="24" skipped="0">
  <reporter-output>
  </reporter-output>
  <suite started-at="2025-12-07T10:59:48 EET" name="SauceDemo Test Suite" finished-at="2025-12-07T11:09:46 EET" duration-ms="598231">
    <groups>
    </groups>
    <test started-at="2025-12-07T10:59:48 EET" name="Login Tests" finished-at="2025-12-07T11:01:54 EET" duration-ms="125522">
      <class name="tests.LoginTest">
        <test-method is-config="true" signature="setup()[pri:0, instance:tests.LoginTest@42e3ede4]" started-at="2025-12-07T10:59:48 EET" name="setup" finished-at="2025-12-07T11:00:07 EET" duration-ms="18724" status="PASS">
          <reporter-output>
          </reporter-output>
        </test-method> <!-- setup -->
        <test-method signature="testLogin(java.lang.String,java.lang.String,java.lang.String)[pri:0, instance:tests.LoginTest@42e3ede4]" started-at="2025-12-07T11:00:07 EET" name="testLogin" data-provider="loginData" finished-at="2025-12-07T11:00:08 EET" duration-ms="954" status="PASS">
          <params>
            <param index="0">
              <value>
                <![CDATA[standard_user]]>
              </value>
            </param>
            <param index="1">
              <value>
                <![CDATA[secret_sauce]]>
              </value>
            </param>
            <param index="2">
              <value is-null="true"/>
            </param>
          </params>
          <reporter-output>
          </reporter-output>
        </test-method> <!-- testLogin -->
        <test-method is-config="true" signature="teardown()[pri:0, instance:tests.LoginTest@42e3ede4]" started-at="2025-12-07T11:00:08 EET" name="teardown" finished-at="2025-12-07T11:00:10 EET" duration-ms="1878" status="PASS">
          <reporter-output>
          </reporter-output>
        </test-method> <!-- teardown -->
        <test-method is-config="true" signature="setup()[pri:0, instance:tests.LoginTest@42e3ede4]" started-at="2025-12-07T11:00:10 EET" name="setup" finished-at="2025-12-07T11:00:20 EET" duration-ms="10423" status="PASS">
          <reporter-output>
          </reporter-output>
        </test-method> <!-- setup -->
        <test-method signature="testLogin(java.lang.String,java.lang.String,java.lang.String)[pri:0, instance:tests.LoginTest@42e3ede4]" started-at="2025-12-07T11:00:20 EET" name="testLogin" data-provider="loginData" finished-at="2025-12-07T11:00:21 EET" duration-ms="513" status="PASS">
          <params>
            <param index="0">
              <value>
                <![CDATA[invalid_user]]>
              </value>
            </param>
            <param index="1">
              <value>
                <![CDATA[invalid_user]]>
              </value>
            </param>
            <param index="2">
              <value>
                <![CDATA[Epic sadface: Username and password do not match any user in this service]]>
              </value>
            </param>
          </params>
          <reporter-output>
          </reporter-output>
        </test-method> <!-- testLogin -->
        <test-method is-config="true" signature="teardown()[pri:0, instance:tests.LoginTest@42e3ede4]" started-at="2025-12-07T11:00:21 EET" name="teardown" finished-at="2025-12-07T11:00:23 EET" duration-ms="1972" status="PASS">
          <reporter-output>
          </reporter-output>
        </test-method> <!-- teardown -->
        <test-method is-config="true" signature="setup()[pri:0, instance:tests.LoginTest@42e3ede4]" started-at="2025-12-07T11:00:23 EET" name="setup" finished-at="2025-12-07T11:00:32 EET" duration-ms="9368" status="PASS">
          <reporter-output>
          </reporter-output>
        </test-method> <!-- setup -->
        <test-method signature="testLogin(java.lang.String,java.lang.String,java.lang.String)[pri:0, instance:tests.LoginTest@42e3ede4]" started-at="2025-12-07T11:00:32 EET" name="testLogin" data-provider="loginData" finished-at="2025-12-07T11:00:33 EET" duration-ms="843" status="PASS">
          <params>
            <param index="0">
              <value>
                <![CDATA[]]>
              </value>
            </param>
            <param index="1">
              <value>
                <![CDATA[secret_sauce]]>
              </value>
            </param>
            <param index="2">
              <value>
                <![CDATA[Epic sadface: Username is required]]>
              </value>
            </param>
          </params>
          <reporter-output>
          </reporter-output>
        </test-method> <!-- testLogin -->
        <test-method is-config="true" signature="teardown()[pri:0, instance:tests.LoginTest@42e3ede4]" started-at="2025-12-07T11:00:33 EET" name="teardown" finished-at="2025-12-07T11:00:36 EET" duration-ms="3558" status="PASS">
          <reporter-output>
          </reporter-output>
        </test-method> <!-- teardown -->
        <test-method is-config="true" signature="setup()[pri:0, instance:tests.LoginTest@42e3ede4]" started-at="2025-12-07T11:00:36 EET" name="setup" finished-at="2025-12-07T11:00:44 EET" duration-ms="7810" status="PASS">
          <reporter-output>
          </reporter-output>
        </test-method> <!-- setup -->
        <test-method signature="testLogin(java.lang.String,java.lang.String,java.lang.String)[pri:0, instance:tests.LoginTest@42e3ede4]" started-at="2025-12-07T11:00:44 EET" name="testLogin" data-provider="loginData" finished-at="2025-12-07T11:00:45 EET" duration-ms="494" status="PASS">
          <params>
            <param index="0">
              <value>
                <![CDATA[standard_user]]>
              </value>
            </param>
            <param index="1">
              <value>
                <![CDATA[]]>
              </value>
            </param>
            <param index="2">
              <value>
                <![CDATA[Epic sadface: Password is required]]>
              </value>
            </param>
          </params>
          <reporter-output>
          </reporter-output>
        </test-method> <!-- testLogin -->
        <test-method is-config="true" signature="teardown()[pri:0, instance:tests.LoginTest@42e3ede4]" started-at="2025-12-07T11:00:45 EET" name="teardown" finished-at="2025-12-07T11:00:46 EET" duration-ms="1666" status="PASS">
          <reporter-output>
          </reporter-output>
        </test-method> <!-- teardown -->
        <test-method is-config="true" signature="setup()[pri:0, instance:tests.LoginTest@42e3ede4]" started-at="2025-12-07T11:00:46 EET" name="setup" finished-at="2025-12-07T11:00:55 EET" duration-ms="8587" status="PASS">
          <reporter-output>
          </reporter-output>
        </test-method> <!-- setup -->
        <test-method signature="testLogin(java.lang.String,java.lang.String,java.lang.String)[pri:0, instance:tests.LoginTest@42e3ede4]" started-at="2025-12-07T11:00:55 EET" name="testLogin" data-provider="loginData" finished-at="2025-12-07T11:00:55 EET" duration-ms="443" status="PASS">
          <params>
            <param index="0">
              <value>
                <![CDATA[locked_out_user]]>
              </value>
            </param>
            <param index="1">
              <value>
                <![CDATA[secret_sauce]]>
              </value>
            </param>
            <param index="2">
              <value>
                <![CDATA[Epic sadface: Sorry, this user has been locked out.]]>
              </value>
            </param>
          </params>
          <reporter-output>
          </reporter-output>
        </test-method> <!-- testLogin -->
        <test-method is-config="true" signature="teardown()[pri:0, instance:tests.LoginTest@42e3ede4]" started-at="2025-12-07T11:00:55 EET" name="teardown" finished-at="2025-12-07T11:00:59 EET" duration-ms="3737" status="PASS">
          <reporter-output>
          </reporter-output>
        </test-method> <!-- teardown -->
        <test-method is-config="true" signature="setup()[pri:0, instance:tests.LoginTest@42e3ede4]" started-at="2025-12-07T11:00:59 EET" name="setup" finished-at="2025-12-07T11:01:06 EET" duration-ms="7403" status="PASS">
          <reporter-output>
          </reporter-output>
        </test-method> <!-- setup -->
        <test-method signature="testLogin(java.lang.String,java.lang.String,java.lang.String)[pri:0, instance:tests.LoginTest@42e3ede4]" started-at="2025-12-07T11:01:06 EET" name="testLogin" data-provider="loginData" finished-at="2025-12-07T11:01:08 EET" duration-ms="1116" status="PASS">
          <params>
            <param index="0">
              <value>
                <![CDATA[problem_user]]>
              </value>
            </param>
            <param index="1">
              <value>
                <![CDATA[secret_sauce]]>
              </value>
            </param>
            <param index="2">
              <value is-null="true"/>
            </param>
          </params>
          <reporter-output>
          </reporter-output>
        </test-method> <!-- testLogin -->
        <test-method is-config="true" signature="teardown()[pri:0, instance:tests.LoginTest@42e3ede4]" started-at="2025-12-07T11:01:08 EET" name="teardown" finished-at="2025-12-07T11:01:12 EET" duration-ms="4344" status="PASS">
          <reporter-output>
          </reporter-output>
        </test-method> <!-- teardown -->
        <test-method is-config="true" signature="setup()[pri:0, instance:tests.LoginTest@42e3ede4]" started-at="2025-12-07T11:01:12 EET" name="setup" finished-at="2025-12-07T11:01:19 EET" duration-ms="6783" status="PASS">
          <reporter-output>
          </reporter-output>
        </test-method> <!-- setup -->
        <test-method signature="testLogin(java.lang.String,java.lang.String,java.lang.String)[pri:0, instance:tests.LoginTest@42e3ede4]" started-at="2025-12-07T11:01:19 EET" name="testLogin" data-provider="loginData" finished-at="2025-12-07T11:01:25 EET" duration-ms="6029" status="PASS">
          <params>
            <param index="0">
              <value>
                <![CDATA[performance_glitch_user]]>
              </value>
            </param>
            <param index="1">
              <value>
                <![CDATA[secret_sauce]]>
              </value>
            </param>
            <param index="2">
              <value is-null="true"/>
            </param>
          </params>
          <reporter-output>
          </reporter-output>
        </test-method> <!-- testLogin -->
        <test-method is-config="true" signature="teardown()[pri:0, instance:tests.LoginTest@42e3ede4]" started-at="2025-12-07T11:01:25 EET" name="teardown" finished-at="2025-12-07T11:01:28 EET" duration-ms="3158" status="PASS">
          <reporter-output>
          </reporter-output>
        </test-method> <!-- teardown -->
        <test-method is-config="true" signature="setup()[pri:0, instance:tests.LoginTest@42e3ede4]" started-at="2025-12-07T11:01:28 EET" name="setup" finished-at="2025-12-07T11:01:36 EET" duration-ms="8052" status="PASS">
          <reporter-output>
          </reporter-output>
        </test-method> <!-- setup -->
        <test-method signature="testLogin(java.lang.String,java.lang.String,java.lang.String)[pri:0, instance:tests.LoginTest@42e3ede4]" started-at="2025-12-07T11:01:36 EET" name="testLogin" data-provider="loginData" finished-at="2025-12-07T11:01:37 EET" duration-ms="1060" status="PASS">
          <params>
            <param index="0">
              <value>
                <![CDATA[error_user]]>
              </value>
            </param>
            <param index="1">
              <value>
                <![CDATA[secret_sauce]]>
              </value>
            </param>
            <param index="2">
              <value is-null="true"/>
            </param>
          </params>
          <reporter-output>
          </reporter-output>
        </test-method> <!-- testLogin -->
        <test-method is-config="true" signature="teardown()[pri:0, instance:tests.LoginTest@42e3ede4]" started-at="2025-12-07T11:01:37 EET" name="teardown" finished-at="2025-12-07T11:01:42 EET" duration-ms="4940" status="PASS">
          <reporter-output>
          </reporter-output>
        </test-method> <!-- teardown -->
        <test-method is-config="true" signature="setup()[pri:0, instance:tests.LoginTest@42e3ede4]" started-at="2025-12-07T11:01:42 EET" name="setup" finished-at="2025-12-07T11:01:50 EET" duration-ms="8295" status="PASS">
          <reporter-output>
          </reporter-output>
        </test-method> <!-- setup -->
        <test-method signature="testLogin(java.lang.String,java.lang.String,java.lang.String)[pri:0, instance:tests.LoginTest@42e3ede4]" started-at="2025-12-07T11:01:50 EET" name="testLogin" data-provider="loginData" finished-at="2025-12-07T11:01:51 EET" duration-ms="662" status="PASS">
          <params>
            <param index="0">
              <value>
                <![CDATA[visual_user]]>
              </value>
            </param>
            <param index="1">
              <value>
                <![CDATA[secret_sauce]]>
              </value>
            </param>
            <param index="2">
              <value is-null="true"/>
            </param>
          </params>
          <reporter-output>
          </reporter-output>
        </test-method> <!-- testLogin -->
        <test-method is-config="true" signature="teardown()[pri:0, instance:tests.LoginTest@42e3ede4]" started-at="2025-12-07T11:01:51 EET" name="teardown" finished-at="2025-12-07T11:01:53 EET" duration-ms="2509" status="PASS">
          <reporter-output>
          </reporter-output>
        </test-method> <!-- teardown -->
      </class> <!-- tests.LoginTest -->
    </test> <!-- Login Tests -->
    <test started-at="2025-12-07T10:59:48 EET" name="Inventory Tests" finished-at="2025-12-07T11:02:14 EET" duration-ms="145698">
      <class name="tests.InventoryTest">
        <test-method is-config="true" signature="setup()[pri:0, instance:tests.InventoryTest@749c877b]" started-at="2025-12-07T10:59:48 EET" name="setup" finished-at="2025-12-07T11:00:03 EET" duration-ms="14562" status="PASS">
          <reporter-output>
          </reporter-output>
        </test-method> <!-- setup -->
        <test-method signature="testInventoryItems(java.lang.String,java.lang.String)[pri:0, instance:tests.InventoryTest@749c877b]" started-at="2025-12-07T11:00:03 EET" name="testInventoryItems" data-provider="ValidLoginData" finished-at="2025-12-07T11:00:05 EET" duration-ms="1947" status="PASS">
          <params>
            <param index="0">
              <value>
                <![CDATA[standard_user]]>
              </value>
            </param>
            <param index="1">
              <value>
                <![CDATA[secret_sauce]]>
              </value>
            </param>
          </params>
          <reporter-output>
          </reporter-output>
        </test-method> <!-- testInventoryItems -->
        <test-method is-config="true" signature="teardown()[pri:0, instance:tests.InventoryTest@749c877b]" started-at="2025-12-07T11:00:05 EET" name="teardown" finished-at="2025-12-07T11:00:07 EET" duration-ms="2471" status="PASS">
          <reporter-output>
          </reporter-output>
        </test-method> <!-- teardown -->
        <test-method is-config="true" signature="setup()[pri:0, instance:tests.InventoryTest@749c877b]" started-at="2025-12-07T11:00:07 EET" name="setup" finished-at="2025-12-07T11:00:16 EET" duration-ms="9132" status="PASS">
          <reporter-output>
          </reporter-output>
        </test-method> <!-- setup -->
        <test-method signature="testInventoryItems(java.lang.String,java.lang.String)[pri:0, instance:tests.InventoryTest@749c877b]" started-at="2025-12-07T11:00:16 EET" name="testInventoryItems" data-provider="ValidLoginData" finished-at="2025-12-07T11:00:18 EET" duration-ms="1449" status="PASS">
          <params>
            <param index="0">
              <value>
                <![CDATA[problem_user]]>
              </value>
            </param>
            <param index="1">
              <value>
                <![CDATA[secret_sauce]]>
              </value>
            </param>
          </params>
          <reporter-output>
          </reporter-output>
        </test-method> <!-- testInventoryItems -->
        <test-method is-config="true" signature="teardown()[pri:0, instance:tests.InventoryTest@749c877b]" started-at="2025-12-07T11:00:18 EET" name="teardown" finished-at="2025-12-07T11:00:20 EET" duration-ms="1960" status="PASS">
          <reporter-output>
          </reporter-output>
        </test-method> <!-- teardown -->
        <test-method is-config="true" signature="setup()[pri:0, instance:tests.InventoryTest@749c877b]" started-at="2025-12-07T11:00:20 EET" name="setup" finished-at="2025-12-07T11:00:27 EET" duration-ms="7617" status="PASS">
          <reporter-output>
          </reporter-output>
        </test-method> <!-- setup -->
        <test-method signature="testInventoryItems(java.lang.String,java.lang.String)[pri:0, instance:tests.InventoryTest@749c877b]" started-at="2025-12-07T11:00:27 EET" name="testInventoryItems" data-provider="ValidLoginData" finished-at="2025-12-07T11:00:33 EET" duration-ms="6021" status="PASS">
          <params>
            <param index="0">
              <value>
                <![CDATA[performance_glitch_user]]>
              </value>
            </param>
            <param index="1">
              <value>
                <![CDATA[secret_sauce]]>
              </value>
            </param>
          </params>
          <reporter-output>
          </reporter-output>
        </test-method> <!-- testInventoryItems -->
        <test-method is-config="true" signature="teardown()[pri:0, instance:tests.InventoryTest@749c877b]" started-at="2025-12-07T11:00:33 EET" name="teardown" finished-at="2025-12-07T11:00:36 EET" duration-ms="3016" status="PASS">
          <reporter-output>
          </reporter-output>
        </test-method> <!-- teardown -->
        <test-method is-config="true" signature="setup()[pri:0, instance:tests.InventoryTest@749c877b]" started-at="2025-12-07T11:00:36 EET" name="setup" finished-at="2025-12-07T11:00:42 EET" duration-ms="5894" status="PASS">
          <reporter-output>
          </reporter-output>
        </test-method> <!-- setup -->
        <test-method signature="testInventoryItems(java.lang.String,java.lang.String)[pri:0, instance:tests.InventoryTest@749c877b]" started-at="2025-12-07T11:00:42 EET" name="testInventoryItems" data-provider="ValidLoginData" finished-at="2025-12-07T11:00:44 EET" duration-ms="1636" status="PASS">
          <params>
            <param index="0">
              <value>
                <![CDATA[error_user]]>
              </value>
            </param>
            <param index="1">
              <value>
                <![CDATA[secret_sauce]]>
              </value>
            </param>
          </params>
          <reporter-output>
          </reporter-output>
        </test-method> <!-- testInventoryItems -->
        <test-method is-config="true" signature="teardown()[pri:0, instance:tests.InventoryTest@749c877b]" started-at="2025-12-07T11:00:44 EET" name="teardown" finished-at="2025-12-07T11:00:46 EET" duration-ms="2156" status="PASS">
          <reporter-output>
          </reporter-output>
        </test-method> <!-- teardown -->
        <test-method is-config="true" signature="setup()[pri:0, instance:tests.InventoryTest@749c877b]" started-at="2025-12-07T11:00:46 EET" name="setup" finished-at="2025-12-07T11:00:56 EET" duration-ms="10471" status="PASS">
          <reporter-output>
          </reporter-output>
        </test-method> <!-- setup -->
        <test-method signature="testInventoryItems(java.lang.String,java.lang.String)[pri:0, instance:tests.InventoryTest@749c877b]" started-at="2025-12-07T11:00:56 EET" name="testInventoryItems" data-provider="ValidLoginData" finished-at="2025-12-07T11:00:57 EET" duration-ms="784" status="FAIL">
          <params>
            <param index="0">
              <value>
                <![CDATA[visual_user]]>
              </value>
            </param>
            <param index="1">
              <value>
                <![CDATA[secret_sauce]]>
              </value>
            </param>
          </params>
          <exception class="java.lang.AssertionError">
            <message>
              <![CDATA[The following asserts failed:
User : 'visual_user', The price of the product is incorrect for item 1 : Sauce Labs Backpack expected [$29.99] but found [$31.33],
User : 'visual_user', The price of the product is incorrect for item 2 : Sauce Labs Bike Light expected [$9.99] but found [$36.35],
User : 'visual_user', The price of the product is incorrect for item 3 : Sauce Labs Bolt T-Shirt expected [$15.99] but found [$64.48],
User : 'visual_user', The price of the product is incorrect for item 4 : Sauce Labs Fleece Jacket expected [$49.99] but found [$43.53],
User : 'visual_user', The price of the product is incorrect for item 5 : Sauce Labs Onesie expected [$7.99] but found [$94.58],
User : 'visual_user', The price of the product is incorrect for item 6 : Test.allTheThings() T-Shirt (Red) expected [$15.99] but found [$53.75]]]>
            </message>
            <full-stacktrace>
              <![CDATA[java.lang.AssertionError: The following asserts failed:
User : 'visual_user', The price of the product is incorrect for item 1 : Sauce Labs Backpack expected [$29.99] but found [$31.33],
User : 'visual_user', The price of the product is incorrect for item 2 : Sauce Labs Bike Light expected [$9.99] but found [$36.35],
User : 'visual_user', The price of the product is incorrect for item 3 : Sauce Labs Bolt T-Shirt expected [$15.99] but found [$64.48],
User : 'visual_user', The price of the product is incorrect for item 4 : Sauce Labs Fleece Jacket expected [$49.99] but found [$43.53],
User : 'visual_user', The price of the product is incorrect for item 5 : Sauce Labs Onesie expected [$7.99] but found [$94.58],
User : 'visual_user', The price of the product is incorrect for item 6 : Test.allTheThings() T-Shirt (Red) expected [$15.99] but found [$53.75]
at org.testng.asserts.SoftAssert.assertAll(SoftAssert.java:46)
at org.testng.asserts.SoftAssert.assertAll(SoftAssert.java:30)
at tests.InventoryTest.testInventoryItems(InventoryTest.java:89)
at java.base/jdk.internal.reflect.DirectMethodHandleAccessor.invoke(DirectMethodHandleAccessor.java:104)
at java.base/java.lang.reflect.Method.invoke(Method.java:565)
at org.testng.internal.invokers.MethodInvocationHelper.invokeMethod(MethodInvocationHelper.java:139)
at org.testng.internal.invokers.TestInvoker.invokeMethod(TestInvoker.java:677)
at org.testng.internal.invokers.TestInvoker.invokeTestMethod(TestInvoker.java:221)
at org.testng.internal.invokers.MethodRunner.runInSequence(MethodRunner.java:50)
at org.testng.internal.invokers.TestInvoker$MethodInvocationAgent.invoke(TestInvoker.java:969)
at org.testng.internal.invokers.TestInvoker.invokeTestMethods(TestInvoker.java:194)
at org.testng.internal.invokers.TestMethodWorker.invokeTestMethods(TestMethodWorker.java:148)
at org.testng.internal.invokers.TestMethodWorker.run(TestMethodWorker.java:128)
at java.base/java.util.ArrayList.forEach(ArrayList.java:1604)
at org.testng.TestRunner.privateRun(TestRunner.java:829)
at org.testng.TestRunner.run(TestRunner.java:602)
at org.testng.SuiteRunner.runTest(SuiteRunner.java:437)
at org.testng.SuiteRunner$SuiteWorker.run(SuiteRunner.java:475)
at org.testng.internal.thread.ThreadUtil.lambda$execute$0(ThreadUtil.java:58)
at java.base/java.util.concurrent.FutureTask.run(FutureTask.java:328)
at java.base/java.util.concurrent.ThreadPoolExecutor.runWorker(ThreadPoolExecutor.java:1090)
at java.base/java.util.concurrent.ThreadPoolExecutor$Worker.run(ThreadPoolExecutor.java:614)
at java.base/java.lang.Thread.run(Thread.java:1474)
]]>
            </full-stacktrace>
          </exception> <!-- java.lang.AssertionError -->
          <reporter-output>
          </reporter-output>
        </test-method> <!-- testInventoryItems -->
        <test-method is-config="true" signature="teardown()[pri:0, instance:tests.InventoryTest@749c877b]" started-at="2025-12-07T11:00:57 EET" name="teardown" finished-at="2025-12-07T11:01:00 EET" duration-ms="3222" status="PASS">
          <reporter-output>
          </reporter-output>
        </test-method> <!-- teardown -->
        <test-method is-config="true" signature="setup()[pri:0, instance:tests.InventoryTest@749c877b]" started-at="2025-12-07T11:01:00 EET" name="setup" finished-at="2025-12-07T11:01:09 EET" duration-ms="8988" status="PASS">
          <reporter-output>
          </reporter-output>
        </test-method> <!-- setup -->
        <test-method signature="test_Add_Remove_Item(java.lang.String,java.lang.String)[pri:0, instance:tests.InventoryTest@749c877b]" started-at="2025-12-07T11:01:09 EET" name="test_Add_Remove_Item" data-provider="ValidLoginData" finished-at="2025-12-07T11:01:12 EET" duration-ms="2684" status="PASS">
          <params>
            <param index="0">
              <value>
                <![CDATA[standard_user]]>
              </value>
            </param>
            <param index="1">
              <value>
                <![CDATA[secret_sauce]]>
              </value>
            </param>
          </params>
          <reporter-output>
          </reporter-output>
        </test-method> <!-- test_Add_Remove_Item -->
        <test-method is-config="true" signature="teardown()[pri:0, instance:tests.InventoryTest@749c877b]" started-at="2025-12-07T11:01:12 EET" name="teardown" finished-at="2025-12-07T11:01:14 EET" duration-ms="1963" status="PASS">
          <reporter-output>
          </reporter-output>
        </test-method> <!-- teardown -->
        <test-method is-config="true" signature="setup()[pri:0, instance:tests.InventoryTest@749c877b]" started-at="2025-12-07T11:01:14 EET" name="setup" finished-at="2025-12-07T11:01:21 EET" duration-ms="7067" status="PASS">
          <reporter-output>
          </reporter-output>
        </test-method> <!-- setup -->
        <test-method signature="test_Add_Remove_Item(java.lang.String,java.lang.String)[pri:0, instance:tests.InventoryTest@749c877b]" started-at="2025-12-07T11:01:21 EET" name="test_Add_Remove_Item" data-provider="ValidLoginData" finished-at="2025-12-07T11:01:25 EET" duration-ms="3984" status="FAIL">
          <params>
            <param index="0">
              <value>
                <![CDATA[problem_user]]>
              </value>
            </param>
            <param index="1">
              <value>
                <![CDATA[secret_sauce]]>
              </value>
            </param>
          </params>
          <exception class="java.lang.AssertionError">
            <message>
              <![CDATA[The following asserts failed:
User : 'problem_user', Sauce Labs Bolt T-Shirt: remove form cart button unclickable.,
User : 'problem_user', Sauce Labs Fleece Jacket: remove form cart button unclickable.,
User : 'problem_user', Test.allTheThings() T-Shirt (Red): remove form cart button unclickable.]]>
            </message>
            <full-stacktrace>
              <![CDATA[java.lang.AssertionError: The following asserts failed:
User : 'problem_user', Sauce Labs Bolt T-Shirt: remove form cart button unclickable.,
User : 'problem_user', Sauce Labs Fleece Jacket: remove form cart button unclickable.,
User : 'problem_user', Test.allTheThings() T-Shirt (Red): remove form cart button unclickable.
at org.testng.asserts.SoftAssert.assertAll(SoftAssert.java:46)
at org.testng.asserts.SoftAssert.assertAll(SoftAssert.java:30)
at tests.InventoryTest.test_Add_Remove_Item(InventoryTest.java:52)
at java.base/jdk.internal.reflect.DirectMethodHandleAccessor.invoke(DirectMethodHandleAccessor.java:104)
at java.base/java.lang.reflect.Method.invoke(Method.java:565)
at org.testng.internal.invokers.MethodInvocationHelper.invokeMethod(MethodInvocationHelper.java:139)
at org.testng.internal.invokers.TestInvoker.invokeMethod(TestInvoker.java:677)
at org.testng.internal.invokers.TestInvoker.invokeTestMethod(TestInvoker.java:221)
at org.testng.internal.invokers.MethodRunner.runInSequence(MethodRunner.java:50)
at org.testng.internal.invokers.TestInvoker$MethodInvocationAgent.invoke(TestInvoker.java:969)
at org.testng.internal.invokers.TestInvoker.invokeTestMethods(TestInvoker.java:194)
at org.testng.internal.invokers.TestMethodWorker.invokeTestMethods(TestMethodWorker.java:148)
at org.testng.internal.invokers.TestMethodWorker.run(TestMethodWorker.java:128)
at java.base/java.util.ArrayList.forEach(ArrayList.java:1604)
at org.testng.TestRunner.privateRun(TestRunner.java:829)
at org.testng.TestRunner.run(TestRunner.java:602)
at org.testng.SuiteRunner.runTest(SuiteRunner.java:437)
at org.testng.SuiteRunner$SuiteWorker.run(SuiteRunner.java:475)
at org.testng.internal.thread.ThreadUtil.lambda$execute$0(ThreadUtil.java:58)
at java.base/java.util.concurrent.FutureTask.run(FutureTask.java:328)
at java.base/java.util.concurrent.ThreadPoolExecutor.runWorker(ThreadPoolExecutor.java:1090)
at java.base/java.util.concurrent.ThreadPoolExecutor$Worker.run(ThreadPoolExecutor.java:614)
at java.base/java.lang.Thread.run(Thread.java:1474)
]]>
            </full-stacktrace>
          </exception> <!-- java.lang.AssertionError -->
          <reporter-output>
          </reporter-output>
        </test-method> <!-- test_Add_Remove_Item -->
        <test-method is-config="true" signature="teardown()[pri:0, instance:tests.InventoryTest@749c877b]" started-at="2025-12-07T11:01:25 EET" name="teardown" finished-at="2025-12-07T11:01:28 EET" duration-ms="2763" status="PASS">
          <reporter-output>
          </reporter-output>
        </test-method> <!-- teardown -->
        <test-method is-config="true" signature="setup()[pri:0, instance:tests.InventoryTest@749c877b]" started-at="2025-12-07T11:01:28 EET" name="setup" finished-at="2025-12-07T11:01:38 EET" duration-ms="10506" status="PASS">
          <reporter-output>
          </reporter-output>
        </test-method> <!-- setup -->
        <test-method signature="test_Add_Remove_Item(java.lang.String,java.lang.String)[pri:0, instance:tests.InventoryTest@749c877b]" started-at="2025-12-07T11:01:38 EET" name="test_Add_Remove_Item" data-provider="ValidLoginData" finished-at="2025-12-07T11:01:47 EET" duration-ms="8380" status="PASS">
          <params>
            <param index="0">
              <value>
                <![CDATA[performance_glitch_user]]>
              </value>
            </param>
            <param index="1">
              <value>
                <![CDATA[secret_sauce]]>
              </value>
            </param>
          </params>
          <reporter-output>
          </reporter-output>
        </test-method> <!-- test_Add_Remove_Item -->
        <test-method is-config="true" signature="teardown()[pri:0, instance:tests.InventoryTest@749c877b]" started-at="2025-12-07T11:01:47 EET" name="teardown" finished-at="2025-12-07T11:01:50 EET" duration-ms="3244" status="PASS">
          <reporter-output>
          </reporter-output>
        </test-method> <!-- teardown -->
        <test-method is-config="true" signature="setup()[pri:0, instance:tests.InventoryTest@749c877b]" started-at="2025-12-07T11:01:50 EET" name="setup" finished-at="2025-12-07T11:01:56 EET" duration-ms="6381" status="PASS">
          <reporter-output>
          </reporter-output>
        </test-method> <!-- setup -->
        <test-method signature="test_Add_Remove_Item(java.lang.String,java.lang.String)[pri:0, instance:tests.InventoryTest@749c877b]" started-at="2025-12-07T11:01:56 EET" name="test_Add_Remove_Item" data-provider="ValidLoginData" finished-at="2025-12-07T11:01:58 EET" duration-ms="1296" status="FAIL">
          <params>
            <param index="0">
              <value>
                <![CDATA[error_user]]>
              </value>
            </param>
            <param index="1">
              <value>
                <![CDATA[secret_sauce]]>
              </value>
            </param>
          </params>
          <exception class="java.lang.AssertionError">
            <message>
              <![CDATA[The following asserts failed:
User : 'error_user', Sauce Labs Bolt T-Shirt: remove form cart button unclickable.,
User : 'error_user', Sauce Labs Fleece Jacket: remove form cart button unclickable.,
User : 'error_user', Test.allTheThings() T-Shirt (Red): remove form cart button unclickable.]]>
            </message>
            <full-stacktrace>
              <![CDATA[java.lang.AssertionError: The following asserts failed:
User : 'error_user', Sauce Labs Bolt T-Shirt: remove form cart button unclickable.,
User : 'error_user', Sauce Labs Fleece Jacket: remove form cart button unclickable.,
User : 'error_user', Test.allTheThings() T-Shirt (Red): remove form cart button unclickable.
at org.testng.asserts.SoftAssert.assertAll(SoftAssert.java:46)
at org.testng.asserts.SoftAssert.assertAll(SoftAssert.java:30)
at tests.InventoryTest.test_Add_Remove_Item(InventoryTest.java:52)
at java.base/jdk.internal.reflect.DirectMethodHandleAccessor.invoke(DirectMethodHandleAccessor.java:104)
at java.base/java.lang.reflect.Method.invoke(Method.java:565)
at org.testng.internal.invokers.MethodInvocationHelper.invokeMethod(MethodInvocationHelper.java:139)
at org.testng.internal.invokers.TestInvoker.invokeMethod(TestInvoker.java:677)
at org.testng.internal.invokers.TestInvoker.invokeTestMethod(TestInvoker.java:221)
at org.testng.internal.invokers.MethodRunner.runInSequence(MethodRunner.java:50)
at org.testng.internal.invokers.TestInvoker$MethodInvocationAgent.invoke(TestInvoker.java:969)
at org.testng.internal.invokers.TestInvoker.invokeTestMethods(TestInvoker.java:194)
at org.testng.internal.invokers.TestMethodWorker.invokeTestMethods(TestMethodWorker.java:148)
at org.testng.internal.invokers.TestMethodWorker.run(TestMethodWorker.java:128)
at java.base/java.util.ArrayList.forEach(ArrayList.java:1604)
at org.testng.TestRunner.privateRun(TestRunner.java:829)
at org.testng.TestRunner.run(TestRunner.java:602)
at org.testng.SuiteRunner.runTest(SuiteRunner.java:437)
at org.testng.SuiteRunner$SuiteWorker.run(SuiteRunner.java:475)
at org.testng.internal.thread.ThreadUtil.lambda$execute$0(ThreadUtil.java:58)
at java.base/java.util.concurrent.FutureTask.run(FutureTask.java:328)
at java.base/java.util.concurrent.ThreadPoolExecutor.runWorker(ThreadPoolExecutor.java:1090)
at java.base/java.util.concurrent.ThreadPoolExecutor$Worker.run(ThreadPoolExecutor.java:614)
at java.base/java.lang.Thread.run(Thread.java:1474)
]]>
            </full-stacktrace>
          </exception> <!-- java.lang.AssertionError -->
          <reporter-output>
          </reporter-output>
        </test-method> <!-- test_Add_Remove_Item -->
        <test-method is-config="true" signature="teardown()[pri:0, instance:tests.InventoryTest@749c877b]" started-at="2025-12-07T11:01:58 EET" name="teardown" finished-at="2025-12-07T11:02:00 EET" duration-ms="2240" status="PASS">
          <reporter-output>
          </reporter-output>
        </test-method> <!-- teardown -->
        <test-method is-config="true" signature="setup()[pri:0, instance:tests.InventoryTest@749c877b]" started-at="2025-12-07T11:02:00 EET" name="setup" finished-at="2025-12-07T11:02:10 EET" duration-ms="9938" status="PASS">
          <reporter-output>
          </reporter-output>
        </test-method> <!-- setup -->
        <test-method signature="test_Add_Remove_Item(java.lang.String,java.lang.String)[pri:0, instance:tests.InventoryTest@749c877b]" started-at="2025-12-07T11:02:10 EET" name="test_Add_Remove_Item" data-provider="ValidLoginData" finished-at="2025-12-07T11:02:12 EET" duration-ms="1906" status="PASS">
          <params>
            <param index="0">
              <value>
                <![CDATA[visual_user]]>
              </value>
            </param>
            <param index="1">
              <value>
                <![CDATA[secret_sauce]]>
              </value>
            </param>
          </params>
          <reporter-output>
          </reporter-output>
        </test-method> <!-- test_Add_Remove_Item -->
        <test-method is-config="true" signature="teardown()[pri:0, instance:tests.InventoryTest@749c877b]" started-at="2025-12-07T11:02:12 EET" name="teardown" finished-at="2025-12-07T11:02:14 EET" duration-ms="1806" status="PASS">
          <reporter-output>
          </reporter-output>
        </test-method> <!-- teardown -->
      </class> <!-- tests.InventoryTest -->
    </test> <!-- Inventory Tests -->
    <test started-at="2025-12-07T11:01:54 EET" name="Cart Tests" finished-at="2025-12-07T11:04:34 EET" duration-ms="160343">
      <class name="tests.CartTest">
        <test-method is-config="true" signature="setup()[pri:0, instance:tests.CartTest@6c6c5427]" started-at="2025-12-07T11:01:54 EET" name="setup" finished-at="2025-12-07T11:02:00 EET" duration-ms="6462" status="PASS">
          <reporter-output>
          </reporter-output>
        </test-method> <!-- setup -->
        <test-method signature="verifyAddRemoveItemFromCart(java.lang.String,java.lang.String)[pri:0, instance:tests.CartTest@6c6c5427]" started-at="2025-12-07T11:02:00 EET" name="verifyAddRemoveItemFromCart" data-provider="ValidLoginData" finished-at="2025-12-07T11:02:10 EET" duration-ms="9922" status="PASS">
          <params>
            <param index="0">
              <value>
                <![CDATA[standard_user]]>
              </value>
            </param>
            <param index="1">
              <value>
                <![CDATA[secret_sauce]]>
              </value>
            </param>
          </params>
          <reporter-output>
          </reporter-output>
        </test-method> <!-- verifyAddRemoveItemFromCart -->
        <test-method is-config="true" signature="teardown()[pri:0, instance:tests.CartTest@6c6c5427]" started-at="2025-12-07T11:02:10 EET" name="teardown" finished-at="2025-12-07T11:02:12 EET" duration-ms="2198" status="PASS">
          <reporter-output>
          </reporter-output>
        </test-method> <!-- teardown -->
        <test-method is-config="true" signature="setup()[pri:0, instance:tests.CartTest@6c6c5427]" started-at="2025-12-07T11:02:12 EET" name="setup" finished-at="2025-12-07T11:02:22 EET" duration-ms="9453" status="PASS">
          <reporter-output>
          </reporter-output>
        </test-method> <!-- setup -->
        <test-method signature="verifyAddRemoveItemFromCart(java.lang.String,java.lang.String)[pri:0, instance:tests.CartTest@6c6c5427]" started-at="2025-12-07T11:02:22 EET" name="verifyAddRemoveItemFromCart" data-provider="ValidLoginData" finished-at="2025-12-07T11:02:33 EET" duration-ms="11044" status="FAIL">
          <params>
            <param index="0">
              <value>
                <![CDATA[problem_user]]>
              </value>
            </param>
            <param index="1">
              <value>
                <![CDATA[secret_sauce]]>
              </value>
            </param>
          </params>
          <exception class="java.lang.AssertionError">
            <message>
              <![CDATA[The following asserts failed:
User : 'problem_user', The product: Sauce Labs Bolt T-Shirt, Add to Cart test failed: badge count did not decrease expected [true] but found [false],
User : 'problem_user', The product: Sauce Labs Bolt T-Shirt name does not match the expected name. expected [Sauce Labs Bolt T-Shirt] but found [Sauce Labs Bike Light],
User : 'problem_user', The product: Sauce Labs Bolt T-Shirt description does not match the expected description. expected [Get your testing superhero on with the Sauce Labs bolt T-shirt. From American Apparel, 100% ringspun combed cotton, heather gray with red bolt.] but found [A red light isn't the desired state in testing but it sure helps when riding your bike at night. Water-resistant with 3 lighting modes, 1 AAA battery included.],
User : 'problem_user',The product: Sauce Labs Bolt T-Shirt price does not match the expected price. expected [$15.99] but found [$9.99],
User : 'problem_user', The product: Sauce Labs Fleece Jacket, Add to Cart test failed: badge count did not decrease expected [true] but found [false],
User : 'problem_user', The product: Sauce Labs Fleece Jacket name does not match the expected name. expected [Sauce Labs Fleece Jacket] but found [Sauce Labs Bike Light],
User : 'problem_user', The product: Sauce Labs Fleece Jacket description does not match the expected description. expected [It's not every day that you come across a midweight quarter-zip fleece jacket capable of handling everything from a relaxing day outdoors to a busy day at the office.] but found [A red light isn't the desired state in testing but it sure helps when riding your bike at night. Water-resistant with 3 lighting modes, 1 AAA battery included.],
User : 'problem_user',The product: Sauce Labs Fleece Jacket price does not match the expected price. expected [$49.99] but found [$9.99],
User : 'problem_user', The product: Test.allTheThings() T-Shirt (Red), Add to Cart test failed: badge count did not decrease expected [true] but found [false],
User : 'problem_user', The product: Test.allTheThings() T-Shirt (Red) name does not match the expected name. expected [Test.allTheThings() T-Shirt (Red)] but found [Sauce Labs Onesie],
User : 'problem_user', The product: Test.allTheThings() T-Shirt (Red) description does not match the expected description. expected [This classic Sauce Labs t-shirt is perfect to wear when cozying up to your keyboard to automate a few tests. Super-soft and comfy ringspun combed cotton.] but found [Rib snap infant onesie for the junior automation engineer in development. Reinforced 3-snap bottom closure, two-needle hemmed sleeved and bottom won't unravel.],
User : 'problem_user',The product: Test.allTheThings() T-Shirt (Red) price does not match the expected price. expected [$15.99] but found [$7.99],
User : 'problem_user', The product: Sauce Labs Backpack, Add to Cart test failed: badge count did not decrease expected [true] but found [false],
User : 'problem_user', The product Sauce Labs Backpack was not removed from the cart. expected [false] but found [true],
User : 'problem_user', The product: Sauce Labs Bike Light, Add to Cart test failed: badge count did not decrease expected [true] but found [false],
User : 'problem_user', The product Sauce Labs Bike Light was not removed from the cart. expected [false] but found [true],
User : 'problem_user', The product: Sauce Labs Bolt T-Shirt, Add to Cart test failed: badge count did not decrease expected [true] but found [false],
User : 'problem_user', The product: Sauce Labs Fleece Jacket, Add to Cart test failed: badge count did not decrease expected [true] but found [false],
User : 'problem_user', The product: Sauce Labs Onesie, Add to Cart test failed: badge count did not decrease expected [true] but found [false],
User : 'problem_user', The product Sauce Labs Onesie was not removed from the cart. expected [false] but found [true],
User : 'problem_user', The product: Test.allTheThings() T-Shirt (Red), Add to Cart test failed: badge count did not decrease expected [true] but found [false]]]>
            </message>
            <full-stacktrace>
              <![CDATA[java.lang.AssertionError: The following asserts failed:
User : 'problem_user', The product: Sauce Labs Bolt T-Shirt, Add to Cart test failed: badge count did not decrease expected [true] but found [false],
User : 'problem_user', The product: Sauce Labs Bolt T-Shirt name does not match the expected name. expected [Sauce Labs Bolt T-Shirt] but found [Sauce Labs Bike Light],
User : 'problem_user', The product: Sauce Labs Bolt T-Shirt description does not match the expected description. expected [Get your testing superhero on with the Sauce Labs bolt T-shirt. From American Apparel, 100% ringspun combed cotton, heather gray with red bolt.] but found [A red light isn't the desired state in testing but it sure helps when riding your bike at night. Water-resistant with 3 lighting modes, 1 AAA battery included.],
User : 'problem_user',The product: Sauce Labs Bolt T-Shirt price does not match the expected price. expected [$15.99] but found [$9.99],
User : 'problem_user', The product: Sauce Labs Fleece Jacket, Add to Cart test failed: badge count did not decrease expected [true] but found [false],
User : 'problem_user', The product: Sauce Labs Fleece Jacket name does not match the expected name. expected [Sauce Labs Fleece Jacket] but found [Sauce Labs Bike Light],
User : 'problem_user', The product: Sauce Labs Fleece Jacket description does not match the expected description. expected [It's not every day that you come across a midweight quarter-zip fleece jacket capable of handling everything from a relaxing day outdoors to a busy day at the office.] but found [A red light isn't the desired state in testing but it sure helps when riding your bike at night. Water-resistant with 3 lighting modes, 1 AAA battery included.],
User : 'problem_user',The product: Sauce Labs Fleece Jacket price does not match the expected price. expected [$49.99] but found [$9.99],
User : 'problem_user', The product: Test.allTheThings() T-Shirt (Red), Add to Cart test failed: badge count did not decrease expected [true] but found [false],
User : 'problem_user', The product: Test.allTheThings() T-Shirt (Red) name does not match the expected name. expected [Test.allTheThings() T-Shirt (Red)] but found [Sauce Labs Onesie],
User : 'problem_user', The product: Test.allTheThings() T-Shirt (Red) description does not match the expected description. expected [This classic Sauce Labs t-shirt is perfect to wear when cozying up to your keyboard to automate a few tests. Super-soft and comfy ringspun combed cotton.] but found [Rib snap infant onesie for the junior automation engineer in development. Reinforced 3-snap bottom closure, two-needle hemmed sleeved and bottom won't unravel.],
User : 'problem_user',The product: Test.allTheThings() T-Shirt (Red) price does not match the expected price. expected [$15.99] but found [$7.99],
User : 'problem_user', The product: Sauce Labs Backpack, Add to Cart test failed: badge count did not decrease expected [true] but found [false],
User : 'problem_user', The product Sauce Labs Backpack was not removed from the cart. expected [false] but found [true],
User : 'problem_user', The product: Sauce Labs Bike Light, Add to Cart test failed: badge count did not decrease expected [true] but found [false],
User : 'problem_user', The product Sauce Labs Bike Light was not removed from the cart. expected [false] but found [true],
User : 'problem_user', The product: Sauce Labs Bolt T-Shirt, Add to Cart test failed: badge count did not decrease expected [true] but found [false],
User : 'problem_user', The product: Sauce Labs Fleece Jacket, Add to Cart test failed: badge count did not decrease expected [true] but found [false],
User : 'problem_user', The product: Sauce Labs Onesie, Add to Cart test failed: badge count did not decrease expected [true] but found [false],
User : 'problem_user', The product Sauce Labs Onesie was not removed from the cart. expected [false] but found [true],
User : 'problem_user', The product: Test.allTheThings() T-Shirt (Red), Add to Cart test failed: badge count did not decrease expected [true] but found [false]
at org.testng.asserts.SoftAssert.assertAll(SoftAssert.java:46)
at org.testng.asserts.SoftAssert.assertAll(SoftAssert.java:30)
at tests.CartTest.verifyAddRemoveItemFromCart(CartTest.java:107)
at java.base/jdk.internal.reflect.DirectMethodHandleAccessor.invoke(DirectMethodHandleAccessor.java:104)
at java.base/java.lang.reflect.Method.invoke(Method.java:565)
at org.testng.internal.invokers.MethodInvocationHelper.invokeMethod(MethodInvocationHelper.java:139)
at org.testng.internal.invokers.TestInvoker.invokeMethod(TestInvoker.java:677)
at org.testng.internal.invokers.TestInvoker.invokeTestMethod(TestInvoker.java:221)
at org.testng.internal.invokers.MethodRunner.runInSequence(MethodRunner.java:50)
at org.testng.internal.invokers.TestInvoker$MethodInvocationAgent.invoke(TestInvoker.java:969)
at org.testng.internal.invokers.TestInvoker.invokeTestMethods(TestInvoker.java:194)
at org.testng.internal.invokers.TestMethodWorker.invokeTestMethods(TestMethodWorker.java:148)
at org.testng.internal.invokers.TestMethodWorker.run(TestMethodWorker.java:128)
at java.base/java.util.ArrayList.forEach(ArrayList.java:1604)
at org.testng.TestRunner.privateRun(TestRunner.java:829)
at org.testng.TestRunner.run(TestRunner.java:602)
at org.testng.SuiteRunner.runTest(SuiteRunner.java:437)
at org.testng.SuiteRunner$SuiteWorker.run(SuiteRunner.java:475)
at org.testng.internal.thread.ThreadUtil.lambda$execute$0(ThreadUtil.java:58)
at java.base/java.util.concurrent.FutureTask.run(FutureTask.java:328)
at java.base/java.util.concurrent.ThreadPoolExecutor.runWorker(ThreadPoolExecutor.java:1090)
at java.base/java.util.concurrent.ThreadPoolExecutor$Worker.run(ThreadPoolExecutor.java:614)
at java.base/java.lang.Thread.run(Thread.java:1474)
]]>
            </full-stacktrace>
          </exception> <!-- java.lang.AssertionError -->
          <reporter-output>
          </reporter-output>
        </test-method> <!-- verifyAddRemoveItemFromCart -->
        <test-method is-config="true" signature="teardown()[pri:0, instance:tests.CartTest@6c6c5427]" started-at="2025-12-07T11:02:33 EET" name="teardown" finished-at="2025-12-07T11:02:35 EET" duration-ms="2350" status="PASS">
          <reporter-output>
          </reporter-output>
        </test-method> <!-- teardown -->
        <test-method is-config="true" signature="setup()[pri:0, instance:tests.CartTest@6c6c5427]" started-at="2025-12-07T11:02:35 EET" name="setup" finished-at="2025-12-07T11:02:44 EET" duration-ms="9119" status="PASS">
          <reporter-output>
          </reporter-output>
        </test-method> <!-- setup -->
        <test-method signature="verifyAddRemoveItemFromCart(java.lang.String,java.lang.String)[pri:0, instance:tests.CartTest@6c6c5427]" started-at="2025-12-07T11:02:44 EET" name="verifyAddRemoveItemFromCart" data-provider="ValidLoginData" finished-at="2025-12-07T11:03:57 EET" duration-ms="72877" status="PASS">
          <params>
            <param index="0">
              <value>
                <![CDATA[performance_glitch_user]]>
              </value>
            </param>
            <param index="1">
              <value>
                <![CDATA[secret_sauce]]>
              </value>
            </param>
          </params>
          <reporter-output>
          </reporter-output>
        </test-method> <!-- verifyAddRemoveItemFromCart -->
        <test-method is-config="true" signature="teardown()[pri:0, instance:tests.CartTest@6c6c5427]" started-at="2025-12-07T11:03:57 EET" name="teardown" finished-at="2025-12-07T11:04:00 EET" duration-ms="2498" status="PASS">
          <reporter-output>
          </reporter-output>
        </test-method> <!-- teardown -->
        <test-method is-config="true" signature="setup()[pri:0, instance:tests.CartTest@6c6c5427]" started-at="2025-12-07T11:04:00 EET" name="setup" finished-at="2025-12-07T11:04:06 EET" duration-ms="6302" status="PASS">
          <reporter-output>
          </reporter-output>
        </test-method> <!-- setup -->
        <test-method signature="verifyAddRemoveItemFromCart(java.lang.String,java.lang.String)[pri:0, instance:tests.CartTest@6c6c5427]" started-at="2025-12-07T11:04:06 EET" name="verifyAddRemoveItemFromCart" data-provider="ValidLoginData" finished-at="2025-12-07T11:04:14 EET" duration-ms="7740" status="FAIL">
          <params>
            <param index="0">
              <value>
                <![CDATA[error_user]]>
              </value>
            </param>
            <param index="1">
              <value>
                <![CDATA[secret_sauce]]>
              </value>
            </param>
          </params>
          <exception class="java.lang.AssertionError">
            <message>
              <![CDATA[The following asserts failed:
User : 'error_user', The product: Sauce Labs Bolt T-Shirt, Add to Cart test failed: badge count did not decrease expected [true] but found [false],
User : 'error_user', The product: Sauce Labs Bolt T-Shirt name does not match the expected name. expected [Sauce Labs Bolt T-Shirt] but found [Sauce Labs Bike Light],
User : 'error_user', The product: Sauce Labs Bolt T-Shirt description does not match the expected description. expected [Get your testing superhero on with the Sauce Labs bolt T-shirt. From American Apparel, 100% ringspun combed cotton, heather gray with red bolt.] but found [A red light isn't the desired state in testing but it sure helps when riding your bike at night. Water-resistant with 3 lighting modes, 1 AAA battery included.],
User : 'error_user',The product: Sauce Labs Bolt T-Shirt price does not match the expected price. expected [$15.99] but found [$9.99],
User : 'error_user', The product: Sauce Labs Fleece Jacket, Add to Cart test failed: badge count did not decrease expected [true] but found [false],
User : 'error_user', The product: Sauce Labs Fleece Jacket name does not match the expected name. expected [Sauce Labs Fleece Jacket] but found [Sauce Labs Bike Light],
User : 'error_user', The product: Sauce Labs Fleece Jacket description does not match the expected description. expected [It's not every day that you come across a midweight quarter-zip fleece jacket capable of handling everything from a relaxing day outdoors to a busy day at the office.] but found [A red light isn't the desired state in testing but it sure helps when riding your bike at night. Water-resistant with 3 lighting modes, 1 AAA battery included.],
User : 'error_user',The product: Sauce Labs Fleece Jacket price does not match the expected price. expected [$49.99] but found [$9.99],
User : 'error_user', The product: Test.allTheThings() T-Shirt (Red), Add to Cart test failed: badge count did not decrease expected [true] but found [false],
User : 'error_user', The product: Test.allTheThings() T-Shirt (Red) name does not match the expected name. expected [Test.allTheThings() T-Shirt (Red)] but found [Sauce Labs Onesie],
User : 'error_user', The product: Test.allTheThings() T-Shirt (Red) description does not match the expected description. expected [This classic Sauce Labs t-shirt is perfect to wear when cozying up to your keyboard to automate a few tests. Super-soft and comfy ringspun combed cotton.] but found [Rib snap infant onesie for the junior automation engineer in development. Reinforced 3-snap bottom closure, two-needle hemmed sleeved and bottom won't unravel.],
User : 'error_user',The product: Test.allTheThings() T-Shirt (Red) price does not match the expected price. expected [$15.99] but found [$7.99],
User : 'error_user', The product: Sauce Labs Backpack, Add to Cart test failed: badge count did not decrease expected [true] but found [false],
User : 'error_user', The product Sauce Labs Backpack was not removed from the cart. expected [false] but found [true],
User : 'error_user', The product: Sauce Labs Bike Light, Add to Cart test failed: badge count did not decrease expected [true] but found [false],
User : 'error_user', The product Sauce Labs Bike Light was not removed from the cart. expected [false] but found [true],
User : 'error_user', The product: Sauce Labs Bolt T-Shirt, Add to Cart test failed: badge count did not decrease expected [true] but found [false],
User : 'error_user', The product: Sauce Labs Fleece Jacket, Add to Cart test failed: badge count did not decrease expected [true] but found [false],
User : 'error_user', The product: Sauce Labs Onesie, Add to Cart test failed: badge count did not decrease expected [true] but found [false],
User : 'error_user', The product Sauce Labs Onesie was not removed from the cart. expected [false] but found [true],
User : 'error_user', The product: Test.allTheThings() T-Shirt (Red), Add to Cart test failed: badge count did not decrease expected [true] but found [false]]]>
            </message>
            <full-stacktrace>
              <![CDATA[java.lang.AssertionError: The following asserts failed:
User : 'error_user', The product: Sauce Labs Bolt T-Shirt, Add to Cart test failed: badge count did not decrease expected [true] but found [false],
User : 'error_user', The product: Sauce Labs Bolt T-Shirt name does not match the expected name. expected [Sauce Labs Bolt T-Shirt] but found [Sauce Labs Bike Light],
User : 'error_user', The product: Sauce Labs Bolt T-Shirt description does not match the expected description. expected [Get your testing superhero on with the Sauce Labs bolt T-shirt. From American Apparel, 100% ringspun combed cotton, heather gray with red bolt.] but found [A red light isn't the desired state in testing but it sure helps when riding your bike at night. Water-resistant with 3 lighting modes, 1 AAA battery included.],
User : 'error_user',The product: Sauce Labs Bolt T-Shirt price does not match the expected price. expected [$15.99] but found [$9.99],
User : 'error_user', The product: Sauce Labs Fleece Jacket, Add to Cart test failed: badge count did not decrease expected [true] but found [false],
User : 'error_user', The product: Sauce Labs Fleece Jacket name does not match the expected name. expected [Sauce Labs Fleece Jacket] but found [Sauce Labs Bike Light],
User : 'error_user', The product: Sauce Labs Fleece Jacket description does not match the expected description. expected [It's not every day that you come across a midweight quarter-zip fleece jacket capable of handling everything from a relaxing day outdoors to a busy day at the office.] but found [A red light isn't the desired state in testing but it sure helps when riding your bike at night. Water-resistant with 3 lighting modes, 1 AAA battery included.],
User : 'error_user',The product: Sauce Labs Fleece Jacket price does not match the expected price. expected [$49.99] but found [$9.99],
User : 'error_user', The product: Test.allTheThings() T-Shirt (Red), Add to Cart test failed: badge count did not decrease expected [true] but found [false],
User : 'error_user', The product: Test.allTheThings() T-Shirt (Red) name does not match the expected name. expected [Test.allTheThings() T-Shirt (Red)] but found [Sauce Labs Onesie],
User : 'error_user', The product: Test.allTheThings() T-Shirt (Red) description does not match the expected description. expected [This classic Sauce Labs t-shirt is perfect to wear when cozying up to your keyboard to automate a few tests. Super-soft and comfy ringspun combed cotton.] but found [Rib snap infant onesie for the junior automation engineer in development. Reinforced 3-snap bottom closure, two-needle hemmed sleeved and bottom won't unravel.],
User : 'error_user',The product: Test.allTheThings() T-Shirt (Red) price does not match the expected price. expected [$15.99] but found [$7.99],
User : 'error_user', The product: Sauce Labs Backpack, Add to Cart test failed: badge count did not decrease expected [true] but found [false],
User : 'error_user', The product Sauce Labs Backpack was not removed from the cart. expected [false] but found [true],
User : 'error_user', The product: Sauce Labs Bike Light, Add to Cart test failed: badge count did not decrease expected [true] but found [false],
User : 'error_user', The product Sauce Labs Bike Light was not removed from the cart. expected [false] but found [true],
User : 'error_user', The product: Sauce Labs Bolt T-Shirt, Add to Cart test failed: badge count did not decrease expected [true] but found [false],
User : 'error_user', The product: Sauce Labs Fleece Jacket, Add to Cart test failed: badge count did not decrease expected [true] but found [false],
User : 'error_user', The product: Sauce Labs Onesie, Add to Cart test failed: badge count did not decrease expected [true] but found [false],
User : 'error_user', The product Sauce Labs Onesie was not removed from the cart. expected [false] but found [true],
User : 'error_user', The product: Test.allTheThings() T-Shirt (Red), Add to Cart test failed: badge count did not decrease expected [true] but found [false]
at org.testng.asserts.SoftAssert.assertAll(SoftAssert.java:46)
at org.testng.asserts.SoftAssert.assertAll(SoftAssert.java:30)
at tests.CartTest.verifyAddRemoveItemFromCart(CartTest.java:107)
at java.base/jdk.internal.reflect.DirectMethodHandleAccessor.invoke(DirectMethodHandleAccessor.java:104)
at java.base/java.lang.reflect.Method.invoke(Method.java:565)
at org.testng.internal.invokers.MethodInvocationHelper.invokeMethod(MethodInvocationHelper.java:139)
at org.testng.internal.invokers.TestInvoker.invokeMethod(TestInvoker.java:677)
at org.testng.internal.invokers.TestInvoker.invokeTestMethod(TestInvoker.java:221)
at org.testng.internal.invokers.MethodRunner.runInSequence(MethodRunner.java:50)
at org.testng.internal.invokers.TestInvoker$MethodInvocationAgent.invoke(TestInvoker.java:969)
at org.testng.internal.invokers.TestInvoker.invokeTestMethods(TestInvoker.java:194)
at org.testng.internal.invokers.TestMethodWorker.invokeTestMethods(TestMethodWorker.java:148)
at org.testng.internal.invokers.TestMethodWorker.run(TestMethodWorker.java:128)
at java.base/java.util.ArrayList.forEach(ArrayList.java:1604)
at org.testng.TestRunner.privateRun(TestRunner.java:829)
at org.testng.TestRunner.run(TestRunner.java:602)
at org.testng.SuiteRunner.runTest(SuiteRunner.java:437)
at org.testng.SuiteRunner$SuiteWorker.run(SuiteRunner.java:475)
at org.testng.internal.thread.ThreadUtil.lambda$execute$0(ThreadUtil.java:58)
at java.base/java.util.concurrent.FutureTask.run(FutureTask.java:328)
at java.base/java.util.concurrent.ThreadPoolExecutor.runWorker(ThreadPoolExecutor.java:1090)
at java.base/java.util.concurrent.ThreadPoolExecutor$Worker.run(ThreadPoolExecutor.java:614)
at java.base/java.lang.Thread.run(Thread.java:1474)
]]>
            </full-stacktrace>
          </exception> <!-- java.lang.AssertionError -->
          <reporter-output>
          </reporter-output>
        </test-method> <!-- verifyAddRemoveItemFromCart -->
        <test-method is-config="true" signature="teardown()[pri:0, instance:tests.CartTest@6c6c5427]" started-at="2025-12-07T11:04:14 EET" name="teardown" finished-at="2025-12-07T11:04:16 EET" duration-ms="2102" status="PASS">
          <reporter-output>
          </reporter-output>
        </test-method> <!-- teardown -->
        <test-method is-config="true" signature="setup()[pri:0, instance:tests.CartTest@6c6c5427]" started-at="2025-12-07T11:04:16 EET" name="setup" finished-at="2025-12-07T11:04:23 EET" duration-ms="7479" status="PASS">
          <reporter-output>
          </reporter-output>
        </test-method> <!-- setup -->
        <test-method signature="verifyAddRemoveItemFromCart(java.lang.String,java.lang.String)[pri:0, instance:tests.CartTest@6c6c5427]" started-at="2025-12-07T11:04:23 EET" name="verifyAddRemoveItemFromCart" data-provider="ValidLoginData" finished-at="2025-12-07T11:04:31 EET" duration-ms="7981" status="PASS">
          <params>
            <param index="0">
              <value>
                <![CDATA[visual_user]]>
              </value>
            </param>
            <param index="1">
              <value>
                <![CDATA[secret_sauce]]>
              </value>
            </param>
          </params>
          <reporter-output>
          </reporter-output>
        </test-method> <!-- verifyAddRemoveItemFromCart -->
        <test-method is-config="true" signature="teardown()[pri:0, instance:tests.CartTest@6c6c5427]" started-at="2025-12-07T11:04:31 EET" name="teardown" finished-at="2025-12-07T11:04:34 EET" duration-ms="2752" status="PASS">
          <reporter-output>
          </reporter-output>
        </test-method> <!-- teardown -->
      </class> <!-- tests.CartTest -->
    </test> <!-- Cart Tests -->
    <test started-at="2025-12-07T10:59:48 EET" name="Sorting Tests" finished-at="2025-12-07T11:04:57 EET" duration-ms="309268">
      <class name="tests.SortingTest">
        <test-method is-config="true" signature="setup()[pri:0, instance:tests.SortingTest@75ed9710]" started-at="2025-12-07T10:59:48 EET" name="setup" finished-at="2025-12-07T10:59:59 EET" duration-ms="10865" status="PASS">
          <reporter-output>
          </reporter-output>
        </test-method> <!-- setup -->
        <test-method signature="sortingByNameAtoZ(java.lang.String,java.lang.String)[pri:0, instance:tests.SortingTest@75ed9710]" started-at="2025-12-07T10:59:59 EET" name="sortingByNameAtoZ" data-provider="ValidLoginData" finished-at="2025-12-07T11:00:02 EET" duration-ms="2771" status="PASS">
          <params>
            <param index="0">
              <value>
                <![CDATA[standard_user]]>
              </value>
            </param>
            <param index="1">
              <value>
                <![CDATA[secret_sauce]]>
              </value>
            </param>
          </params>
          <reporter-output>
          </reporter-output>
        </test-method> <!-- sortingByNameAtoZ -->
        <test-method is-config="true" signature="teardown()[pri:0, instance:tests.SortingTest@75ed9710]" started-at="2025-12-07T11:00:02 EET" name="teardown" finished-at="2025-12-07T11:00:06 EET" duration-ms="3607" status="PASS">
          <reporter-output>
          </reporter-output>
        </test-method> <!-- teardown -->
        <test-method is-config="true" signature="setup()[pri:0, instance:tests.SortingTest@75ed9710]" started-at="2025-12-07T11:00:06 EET" name="setup" finished-at="2025-12-07T11:00:14 EET" duration-ms="8300" status="PASS">
          <reporter-output>
          </reporter-output>
        </test-method> <!-- setup -->
        <test-method signature="sortingByNameAtoZ(java.lang.String,java.lang.String)[pri:0, instance:tests.SortingTest@75ed9710]" started-at="2025-12-07T11:00:14 EET" name="sortingByNameAtoZ" data-provider="ValidLoginData" finished-at="2025-12-07T11:00:16 EET" duration-ms="1917" status="PASS">
          <params>
            <param index="0">
              <value>
                <![CDATA[problem_user]]>
              </value>
            </param>
            <param index="1">
              <value>
                <![CDATA[secret_sauce]]>
              </value>
            </param>
          </params>
          <reporter-output>
          </reporter-output>
        </test-method> <!-- sortingByNameAtoZ -->
        <test-method is-config="true" signature="teardown()[pri:0, instance:tests.SortingTest@75ed9710]" started-at="2025-12-07T11:00:16 EET" name="teardown" finished-at="2025-12-07T11:00:19 EET" duration-ms="2599" status="PASS">
          <reporter-output>
          </reporter-output>
        </test-method> <!-- teardown -->
        <test-method is-config="true" signature="setup()[pri:0, instance:tests.SortingTest@75ed9710]" started-at="2025-12-07T11:00:19 EET" name="setup" finished-at="2025-12-07T11:00:30 EET" duration-ms="11327" status="PASS">
          <reporter-output>
          </reporter-output>
        </test-method> <!-- setup -->
        <test-method signature="sortingByNameAtoZ(java.lang.String,java.lang.String)[pri:0, instance:tests.SortingTest@75ed9710]" started-at="2025-12-07T11:00:30 EET" name="sortingByNameAtoZ" data-provider="ValidLoginData" finished-at="2025-12-07T11:00:42 EET" duration-ms="12178" status="PASS">
          <params>
            <param index="0">
              <value>
                <![CDATA[performance_glitch_user]]>
              </value>
            </param>
            <param index="1">
              <value>
                <![CDATA[secret_sauce]]>
              </value>
            </param>
          </params>
          <reporter-output>
          </reporter-output>
        </test-method> <!-- sortingByNameAtoZ -->
        <test-method is-config="true" signature="teardown()[pri:0, instance:tests.SortingTest@75ed9710]" started-at="2025-12-07T11:00:42 EET" name="teardown" finished-at="2025-12-07T11:00:45 EET" duration-ms="2688" status="PASS">
          <reporter-output>
          </reporter-output>
        </test-method> <!-- teardown -->
        <test-method is-config="true" signature="setup()[pri:0, instance:tests.SortingTest@75ed9710]" started-at="2025-12-07T11:00:45 EET" name="setup" finished-at="2025-12-07T11:00:52 EET" duration-ms="6598" status="PASS">
          <reporter-output>
          </reporter-output>
        </test-method> <!-- setup -->
        <test-method signature="sortingByNameAtoZ(java.lang.String,java.lang.String)[pri:0, instance:tests.SortingTest@75ed9710]" started-at="2025-12-07T11:00:52 EET" name="sortingByNameAtoZ" data-provider="ValidLoginData" finished-at="2025-12-07T11:00:54 EET" duration-ms="2118" status="PASS">
          <params>
            <param index="0">
              <value>
                <![CDATA[error_user]]>
              </value>
            </param>
            <param index="1">
              <value>
                <![CDATA[secret_sauce]]>
              </value>
            </param>
          </params>
          <reporter-output>
          </reporter-output>
        </test-method> <!-- sortingByNameAtoZ -->
        <test-method is-config="true" signature="teardown()[pri:0, instance:tests.SortingTest@75ed9710]" started-at="2025-12-07T11:00:54 EET" name="teardown" finished-at="2025-12-07T11:00:55 EET" duration-ms="1447" status="PASS">
          <reporter-output>
          </reporter-output>
        </test-method> <!-- teardown -->
        <test-method is-config="true" signature="setup()[pri:0, instance:tests.SortingTest@75ed9710]" started-at="2025-12-07T11:00:55 EET" name="setup" finished-at="2025-12-07T11:01:01 EET" duration-ms="5889" status="PASS">
          <reporter-output>
          </reporter-output>
        </test-method> <!-- setup -->
        <test-method signature="sortingByNameAtoZ(java.lang.String,java.lang.String)[pri:0, instance:tests.SortingTest@75ed9710]" started-at="2025-12-07T11:01:01 EET" name="sortingByNameAtoZ" data-provider="ValidLoginData" finished-at="2025-12-07T11:01:02 EET" duration-ms="863" status="PASS">
          <params>
            <param index="0">
              <value>
                <![CDATA[visual_user]]>
              </value>
            </param>
            <param index="1">
              <value>
                <![CDATA[secret_sauce]]>
              </value>
            </param>
          </params>
          <reporter-output>
          </reporter-output>
        </test-method> <!-- sortingByNameAtoZ -->
        <test-method is-config="true" signature="teardown()[pri:0, instance:tests.SortingTest@75ed9710]" started-at="2025-12-07T11:01:02 EET" name="teardown" finished-at="2025-12-07T11:01:04 EET" duration-ms="2271" status="PASS">
          <reporter-output>
          </reporter-output>
        </test-method> <!-- teardown -->
        <test-method is-config="true" signature="setup()[pri:0, instance:tests.SortingTest@75ed9710]" started-at="2025-12-07T11:01:04 EET" name="setup" finished-at="2025-12-07T11:01:13 EET" duration-ms="9284" status="PASS">
          <reporter-output>
          </reporter-output>
        </test-method> <!-- setup -->
        <test-method signature="sortingByNameZtoA(java.lang.String,java.lang.String)[pri:0, instance:tests.SortingTest@75ed9710]" started-at="2025-12-07T11:01:13 EET" name="sortingByNameZtoA" data-provider="ValidLoginData" finished-at="2025-12-07T11:01:15 EET" duration-ms="1580" status="PASS">
          <params>
            <param index="0">
              <value>
                <![CDATA[standard_user]]>
              </value>
            </param>
            <param index="1">
              <value>
                <![CDATA[secret_sauce]]>
              </value>
            </param>
          </params>
          <reporter-output>
          </reporter-output>
        </test-method> <!-- sortingByNameZtoA -->
        <test-method is-config="true" signature="teardown()[pri:0, instance:tests.SortingTest@75ed9710]" started-at="2025-12-07T11:01:15 EET" name="teardown" finished-at="2025-12-07T11:01:17 EET" duration-ms="1753" status="PASS">
          <reporter-output>
          </reporter-output>
        </test-method> <!-- teardown -->
        <test-method is-config="true" signature="setup()[pri:0, instance:tests.SortingTest@75ed9710]" started-at="2025-12-07T11:01:17 EET" name="setup" finished-at="2025-12-07T11:01:28 EET" duration-ms="11088" status="PASS">
          <reporter-output>
          </reporter-output>
        </test-method> <!-- setup -->
        <test-method signature="sortingByNameZtoA(java.lang.String,java.lang.String)[pri:0, instance:tests.SortingTest@75ed9710]" started-at="2025-12-07T11:01:28 EET" name="sortingByNameZtoA" data-provider="ValidLoginData" finished-at="2025-12-07T11:01:29 EET" duration-ms="1664" status="FAIL">
          <params>
            <param index="0">
              <value>
                <![CDATA[problem_user]]>
              </value>
            </param>
            <param index="1">
              <value>
                <![CDATA[secret_sauce]]>
              </value>
            </param>
          </params>
          <exception class="java.lang.AssertionError">
            <message>
              <![CDATA[User: 'problem_user', Item names should be sorted in descending alphabetical order.: Lists differ at element [0]: Sauce Labs Backpack != Test.allTheThings() T-Shirt (Red) expected [Sauce Labs Backpack] but found [Test.allTheThings() T-Shirt (Red)]]]>
            </message>
            <full-stacktrace>
              <![CDATA[java.lang.AssertionError: User: 'problem_user', Item names should be sorted in descending alphabetical order.: Lists differ at element [0]: Sauce Labs Backpack != Test.allTheThings() T-Shirt (Red) expected [Sauce Labs Backpack] but found [Test.allTheThings() T-Shirt (Red)]
at org.testng.Assert.fail(Assert.java:110)
at org.testng.Assert.failNotEquals(Assert.java:1413)
at org.testng.Assert.assertEqualsImpl(Assert.java:149)
at org.testng.Assert.assertEquals(Assert.java:1479)
at tests.SortingTest.sortingByNameZtoA(SortingTest.java:56)
at java.base/jdk.internal.reflect.DirectMethodHandleAccessor.invoke(DirectMethodHandleAccessor.java:104)
at java.base/java.lang.reflect.Method.invoke(Method.java:565)
at org.testng.internal.invokers.MethodInvocationHelper.invokeMethod(MethodInvocationHelper.java:139)
at org.testng.internal.invokers.TestInvoker.invokeMethod(TestInvoker.java:677)
at org.testng.internal.invokers.TestInvoker.invokeTestMethod(TestInvoker.java:221)
at org.testng.internal.invokers.MethodRunner.runInSequence(MethodRunner.java:50)
at org.testng.internal.invokers.TestInvoker$MethodInvocationAgent.invoke(TestInvoker.java:969)
at org.testng.internal.invokers.TestInvoker.invokeTestMethods(TestInvoker.java:194)
at org.testng.internal.invokers.TestMethodWorker.invokeTestMethods(TestMethodWorker.java:148)
at org.testng.internal.invokers.TestMethodWorker.run(TestMethodWorker.java:128)
at java.base/java.util.ArrayList.forEach(ArrayList.java:1604)
at org.testng.TestRunner.privateRun(TestRunner.java:829)
at org.testng.TestRunner.run(TestRunner.java:602)
at org.testng.SuiteRunner.runTest(SuiteRunner.java:437)
at org.testng.SuiteRunner$SuiteWorker.run(SuiteRunner.java:475)
at org.testng.internal.thread.ThreadUtil.lambda$execute$0(ThreadUtil.java:58)
at java.base/java.util.concurrent.FutureTask.run(FutureTask.java:328)
at java.base/java.util.concurrent.ThreadPoolExecutor.runWorker(ThreadPoolExecutor.java:1090)
at java.base/java.util.concurrent.ThreadPoolExecutor$Worker.run(ThreadPoolExecutor.java:614)
at java.base/java.lang.Thread.run(Thread.java:1474)
]]>
            </full-stacktrace>
          </exception> <!-- java.lang.AssertionError -->
          <reporter-output>
          </reporter-output>
        </test-method> <!-- sortingByNameZtoA -->
        <test-method is-config="true" signature="teardown()[pri:0, instance:tests.SortingTest@75ed9710]" started-at="2025-12-07T11:01:30 EET" name="teardown" finished-at="2025-12-07T11:01:32 EET" duration-ms="2189" status="PASS">
          <reporter-output>
          </reporter-output>
        </test-method> <!-- teardown -->
        <test-method is-config="true" signature="setup()[pri:0, instance:tests.SortingTest@75ed9710]" started-at="2025-12-07T11:01:32 EET" name="setup" finished-at="2025-12-07T11:01:41 EET" duration-ms="9016" status="PASS">
          <reporter-output>
          </reporter-output>
        </test-method> <!-- setup -->
        <test-method signature="sortingByNameZtoA(java.lang.String,java.lang.String)[pri:0, instance:tests.SortingTest@75ed9710]" started-at="2025-12-07T11:01:41 EET" name="sortingByNameZtoA" data-provider="ValidLoginData" finished-at="2025-12-07T11:01:54 EET" duration-ms="13058" status="PASS">
          <params>
            <param index="0">
              <value>
                <![CDATA[performance_glitch_user]]>
              </value>
            </param>
            <param index="1">
              <value>
                <![CDATA[secret_sauce]]>
              </value>
            </param>
          </params>
          <reporter-output>
          </reporter-output>
        </test-method> <!-- sortingByNameZtoA -->
        <test-method is-config="true" signature="teardown()[pri:0, instance:tests.SortingTest@75ed9710]" started-at="2025-12-07T11:01:54 EET" name="teardown" finished-at="2025-12-07T11:01:56 EET" duration-ms="2076" status="PASS">
          <reporter-output>
          </reporter-output>
        </test-method> <!-- teardown -->
        <test-method is-config="true" signature="setup()[pri:0, instance:tests.SortingTest@75ed9710]" started-at="2025-12-07T11:01:56 EET" name="setup" finished-at="2025-12-07T11:02:04 EET" duration-ms="7683" status="PASS">
          <reporter-output>
          </reporter-output>
        </test-method> <!-- setup -->
        <test-method signature="sortingByNameZtoA(java.lang.String,java.lang.String)[pri:0, instance:tests.SortingTest@75ed9710]" started-at="2025-12-07T11:02:04 EET" name="sortingByNameZtoA" data-provider="ValidLoginData" finished-at="2025-12-07T11:02:06 EET" duration-ms="2441" status="FAIL">
          <params>
            <param index="0">
              <value>
                <![CDATA[error_user]]>
              </value>
            </param>
            <param index="1">
              <value>
                <![CDATA[secret_sauce]]>
              </value>
            </param>
          </params>
          <exception class="java.lang.AssertionError">
            <message>
              <![CDATA[User: 'error_user', Item names should be sorted in descending alphabetical order.: Lists differ at element [0]: Sauce Labs Backpack != Test.allTheThings() T-Shirt (Red) expected [Sauce Labs Backpack] but found [Test.allTheThings() T-Shirt (Red)]]]>
            </message>
            <full-stacktrace>
              <![CDATA[java.lang.AssertionError: User: 'error_user', Item names should be sorted in descending alphabetical order.: Lists differ at element [0]: Sauce Labs Backpack != Test.allTheThings() T-Shirt (Red) expected [Sauce Labs Backpack] but found [Test.allTheThings() T-Shirt (Red)]
at org.testng.Assert.fail(Assert.java:110)
at org.testng.Assert.failNotEquals(Assert.java:1413)
at org.testng.Assert.assertEqualsImpl(Assert.java:149)
at org.testng.Assert.assertEquals(Assert.java:1479)
at tests.SortingTest.sortingByNameZtoA(SortingTest.java:56)
at java.base/jdk.internal.reflect.DirectMethodHandleAccessor.invoke(DirectMethodHandleAccessor.java:104)
at java.base/java.lang.reflect.Method.invoke(Method.java:565)
at org.testng.internal.invokers.MethodInvocationHelper.invokeMethod(MethodInvocationHelper.java:139)
at org.testng.internal.invokers.TestInvoker.invokeMethod(TestInvoker.java:677)
at org.testng.internal.invokers.TestInvoker.invokeTestMethod(TestInvoker.java:221)
at org.testng.internal.invokers.MethodRunner.runInSequence(MethodRunner.java:50)
at org.testng.internal.invokers.TestInvoker$MethodInvocationAgent.invoke(TestInvoker.java:969)
at org.testng.internal.invokers.TestInvoker.invokeTestMethods(TestInvoker.java:194)
at org.testng.internal.invokers.TestMethodWorker.invokeTestMethods(TestMethodWorker.java:148)
at org.testng.internal.invokers.TestMethodWorker.run(TestMethodWorker.java:128)
at java.base/java.util.ArrayList.forEach(ArrayList.java:1604)
at org.testng.TestRunner.privateRun(TestRunner.java:829)
at org.testng.TestRunner.run(TestRunner.java:602)
at org.testng.SuiteRunner.runTest(SuiteRunner.java:437)
at org.testng.SuiteRunner$SuiteWorker.run(SuiteRunner.java:475)
at org.testng.internal.thread.ThreadUtil.lambda$execute$0(ThreadUtil.java:58)
at java.base/java.util.concurrent.FutureTask.run(FutureTask.java:328)
at java.base/java.util.concurrent.ThreadPoolExecutor.runWorker(ThreadPoolExecutor.java:1090)
at java.base/java.util.concurrent.ThreadPoolExecutor$Worker.run(ThreadPoolExecutor.java:614)
at java.base/java.lang.Thread.run(Thread.java:1474)
]]>
            </full-stacktrace>
          </exception> <!-- java.lang.AssertionError -->
          <reporter-output>
          </reporter-output>
        </test-method> <!-- sortingByNameZtoA -->
        <test-method is-config="true" signature="teardown()[pri:0, instance:tests.SortingTest@75ed9710]" started-at="2025-12-07T11:02:06 EET" name="teardown" finished-at="2025-12-07T11:02:09 EET" duration-ms="3182" status="PASS">
          <reporter-output>
          </reporter-output>
        </test-method> <!-- teardown -->
        <test-method is-config="true" signature="setup()[pri:0, instance:tests.SortingTest@75ed9710]" started-at="2025-12-07T11:02:09 EET" name="setup" finished-at="2025-12-07T11:02:16 EET" duration-ms="6880" status="PASS">
          <reporter-output>
          </reporter-output>
        </test-method> <!-- setup -->
        <test-method signature="sortingByNameZtoA(java.lang.String,java.lang.String)[pri:0, instance:tests.SortingTest@75ed9710]" started-at="2025-12-07T11:02:16 EET" name="sortingByNameZtoA" data-provider="ValidLoginData" finished-at="2025-12-07T11:02:17 EET" duration-ms="975" status="PASS">
          <params>
            <param index="0">
              <value>
                <![CDATA[visual_user]]>
              </value>
            </param>
            <param index="1">
              <value>
                <![CDATA[secret_sauce]]>
              </value>
            </param>
          </params>
          <reporter-output>
          </reporter-output>
        </test-method> <!-- sortingByNameZtoA -->
        <test-method is-config="true" signature="teardown()[pri:0, instance:tests.SortingTest@75ed9710]" started-at="2025-12-07T11:02:17 EET" name="teardown" finished-at="2025-12-07T11:02:21 EET" duration-ms="3838" status="PASS">
          <reporter-output>
          </reporter-output>
        </test-method> <!-- teardown -->
        <test-method is-config="true" signature="setup()[pri:0, instance:tests.SortingTest@75ed9710]" started-at="2025-12-07T11:02:21 EET" name="setup" finished-at="2025-12-07T11:02:33 EET" duration-ms="12462" status="PASS">
          <reporter-output>
          </reporter-output>
        </test-method> <!-- setup -->
        <test-method signature="sortingByPriceHightoLow(java.lang.String,java.lang.String)[pri:0, instance:tests.SortingTest@75ed9710]" started-at="2025-12-07T11:02:33 EET" name="sortingByPriceHightoLow" data-provider="ValidLoginData" finished-at="2025-12-07T11:02:34 EET" duration-ms="1146" status="PASS">
          <params>
            <param index="0">
              <value>
                <![CDATA[standard_user]]>
              </value>
            </param>
            <param index="1">
              <value>
                <![CDATA[secret_sauce]]>
              </value>
            </param>
          </params>
          <reporter-output>
          </reporter-output>
        </test-method> <!-- sortingByPriceHightoLow -->
        <test-method is-config="true" signature="teardown()[pri:0, instance:tests.SortingTest@75ed9710]" started-at="2025-12-07T11:02:34 EET" name="teardown" finished-at="2025-12-07T11:02:36 EET" duration-ms="1958" status="PASS">
          <reporter-output>
          </reporter-output>
        </test-method> <!-- teardown -->
        <test-method is-config="true" signature="setup()[pri:0, instance:tests.SortingTest@75ed9710]" started-at="2025-12-07T11:02:36 EET" name="setup" finished-at="2025-12-07T11:02:46 EET" duration-ms="9179" status="PASS">
          <reporter-output>
          </reporter-output>
        </test-method> <!-- setup -->
        <test-method signature="sortingByPriceHightoLow(java.lang.String,java.lang.String)[pri:0, instance:tests.SortingTest@75ed9710]" started-at="2025-12-07T11:02:46 EET" name="sortingByPriceHightoLow" data-provider="ValidLoginData" finished-at="2025-12-07T11:02:48 EET" duration-ms="1893" status="FAIL">
          <params>
            <param index="0">
              <value>
                <![CDATA[problem_user]]>
              </value>
            </param>
            <param index="1">
              <value>
                <![CDATA[secret_sauce]]>
              </value>
            </param>
          </params>
          <exception class="java.lang.AssertionError">
            <message>
              <![CDATA[User: 'problem_user', Item prices should be sorted in descending order.: Lists differ at element [0]: 29.99 != 49.99 expected [29.99] but found [49.99]]]>
            </message>
            <full-stacktrace>
              <![CDATA[java.lang.AssertionError: User: 'problem_user', Item prices should be sorted in descending order.: Lists differ at element [0]: 29.99 != 49.99 expected [29.99] but found [49.99]
at org.testng.Assert.fail(Assert.java:110)
at org.testng.Assert.failNotEquals(Assert.java:1413)
at org.testng.Assert.assertEqualsImpl(Assert.java:149)
at org.testng.Assert.assertEquals(Assert.java:1479)
at tests.SortingTest.sortingByPriceHightoLow(SortingTest.java:103)
at java.base/jdk.internal.reflect.DirectMethodHandleAccessor.invoke(DirectMethodHandleAccessor.java:104)
at java.base/java.lang.reflect.Method.invoke(Method.java:565)
at org.testng.internal.invokers.MethodInvocationHelper.invokeMethod(MethodInvocationHelper.java:139)
at org.testng.internal.invokers.TestInvoker.invokeMethod(TestInvoker.java:677)
at org.testng.internal.invokers.TestInvoker.invokeTestMethod(TestInvoker.java:221)
at org.testng.internal.invokers.MethodRunner.runInSequence(MethodRunner.java:50)
at org.testng.internal.invokers.TestInvoker$MethodInvocationAgent.invoke(TestInvoker.java:969)
at org.testng.internal.invokers.TestInvoker.invokeTestMethods(TestInvoker.java:194)
at org.testng.internal.invokers.TestMethodWorker.invokeTestMethods(TestMethodWorker.java:148)
at org.testng.internal.invokers.TestMethodWorker.run(TestMethodWorker.java:128)
at java.base/java.util.ArrayList.forEach(ArrayList.java:1604)
at org.testng.TestRunner.privateRun(TestRunner.java:829)
at org.testng.TestRunner.run(TestRunner.java:602)
at org.testng.SuiteRunner.runTest(SuiteRunner.java:437)
at org.testng.SuiteRunner$SuiteWorker.run(SuiteRunner.java:475)
at org.testng.internal.thread.ThreadUtil.lambda$execute$0(ThreadUtil.java:58)
at java.base/java.util.concurrent.FutureTask.run(FutureTask.java:328)
at java.base/java.util.concurrent.ThreadPoolExecutor.runWorker(ThreadPoolExecutor.java:1090)
at java.base/java.util.concurrent.ThreadPoolExecutor$Worker.run(ThreadPoolExecutor.java:614)
at java.base/java.lang.Thread.run(Thread.java:1474)
]]>
            </full-stacktrace>
          </exception> <!-- java.lang.AssertionError -->
          <reporter-output>
          </reporter-output>
        </test-method> <!-- sortingByPriceHightoLow -->
        <test-method is-config="true" signature="teardown()[pri:0, instance:tests.SortingTest@75ed9710]" started-at="2025-12-07T11:02:48 EET" name="teardown" finished-at="2025-12-07T11:02:50 EET" duration-ms="2654" status="PASS">
          <reporter-output>
          </reporter-output>
        </test-method> <!-- teardown -->
        <test-method is-config="true" signature="setup()[pri:0, instance:tests.SortingTest@75ed9710]" started-at="2025-12-07T11:02:50 EET" name="setup" finished-at="2025-12-07T11:02:58 EET" duration-ms="7369" status="PASS">
          <reporter-output>
          </reporter-output>
        </test-method> <!-- setup -->
        <test-method signature="sortingByPriceHightoLow(java.lang.String,java.lang.String)[pri:0, instance:tests.SortingTest@75ed9710]" started-at="2025-12-07T11:02:58 EET" name="sortingByPriceHightoLow" data-provider="ValidLoginData" finished-at="2025-12-07T11:03:09 EET" duration-ms="11656" status="PASS">
          <params>
            <param index="0">
              <value>
                <![CDATA[performance_glitch_user]]>
              </value>
            </param>
            <param index="1">
              <value>
                <![CDATA[secret_sauce]]>
              </value>
            </param>
          </params>
          <reporter-output>
          </reporter-output>
        </test-method> <!-- sortingByPriceHightoLow -->
        <test-method is-config="true" signature="teardown()[pri:0, instance:tests.SortingTest@75ed9710]" started-at="2025-12-07T11:03:09 EET" name="teardown" finished-at="2025-12-07T11:03:11 EET" duration-ms="1982" status="PASS">
          <reporter-output>
          </reporter-output>
        </test-method> <!-- teardown -->
        <test-method is-config="true" signature="setup()[pri:0, instance:tests.SortingTest@75ed9710]" started-at="2025-12-07T11:03:11 EET" name="setup" finished-at="2025-12-07T11:03:23 EET" duration-ms="12267" status="PASS">
          <reporter-output>
          </reporter-output>
        </test-method> <!-- setup -->
        <test-method signature="sortingByPriceHightoLow(java.lang.String,java.lang.String)[pri:0, instance:tests.SortingTest@75ed9710]" started-at="2025-12-07T11:03:23 EET" name="sortingByPriceHightoLow" data-provider="ValidLoginData" finished-at="2025-12-07T11:03:25 EET" duration-ms="1428" status="FAIL">
          <params>
            <param index="0">
              <value>
                <![CDATA[error_user]]>
              </value>
            </param>
            <param index="1">
              <value>
                <![CDATA[secret_sauce]]>
              </value>
            </param>
          </params>
          <exception class="java.lang.AssertionError">
            <message>
              <![CDATA[User: 'error_user', Item prices should be sorted in descending order.: Lists differ at element [0]: 29.99 != 49.99 expected [29.99] but found [49.99]]]>
            </message>
            <full-stacktrace>
              <![CDATA[java.lang.AssertionError: User: 'error_user', Item prices should be sorted in descending order.: Lists differ at element [0]: 29.99 != 49.99 expected [29.99] but found [49.99]
at org.testng.Assert.fail(Assert.java:110)
at org.testng.Assert.failNotEquals(Assert.java:1413)
at org.testng.Assert.assertEqualsImpl(Assert.java:149)
at org.testng.Assert.assertEquals(Assert.java:1479)
at tests.SortingTest.sortingByPriceHightoLow(SortingTest.java:103)
at java.base/jdk.internal.reflect.DirectMethodHandleAccessor.invoke(DirectMethodHandleAccessor.java:104)
at java.base/java.lang.reflect.Method.invoke(Method.java:565)
at org.testng.internal.invokers.MethodInvocationHelper.invokeMethod(MethodInvocationHelper.java:139)
at org.testng.internal.invokers.TestInvoker.invokeMethod(TestInvoker.java:677)
at org.testng.internal.invokers.TestInvoker.invokeTestMethod(TestInvoker.java:221)
at org.testng.internal.invokers.MethodRunner.runInSequence(MethodRunner.java:50)
at org.testng.internal.invokers.TestInvoker$MethodInvocationAgent.invoke(TestInvoker.java:969)
at org.testng.internal.invokers.TestInvoker.invokeTestMethods(TestInvoker.java:194)
at org.testng.internal.invokers.TestMethodWorker.invokeTestMethods(TestMethodWorker.java:148)
at org.testng.internal.invokers.TestMethodWorker.run(TestMethodWorker.java:128)
at java.base/java.util.ArrayList.forEach(ArrayList.java:1604)
at org.testng.TestRunner.privateRun(TestRunner.java:829)
at org.testng.TestRunner.run(TestRunner.java:602)
at org.testng.SuiteRunner.runTest(SuiteRunner.java:437)
at org.testng.SuiteRunner$SuiteWorker.run(SuiteRunner.java:475)
at org.testng.internal.thread.ThreadUtil.lambda$execute$0(ThreadUtil.java:58)
at java.base/java.util.concurrent.FutureTask.run(FutureTask.java:328)
at java.base/java.util.concurrent.ThreadPoolExecutor.runWorker(ThreadPoolExecutor.java:1090)
at java.base/java.util.concurrent.ThreadPoolExecutor$Worker.run(ThreadPoolExecutor.java:614)
at java.base/java.lang.Thread.run(Thread.java:1474)
]]>
            </full-stacktrace>
          </exception> <!-- java.lang.AssertionError -->
          <reporter-output>
          </reporter-output>
        </test-method> <!-- sortingByPriceHightoLow -->
        <test-method is-config="true" signature="teardown()[pri:0, instance:tests.SortingTest@75ed9710]" started-at="2025-12-07T11:03:25 EET" name="teardown" finished-at="2025-12-07T11:03:27 EET" duration-ms="2374" status="PASS">
          <reporter-output>
          </reporter-output>
        </test-method> <!-- teardown -->
        <test-method is-config="true" signature="setup()[pri:0, instance:tests.SortingTest@75ed9710]" started-at="2025-12-07T11:03:27 EET" name="setup" finished-at="2025-12-07T11:03:34 EET" duration-ms="6705" status="PASS">
          <reporter-output>
          </reporter-output>
        </test-method> <!-- setup -->
        <test-method signature="sortingByPriceHightoLow(java.lang.String,java.lang.String)[pri:0, instance:tests.SortingTest@75ed9710]" started-at="2025-12-07T11:03:34 EET" name="sortingByPriceHightoLow" data-provider="ValidLoginData" finished-at="2025-12-07T11:03:35 EET" duration-ms="1046" status="FAIL">
          <params>
            <param index="0">
              <value>
                <![CDATA[visual_user]]>
              </value>
            </param>
            <param index="1">
              <value>
                <![CDATA[secret_sauce]]>
              </value>
            </param>
          </params>
          <exception class="java.lang.AssertionError">
            <message>
              <![CDATA[User: 'visual_user', Item prices should be sorted in descending order.: Lists differ at element [0]: 22.42 != 47.66 expected [22.42] but found [47.66]]]>
            </message>
            <full-stacktrace>
              <![CDATA[java.lang.AssertionError: User: 'visual_user', Item prices should be sorted in descending order.: Lists differ at element [0]: 22.42 != 47.66 expected [22.42] but found [47.66]
at org.testng.Assert.fail(Assert.java:110)
at org.testng.Assert.failNotEquals(Assert.java:1413)
at org.testng.Assert.assertEqualsImpl(Assert.java:149)
at org.testng.Assert.assertEquals(Assert.java:1479)
at tests.SortingTest.sortingByPriceHightoLow(SortingTest.java:103)
at java.base/jdk.internal.reflect.DirectMethodHandleAccessor.invoke(DirectMethodHandleAccessor.java:104)
at java.base/java.lang.reflect.Method.invoke(Method.java:565)
at org.testng.internal.invokers.MethodInvocationHelper.invokeMethod(MethodInvocationHelper.java:139)
at org.testng.internal.invokers.TestInvoker.invokeMethod(TestInvoker.java:677)
at org.testng.internal.invokers.TestInvoker.invokeTestMethod(TestInvoker.java:221)
at org.testng.internal.invokers.MethodRunner.runInSequence(MethodRunner.java:50)
at org.testng.internal.invokers.TestInvoker$MethodInvocationAgent.invoke(TestInvoker.java:969)
at org.testng.internal.invokers.TestInvoker.invokeTestMethods(TestInvoker.java:194)
at org.testng.internal.invokers.TestMethodWorker.invokeTestMethods(TestMethodWorker.java:148)
at org.testng.internal.invokers.TestMethodWorker.run(TestMethodWorker.java:128)
at java.base/java.util.ArrayList.forEach(ArrayList.java:1604)
at org.testng.TestRunner.privateRun(TestRunner.java:829)
at org.testng.TestRunner.run(TestRunner.java:602)
at org.testng.SuiteRunner.runTest(SuiteRunner.java:437)
at org.testng.SuiteRunner$SuiteWorker.run(SuiteRunner.java:475)
at org.testng.internal.thread.ThreadUtil.lambda$execute$0(ThreadUtil.java:58)
at java.base/java.util.concurrent.FutureTask.run(FutureTask.java:328)
at java.base/java.util.concurrent.ThreadPoolExecutor.runWorker(ThreadPoolExecutor.java:1090)
at java.base/java.util.concurrent.ThreadPoolExecutor$Worker.run(ThreadPoolExecutor.java:614)
at java.base/java.lang.Thread.run(Thread.java:1474)
]]>
            </full-stacktrace>
          </exception> <!-- java.lang.AssertionError -->
          <reporter-output>
          </reporter-output>
        </test-method> <!-- sortingByPriceHightoLow -->
        <test-method is-config="true" signature="teardown()[pri:0, instance:tests.SortingTest@75ed9710]" started-at="2025-12-07T11:03:35 EET" name="teardown" finished-at="2025-12-07T11:03:37 EET" duration-ms="1981" status="PASS">
          <reporter-output>
          </reporter-output>
        </test-method> <!-- teardown -->
        <test-method is-config="true" signature="setup()[pri:0, instance:tests.SortingTest@75ed9710]" started-at="2025-12-07T11:03:37 EET" name="setup" finished-at="2025-12-07T11:03:46 EET" duration-ms="8620" status="PASS">
          <reporter-output>
          </reporter-output>
        </test-method> <!-- setup -->
        <test-method signature="sortingByPriceLowtoHigh(java.lang.String,java.lang.String)[pri:0, instance:tests.SortingTest@75ed9710]" started-at="2025-12-07T11:03:46 EET" name="sortingByPriceLowtoHigh" data-provider="ValidLoginData" finished-at="2025-12-07T11:03:47 EET" duration-ms="1780" status="PASS">
          <params>
            <param index="0">
              <value>
                <![CDATA[standard_user]]>
              </value>
            </param>
            <param index="1">
              <value>
                <![CDATA[secret_sauce]]>
              </value>
            </param>
          </params>
          <reporter-output>
          </reporter-output>
        </test-method> <!-- sortingByPriceLowtoHigh -->
        <test-method is-config="true" signature="teardown()[pri:0, instance:tests.SortingTest@75ed9710]" started-at="2025-12-07T11:03:47 EET" name="teardown" finished-at="2025-12-07T11:03:50 EET" duration-ms="2172" status="PASS">
          <reporter-output>
          </reporter-output>
        </test-method> <!-- teardown -->
        <test-method is-config="true" signature="setup()[pri:0, instance:tests.SortingTest@75ed9710]" started-at="2025-12-07T11:03:50 EET" name="setup" finished-at="2025-12-07T11:03:59 EET" duration-ms="9074" status="PASS">
          <reporter-output>
          </reporter-output>
        </test-method> <!-- setup -->
        <test-method signature="sortingByPriceLowtoHigh(java.lang.String,java.lang.String)[pri:0, instance:tests.SortingTest@75ed9710]" started-at="2025-12-07T11:03:59 EET" name="sortingByPriceLowtoHigh" data-provider="ValidLoginData" finished-at="2025-12-07T11:04:00 EET" duration-ms="1208" status="FAIL">
          <params>
            <param index="0">
              <value>
                <![CDATA[problem_user]]>
              </value>
            </param>
            <param index="1">
              <value>
                <![CDATA[secret_sauce]]>
              </value>
            </param>
          </params>
          <exception class="java.lang.AssertionError">
            <message>
              <![CDATA[User: 'problem_user', Item prices should be sorted in ascending order.: Lists differ at element [0]: 29.99 != 7.99 expected [29.99] but found [7.99]]]>
            </message>
            <full-stacktrace>
              <![CDATA[java.lang.AssertionError: User: 'problem_user', Item prices should be sorted in ascending order.: Lists differ at element [0]: 29.99 != 7.99 expected [29.99] but found [7.99]
at org.testng.Assert.fail(Assert.java:110)
at org.testng.Assert.failNotEquals(Assert.java:1413)
at org.testng.Assert.assertEqualsImpl(Assert.java:149)
at org.testng.Assert.assertEquals(Assert.java:1479)
at tests.SortingTest.sortingByPriceLowtoHigh(SortingTest.java:79)
at java.base/jdk.internal.reflect.DirectMethodHandleAccessor.invoke(DirectMethodHandleAccessor.java:104)
at java.base/java.lang.reflect.Method.invoke(Method.java:565)
at org.testng.internal.invokers.MethodInvocationHelper.invokeMethod(MethodInvocationHelper.java:139)
at org.testng.internal.invokers.TestInvoker.invokeMethod(TestInvoker.java:677)
at org.testng.internal.invokers.TestInvoker.invokeTestMethod(TestInvoker.java:221)
at org.testng.internal.invokers.MethodRunner.runInSequence(MethodRunner.java:50)
at org.testng.internal.invokers.TestInvoker$MethodInvocationAgent.invoke(TestInvoker.java:969)
at org.testng.internal.invokers.TestInvoker.invokeTestMethods(TestInvoker.java:194)
at org.testng.internal.invokers.TestMethodWorker.invokeTestMethods(TestMethodWorker.java:148)
at org.testng.internal.invokers.TestMethodWorker.run(TestMethodWorker.java:128)
at java.base/java.util.ArrayList.forEach(ArrayList.java:1604)
at org.testng.TestRunner.privateRun(TestRunner.java:829)
at org.testng.TestRunner.run(TestRunner.java:602)
at org.testng.SuiteRunner.runTest(SuiteRunner.java:437)
at org.testng.SuiteRunner$SuiteWorker.run(SuiteRunner.java:475)
at org.testng.internal.thread.ThreadUtil.lambda$execute$0(ThreadUtil.java:58)
at java.base/java.util.concurrent.FutureTask.run(FutureTask.java:328)
at java.base/java.util.concurrent.ThreadPoolExecutor.runWorker(ThreadPoolExecutor.java:1090)
at java.base/java.util.concurrent.ThreadPoolExecutor$Worker.run(ThreadPoolExecutor.java:614)
at java.base/java.lang.Thread.run(Thread.java:1474)
]]>
            </full-stacktrace>
          </exception> <!-- java.lang.AssertionError -->
          <reporter-output>
          </reporter-output>
        </test-method> <!-- sortingByPriceLowtoHigh -->
        <test-method is-config="true" signature="teardown()[pri:0, instance:tests.SortingTest@75ed9710]" started-at="2025-12-07T11:04:00 EET" name="teardown" finished-at="2025-12-07T11:04:02 EET" duration-ms="1671" status="PASS">
          <reporter-output>
          </reporter-output>
        </test-method> <!-- teardown -->
        <test-method is-config="true" signature="setup()[pri:0, instance:tests.SortingTest@75ed9710]" started-at="2025-12-07T11:04:02 EET" name="setup" finished-at="2025-12-07T11:04:13 EET" duration-ms="11320" status="PASS">
          <reporter-output>
          </reporter-output>
        </test-method> <!-- setup -->
        <test-method signature="sortingByPriceLowtoHigh(java.lang.String,java.lang.String)[pri:0, instance:tests.SortingTest@75ed9710]" started-at="2025-12-07T11:04:13 EET" name="sortingByPriceLowtoHigh" data-provider="ValidLoginData" finished-at="2025-12-07T11:04:24 EET" duration-ms="11437" status="PASS">
          <params>
            <param index="0">
              <value>
                <![CDATA[performance_glitch_user]]>
              </value>
            </param>
            <param index="1">
              <value>
                <![CDATA[secret_sauce]]>
              </value>
            </param>
          </params>
          <reporter-output>
          </reporter-output>
        </test-method> <!-- sortingByPriceLowtoHigh -->
        <test-method is-config="true" signature="teardown()[pri:0, instance:tests.SortingTest@75ed9710]" started-at="2025-12-07T11:04:24 EET" name="teardown" finished-at="2025-12-07T11:04:27 EET" duration-ms="2885" status="PASS">
          <reporter-output>
          </reporter-output>
        </test-method> <!-- teardown -->
        <test-method is-config="true" signature="setup()[pri:0, instance:tests.SortingTest@75ed9710]" started-at="2025-12-07T11:04:27 EET" name="setup" finished-at="2025-12-07T11:04:40 EET" duration-ms="12903" status="PASS">
          <reporter-output>
          </reporter-output>
        </test-method> <!-- setup -->
        <test-method signature="sortingByPriceLowtoHigh(java.lang.String,java.lang.String)[pri:0, instance:tests.SortingTest@75ed9710]" started-at="2025-12-07T11:04:40 EET" name="sortingByPriceLowtoHigh" data-provider="ValidLoginData" finished-at="2025-12-07T11:04:42 EET" duration-ms="1909" status="FAIL">
          <params>
            <param index="0">
              <value>
                <![CDATA[error_user]]>
              </value>
            </param>
            <param index="1">
              <value>
                <![CDATA[secret_sauce]]>
              </value>
            </param>
          </params>
          <exception class="java.lang.AssertionError">
            <message>
              <![CDATA[User: 'error_user', Item prices should be sorted in ascending order.: Lists differ at element [0]: 29.99 != 7.99 expected [29.99] but found [7.99]]]>
            </message>
            <full-stacktrace>
              <![CDATA[java.lang.AssertionError: User: 'error_user', Item prices should be sorted in ascending order.: Lists differ at element [0]: 29.99 != 7.99 expected [29.99] but found [7.99]
at org.testng.Assert.fail(Assert.java:110)
at org.testng.Assert.failNotEquals(Assert.java:1413)
at org.testng.Assert.assertEqualsImpl(Assert.java:149)
at org.testng.Assert.assertEquals(Assert.java:1479)
at tests.SortingTest.sortingByPriceLowtoHigh(SortingTest.java:79)
at java.base/jdk.internal.reflect.DirectMethodHandleAccessor.invoke(DirectMethodHandleAccessor.java:104)
at java.base/java.lang.reflect.Method.invoke(Method.java:565)
at org.testng.internal.invokers.MethodInvocationHelper.invokeMethod(MethodInvocationHelper.java:139)
at org.testng.internal.invokers.TestInvoker.invokeMethod(TestInvoker.java:677)
at org.testng.internal.invokers.TestInvoker.invokeTestMethod(TestInvoker.java:221)
at org.testng.internal.invokers.MethodRunner.runInSequence(MethodRunner.java:50)
at org.testng.internal.invokers.TestInvoker$MethodInvocationAgent.invoke(TestInvoker.java:969)
at org.testng.internal.invokers.TestInvoker.invokeTestMethods(TestInvoker.java:194)
at org.testng.internal.invokers.TestMethodWorker.invokeTestMethods(TestMethodWorker.java:148)
at org.testng.internal.invokers.TestMethodWorker.run(TestMethodWorker.java:128)
at java.base/java.util.ArrayList.forEach(ArrayList.java:1604)
at org.testng.TestRunner.privateRun(TestRunner.java:829)
at org.testng.TestRunner.run(TestRunner.java:602)
at org.testng.SuiteRunner.runTest(SuiteRunner.java:437)
at org.testng.SuiteRunner$SuiteWorker.run(SuiteRunner.java:475)
at org.testng.internal.thread.ThreadUtil.lambda$execute$0(ThreadUtil.java:58)
at java.base/java.util.concurrent.FutureTask.run(FutureTask.java:328)
at java.base/java.util.concurrent.ThreadPoolExecutor.runWorker(ThreadPoolExecutor.java:1090)
at java.base/java.util.concurrent.ThreadPoolExecutor$Worker.run(ThreadPoolExecutor.java:614)
at java.base/java.lang.Thread.run(Thread.java:1474)
]]>
            </full-stacktrace>
          </exception> <!-- java.lang.AssertionError -->
          <reporter-output>
          </reporter-output>
        </test-method> <!-- sortingByPriceLowtoHigh -->
        <test-method is-config="true" signature="teardown()[pri:0, instance:tests.SortingTest@75ed9710]" started-at="2025-12-07T11:04:42 EET" name="teardown" finished-at="2025-12-07T11:04:44 EET" duration-ms="2310" status="PASS">
          <reporter-output>
          </reporter-output>
        </test-method> <!-- teardown -->
        <test-method is-config="true" signature="setup()[pri:0, instance:tests.SortingTest@75ed9710]" started-at="2025-12-07T11:04:44 EET" name="setup" finished-at="2025-12-07T11:04:54 EET" duration-ms="9110" status="PASS">
          <reporter-output>
          </reporter-output>
        </test-method> <!-- setup -->
        <test-method signature="sortingByPriceLowtoHigh(java.lang.String,java.lang.String)[pri:0, instance:tests.SortingTest@75ed9710]" started-at="2025-12-07T11:04:54 EET" name="sortingByPriceLowtoHigh" data-provider="ValidLoginData" finished-at="2025-12-07T11:04:55 EET" duration-ms="1237" status="FAIL">
          <params>
            <param index="0">
              <value>
                <![CDATA[visual_user]]>
              </value>
            </param>
            <param index="1">
              <value>
                <![CDATA[secret_sauce]]>
              </value>
            </param>
          </params>
          <exception class="java.lang.AssertionError">
            <message>
              <![CDATA[User: 'visual_user', Item prices should be sorted in ascending order.: Lists differ at element [0]: 14.22 != 4.76 expected [14.22] but found [4.76]]]>
            </message>
            <full-stacktrace>
              <![CDATA[java.lang.AssertionError: User: 'visual_user', Item prices should be sorted in ascending order.: Lists differ at element [0]: 14.22 != 4.76 expected [14.22] but found [4.76]
at org.testng.Assert.fail(Assert.java:110)
at org.testng.Assert.failNotEquals(Assert.java:1413)
at org.testng.Assert.assertEqualsImpl(Assert.java:149)
at org.testng.Assert.assertEquals(Assert.java:1479)
at tests.SortingTest.sortingByPriceLowtoHigh(SortingTest.java:79)
at java.base/jdk.internal.reflect.DirectMethodHandleAccessor.invoke(DirectMethodHandleAccessor.java:104)
at java.base/java.lang.reflect.Method.invoke(Method.java:565)
at org.testng.internal.invokers.MethodInvocationHelper.invokeMethod(MethodInvocationHelper.java:139)
at org.testng.internal.invokers.TestInvoker.invokeMethod(TestInvoker.java:677)
at org.testng.internal.invokers.TestInvoker.invokeTestMethod(TestInvoker.java:221)
at org.testng.internal.invokers.MethodRunner.runInSequence(MethodRunner.java:50)
at org.testng.internal.invokers.TestInvoker$MethodInvocationAgent.invoke(TestInvoker.java:969)
at org.testng.internal.invokers.TestInvoker.invokeTestMethods(TestInvoker.java:194)
at org.testng.internal.invokers.TestMethodWorker.invokeTestMethods(TestMethodWorker.java:148)
at org.testng.internal.invokers.TestMethodWorker.run(TestMethodWorker.java:128)
at java.base/java.util.ArrayList.forEach(ArrayList.java:1604)
at org.testng.TestRunner.privateRun(TestRunner.java:829)
at org.testng.TestRunner.run(TestRunner.java:602)
at org.testng.SuiteRunner.runTest(SuiteRunner.java:437)
at org.testng.SuiteRunner$SuiteWorker.run(SuiteRunner.java:475)
at org.testng.internal.thread.ThreadUtil.lambda$execute$0(ThreadUtil.java:58)
at java.base/java.util.concurrent.FutureTask.run(FutureTask.java:328)
at java.base/java.util.concurrent.ThreadPoolExecutor.runWorker(ThreadPoolExecutor.java:1090)
at java.base/java.util.concurrent.ThreadPoolExecutor$Worker.run(ThreadPoolExecutor.java:614)
at java.base/java.lang.Thread.run(Thread.java:1474)
]]>
            </full-stacktrace>
          </exception> <!-- java.lang.AssertionError -->
          <reporter-output>
          </reporter-output>
        </test-method> <!-- sortingByPriceLowtoHigh -->
        <test-method is-config="true" signature="teardown()[pri:0, instance:tests.SortingTest@75ed9710]" started-at="2025-12-07T11:04:55 EET" name="teardown" finished-at="2025-12-07T11:04:57 EET" duration-ms="2494" status="PASS">
          <reporter-output>
          </reporter-output>
        </test-method> <!-- teardown -->
      </class> <!-- tests.SortingTest -->
    </test> <!-- Sorting Tests -->
    <test started-at="2025-12-07T10:59:48 EET" name="ProductPage Tests" finished-at="2025-12-07T11:05:23 EET" duration-ms="334653">
      <class name="tests.ProductPageTest">
        <test-method is-config="true" signature="setup()[pri:0, instance:tests.ProductPageTest@160ac7fb]" started-at="2025-12-07T10:59:48 EET" name="setup" finished-at="2025-12-07T11:00:06 EET" duration-ms="18381" status="PASS">
          <reporter-output>
          </reporter-output>
        </test-method> <!-- setup -->
        <test-method signature="test_Add_Remove_Item(java.lang.String,java.lang.String)[pri:0, instance:tests.ProductPageTest@160ac7fb]" started-at="2025-12-07T11:00:06 EET" name="test_Add_Remove_Item" data-provider="ValidLoginData" finished-at="2025-12-07T11:00:14 EET" duration-ms="7576" status="PASS">
          <params>
            <param index="0">
              <value>
                <![CDATA[standard_user]]>
              </value>
            </param>
            <param index="1">
              <value>
                <![CDATA[secret_sauce]]>
              </value>
            </param>
          </params>
          <reporter-output>
          </reporter-output>
        </test-method> <!-- test_Add_Remove_Item -->
        <test-method is-config="true" signature="teardown()[pri:0, instance:tests.ProductPageTest@160ac7fb]" started-at="2025-12-07T11:00:14 EET" name="teardown" finished-at="2025-12-07T11:00:18 EET" duration-ms="3718" status="PASS">
          <reporter-output>
          </reporter-output>
        </test-method> <!-- teardown -->
        <test-method is-config="true" signature="setup()[pri:0, instance:tests.ProductPageTest@160ac7fb]" started-at="2025-12-07T11:00:18 EET" name="setup" finished-at="2025-12-07T11:00:24 EET" duration-ms="6703" status="PASS">
          <reporter-output>
          </reporter-output>
        </test-method> <!-- setup -->
        <test-method signature="test_Add_Remove_Item(java.lang.String,java.lang.String)[pri:0, instance:tests.ProductPageTest@160ac7fb]" started-at="2025-12-07T11:00:24 EET" name="test_Add_Remove_Item" data-provider="ValidLoginData" finished-at="2025-12-07T11:00:34 EET" duration-ms="9076" status="FAIL">
          <params>
            <param index="0">
              <value>
                <![CDATA[problem_user]]>
              </value>
            </param>
            <param index="1">
              <value>
                <![CDATA[secret_sauce]]>
              </value>
            </param>
          </params>
          <exception class="java.lang.AssertionError">
            <message>
              <![CDATA[The following asserts failed:
expected [true] but found [false],
User : 'problem_user', Product ID: item_1',Test failed: Product not added to cart.,
User : 'problem_user', Product ID: item_1', Test failed: Cart badge still visible.,
User : 'problem_user', Product ID: item_5',Test failed: Product not added to cart.,
User : 'problem_user', Product ID: item_5', Test failed: Cart badge still visible.,
expected [true] but found [false],
User : 'problem_user', Product ID: item_3',Test failed: Product not added to cart.,
User : 'problem_user', Product ID: item_3', Test failed: Cart badge still visible.]]>
            </message>
            <full-stacktrace>
              <![CDATA[java.lang.AssertionError: The following asserts failed:
expected [true] but found [false],
User : 'problem_user', Product ID: item_1',Test failed: Product not added to cart.,
User : 'problem_user', Product ID: item_1', Test failed: Cart badge still visible.,
User : 'problem_user', Product ID: item_5',Test failed: Product not added to cart.,
User : 'problem_user', Product ID: item_5', Test failed: Cart badge still visible.,
expected [true] but found [false],
User : 'problem_user', Product ID: item_3',Test failed: Product not added to cart.,
User : 'problem_user', Product ID: item_3', Test failed: Cart badge still visible.
at org.testng.asserts.SoftAssert.assertAll(SoftAssert.java:46)
at org.testng.asserts.SoftAssert.assertAll(SoftAssert.java:30)
at tests.ProductPageTest.test_Add_Remove_Item(ProductPageTest.java:158)
at java.base/jdk.internal.reflect.DirectMethodHandleAccessor.invoke(DirectMethodHandleAccessor.java:104)
at java.base/java.lang.reflect.Method.invoke(Method.java:565)
at org.testng.internal.invokers.MethodInvocationHelper.invokeMethod(MethodInvocationHelper.java:139)
at org.testng.internal.invokers.TestInvoker.invokeMethod(TestInvoker.java:677)
at org.testng.internal.invokers.TestInvoker.invokeTestMethod(TestInvoker.java:221)
at org.testng.internal.invokers.MethodRunner.runInSequence(MethodRunner.java:50)
at org.testng.internal.invokers.TestInvoker$MethodInvocationAgent.invoke(TestInvoker.java:969)
at org.testng.internal.invokers.TestInvoker.invokeTestMethods(TestInvoker.java:194)
at org.testng.internal.invokers.TestMethodWorker.invokeTestMethods(TestMethodWorker.java:148)
at org.testng.internal.invokers.TestMethodWorker.run(TestMethodWorker.java:128)
at java.base/java.util.ArrayList.forEach(ArrayList.java:1604)
at org.testng.TestRunner.privateRun(TestRunner.java:829)
at org.testng.TestRunner.run(TestRunner.java:602)
at org.testng.SuiteRunner.runTest(SuiteRunner.java:437)
at org.testng.SuiteRunner$SuiteWorker.run(SuiteRunner.java:475)
at org.testng.internal.thread.ThreadUtil.lambda$execute$0(ThreadUtil.java:58)
at java.base/java.util.concurrent.FutureTask.run(FutureTask.java:328)
at java.base/java.util.concurrent.ThreadPoolExecutor.runWorker(ThreadPoolExecutor.java:1090)
at java.base/java.util.concurrent.ThreadPoolExecutor$Worker.run(ThreadPoolExecutor.java:614)
at java.base/java.lang.Thread.run(Thread.java:1474)
]]>
            </full-stacktrace>
          </exception> <!-- java.lang.AssertionError -->
          <reporter-output>
          </reporter-output>
        </test-method> <!-- test_Add_Remove_Item -->
        <test-method is-config="true" signature="teardown()[pri:0, instance:tests.ProductPageTest@160ac7fb]" started-at="2025-12-07T11:00:34 EET" name="teardown" finished-at="2025-12-07T11:00:37 EET" duration-ms="3081" status="PASS">
          <reporter-output>
          </reporter-output>
        </test-method> <!-- teardown -->
        <test-method is-config="true" signature="setup()[pri:0, instance:tests.ProductPageTest@160ac7fb]" started-at="2025-12-07T11:00:37 EET" name="setup" finished-at="2025-12-07T11:00:47 EET" duration-ms="9989" status="PASS">
          <reporter-output>
          </reporter-output>
        </test-method> <!-- setup -->
        <test-method signature="test_Add_Remove_Item(java.lang.String,java.lang.String)[pri:0, instance:tests.ProductPageTest@160ac7fb]" started-at="2025-12-07T11:00:47 EET" name="test_Add_Remove_Item" data-provider="ValidLoginData" finished-at="2025-12-07T11:00:57 EET" duration-ms="10622" status="PASS">
          <params>
            <param index="0">
              <value>
                <![CDATA[performance_glitch_user]]>
              </value>
            </param>
            <param index="1">
              <value>
                <![CDATA[secret_sauce]]>
              </value>
            </param>
          </params>
          <reporter-output>
          </reporter-output>
        </test-method> <!-- test_Add_Remove_Item -->
        <test-method is-config="true" signature="teardown()[pri:0, instance:tests.ProductPageTest@160ac7fb]" started-at="2025-12-07T11:00:57 EET" name="teardown" finished-at="2025-12-07T11:00:59 EET" duration-ms="1515" status="PASS">
          <reporter-output>
          </reporter-output>
        </test-method> <!-- teardown -->
        <test-method is-config="true" signature="setup()[pri:0, instance:tests.ProductPageTest@160ac7fb]" started-at="2025-12-07T11:00:59 EET" name="setup" finished-at="2025-12-07T11:01:05 EET" duration-ms="5761" status="PASS">
          <reporter-output>
          </reporter-output>
        </test-method> <!-- setup -->
        <test-method signature="test_Add_Remove_Item(java.lang.String,java.lang.String)[pri:0, instance:tests.ProductPageTest@160ac7fb]" started-at="2025-12-07T11:01:05 EET" name="test_Add_Remove_Item" data-provider="ValidLoginData" finished-at="2025-12-07T11:01:13 EET" duration-ms="8075" status="FAIL">
          <params>
            <param index="0">
              <value>
                <![CDATA[error_user]]>
              </value>
            </param>
            <param index="1">
              <value>
                <![CDATA[secret_sauce]]>
              </value>
            </param>
          </params>
          <exception class="java.lang.AssertionError">
            <message>
              <![CDATA[The following asserts failed:
expected [true] but found [false],
User : 'error_user', Product ID: item_1',Test failed: Product not added to cart.,
User : 'error_user', Product ID: item_1', Test failed: Cart badge still visible.,
User : 'error_user', Product ID: item_5',Test failed: Product not added to cart.,
User : 'error_user', Product ID: item_5', Test failed: Cart badge still visible.,
expected [true] but found [false],
User : 'error_user', Product ID: item_3',Test failed: Product not added to cart.,
User : 'error_user', Product ID: item_3', Test failed: Cart badge still visible.]]>
            </message>
            <full-stacktrace>
              <![CDATA[java.lang.AssertionError: The following asserts failed:
expected [true] but found [false],
User : 'error_user', Product ID: item_1',Test failed: Product not added to cart.,
User : 'error_user', Product ID: item_1', Test failed: Cart badge still visible.,
User : 'error_user', Product ID: item_5',Test failed: Product not added to cart.,
User : 'error_user', Product ID: item_5', Test failed: Cart badge still visible.,
expected [true] but found [false],
User : 'error_user', Product ID: item_3',Test failed: Product not added to cart.,
User : 'error_user', Product ID: item_3', Test failed: Cart badge still visible.
at org.testng.asserts.SoftAssert.assertAll(SoftAssert.java:46)
at org.testng.asserts.SoftAssert.assertAll(SoftAssert.java:30)
at tests.ProductPageTest.test_Add_Remove_Item(ProductPageTest.java:158)
at java.base/jdk.internal.reflect.DirectMethodHandleAccessor.invoke(DirectMethodHandleAccessor.java:104)
at java.base/java.lang.reflect.Method.invoke(Method.java:565)
at org.testng.internal.invokers.MethodInvocationHelper.invokeMethod(MethodInvocationHelper.java:139)
at org.testng.internal.invokers.TestInvoker.invokeMethod(TestInvoker.java:677)
at org.testng.internal.invokers.TestInvoker.invokeTestMethod(TestInvoker.java:221)
at org.testng.internal.invokers.MethodRunner.runInSequence(MethodRunner.java:50)
at org.testng.internal.invokers.TestInvoker$MethodInvocationAgent.invoke(TestInvoker.java:969)
at org.testng.internal.invokers.TestInvoker.invokeTestMethods(TestInvoker.java:194)
at org.testng.internal.invokers.TestMethodWorker.invokeTestMethods(TestMethodWorker.java:148)
at org.testng.internal.invokers.TestMethodWorker.run(TestMethodWorker.java:128)
at java.base/java.util.ArrayList.forEach(ArrayList.java:1604)
at org.testng.TestRunner.privateRun(TestRunner.java:829)
at org.testng.TestRunner.run(TestRunner.java:602)
at org.testng.SuiteRunner.runTest(SuiteRunner.java:437)
at org.testng.SuiteRunner$SuiteWorker.run(SuiteRunner.java:475)
at org.testng.internal.thread.ThreadUtil.lambda$execute$0(ThreadUtil.java:58)
at java.base/java.util.concurrent.FutureTask.run(FutureTask.java:328)
at java.base/java.util.concurrent.ThreadPoolExecutor.runWorker(ThreadPoolExecutor.java:1090)
at java.base/java.util.concurrent.ThreadPoolExecutor$Worker.run(ThreadPoolExecutor.java:614)
at java.base/java.lang.Thread.run(Thread.java:1474)
]]>
            </full-stacktrace>
          </exception> <!-- java.lang.AssertionError -->
          <reporter-output>
          </reporter-output>
        </test-method> <!-- test_Add_Remove_Item -->
        <test-method is-config="true" signature="teardown()[pri:0, instance:tests.ProductPageTest@160ac7fb]" started-at="2025-12-07T11:01:13 EET" name="teardown" finished-at="2025-12-07T11:01:15 EET" duration-ms="2405" status="PASS">
          <reporter-output>
          </reporter-output>
        </test-method> <!-- teardown -->
        <test-method is-config="true" signature="setup()[pri:0, instance:tests.ProductPageTest@160ac7fb]" started-at="2025-12-07T11:01:15 EET" name="setup" finished-at="2025-12-07T11:01:24 EET" duration-ms="9149" status="PASS">
          <reporter-output>
          </reporter-output>
        </test-method> <!-- setup -->
        <test-method signature="test_Add_Remove_Item(java.lang.String,java.lang.String)[pri:0, instance:tests.ProductPageTest@160ac7fb]" started-at="2025-12-07T11:01:24 EET" name="test_Add_Remove_Item" data-provider="ValidLoginData" finished-at="2025-12-07T11:01:32 EET" duration-ms="7983" status="PASS">
          <params>
            <param index="0">
              <value>
                <![CDATA[visual_user]]>
              </value>
            </param>
            <param index="1">
              <value>
                <![CDATA[secret_sauce]]>
              </value>
            </param>
          </params>
          <reporter-output>
          </reporter-output>
        </test-method> <!-- test_Add_Remove_Item -->
        <test-method is-config="true" signature="teardown()[pri:0, instance:tests.ProductPageTest@160ac7fb]" started-at="2025-12-07T11:01:32 EET" name="teardown" finished-at="2025-12-07T11:01:34 EET" duration-ms="2098" status="PASS">
          <reporter-output>
          </reporter-output>
        </test-method> <!-- teardown -->
        <test-method is-config="true" signature="setup()[pri:0, instance:tests.ProductPageTest@160ac7fb]" started-at="2025-12-07T11:01:34 EET" name="setup" finished-at="2025-12-07T11:01:45 EET" duration-ms="11227" status="PASS">
          <reporter-output>
          </reporter-output>
        </test-method> <!-- setup -->
        <test-method signature="validateProductImages(java.lang.String,java.lang.String)[pri:0, instance:tests.ProductPageTest@160ac7fb]" started-at="2025-12-07T11:01:45 EET" name="validateProductImages" data-provider="ValidLoginData" finished-at="2025-12-07T11:01:52 EET" duration-ms="6399" status="PASS">
          <params>
            <param index="0">
              <value>
                <![CDATA[standard_user]]>
              </value>
            </param>
            <param index="1">
              <value>
                <![CDATA[secret_sauce]]>
              </value>
            </param>
          </params>
          <reporter-output>
          </reporter-output>
        </test-method> <!-- validateProductImages -->
        <test-method is-config="true" signature="teardown()[pri:0, instance:tests.ProductPageTest@160ac7fb]" started-at="2025-12-07T11:01:52 EET" name="teardown" finished-at="2025-12-07T11:01:54 EET" duration-ms="2008" status="PASS">
          <reporter-output>
          </reporter-output>
        </test-method> <!-- teardown -->
        <test-method is-config="true" signature="setup()[pri:0, instance:tests.ProductPageTest@160ac7fb]" started-at="2025-12-07T11:01:54 EET" name="setup" finished-at="2025-12-07T11:02:02 EET" duration-ms="7644" status="PASS">
          <reporter-output>
          </reporter-output>
        </test-method> <!-- setup -->
        <test-method signature="validateProductImages(java.lang.String,java.lang.String)[pri:0, instance:tests.ProductPageTest@160ac7fb]" started-at="2025-12-07T11:02:02 EET" name="validateProductImages" data-provider="ValidLoginData" finished-at="2025-12-07T11:02:09 EET" duration-ms="7693" status="PASS">
          <params>
            <param index="0">
              <value>
                <![CDATA[problem_user]]>
              </value>
            </param>
            <param index="1">
              <value>
                <![CDATA[secret_sauce]]>
              </value>
            </param>
          </params>
          <reporter-output>
          </reporter-output>
        </test-method> <!-- validateProductImages -->
        <test-method is-config="true" signature="teardown()[pri:0, instance:tests.ProductPageTest@160ac7fb]" started-at="2025-12-07T11:02:09 EET" name="teardown" finished-at="2025-12-07T11:02:11 EET" duration-ms="2241" status="PASS">
          <reporter-output>
          </reporter-output>
        </test-method> <!-- teardown -->
        <test-method is-config="true" signature="setup()[pri:0, instance:tests.ProductPageTest@160ac7fb]" started-at="2025-12-07T11:02:11 EET" name="setup" finished-at="2025-12-07T11:02:19 EET" duration-ms="7369" status="PASS">
          <reporter-output>
          </reporter-output>
        </test-method> <!-- setup -->
        <test-method signature="validateProductImages(java.lang.String,java.lang.String)[pri:0, instance:tests.ProductPageTest@160ac7fb]" started-at="2025-12-07T11:02:19 EET" name="validateProductImages" data-provider="ValidLoginData" finished-at="2025-12-07T11:02:32 EET" duration-ms="13485" status="PASS">
          <params>
            <param index="0">
              <value>
                <![CDATA[performance_glitch_user]]>
              </value>
            </param>
            <param index="1">
              <value>
                <![CDATA[secret_sauce]]>
              </value>
            </param>
          </params>
          <reporter-output>
          </reporter-output>
        </test-method> <!-- validateProductImages -->
        <test-method is-config="true" signature="teardown()[pri:0, instance:tests.ProductPageTest@160ac7fb]" started-at="2025-12-07T11:02:32 EET" name="teardown" finished-at="2025-12-07T11:02:35 EET" duration-ms="2444" status="PASS">
          <reporter-output>
          </reporter-output>
        </test-method> <!-- teardown -->
        <test-method is-config="true" signature="setup()[pri:0, instance:tests.ProductPageTest@160ac7fb]" started-at="2025-12-07T11:02:35 EET" name="setup" finished-at="2025-12-07T11:02:42 EET" duration-ms="7284" status="PASS">
          <reporter-output>
          </reporter-output>
        </test-method> <!-- setup -->
        <test-method signature="validateProductImages(java.lang.String,java.lang.String)[pri:0, instance:tests.ProductPageTest@160ac7fb]" started-at="2025-12-07T11:02:42 EET" name="validateProductImages" data-provider="ValidLoginData" finished-at="2025-12-07T11:02:50 EET" duration-ms="8100" status="PASS">
          <params>
            <param index="0">
              <value>
                <![CDATA[error_user]]>
              </value>
            </param>
            <param index="1">
              <value>
                <![CDATA[secret_sauce]]>
              </value>
            </param>
          </params>
          <reporter-output>
          </reporter-output>
        </test-method> <!-- validateProductImages -->
        <test-method is-config="true" signature="teardown()[pri:0, instance:tests.ProductPageTest@160ac7fb]" started-at="2025-12-07T11:02:50 EET" name="teardown" finished-at="2025-12-07T11:02:52 EET" duration-ms="1894" status="PASS">
          <reporter-output>
          </reporter-output>
        </test-method> <!-- teardown -->
        <test-method is-config="true" signature="setup()[pri:0, instance:tests.ProductPageTest@160ac7fb]" started-at="2025-12-07T11:02:52 EET" name="setup" finished-at="2025-12-07T11:03:02 EET" duration-ms="9796" status="PASS">
          <reporter-output>
          </reporter-output>
        </test-method> <!-- setup -->
        <test-method signature="validateProductImages(java.lang.String,java.lang.String)[pri:0, instance:tests.ProductPageTest@160ac7fb]" started-at="2025-12-07T11:03:02 EET" name="validateProductImages" data-provider="ValidLoginData" finished-at="2025-12-07T11:03:09 EET" duration-ms="6761" status="PASS">
          <params>
            <param index="0">
              <value>
                <![CDATA[visual_user]]>
              </value>
            </param>
            <param index="1">
              <value>
                <![CDATA[secret_sauce]]>
              </value>
            </param>
          </params>
          <reporter-output>
          </reporter-output>
        </test-method> <!-- validateProductImages -->
        <test-method is-config="true" signature="teardown()[pri:0, instance:tests.ProductPageTest@160ac7fb]" started-at="2025-12-07T11:03:09 EET" name="teardown" finished-at="2025-12-07T11:03:11 EET" duration-ms="2163" status="PASS">
          <reporter-output>
          </reporter-output>
        </test-method> <!-- teardown -->
        <test-method is-config="true" signature="setup()[pri:0, instance:tests.ProductPageTest@160ac7fb]" started-at="2025-12-07T11:03:11 EET" name="setup" finished-at="2025-12-07T11:03:24 EET" duration-ms="13123" status="PASS">
          <reporter-output>
          </reporter-output>
        </test-method> <!-- setup -->
        <test-method signature="validateProduct_Name_Price_Description(java.lang.String,java.lang.String)[pri:0, instance:tests.ProductPageTest@160ac7fb]" started-at="2025-12-07T11:03:24 EET" name="validateProduct_Name_Price_Description" data-provider="ValidLoginData" finished-at="2025-12-07T11:03:30 EET" duration-ms="6248" status="PASS">
          <params>
            <param index="0">
              <value>
                <![CDATA[standard_user]]>
              </value>
            </param>
            <param index="1">
              <value>
                <![CDATA[secret_sauce]]>
              </value>
            </param>
          </params>
          <reporter-output>
          </reporter-output>
        </test-method> <!-- validateProduct_Name_Price_Description -->
        <test-method is-config="true" signature="teardown()[pri:0, instance:tests.ProductPageTest@160ac7fb]" started-at="2025-12-07T11:03:30 EET" name="teardown" finished-at="2025-12-07T11:03:32 EET" duration-ms="1854" status="PASS">
          <reporter-output>
          </reporter-output>
        </test-method> <!-- teardown -->
        <test-method is-config="true" signature="setup()[pri:0, instance:tests.ProductPageTest@160ac7fb]" started-at="2025-12-07T11:03:32 EET" name="setup" finished-at="2025-12-07T11:03:38 EET" duration-ms="6268" status="PASS">
          <reporter-output>
          </reporter-output>
        </test-method> <!-- setup -->
        <test-method signature="validateProduct_Name_Price_Description(java.lang.String,java.lang.String)[pri:0, instance:tests.ProductPageTest@160ac7fb]" started-at="2025-12-07T11:03:38 EET" name="validateProduct_Name_Price_Description" data-provider="ValidLoginData" finished-at="2025-12-07T11:03:47 EET" duration-ms="8346" status="PASS">
          <params>
            <param index="0">
              <value>
                <![CDATA[problem_user]]>
              </value>
            </param>
            <param index="1">
              <value>
                <![CDATA[secret_sauce]]>
              </value>
            </param>
          </params>
          <reporter-output>
          </reporter-output>
        </test-method> <!-- validateProduct_Name_Price_Description -->
        <test-method is-config="true" signature="teardown()[pri:0, instance:tests.ProductPageTest@160ac7fb]" started-at="2025-12-07T11:03:47 EET" name="teardown" finished-at="2025-12-07T11:03:49 EET" duration-ms="2558" status="PASS">
          <reporter-output>
          </reporter-output>
        </test-method> <!-- teardown -->
        <test-method is-config="true" signature="setup()[pri:0, instance:tests.ProductPageTest@160ac7fb]" started-at="2025-12-07T11:03:49 EET" name="setup" finished-at="2025-12-07T11:03:57 EET" duration-ms="7360" status="PASS">
          <reporter-output>
          </reporter-output>
        </test-method> <!-- setup -->
        <test-method signature="validateProduct_Name_Price_Description(java.lang.String,java.lang.String)[pri:0, instance:tests.ProductPageTest@160ac7fb]" started-at="2025-12-07T11:03:57 EET" name="validateProduct_Name_Price_Description" data-provider="ValidLoginData" finished-at="2025-12-07T11:04:39 EET" duration-ms="42206" status="PASS">
          <params>
            <param index="0">
              <value>
                <![CDATA[performance_glitch_user]]>
              </value>
            </param>
            <param index="1">
              <value>
                <![CDATA[secret_sauce]]>
              </value>
            </param>
          </params>
          <reporter-output>
          </reporter-output>
        </test-method> <!-- validateProduct_Name_Price_Description -->
        <test-method is-config="true" signature="teardown()[pri:0, instance:tests.ProductPageTest@160ac7fb]" started-at="2025-12-07T11:04:39 EET" name="teardown" finished-at="2025-12-07T11:04:42 EET" duration-ms="3143" status="PASS">
          <reporter-output>
          </reporter-output>
        </test-method> <!-- teardown -->
        <test-method is-config="true" signature="setup()[pri:0, instance:tests.ProductPageTest@160ac7fb]" started-at="2025-12-07T11:04:42 EET" name="setup" finished-at="2025-12-07T11:04:50 EET" duration-ms="8343" status="PASS">
          <reporter-output>
          </reporter-output>
        </test-method> <!-- setup -->
        <test-method signature="validateProduct_Name_Price_Description(java.lang.String,java.lang.String)[pri:0, instance:tests.ProductPageTest@160ac7fb]" started-at="2025-12-07T11:04:50 EET" name="validateProduct_Name_Price_Description" data-provider="ValidLoginData" finished-at="2025-12-07T11:04:58 EET" duration-ms="7947" status="FAIL">
          <params>
            <param index="0">
              <value>
                <![CDATA[error_user]]>
              </value>
            </param>
            <param index="1">
              <value>
                <![CDATA[secret_sauce]]>
              </value>
            </param>
          </params>
          <exception class="java.lang.AssertionError">
            <message>
              <![CDATA[The following asserts failed:
User : 'error_user', Product: 'Sauce Labs Backpack', Product description mismatch expected [carry.allTheThings() with the sleek, streamlined Sly Pack that melds uncompromising style with unequaled laptop and tablet protection.] but found [A description should be here, but it failed to render! This error has been reported to Backtrace.],
User : 'error_user', Product: 'Sauce Labs Bike Light', Product description mismatch expected [A red light isn't the desired state in testing but it sure helps when riding your bike at night. Water-resistant with 3 lighting modes, 1 AAA battery included.] but found [A description should be here, but it failed to render! This error has been reported to Backtrace.],
User : 'error_user', Product: 'Sauce Labs Bolt T-Shirt', Product description mismatch expected [Get your testing superhero on with the Sauce Labs bolt T-shirt. From American Apparel, 100% ringspun combed cotton, heather gray with red bolt.] but found [A description should be here, but it failed to render! This error has been reported to Backtrace.],
User : 'error_user', Product: 'Sauce Labs Fleece Jacket', Product description mismatch expected [It's not every day that you come across a midweight quarter-zip fleece jacket capable of handling everything from a relaxing day outdoors to a busy day at the office.] but found [A description should be here, but it failed to render! This error has been reported to Backtrace.],
User : 'error_user', Product: 'Sauce Labs Onesie', Product description mismatch expected [Rib snap infant onesie for the junior automation engineer in development. Reinforced 3-snap bottom closure, two-needle hemmed sleeved and bottom won't unravel.] but found [A description should be here, but it failed to render! This error has been reported to Backtrace.],
User : 'error_user', Product: 'Test.allTheThings() T-Shirt (Red)', Product description mismatch expected [This classic Sauce Labs t-shirt is perfect to wear when cozying up to your keyboard to automate a few tests. Super-soft and comfy ringspun combed cotton.] but found [A description should be here, but it failed to render! This error has been reported to Backtrace.]]]>
            </message>
            <full-stacktrace>
              <![CDATA[java.lang.AssertionError: The following asserts failed:
User : 'error_user', Product: 'Sauce Labs Backpack', Product description mismatch expected [carry.allTheThings() with the sleek, streamlined Sly Pack that melds uncompromising style with unequaled laptop and tablet protection.] but found [A description should be here, but it failed to render! This error has been reported to Backtrace.],
User : 'error_user', Product: 'Sauce Labs Bike Light', Product description mismatch expected [A red light isn't the desired state in testing but it sure helps when riding your bike at night. Water-resistant with 3 lighting modes, 1 AAA battery included.] but found [A description should be here, but it failed to render! This error has been reported to Backtrace.],
User : 'error_user', Product: 'Sauce Labs Bolt T-Shirt', Product description mismatch expected [Get your testing superhero on with the Sauce Labs bolt T-shirt. From American Apparel, 100% ringspun combed cotton, heather gray with red bolt.] but found [A description should be here, but it failed to render! This error has been reported to Backtrace.],
User : 'error_user', Product: 'Sauce Labs Fleece Jacket', Product description mismatch expected [It's not every day that you come across a midweight quarter-zip fleece jacket capable of handling everything from a relaxing day outdoors to a busy day at the office.] but found [A description should be here, but it failed to render! This error has been reported to Backtrace.],
User : 'error_user', Product: 'Sauce Labs Onesie', Product description mismatch expected [Rib snap infant onesie for the junior automation engineer in development. Reinforced 3-snap bottom closure, two-needle hemmed sleeved and bottom won't unravel.] but found [A description should be here, but it failed to render! This error has been reported to Backtrace.],
User : 'error_user', Product: 'Test.allTheThings() T-Shirt (Red)', Product description mismatch expected [This classic Sauce Labs t-shirt is perfect to wear when cozying up to your keyboard to automate a few tests. Super-soft and comfy ringspun combed cotton.] but found [A description should be here, but it failed to render! This error has been reported to Backtrace.]
at org.testng.asserts.SoftAssert.assertAll(SoftAssert.java:46)
at org.testng.asserts.SoftAssert.assertAll(SoftAssert.java:30)
at tests.ProductPageTest.validateProduct_Name_Price_Description(ProductPageTest.java:64)
at java.base/jdk.internal.reflect.DirectMethodHandleAccessor.invoke(DirectMethodHandleAccessor.java:104)
at java.base/java.lang.reflect.Method.invoke(Method.java:565)
at org.testng.internal.invokers.MethodInvocationHelper.invokeMethod(MethodInvocationHelper.java:139)
at org.testng.internal.invokers.TestInvoker.invokeMethod(TestInvoker.java:677)
at org.testng.internal.invokers.TestInvoker.invokeTestMethod(TestInvoker.java:221)
at org.testng.internal.invokers.MethodRunner.runInSequence(MethodRunner.java:50)
at org.testng.internal.invokers.TestInvoker$MethodInvocationAgent.invoke(TestInvoker.java:969)
at org.testng.internal.invokers.TestInvoker.invokeTestMethods(TestInvoker.java:194)
at org.testng.internal.invokers.TestMethodWorker.invokeTestMethods(TestMethodWorker.java:148)
at org.testng.internal.invokers.TestMethodWorker.run(TestMethodWorker.java:128)
at java.base/java.util.ArrayList.forEach(ArrayList.java:1604)
at org.testng.TestRunner.privateRun(TestRunner.java:829)
at org.testng.TestRunner.run(TestRunner.java:602)
at org.testng.SuiteRunner.runTest(SuiteRunner.java:437)
at org.testng.SuiteRunner$SuiteWorker.run(SuiteRunner.java:475)
at org.testng.internal.thread.ThreadUtil.lambda$execute$0(ThreadUtil.java:58)
at java.base/java.util.concurrent.FutureTask.run(FutureTask.java:328)
at java.base/java.util.concurrent.ThreadPoolExecutor.runWorker(ThreadPoolExecutor.java:1090)
at java.base/java.util.concurrent.ThreadPoolExecutor$Worker.run(ThreadPoolExecutor.java:614)
at java.base/java.lang.Thread.run(Thread.java:1474)
]]>
            </full-stacktrace>
          </exception> <!-- java.lang.AssertionError -->
          <reporter-output>
          </reporter-output>
        </test-method> <!-- validateProduct_Name_Price_Description -->
        <test-method is-config="true" signature="teardown()[pri:0, instance:tests.ProductPageTest@160ac7fb]" started-at="2025-12-07T11:04:58 EET" name="teardown" finished-at="2025-12-07T11:05:01 EET" duration-ms="2542" status="PASS">
          <reporter-output>
          </reporter-output>
        </test-method> <!-- teardown -->
        <test-method is-config="true" signature="setup()[pri:0, instance:tests.ProductPageTest@160ac7fb]" started-at="2025-12-07T11:05:01 EET" name="setup" finished-at="2025-12-07T11:05:10 EET" duration-ms="9444" status="PASS">
          <reporter-output>
          </reporter-output>
        </test-method> <!-- setup -->
        <test-method signature="validateProduct_Name_Price_Description(java.lang.String,java.lang.String)[pri:0, instance:tests.ProductPageTest@160ac7fb]" started-at="2025-12-07T11:05:10 EET" name="validateProduct_Name_Price_Description" data-provider="ValidLoginData" finished-at="2025-12-07T11:05:20 EET" duration-ms="9912" status="PASS">
          <params>
            <param index="0">
              <value>
                <![CDATA[visual_user]]>
              </value>
            </param>
            <param index="1">
              <value>
                <![CDATA[secret_sauce]]>
              </value>
            </param>
          </params>
          <reporter-output>
          </reporter-output>
        </test-method> <!-- validateProduct_Name_Price_Description -->
        <test-method is-config="true" signature="teardown()[pri:0, instance:tests.ProductPageTest@160ac7fb]" started-at="2025-12-07T11:05:20 EET" name="teardown" finished-at="2025-12-07T11:05:23 EET" duration-ms="2412" status="PASS">
          <reporter-output>
          </reporter-output>
        </test-method> <!-- teardown -->
      </class> <!-- tests.ProductPageTest -->
    </test> <!-- ProductPage Tests -->
    <test started-at="2025-12-07T11:04:57 EET" name="Logout Tests" finished-at="2025-12-07T11:05:54 EET" duration-ms="56194">
      <class name="tests.LogoutTest">
        <test-method is-config="true" signature="setup()[pri:0, instance:tests.LogoutTest@5b11a194]" started-at="2025-12-07T11:04:57 EET" name="setup" finished-at="2025-12-07T11:05:06 EET" duration-ms="8526" status="PASS">
          <reporter-output>
          </reporter-output>
        </test-method> <!-- setup -->
        <test-method signature="Logout(java.lang.String,java.lang.String)[pri:0, instance:tests.LogoutTest@5b11a194]" started-at="2025-12-07T11:05:06 EET" name="Logout" data-provider="ValidLoginData" finished-at="2025-12-07T11:05:08 EET" duration-ms="2060" status="PASS">
          <params>
            <param index="0">
              <value>
                <![CDATA[standard_user]]>
              </value>
            </param>
            <param index="1">
              <value>
                <![CDATA[secret_sauce]]>
              </value>
            </param>
          </params>
          <reporter-output>
          </reporter-output>
        </test-method> <!-- Logout -->
        <test-method is-config="true" signature="teardown()[pri:0, instance:tests.LogoutTest@5b11a194]" started-at="2025-12-07T11:05:08 EET" name="teardown" finished-at="2025-12-07T11:05:11 EET" duration-ms="3018" status="PASS">
          <reporter-output>
          </reporter-output>
        </test-method> <!-- teardown -->
        <test-method is-config="true" signature="setup()[pri:0, instance:tests.LogoutTest@5b11a194]" started-at="2025-12-07T11:05:11 EET" name="setup" finished-at="2025-12-07T11:05:21 EET" duration-ms="10494" status="PASS">
          <reporter-output>
          </reporter-output>
        </test-method> <!-- setup -->
        <test-method signature="Logout(java.lang.String,java.lang.String)[pri:0, instance:tests.LogoutTest@5b11a194]" started-at="2025-12-07T11:05:21 EET" name="Logout" data-provider="ValidLoginData" finished-at="2025-12-07T11:05:22 EET" duration-ms="936" status="PASS">
          <params>
            <param index="0">
              <value>
                <![CDATA[problem_user]]>
              </value>
            </param>
            <param index="1">
              <value>
                <![CDATA[secret_sauce]]>
              </value>
            </param>
          </params>
          <reporter-output>
          </reporter-output>
        </test-method> <!-- Logout -->
        <test-method is-config="true" signature="teardown()[pri:0, instance:tests.LogoutTest@5b11a194]" started-at="2025-12-07T11:05:22 EET" name="teardown" finished-at="2025-12-07T11:05:24 EET" duration-ms="1736" status="PASS">
          <reporter-output>
          </reporter-output>
        </test-method> <!-- teardown -->
        <test-method is-config="true" signature="setup()[pri:0, instance:tests.LogoutTest@5b11a194]" started-at="2025-12-07T11:05:24 EET" name="setup" finished-at="2025-12-07T11:05:30 EET" duration-ms="5648" status="PASS">
          <reporter-output>
          </reporter-output>
        </test-method> <!-- setup -->
        <test-method signature="Logout(java.lang.String,java.lang.String)[pri:0, instance:tests.LogoutTest@5b11a194]" started-at="2025-12-07T11:05:30 EET" name="Logout" data-provider="ValidLoginData" finished-at="2025-12-07T11:05:36 EET" duration-ms="5716" status="PASS">
          <params>
            <param index="0">
              <value>
                <![CDATA[performance_glitch_user]]>
              </value>
            </param>
            <param index="1">
              <value>
                <![CDATA[secret_sauce]]>
              </value>
            </param>
          </params>
          <reporter-output>
          </reporter-output>
        </test-method> <!-- Logout -->
        <test-method is-config="true" signature="teardown()[pri:0, instance:tests.LogoutTest@5b11a194]" started-at="2025-12-07T11:05:36 EET" name="teardown" finished-at="2025-12-07T11:05:37 EET" duration-ms="1503" status="PASS">
          <reporter-output>
          </reporter-output>
        </test-method> <!-- teardown -->
        <test-method is-config="true" signature="setup()[pri:0, instance:tests.LogoutTest@5b11a194]" started-at="2025-12-07T11:05:37 EET" name="setup" finished-at="2025-12-07T11:05:43 EET" duration-ms="5557" status="PASS">
          <reporter-output>
          </reporter-output>
        </test-method> <!-- setup -->
        <test-method signature="Logout(java.lang.String,java.lang.String)[pri:0, instance:tests.LogoutTest@5b11a194]" started-at="2025-12-07T11:05:43 EET" name="Logout" data-provider="ValidLoginData" finished-at="2025-12-07T11:05:43 EET" duration-ms="745" status="PASS">
          <params>
            <param index="0">
              <value>
                <![CDATA[error_user]]>
              </value>
            </param>
            <param index="1">
              <value>
                <![CDATA[secret_sauce]]>
              </value>
            </param>
          </params>
          <reporter-output>
          </reporter-output>
        </test-method> <!-- Logout -->
        <test-method is-config="true" signature="teardown()[pri:0, instance:tests.LogoutTest@5b11a194]" started-at="2025-12-07T11:05:43 EET" name="teardown" finished-at="2025-12-07T11:05:45 EET" duration-ms="1897" status="PASS">
          <reporter-output>
          </reporter-output>
        </test-method> <!-- teardown -->
        <test-method is-config="true" signature="setup()[pri:0, instance:tests.LogoutTest@5b11a194]" started-at="2025-12-07T11:05:45 EET" name="setup" finished-at="2025-12-07T11:05:51 EET" duration-ms="5948" status="PASS">
          <reporter-output>
          </reporter-output>
        </test-method> <!-- setup -->
        <test-method signature="Logout(java.lang.String,java.lang.String)[pri:0, instance:tests.LogoutTest@5b11a194]" started-at="2025-12-07T11:05:51 EET" name="Logout" data-provider="ValidLoginData" finished-at="2025-12-07T11:05:52 EET" duration-ms="724" status="PASS">
          <params>
            <param index="0">
              <value>
                <![CDATA[visual_user]]>
              </value>
            </param>
            <param index="1">
              <value>
                <![CDATA[secret_sauce]]>
              </value>
            </param>
          </params>
          <reporter-output>
          </reporter-output>
        </test-method> <!-- Logout -->
        <test-method is-config="true" signature="teardown()[pri:0, instance:tests.LogoutTest@5b11a194]" started-at="2025-12-07T11:05:52 EET" name="teardown" finished-at="2025-12-07T11:05:54 EET" duration-ms="1607" status="PASS">
          <reporter-output>
          </reporter-output>
        </test-method> <!-- teardown -->
      </class> <!-- tests.LogoutTest -->
    </test> <!-- Logout Tests -->
    <test started-at="2025-12-07T11:02:14 EET" name="Checkout Tests" finished-at="2025-12-07T11:09:37 EET" duration-ms="443010">
      <class name="tests.CheckoutInfoTest">
        <test-method is-config="true" signature="setup()[pri:0, instance:tests.CheckoutInfoTest@3b956878]" started-at="2025-12-07T11:02:14 EET" name="setup" finished-at="2025-12-07T11:02:24 EET" duration-ms="10549" status="PASS">
          <reporter-output>
          </reporter-output>
        </test-method> <!-- setup -->
        <test-method signature="testCheckoutPage(java.lang.String,java.lang.String)[pri:0, instance:tests.CheckoutInfoTest@3b956878]" started-at="2025-12-07T11:02:24 EET" name="testCheckoutPage" data-provider="ValidLoginData" finished-at="2025-12-07T11:03:58 EET" duration-ms="93571" status="PASS">
          <params>
            <param index="0">
              <value>
                <![CDATA[standard_user]]>
              </value>
            </param>
            <param index="1">
              <value>
                <![CDATA[secret_sauce]]>
              </value>
            </param>
          </params>
          <reporter-output>
          </reporter-output>
        </test-method> <!-- testCheckoutPage -->
        <test-method is-config="true" signature="teardown()[pri:0, instance:tests.CheckoutInfoTest@3b956878]" started-at="2025-12-07T11:03:58 EET" name="teardown" finished-at="2025-12-07T11:04:01 EET" duration-ms="3273" status="PASS">
          <reporter-output>
          </reporter-output>
        </test-method> <!-- teardown -->
        <test-method is-config="true" signature="setup()[pri:0, instance:tests.CheckoutInfoTest@3b956878]" started-at="2025-12-07T11:04:01 EET" name="setup" finished-at="2025-12-07T11:04:10 EET" duration-ms="8729" status="PASS">
          <reporter-output>
          </reporter-output>
        </test-method> <!-- setup -->
        <test-method signature="testCheckoutPage(java.lang.String,java.lang.String)[pri:0, instance:tests.CheckoutInfoTest@3b956878]" started-at="2025-12-07T11:04:10 EET" name="testCheckoutPage" data-provider="ValidLoginData" finished-at="2025-12-07T11:05:39 EET" duration-ms="89147" status="FAIL">
          <params>
            <param index="0">
              <value>
                <![CDATA[problem_user]]>
              </value>
            </param>
            <param index="1">
              <value>
                <![CDATA[secret_sauce]]>
              </value>
            </param>
          </params>
          <exception class="java.lang.AssertionError">
            <message>
              <![CDATA[The following asserts failed:
User : 'problem_user', The error message is incorrect for the provided user details. First Name :  Last Name : Doe zip Code: 67890 expected [Error: First Name is required] but found [Error: Last Name is required],
User : 'problem_user', The error message is incorrect for the provided user details. First Name : John Last Name : Doe zip Code:  expected [Error: Postal Code is required] but found [Error: Last Name is required],
User : 'problem_user', The error message is incorrect for the provided user details. First Name : John Last Name : Doe zip Code: 12345 expected [] but found [Error: Last Name is required],
User : 'problem_user', The error message is incorrect for the provided user details. First Name : J0hn Last Name : D@e zip Code: 123-45 expected [] but found [Error: Last Name is required],
User : 'problem_user', The error message is incorrect for the provided user details. First Name : J Last Name : D zip Code: 1 expected [] but found [Error: Last Name is required],
User : 'problem_user', The error message is incorrect for the provided user details. First Name : John@# Last Name : Doe$% zip Code: ABCDE expected [] but found [Error: Last Name is required],
User : 'problem_user', The error message is incorrect for the provided user details. First Name :     Last Name :     zip Code:     expected [] but found [Error: Last Name is required],
User : 'problem_user', The error message is incorrect for the provided user details. First Name : John Doe Last Name : Smith zip Code:  12345  expected [] but found [Error: Last Name is required],
User : 'problem_user', The error message is incorrect for the provided user details. First Name : John123 Last Name : Doe456 zip Code: 001234 expected [] but found [Error: Last Name is required],
User : 'problem_user', The error message is incorrect for the provided user details. First Name : JohnDoe Last Name : LongLastNameHereThatExceedsNormalLength zip Code: 123456789012345 expected [] but found [Error: Last Name is required],
User : 'problem_user', The error message is incorrect for the provided user details. First Name : Jo$hn Last Name : Do^e zip Code: 12345! expected [] but found [Error: Last Name is required],
User : 'problem_user', The error message is incorrect for the provided user details. First Name : J@hn Last Name : D#oe zip Code: 12-345 expected [] but found [Error: Last Name is required],
User : 'problem_user', The error message is incorrect for the provided user details. First Name :  Last Name : Doe zip Code: 67890 expected [Error: First Name is required] but found [Error: Last Name is required],
User : 'problem_user', The error message is incorrect for the provided user details. First Name : John Last Name : Doe zip Code:  expected [Error: Postal Code is required] but found [Error: Last Name is required],
User : 'problem_user', The error message is incorrect for the provided user details. First Name : John Last Name : Doe zip Code: 12345 expected [] but found [Error: Last Name is required],
User : 'problem_user', The error message is incorrect for the provided user details. First Name : J0hn Last Name : D@e zip Code: 123-45 expected [] but found [Error: Last Name is required],
User : 'problem_user', The error message is incorrect for the provided user details. First Name : J Last Name : D zip Code: 1 expected [] but found [Error: Last Name is required],
User : 'problem_user', The error message is incorrect for the provided user details. First Name : John@# Last Name : Doe$% zip Code: ABCDE expected [] but found [Error: Last Name is required],
User : 'problem_user', The error message is incorrect for the provided user details. First Name :     Last Name :     zip Code:     expected [] but found [Error: Last Name is required],
User : 'problem_user', The error message is incorrect for the provided user details. First Name : John Doe Last Name : Smith zip Code:  12345  expected [] but found [Error: Last Name is required],
User : 'problem_user', The error message is incorrect for the provided user details. First Name : John123 Last Name : Doe456 zip Code: 001234 expected [] but found [Error: Last Name is required],
User : 'problem_user', The error message is incorrect for the provided user details. First Name : JohnDoe Last Name : LongLastNameHereThatExceedsNormalLength zip Code: 123456789012345 expected [] but found [Error: Last Name is required],
User : 'problem_user', The error message is incorrect for the provided user details. First Name : Jo$hn Last Name : Do^e zip Code: 12345! expected [] but found [Error: Last Name is required],
User : 'problem_user', The error message is incorrect for the provided user details. First Name : J@hn Last Name : D#oe zip Code: 12-345 expected [] but found [Error: Last Name is required],
User : 'problem_user', Product: 'Sauce Labs Bolt T-Shirt', name does not match the expected name. expected [Sauce Labs Bolt T-Shirt] but found [Sauce Labs Bike Light],
User : 'problem_user', The error message is incorrect for the provided user details. First Name :  Last Name : Doe zip Code: 67890 expected [Error: First Name is required] but found [Error: Last Name is required],
User : 'problem_user', The error message is incorrect for the provided user details. First Name : John Last Name : Doe zip Code:  expected [Error: Postal Code is required] but found [Error: Last Name is required],
User : 'problem_user', The error message is incorrect for the provided user details. First Name : John Last Name : Doe zip Code: 12345 expected [] but found [Error: Last Name is required],
User : 'problem_user', The error message is incorrect for the provided user details. First Name : J0hn Last Name : D@e zip Code: 123-45 expected [] but found [Error: Last Name is required],
User : 'problem_user', The error message is incorrect for the provided user details. First Name : J Last Name : D zip Code: 1 expected [] but found [Error: Last Name is required],
User : 'problem_user', The error message is incorrect for the provided user details. First Name : John@# Last Name : Doe$% zip Code: ABCDE expected [] but found [Error: Last Name is required],
User : 'problem_user', The error message is incorrect for the provided user details. First Name :     Last Name :     zip Code:     expected [] but found [Error: Last Name is required],
User : 'problem_user', The error message is incorrect for the provided user details. First Name : John Doe Last Name : Smith zip Code:  12345  expected [] but found [Error: Last Name is required],
User : 'problem_user', The error message is incorrect for the provided user details. First Name : John123 Last Name : Doe456 zip Code: 001234 expected [] but found [Error: Last Name is required],
User : 'problem_user', The error message is incorrect for the provided user details. First Name : JohnDoe Last Name : LongLastNameHereThatExceedsNormalLength zip Code: 123456789012345 expected [] but found [Error: Last Name is required],
User : 'problem_user', The error message is incorrect for the provided user details. First Name : Jo$hn Last Name : Do^e zip Code: 12345! expected [] but found [Error: Last Name is required],
User : 'problem_user', The error message is incorrect for the provided user details. First Name : J@hn Last Name : D#oe zip Code: 12-345 expected [] but found [Error: Last Name is required],
User : 'problem_user', Product: 'Sauce Labs Fleece Jacket', name does not match the expected name. expected [Sauce Labs Fleece Jacket] but found [Sauce Labs Bike Light],
User : 'problem_user', The error message is incorrect for the provided user details. First Name :  Last Name : Doe zip Code: 67890 expected [Error: First Name is required] but found [Error: Last Name is required],
User : 'problem_user', The error message is incorrect for the provided user details. First Name : John Last Name : Doe zip Code:  expected [Error: Postal Code is required] but found [Error: Last Name is required],
User : 'problem_user', The error message is incorrect for the provided user details. First Name : John Last Name : Doe zip Code: 12345 expected [] but found [Error: Last Name is required],
User : 'problem_user', The error message is incorrect for the provided user details. First Name : J0hn Last Name : D@e zip Code: 123-45 expected [] but found [Error: Last Name is required],
User : 'problem_user', The error message is incorrect for the provided user details. First Name : J Last Name : D zip Code: 1 expected [] but found [Error: Last Name is required],
User : 'problem_user', The error message is incorrect for the provided user details. First Name : John@# Last Name : Doe$% zip Code: ABCDE expected [] but found [Error: Last Name is required],
User : 'problem_user', The error message is incorrect for the provided user details. First Name :     Last Name :     zip Code:     expected [] but found [Error: Last Name is required],
User : 'problem_user', The error message is incorrect for the provided user details. First Name : John Doe Last Name : Smith zip Code:  12345  expected [] but found [Error: Last Name is required],
User : 'problem_user', The error message is incorrect for the provided user details. First Name : John123 Last Name : Doe456 zip Code: 001234 expected [] but found [Error: Last Name is required],
User : 'problem_user', The error message is incorrect for the provided user details. First Name : JohnDoe Last Name : LongLastNameHereThatExceedsNormalLength zip Code: 123456789012345 expected [] but found [Error: Last Name is required],
User : 'problem_user', The error message is incorrect for the provided user details. First Name : Jo$hn Last Name : Do^e zip Code: 12345! expected [] but found [Error: Last Name is required],
User : 'problem_user', The error message is incorrect for the provided user details. First Name : J@hn Last Name : D#oe zip Code: 12-345 expected [] but found [Error: Last Name is required],
User : 'problem_user', The error message is incorrect for the provided user details. First Name :  Last Name : Doe zip Code: 67890 expected [Error: First Name is required] but found [Error: Last Name is required],
User : 'problem_user', The error message is incorrect for the provided user details. First Name : John Last Name : Doe zip Code:  expected [Error: Postal Code is required] but found [Error: Last Name is required],
User : 'problem_user', The error message is incorrect for the provided user details. First Name : John Last Name : Doe zip Code: 12345 expected [] but found [Error: Last Name is required],
User : 'problem_user', The error message is incorrect for the provided user details. First Name : J0hn Last Name : D@e zip Code: 123-45 expected [] but found [Error: Last Name is required],
User : 'problem_user', The error message is incorrect for the provided user details. First Name : J Last Name : D zip Code: 1 expected [] but found [Error: Last Name is required],
User : 'problem_user', The error message is incorrect for the provided user details. First Name : John@# Last Name : Doe$% zip Code: ABCDE expected [] but found [Error: Last Name is required],
User : 'problem_user', The error message is incorrect for the provided user details. First Name :     Last Name :     zip Code:     expected [] but found [Error: Last Name is required],
User : 'problem_user', The error message is incorrect for the provided user details. First Name : John Doe Last Name : Smith zip Code:  12345  expected [] but found [Error: Last Name is required],
User : 'problem_user', The error message is incorrect for the provided user details. First Name : John123 Last Name : Doe456 zip Code: 001234 expected [] but found [Error: Last Name is required],
User : 'problem_user', The error message is incorrect for the provided user details. First Name : JohnDoe Last Name : LongLastNameHereThatExceedsNormalLength zip Code: 123456789012345 expected [] but found [Error: Last Name is required],
User : 'problem_user', The error message is incorrect for the provided user details. First Name : Jo$hn Last Name : Do^e zip Code: 12345! expected [] but found [Error: Last Name is required],
User : 'problem_user', The error message is incorrect for the provided user details. First Name : J@hn Last Name : D#oe zip Code: 12-345 expected [] but found [Error: Last Name is required],
User : 'problem_user', Product: 'Test.allTheThings() T-Shirt (Red)', name does not match the expected name. expected [Test.allTheThings() T-Shirt (Red)] but found [Sauce Labs Onesie],
User : 'problem_user', The error message is incorrect for the provided user details. First Name :  Last Name : Doe zip Code: 67890 expected [Error: First Name is required] but found [Error: Last Name is required],
User : 'problem_user', The error message is incorrect for the provided user details. First Name : John Last Name : Doe zip Code:  expected [Error: Postal Code is required] but found [Error: Last Name is required],
User : 'problem_user', The error message is incorrect for the provided user details. First Name : John Last Name : Doe zip Code: 12345 expected [] but found [Error: Last Name is required],
User : 'problem_user', The error message is incorrect for the provided user details. First Name : J0hn Last Name : D@e zip Code: 123-45 expected [] but found [Error: Last Name is required],
User : 'problem_user', The error message is incorrect for the provided user details. First Name : J Last Name : D zip Code: 1 expected [] but found [Error: Last Name is required],
User : 'problem_user', The error message is incorrect for the provided user details. First Name : John@# Last Name : Doe$% zip Code: ABCDE expected [] but found [Error: Last Name is required],
User : 'problem_user', The error message is incorrect for the provided user details. First Name :     Last Name :     zip Code:     expected [] but found [Error: Last Name is required],
User : 'problem_user', The error message is incorrect for the provided user details. First Name : John Doe Last Name : Smith zip Code:  12345  expected [] but found [Error: Last Name is required],
User : 'problem_user', The error message is incorrect for the provided user details. First Name : John123 Last Name : Doe456 zip Code: 001234 expected [] but found [Error: Last Name is required],
User : 'problem_user', The error message is incorrect for the provided user details. First Name : JohnDoe Last Name : LongLastNameHereThatExceedsNormalLength zip Code: 123456789012345 expected [] but found [Error: Last Name is required],
User : 'problem_user', The error message is incorrect for the provided user details. First Name : Jo$hn Last Name : Do^e zip Code: 12345! expected [] but found [Error: Last Name is required],
User : 'problem_user', The error message is incorrect for the provided user details. First Name : J@hn Last Name : D#oe zip Code: 12-345 expected [] but found [Error: Last Name is required]]]>
            </message>
            <full-stacktrace>
              <![CDATA[java.lang.AssertionError: The following asserts failed:
User : 'problem_user', The error message is incorrect for the provided user details. First Name :  Last Name : Doe zip Code: 67890 expected [Error: First Name is required] but found [Error: Last Name is required],
User : 'problem_user', The error message is incorrect for the provided user details. First Name : John Last Name : Doe zip Code:  expected [Error: Postal Code is required] but found [Error: Last Name is required],
User : 'problem_user', The error message is incorrect for the provided user details. First Name : John Last Name : Doe zip Code: 12345 expected [] but found [Error: Last Name is required],
User : 'problem_user', The error message is incorrect for the provided user details. First Name : J0hn Last Name : D@e zip Code: 123-45 expected [] but found [Error: Last Name is required],
User : 'problem_user', The error message is incorrect for the provided user details. First Name : J Last Name : D zip Code: 1 expected [] but found [Error: Last Name is required],
User : 'problem_user', The error message is incorrect for the provided user details. First Name : John@# Last Name : Doe$% zip Code: ABCDE expected [] but found [Error: Last Name is required],
User : 'problem_user', The error message is incorrect for the provided user details. First Name :     Last Name :     zip Code:     expected [] but found [Error: Last Name is required],
User : 'problem_user', The error message is incorrect for the provided user details. First Name : John Doe Last Name : Smith zip Code:  12345  expected [] but found [Error: Last Name is required],
User : 'problem_user', The error message is incorrect for the provided user details. First Name : John123 Last Name : Doe456 zip Code: 001234 expected [] but found [Error: Last Name is required],
User : 'problem_user', The error message is incorrect for the provided user details. First Name : JohnDoe Last Name : LongLastNameHereThatExceedsNormalLength zip Code: 123456789012345 expected [] but found [Error: Last Name is required],
User : 'problem_user', The error message is incorrect for the provided user details. First Name : Jo$hn Last Name : Do^e zip Code: 12345! expected [] but found [Error: Last Name is required],
User : 'problem_user', The error message is incorrect for the provided user details. First Name : J@hn Last Name : D#oe zip Code: 12-345 expected [] but found [Error: Last Name is required],
User : 'problem_user', The error message is incorrect for the provided user details. First Name :  Last Name : Doe zip Code: 67890 expected [Error: First Name is required] but found [Error: Last Name is required],
User : 'problem_user', The error message is incorrect for the provided user details. First Name : John Last Name : Doe zip Code:  expected [Error: Postal Code is required] but found [Error: Last Name is required],
User : 'problem_user', The error message is incorrect for the provided user details. First Name : John Last Name : Doe zip Code: 12345 expected [] but found [Error: Last Name is required],
User : 'problem_user', The error message is incorrect for the provided user details. First Name : J0hn Last Name : D@e zip Code: 123-45 expected [] but found [Error: Last Name is required],
User : 'problem_user', The error message is incorrect for the provided user details. First Name : J Last Name : D zip Code: 1 expected [] but found [Error: Last Name is required],
User : 'problem_user', The error message is incorrect for the provided user details. First Name : John@# Last Name : Doe$% zip Code: ABCDE expected [] but found [Error: Last Name is required],
User : 'problem_user', The error message is incorrect for the provided user details. First Name :     Last Name :     zip Code:     expected [] but found [Error: Last Name is required],
User : 'problem_user', The error message is incorrect for the provided user details. First Name : John Doe Last Name : Smith zip Code:  12345  expected [] but found [Error: Last Name is required],
User : 'problem_user', The error message is incorrect for the provided user details. First Name : John123 Last Name : Doe456 zip Code: 001234 expected [] but found [Error: Last Name is required],
User : 'problem_user', The error message is incorrect for the provided user details. First Name : JohnDoe Last Name : LongLastNameHereThatExceedsNormalLength zip Code: 123456789012345 expected [] but found [Error: Last Name is required],
User : 'problem_user', The error message is incorrect for the provided user details. First Name : Jo$hn Last Name : Do^e zip Code: 12345! expected [] but found [Error: Last Name is required],
User : 'problem_user', The error message is incorrect for the provided user details. First Name : J@hn Last Name : D#oe zip Code: 12-345 expected [] but found [Error: Last Name is required],
User : 'problem_user', Product: 'Sauce Labs Bolt T-Shirt', name does not match the expected name. expected [Sauce Labs Bolt T-Shirt] but found [Sauce Labs Bike Light],
User : 'problem_user', The error message is incorrect for the provided user details. First Name :  Last Name : Doe zip Code: 67890 expected [Error: First Name is required] but found [Error: Last Name is required],
User : 'problem_user', The error message is incorrect for the provided user details. First Name : John Last Name : Doe zip Code:  expected [Error: Postal Code is required] but found [Error: Last Name is required],
User : 'problem_user', The error message is incorrect for the provided user details. First Name : John Last Name : Doe zip Code: 12345 expected [] but found [Error: Last Name is required],
User : 'problem_user', The error message is incorrect for the provided user details. First Name : J0hn Last Name : D@e zip Code: 123-45 expected [] but found [Error: Last Name is required],
User : 'problem_user', The error message is incorrect for the provided user details. First Name : J Last Name : D zip Code: 1 expected [] but found [Error: Last Name is required],
User : 'problem_user', The error message is incorrect for the provided user details. First Name : John@# Last Name : Doe$% zip Code: ABCDE expected [] but found [Error: Last Name is required],
User : 'problem_user', The error message is incorrect for the provided user details. First Name :     Last Name :     zip Code:     expected [] but found [Error: Last Name is required],
User : 'problem_user', The error message is incorrect for the provided user details. First Name : John Doe Last Name : Smith zip Code:  12345  expected [] but found [Error: Last Name is required],
User : 'problem_user', The error message is incorrect for the provided user details. First Name : John123 Last Name : Doe456 zip Code: 001234 expected [] but found [Error: Last Name is required],
User : 'problem_user', The error message is incorrect for the provided user details. First Name : JohnDoe Last Name : LongLastNameHereThatExceedsNormalLength zip Code: 123456789012345 expected [] but found [Error: Last Name is required],
User : 'problem_user', The error message is incorrect for the provided user details. First Name : Jo$hn Last Name : Do^e zip Code: 12345! expected [] but found [Error: Last Name is required],
User : 'problem_user', The error message is incorrect for the provided user details. First Name : J@hn Last Name : D#oe zip Code: 12-345 expected [] but found [Error: Last Name is required],
User : 'problem_user', Product: 'Sauce Labs Fleece Jacket', name does not match the expected name. expected [Sauce Labs Fleece Jacket] but found [Sauce Labs Bike Light],
User : 'problem_user', The error message is incorrect for the provided user details. First Name :  Last Name : Doe zip Code: 67890 expected [Error: First Name is required] but found [Error: Last Name is required],
User : 'problem_user', The error message is incorrect for the provided user details. First Name : John Last Name : Doe zip Code:  expected [Error: Postal Code is required] but found [Error: Last Name is required],
User : 'problem_user', The error message is incorrect for the provided user details. First Name : John Last Name : Doe zip Code: 12345 expected [] but found [Error: Last Name is required],
User : 'problem_user', The error message is incorrect for the provided user details. First Name : J0hn Last Name : D@e zip Code: 123-45 expected [] but found [Error: Last Name is required],
User : 'problem_user', The error message is incorrect for the provided user details. First Name : J Last Name : D zip Code: 1 expected [] but found [Error: Last Name is required],
User : 'problem_user', The error message is incorrect for the provided user details. First Name : John@# Last Name : Doe$% zip Code: ABCDE expected [] but found [Error: Last Name is required],
User : 'problem_user', The error message is incorrect for the provided user details. First Name :     Last Name :     zip Code:     expected [] but found [Error: Last Name is required],
User : 'problem_user', The error message is incorrect for the provided user details. First Name : John Doe Last Name : Smith zip Code:  12345  expected [] but found [Error: Last Name is required],
User : 'problem_user', The error message is incorrect for the provided user details. First Name : John123 Last Name : Doe456 zip Code: 001234 expected [] but found [Error: Last Name is required],
User : 'problem_user', The error message is incorrect for the provided user details. First Name : JohnDoe Last Name : LongLastNameHereThatExceedsNormalLength zip Code: 123456789012345 expected [] but found [Error: Last Name is required],
User : 'problem_user', The error message is incorrect for the provided user details. First Name : Jo$hn Last Name : Do^e zip Code: 12345! expected [] but found [Error: Last Name is required],
User : 'problem_user', The error message is incorrect for the provided user details. First Name : J@hn Last Name : D#oe zip Code: 12-345 expected [] but found [Error: Last Name is required],
User : 'problem_user', The error message is incorrect for the provided user details. First Name :  Last Name : Doe zip Code: 67890 expected [Error: First Name is required] but found [Error: Last Name is required],
User : 'problem_user', The error message is incorrect for the provided user details. First Name : John Last Name : Doe zip Code:  expected [Error: Postal Code is required] but found [Error: Last Name is required],
User : 'problem_user', The error message is incorrect for the provided user details. First Name : John Last Name : Doe zip Code: 12345 expected [] but found [Error: Last Name is required],
User : 'problem_user', The error message is incorrect for the provided user details. First Name : J0hn Last Name : D@e zip Code: 123-45 expected [] but found [Error: Last Name is required],
User : 'problem_user', The error message is incorrect for the provided user details. First Name : J Last Name : D zip Code: 1 expected [] but found [Error: Last Name is required],
User : 'problem_user', The error message is incorrect for the provided user details. First Name : John@# Last Name : Doe$% zip Code: ABCDE expected [] but found [Error: Last Name is required],
User : 'problem_user', The error message is incorrect for the provided user details. First Name :     Last Name :     zip Code:     expected [] but found [Error: Last Name is required],
User : 'problem_user', The error message is incorrect for the provided user details. First Name : John Doe Last Name : Smith zip Code:  12345  expected [] but found [Error: Last Name is required],
User : 'problem_user', The error message is incorrect for the provided user details. First Name : John123 Last Name : Doe456 zip Code: 001234 expected [] but found [Error: Last Name is required],
User : 'problem_user', The error message is incorrect for the provided user details. First Name : JohnDoe Last Name : LongLastNameHereThatExceedsNormalLength zip Code: 123456789012345 expected [] but found [Error: Last Name is required],
User : 'problem_user', The error message is incorrect for the provided user details. First Name : Jo$hn Last Name : Do^e zip Code: 12345! expected [] but found [Error: Last Name is required],
User : 'problem_user', The error message is incorrect for the provided user details. First Name : J@hn Last Name : D#oe zip Code: 12-345 expected [] but found [Error: Last Name is required],
User : 'problem_user', Product: 'Test.allTheThings() T-Shirt (Red)', name does not match the expected name. expected [Test.allTheThings() T-Shirt (Red)] but found [Sauce Labs Onesie],
User : 'problem_user', The error message is incorrect for the provided user details. First Name :  Last Name : Doe zip Code: 67890 expected [Error: First Name is required] but found [Error: Last Name is required],
User : 'problem_user', The error message is incorrect for the provided user details. First Name : John Last Name : Doe zip Code:  expected [Error: Postal Code is required] but found [Error: Last Name is required],
User : 'problem_user', The error message is incorrect for the provided user details. First Name : John Last Name : Doe zip Code: 12345 expected [] but found [Error: Last Name is required],
User : 'problem_user', The error message is incorrect for the provided user details. First Name : J0hn Last Name : D@e zip Code: 123-45 expected [] but found [Error: Last Name is required],
User : 'problem_user', The error message is incorrect for the provided user details. First Name : J Last Name : D zip Code: 1 expected [] but found [Error: Last Name is required],
User : 'problem_user', The error message is incorrect for the provided user details. First Name : John@# Last Name : Doe$% zip Code: ABCDE expected [] but found [Error: Last Name is required],
User : 'problem_user', The error message is incorrect for the provided user details. First Name :     Last Name :     zip Code:     expected [] but found [Error: Last Name is required],
User : 'problem_user', The error message is incorrect for the provided user details. First Name : John Doe Last Name : Smith zip Code:  12345  expected [] but found [Error: Last Name is required],
User : 'problem_user', The error message is incorrect for the provided user details. First Name : John123 Last Name : Doe456 zip Code: 001234 expected [] but found [Error: Last Name is required],
User : 'problem_user', The error message is incorrect for the provided user details. First Name : JohnDoe Last Name : LongLastNameHereThatExceedsNormalLength zip Code: 123456789012345 expected [] but found [Error: Last Name is required],
User : 'problem_user', The error message is incorrect for the provided user details. First Name : Jo$hn Last Name : Do^e zip Code: 12345! expected [] but found [Error: Last Name is required],
User : 'problem_user', The error message is incorrect for the provided user details. First Name : J@hn Last Name : D#oe zip Code: 12-345 expected [] but found [Error: Last Name is required]
at org.testng.asserts.SoftAssert.assertAll(SoftAssert.java:46)
at org.testng.asserts.SoftAssert.assertAll(SoftAssert.java:30)
at tests.CheckoutInfoTest.testCheckoutPage(CheckoutInfoTest.java:74)
at java.base/jdk.internal.reflect.DirectMethodHandleAccessor.invoke(DirectMethodHandleAccessor.java:104)
at java.base/java.lang.reflect.Method.invoke(Method.java:565)
at org.testng.internal.invokers.MethodInvocationHelper.invokeMethod(MethodInvocationHelper.java:139)
at org.testng.internal.invokers.TestInvoker.invokeMethod(TestInvoker.java:677)
at org.testng.internal.invokers.TestInvoker.invokeTestMethod(TestInvoker.java:221)
at org.testng.internal.invokers.MethodRunner.runInSequence(MethodRunner.java:50)
at org.testng.internal.invokers.TestInvoker$MethodInvocationAgent.invoke(TestInvoker.java:969)
at org.testng.internal.invokers.TestInvoker.invokeTestMethods(TestInvoker.java:194)
at org.testng.internal.invokers.TestMethodWorker.invokeTestMethods(TestMethodWorker.java:148)
at org.testng.internal.invokers.TestMethodWorker.run(TestMethodWorker.java:128)
at java.base/java.util.ArrayList.forEach(ArrayList.java:1604)
at org.testng.TestRunner.privateRun(TestRunner.java:829)
at org.testng.TestRunner.run(TestRunner.java:602)
at org.testng.SuiteRunner.runTest(SuiteRunner.java:437)
at org.testng.SuiteRunner$SuiteWorker.run(SuiteRunner.java:475)
at org.testng.internal.thread.ThreadUtil.lambda$execute$0(ThreadUtil.java:58)
at java.base/java.util.concurrent.FutureTask.run(FutureTask.java:328)
at java.base/java.util.concurrent.ThreadPoolExecutor.runWorker(ThreadPoolExecutor.java:1090)
at java.base/java.util.concurrent.ThreadPoolExecutor$Worker.run(ThreadPoolExecutor.java:614)
at java.base/java.lang.Thread.run(Thread.java:1474)
]]>
            </full-stacktrace>
          </exception> <!-- java.lang.AssertionError -->
          <reporter-output>
          </reporter-output>
        </test-method> <!-- testCheckoutPage -->
        <test-method is-config="true" signature="teardown()[pri:0, instance:tests.CheckoutInfoTest@3b956878]" started-at="2025-12-07T11:05:39 EET" name="teardown" finished-at="2025-12-07T11:05:41 EET" duration-ms="1628" status="PASS">
          <reporter-output>
          </reporter-output>
        </test-method> <!-- teardown -->
        <test-method is-config="true" signature="setup()[pri:0, instance:tests.CheckoutInfoTest@3b956878]" started-at="2025-12-07T11:05:41 EET" name="setup" finished-at="2025-12-07T11:05:46 EET" duration-ms="5321" status="PASS">
          <reporter-output>
          </reporter-output>
        </test-method> <!-- setup -->
        <test-method signature="testCheckoutPage(java.lang.String,java.lang.String)[pri:0, instance:tests.CheckoutInfoTest@3b956878]" started-at="2025-12-07T11:05:46 EET" name="testCheckoutPage" data-provider="ValidLoginData" finished-at="2025-12-07T11:07:14 EET" duration-ms="87978" status="PASS">
          <params>
            <param index="0">
              <value>
                <![CDATA[performance_glitch_user]]>
              </value>
            </param>
            <param index="1">
              <value>
                <![CDATA[secret_sauce]]>
              </value>
            </param>
          </params>
          <reporter-output>
          </reporter-output>
        </test-method> <!-- testCheckoutPage -->
        <test-method is-config="true" signature="teardown()[pri:0, instance:tests.CheckoutInfoTest@3b956878]" started-at="2025-12-07T11:07:14 EET" name="teardown" finished-at="2025-12-07T11:07:16 EET" duration-ms="1646" status="PASS">
          <reporter-output>
          </reporter-output>
        </test-method> <!-- teardown -->
        <test-method is-config="true" signature="setup()[pri:0, instance:tests.CheckoutInfoTest@3b956878]" started-at="2025-12-07T11:07:16 EET" name="setup" finished-at="2025-12-07T11:07:22 EET" duration-ms="5962" status="PASS">
          <reporter-output>
          </reporter-output>
        </test-method> <!-- setup -->
        <test-method signature="testCheckoutPage(java.lang.String,java.lang.String)[pri:0, instance:tests.CheckoutInfoTest@3b956878]" started-at="2025-12-07T11:07:22 EET" name="testCheckoutPage" data-provider="ValidLoginData" finished-at="2025-12-07T11:08:39 EET" duration-ms="77859" status="FAIL">
          <params>
            <param index="0">
              <value>
                <![CDATA[error_user]]>
              </value>
            </param>
            <param index="1">
              <value>
                <![CDATA[secret_sauce]]>
              </value>
            </param>
          </params>
          <exception class="java.lang.AssertionError">
            <message>
              <![CDATA[The following asserts failed:
User : 'error_user', The error message is incorrect for the provided user details. First Name : John Last Name :  zip Code: 67890 expected [Error: Last Name is required] but found [],
User : 'error_user', The error message is incorrect for the provided user details. First Name : John Last Name :  zip Code: 67890 expected [Error: Last Name is required] but found [],
User : 'error_user', Product: 'Sauce Labs Bolt T-Shirt', name does not match the expected name. expected [Sauce Labs Bolt T-Shirt] but found [Sauce Labs Bike Light],
User : 'error_user', The error message is incorrect for the provided user details. First Name : John Last Name :  zip Code: 67890 expected [Error: Last Name is required] but found [],
User : 'error_user', Product: 'Sauce Labs Fleece Jacket', name does not match the expected name. expected [Sauce Labs Fleece Jacket] but found [Sauce Labs Bike Light],
User : 'error_user', The error message is incorrect for the provided user details. First Name : John Last Name :  zip Code: 67890 expected [Error: Last Name is required] but found [],
User : 'error_user', The error message is incorrect for the provided user details. First Name : John Last Name :  zip Code: 67890 expected [Error: Last Name is required] but found [],
User : 'error_user', Product: 'Test.allTheThings() T-Shirt (Red)', name does not match the expected name. expected [Test.allTheThings() T-Shirt (Red)] but found [Sauce Labs Onesie],
User : 'error_user', The error message is incorrect for the provided user details. First Name : John Last Name :  zip Code: 67890 expected [Error: Last Name is required] but found []]]>
            </message>
            <full-stacktrace>
              <![CDATA[java.lang.AssertionError: The following asserts failed:
User : 'error_user', The error message is incorrect for the provided user details. First Name : John Last Name :  zip Code: 67890 expected [Error: Last Name is required] but found [],
User : 'error_user', The error message is incorrect for the provided user details. First Name : John Last Name :  zip Code: 67890 expected [Error: Last Name is required] but found [],
User : 'error_user', Product: 'Sauce Labs Bolt T-Shirt', name does not match the expected name. expected [Sauce Labs Bolt T-Shirt] but found [Sauce Labs Bike Light],
User : 'error_user', The error message is incorrect for the provided user details. First Name : John Last Name :  zip Code: 67890 expected [Error: Last Name is required] but found [],
User : 'error_user', Product: 'Sauce Labs Fleece Jacket', name does not match the expected name. expected [Sauce Labs Fleece Jacket] but found [Sauce Labs Bike Light],
User : 'error_user', The error message is incorrect for the provided user details. First Name : John Last Name :  zip Code: 67890 expected [Error: Last Name is required] but found [],
User : 'error_user', The error message is incorrect for the provided user details. First Name : John Last Name :  zip Code: 67890 expected [Error: Last Name is required] but found [],
User : 'error_user', Product: 'Test.allTheThings() T-Shirt (Red)', name does not match the expected name. expected [Test.allTheThings() T-Shirt (Red)] but found [Sauce Labs Onesie],
User : 'error_user', The error message is incorrect for the provided user details. First Name : John Last Name :  zip Code: 67890 expected [Error: Last Name is required] but found []
at org.testng.asserts.SoftAssert.assertAll(SoftAssert.java:46)
at org.testng.asserts.SoftAssert.assertAll(SoftAssert.java:30)
at tests.CheckoutInfoTest.testCheckoutPage(CheckoutInfoTest.java:74)
at java.base/jdk.internal.reflect.DirectMethodHandleAccessor.invoke(DirectMethodHandleAccessor.java:104)
at java.base/java.lang.reflect.Method.invoke(Method.java:565)
at org.testng.internal.invokers.MethodInvocationHelper.invokeMethod(MethodInvocationHelper.java:139)
at org.testng.internal.invokers.TestInvoker.invokeMethod(TestInvoker.java:677)
at org.testng.internal.invokers.TestInvoker.invokeTestMethod(TestInvoker.java:221)
at org.testng.internal.invokers.MethodRunner.runInSequence(MethodRunner.java:50)
at org.testng.internal.invokers.TestInvoker$MethodInvocationAgent.invoke(TestInvoker.java:969)
at org.testng.internal.invokers.TestInvoker.invokeTestMethods(TestInvoker.java:194)
at org.testng.internal.invokers.TestMethodWorker.invokeTestMethods(TestMethodWorker.java:148)
at org.testng.internal.invokers.TestMethodWorker.run(TestMethodWorker.java:128)
at java.base/java.util.ArrayList.forEach(ArrayList.java:1604)
at org.testng.TestRunner.privateRun(TestRunner.java:829)
at org.testng.TestRunner.run(TestRunner.java:602)
at org.testng.SuiteRunner.runTest(SuiteRunner.java:437)
at org.testng.SuiteRunner$SuiteWorker.run(SuiteRunner.java:475)
at org.testng.internal.thread.ThreadUtil.lambda$execute$0(ThreadUtil.java:58)
at java.base/java.util.concurrent.FutureTask.run(FutureTask.java:328)
at java.base/java.util.concurrent.ThreadPoolExecutor.runWorker(ThreadPoolExecutor.java:1090)
at java.base/java.util.concurrent.ThreadPoolExecutor$Worker.run(ThreadPoolExecutor.java:614)
at java.base/java.lang.Thread.run(Thread.java:1474)
]]>
            </full-stacktrace>
          </exception> <!-- java.lang.AssertionError -->
          <reporter-output>
          </reporter-output>
        </test-method> <!-- testCheckoutPage -->
        <test-method is-config="true" signature="teardown()[pri:0, instance:tests.CheckoutInfoTest@3b956878]" started-at="2025-12-07T11:08:39 EET" name="teardown" finished-at="2025-12-07T11:08:41 EET" duration-ms="1203" status="PASS">
          <reporter-output>
          </reporter-output>
        </test-method> <!-- teardown -->
        <test-method is-config="true" signature="setup()[pri:0, instance:tests.CheckoutInfoTest@3b956878]" started-at="2025-12-07T11:08:41 EET" name="setup" finished-at="2025-12-07T11:08:45 EET" duration-ms="4689" status="PASS">
          <reporter-output>
          </reporter-output>
        </test-method> <!-- setup -->
        <test-method signature="testCheckoutPage(java.lang.String,java.lang.String)[pri:0, instance:tests.CheckoutInfoTest@3b956878]" started-at="2025-12-07T11:08:45 EET" name="testCheckoutPage" data-provider="ValidLoginData" finished-at="2025-12-07T11:09:35 EET" duration-ms="49883" status="PASS">
          <params>
            <param index="0">
              <value>
                <![CDATA[visual_user]]>
              </value>
            </param>
            <param index="1">
              <value>
                <![CDATA[secret_sauce]]>
              </value>
            </param>
          </params>
          <reporter-output>
          </reporter-output>
        </test-method> <!-- testCheckoutPage -->
        <test-method is-config="true" signature="teardown()[pri:0, instance:tests.CheckoutInfoTest@3b956878]" started-at="2025-12-07T11:09:35 EET" name="teardown" finished-at="2025-12-07T11:09:37 EET" duration-ms="1488" status="PASS">
          <reporter-output>
          </reporter-output>
        </test-method> <!-- teardown -->
      </class> <!-- tests.CheckoutInfoTest -->
    </test> <!-- Checkout Tests -->
    <test started-at="2025-12-07T11:04:34 EET" name="Overview Tests" finished-at="2025-12-07T11:09:46 EET" duration-ms="312186">
      <class name="tests.OverviewTest">
        <test-method is-config="true" signature="setup()[pri:0, instance:tests.OverviewTest@1dd0e7c4]" started-at="2025-12-07T11:04:34 EET" name="setup" finished-at="2025-12-07T11:04:43 EET" duration-ms="9132" status="PASS">
          <reporter-output>
          </reporter-output>
        </test-method> <!-- setup -->
        <test-method signature="testFinishProcess(java.lang.String,java.lang.String)[pri:0, instance:tests.OverviewTest@1dd0e7c4]" started-at="2025-12-07T11:04:43 EET" name="testFinishProcess" data-provider="ValidLoginData" finished-at="2025-12-07T11:04:52 EET" duration-ms="8696" status="PASS">
          <params>
            <param index="0">
              <value>
                <![CDATA[standard_user]]>
              </value>
            </param>
            <param index="1">
              <value>
                <![CDATA[secret_sauce]]>
              </value>
            </param>
          </params>
          <reporter-output>
          </reporter-output>
        </test-method> <!-- testFinishProcess -->
        <test-method is-config="true" signature="teardown()[pri:0, instance:tests.OverviewTest@1dd0e7c4]" started-at="2025-12-07T11:04:52 EET" name="teardown" finished-at="2025-12-07T11:04:55 EET" duration-ms="2710" status="PASS">
          <reporter-output>
          </reporter-output>
        </test-method> <!-- teardown -->
        <test-method is-config="true" signature="setup()[pri:0, instance:tests.OverviewTest@1dd0e7c4]" started-at="2025-12-07T11:04:55 EET" name="setup" finished-at="2025-12-07T11:05:02 EET" duration-ms="7734" status="PASS">
          <reporter-output>
          </reporter-output>
        </test-method> <!-- setup -->
        <test-method signature="testFinishProcess(java.lang.String,java.lang.String)[pri:0, instance:tests.OverviewTest@1dd0e7c4]" started-at="2025-12-07T11:05:02 EET" name="testFinishProcess" data-provider="ValidLoginData" finished-at="2025-12-07T11:05:04 EET" duration-ms="2070" status="FAIL">
          <params>
            <param index="0">
              <value>
                <![CDATA[problem_user]]>
              </value>
            </param>
            <param index="1">
              <value>
                <![CDATA[secret_sauce]]>
              </value>
            </param>
          </params>
          <exception class="java.lang.AssertionError">
            <message>
              <![CDATA[checkout failed Error: Last Name is required expected [] but found [Error: Last Name is required]]]>
            </message>
            <full-stacktrace>
              <![CDATA[java.lang.AssertionError: checkout failed Error: Last Name is required expected [] but found [Error: Last Name is required]
at org.testng.Assert.fail(Assert.java:110)
at org.testng.Assert.failNotEquals(Assert.java:1413)
at org.testng.Assert.assertEqualsImpl(Assert.java:149)
at org.testng.Assert.assertEquals(Assert.java:131)
at org.testng.Assert.assertEquals(Assert.java:655)
at tests.OverviewTest.fillValidInfo(OverviewTest.java:24)
at tests.OverviewTest.testFinishProcess(OverviewTest.java:179)
at java.base/jdk.internal.reflect.DirectMethodHandleAccessor.invoke(DirectMethodHandleAccessor.java:104)
at java.base/java.lang.reflect.Method.invoke(Method.java:565)
at org.testng.internal.invokers.MethodInvocationHelper.invokeMethod(MethodInvocationHelper.java:139)
at org.testng.internal.invokers.TestInvoker.invokeMethod(TestInvoker.java:677)
at org.testng.internal.invokers.TestInvoker.invokeTestMethod(TestInvoker.java:221)
at org.testng.internal.invokers.MethodRunner.runInSequence(MethodRunner.java:50)
at org.testng.internal.invokers.TestInvoker$MethodInvocationAgent.invoke(TestInvoker.java:969)
at org.testng.internal.invokers.TestInvoker.invokeTestMethods(TestInvoker.java:194)
at org.testng.internal.invokers.TestMethodWorker.invokeTestMethods(TestMethodWorker.java:148)
at org.testng.internal.invokers.TestMethodWorker.run(TestMethodWorker.java:128)
at java.base/java.util.ArrayList.forEach(ArrayList.java:1604)
at org.testng.TestRunner.privateRun(TestRunner.java:829)
at org.testng.TestRunner.run(TestRunner.java:602)
at org.testng.SuiteRunner.runTest(SuiteRunner.java:437)
at org.testng.SuiteRunner$SuiteWorker.run(SuiteRunner.java:475)
at org.testng.internal.thread.ThreadUtil.lambda$execute$0(ThreadUtil.java:58)
at java.base/java.util.concurrent.FutureTask.run(FutureTask.java:328)
at java.base/java.util.concurrent.ThreadPoolExecutor.runWorker(ThreadPoolExecutor.java:1090)
at java.base/java.util.concurrent.ThreadPoolExecutor$Worker.run(ThreadPoolExecutor.java:614)
at java.base/java.lang.Thread.run(Thread.java:1474)
]]>
            </full-stacktrace>
          </exception> <!-- java.lang.AssertionError -->
          <reporter-output>
          </reporter-output>
        </test-method> <!-- testFinishProcess -->
        <test-method is-config="true" signature="teardown()[pri:0, instance:tests.OverviewTest@1dd0e7c4]" started-at="2025-12-07T11:05:04 EET" name="teardown" finished-at="2025-12-07T11:05:09 EET" duration-ms="4167" status="PASS">
          <reporter-output>
          </reporter-output>
        </test-method> <!-- teardown -->
        <test-method is-config="true" signature="setup()[pri:0, instance:tests.OverviewTest@1dd0e7c4]" started-at="2025-12-07T11:05:09 EET" name="setup" finished-at="2025-12-07T11:05:19 EET" duration-ms="10613" status="PASS">
          <reporter-output>
          </reporter-output>
        </test-method> <!-- setup -->
        <test-method signature="testFinishProcess(java.lang.String,java.lang.String)[pri:0, instance:tests.OverviewTest@1dd0e7c4]" started-at="2025-12-07T11:05:19 EET" name="testFinishProcess" data-provider="ValidLoginData" finished-at="2025-12-07T11:06:01 EET" duration-ms="41485" status="PASS">
          <params>
            <param index="0">
              <value>
                <![CDATA[performance_glitch_user]]>
              </value>
            </param>
            <param index="1">
              <value>
                <![CDATA[secret_sauce]]>
              </value>
            </param>
          </params>
          <reporter-output>
          </reporter-output>
        </test-method> <!-- testFinishProcess -->
        <test-method is-config="true" signature="teardown()[pri:0, instance:tests.OverviewTest@1dd0e7c4]" started-at="2025-12-07T11:06:01 EET" name="teardown" finished-at="2025-12-07T11:06:02 EET" duration-ms="1443" status="PASS">
          <reporter-output>
          </reporter-output>
        </test-method> <!-- teardown -->
        <test-method is-config="true" signature="setup()[pri:0, instance:tests.OverviewTest@1dd0e7c4]" started-at="2025-12-07T11:06:02 EET" name="setup" finished-at="2025-12-07T11:06:07 EET" duration-ms="5059" status="PASS">
          <reporter-output>
          </reporter-output>
        </test-method> <!-- setup -->
        <test-method signature="testFinishProcess(java.lang.String,java.lang.String)[pri:0, instance:tests.OverviewTest@1dd0e7c4]" started-at="2025-12-07T11:06:07 EET" name="testFinishProcess" data-provider="ValidLoginData" finished-at="2025-12-07T11:06:08 EET" duration-ms="876" status="FAIL">
          <params>
            <param index="0">
              <value>
                <![CDATA[error_user]]>
              </value>
            </param>
            <param index="1">
              <value>
                <![CDATA[secret_sauce]]>
              </value>
            </param>
          </params>
          <exception class="java.lang.AssertionError">
            <message>
              <![CDATA[expected [https://www.saucedemo.com/checkout-complete.html] but found [https://www.saucedemo.com/checkout-step-two.html]]]>
            </message>
            <full-stacktrace>
              <![CDATA[java.lang.AssertionError: expected [https://www.saucedemo.com/checkout-complete.html] but found [https://www.saucedemo.com/checkout-step-two.html]
at org.testng.Assert.fail(Assert.java:110)
at org.testng.Assert.failNotEquals(Assert.java:1413)
at org.testng.Assert.assertEqualsImpl(Assert.java:149)
at org.testng.Assert.assertEquals(Assert.java:131)
at org.testng.Assert.assertEquals(Assert.java:655)
at org.testng.Assert.assertEquals(Assert.java:665)
at tests.OverviewTest.testFinishProcess(OverviewTest.java:183)
at java.base/jdk.internal.reflect.DirectMethodHandleAccessor.invoke(DirectMethodHandleAccessor.java:104)
at java.base/java.lang.reflect.Method.invoke(Method.java:565)
at org.testng.internal.invokers.MethodInvocationHelper.invokeMethod(MethodInvocationHelper.java:139)
at org.testng.internal.invokers.TestInvoker.invokeMethod(TestInvoker.java:677)
at org.testng.internal.invokers.TestInvoker.invokeTestMethod(TestInvoker.java:221)
at org.testng.internal.invokers.MethodRunner.runInSequence(MethodRunner.java:50)
at org.testng.internal.invokers.TestInvoker$MethodInvocationAgent.invoke(TestInvoker.java:969)
at org.testng.internal.invokers.TestInvoker.invokeTestMethods(TestInvoker.java:194)
at org.testng.internal.invokers.TestMethodWorker.invokeTestMethods(TestMethodWorker.java:148)
at org.testng.internal.invokers.TestMethodWorker.run(TestMethodWorker.java:128)
at java.base/java.util.ArrayList.forEach(ArrayList.java:1604)
at org.testng.TestRunner.privateRun(TestRunner.java:829)
at org.testng.TestRunner.run(TestRunner.java:602)
at org.testng.SuiteRunner.runTest(SuiteRunner.java:437)
at org.testng.SuiteRunner$SuiteWorker.run(SuiteRunner.java:475)
at org.testng.internal.thread.ThreadUtil.lambda$execute$0(ThreadUtil.java:58)
at java.base/java.util.concurrent.FutureTask.run(FutureTask.java:328)
at java.base/java.util.concurrent.ThreadPoolExecutor.runWorker(ThreadPoolExecutor.java:1090)
at java.base/java.util.concurrent.ThreadPoolExecutor$Worker.run(ThreadPoolExecutor.java:614)
at java.base/java.lang.Thread.run(Thread.java:1474)
]]>
            </full-stacktrace>
          </exception> <!-- java.lang.AssertionError -->
          <reporter-output>
          </reporter-output>
        </test-method> <!-- testFinishProcess -->
        <test-method is-config="true" signature="teardown()[pri:0, instance:tests.OverviewTest@1dd0e7c4]" started-at="2025-12-07T11:06:08 EET" name="teardown" finished-at="2025-12-07T11:06:10 EET" duration-ms="1741" status="PASS">
          <reporter-output>
          </reporter-output>
        </test-method> <!-- teardown -->
        <test-method is-config="true" signature="setup()[pri:0, instance:tests.OverviewTest@1dd0e7c4]" started-at="2025-12-07T11:06:10 EET" name="setup" finished-at="2025-12-07T11:06:15 EET" duration-ms="5220" status="PASS">
          <reporter-output>
          </reporter-output>
        </test-method> <!-- setup -->
        <test-method signature="testFinishProcess(java.lang.String,java.lang.String)[pri:0, instance:tests.OverviewTest@1dd0e7c4]" started-at="2025-12-07T11:06:15 EET" name="testFinishProcess" data-provider="ValidLoginData" finished-at="2025-12-07T11:06:21 EET" duration-ms="6171" status="PASS">
          <params>
            <param index="0">
              <value>
                <![CDATA[visual_user]]>
              </value>
            </param>
            <param index="1">
              <value>
                <![CDATA[secret_sauce]]>
              </value>
            </param>
          </params>
          <reporter-output>
          </reporter-output>
        </test-method> <!-- testFinishProcess -->
        <test-method is-config="true" signature="teardown()[pri:0, instance:tests.OverviewTest@1dd0e7c4]" started-at="2025-12-07T11:06:21 EET" name="teardown" finished-at="2025-12-07T11:06:23 EET" duration-ms="1464" status="PASS">
          <reporter-output>
          </reporter-output>
        </test-method> <!-- teardown -->
        <test-method is-config="true" signature="setup()[pri:0, instance:tests.OverviewTest@1dd0e7c4]" started-at="2025-12-07T11:06:23 EET" name="setup" finished-at="2025-12-07T11:06:28 EET" duration-ms="5062" status="PASS">
          <reporter-output>
          </reporter-output>
        </test-method> <!-- setup -->
        <test-method signature="testOverviewPage(java.lang.String,java.lang.String)[pri:0, instance:tests.OverviewTest@1dd0e7c4]" started-at="2025-12-07T11:06:28 EET" name="testOverviewPage" data-provider="ValidLoginData" finished-at="2025-12-07T11:06:35 EET" duration-ms="6958" status="PASS">
          <params>
            <param index="0">
              <value>
                <![CDATA[standard_user]]>
              </value>
            </param>
            <param index="1">
              <value>
                <![CDATA[secret_sauce]]>
              </value>
            </param>
          </params>
          <reporter-output>
          </reporter-output>
        </test-method> <!-- testOverviewPage -->
        <test-method is-config="true" signature="teardown()[pri:0, instance:tests.OverviewTest@1dd0e7c4]" started-at="2025-12-07T11:06:35 EET" name="teardown" finished-at="2025-12-07T11:06:36 EET" duration-ms="1372" status="PASS">
          <reporter-output>
          </reporter-output>
        </test-method> <!-- teardown -->
        <test-method is-config="true" signature="setup()[pri:0, instance:tests.OverviewTest@1dd0e7c4]" started-at="2025-12-07T11:06:36 EET" name="setup" finished-at="2025-12-07T11:06:41 EET" duration-ms="4907" status="PASS">
          <reporter-output>
          </reporter-output>
        </test-method> <!-- setup -->
        <test-method signature="testOverviewPage(java.lang.String,java.lang.String)[pri:0, instance:tests.OverviewTest@1dd0e7c4]" started-at="2025-12-07T11:06:41 EET" name="testOverviewPage" data-provider="ValidLoginData" finished-at="2025-12-07T11:06:42 EET" duration-ms="815" status="FAIL">
          <params>
            <param index="0">
              <value>
                <![CDATA[problem_user]]>
              </value>
            </param>
            <param index="1">
              <value>
                <![CDATA[secret_sauce]]>
              </value>
            </param>
          </params>
          <exception class="java.lang.AssertionError">
            <message>
              <![CDATA[checkout failed Error: Last Name is required expected [] but found [Error: Last Name is required]]]>
            </message>
            <full-stacktrace>
              <![CDATA[java.lang.AssertionError: checkout failed Error: Last Name is required expected [] but found [Error: Last Name is required]
at org.testng.Assert.fail(Assert.java:110)
at org.testng.Assert.failNotEquals(Assert.java:1413)
at org.testng.Assert.assertEqualsImpl(Assert.java:149)
at org.testng.Assert.assertEquals(Assert.java:131)
at org.testng.Assert.assertEquals(Assert.java:655)
at tests.OverviewTest.fillValidInfo(OverviewTest.java:24)
at tests.OverviewTest.testOverviewPage(OverviewTest.java:62)
at java.base/jdk.internal.reflect.DirectMethodHandleAccessor.invoke(DirectMethodHandleAccessor.java:104)
at java.base/java.lang.reflect.Method.invoke(Method.java:565)
at org.testng.internal.invokers.MethodInvocationHelper.invokeMethod(MethodInvocationHelper.java:139)
at org.testng.internal.invokers.TestInvoker.invokeMethod(TestInvoker.java:677)
at org.testng.internal.invokers.TestInvoker.invokeTestMethod(TestInvoker.java:221)
at org.testng.internal.invokers.MethodRunner.runInSequence(MethodRunner.java:50)
at org.testng.internal.invokers.TestInvoker$MethodInvocationAgent.invoke(TestInvoker.java:969)
at org.testng.internal.invokers.TestInvoker.invokeTestMethods(TestInvoker.java:194)
at org.testng.internal.invokers.TestMethodWorker.invokeTestMethods(TestMethodWorker.java:148)
at org.testng.internal.invokers.TestMethodWorker.run(TestMethodWorker.java:128)
at java.base/java.util.ArrayList.forEach(ArrayList.java:1604)
at org.testng.TestRunner.privateRun(TestRunner.java:829)
at org.testng.TestRunner.run(TestRunner.java:602)
at org.testng.SuiteRunner.runTest(SuiteRunner.java:437)
at org.testng.SuiteRunner$SuiteWorker.run(SuiteRunner.java:475)
at org.testng.internal.thread.ThreadUtil.lambda$execute$0(ThreadUtil.java:58)
at java.base/java.util.concurrent.FutureTask.run(FutureTask.java:328)
at java.base/java.util.concurrent.ThreadPoolExecutor.runWorker(ThreadPoolExecutor.java:1090)
at java.base/java.util.concurrent.ThreadPoolExecutor$Worker.run(ThreadPoolExecutor.java:614)
at java.base/java.lang.Thread.run(Thread.java:1474)
]]>
            </full-stacktrace>
          </exception> <!-- java.lang.AssertionError -->
          <reporter-output>
          </reporter-output>
        </test-method> <!-- testOverviewPage -->
        <test-method is-config="true" signature="teardown()[pri:0, instance:tests.OverviewTest@1dd0e7c4]" started-at="2025-12-07T11:06:42 EET" name="teardown" finished-at="2025-12-07T11:06:43 EET" duration-ms="1509" status="PASS">
          <reporter-output>
          </reporter-output>
        </test-method> <!-- teardown -->
        <test-method is-config="true" signature="setup()[pri:0, instance:tests.OverviewTest@1dd0e7c4]" started-at="2025-12-07T11:06:43 EET" name="setup" finished-at="2025-12-07T11:06:48 EET" duration-ms="4819" status="PASS">
          <reporter-output>
          </reporter-output>
        </test-method> <!-- setup -->
        <test-method signature="testOverviewPage(java.lang.String,java.lang.String)[pri:0, instance:tests.OverviewTest@1dd0e7c4]" started-at="2025-12-07T11:06:48 EET" name="testOverviewPage" data-provider="ValidLoginData" finished-at="2025-12-07T11:07:30 EET" duration-ms="41741" status="PASS">
          <params>
            <param index="0">
              <value>
                <![CDATA[performance_glitch_user]]>
              </value>
            </param>
            <param index="1">
              <value>
                <![CDATA[secret_sauce]]>
              </value>
            </param>
          </params>
          <reporter-output>
          </reporter-output>
        </test-method> <!-- testOverviewPage -->
        <test-method is-config="true" signature="teardown()[pri:0, instance:tests.OverviewTest@1dd0e7c4]" started-at="2025-12-07T11:07:30 EET" name="teardown" finished-at="2025-12-07T11:07:31 EET" duration-ms="1316" status="PASS">
          <reporter-output>
          </reporter-output>
        </test-method> <!-- teardown -->
        <test-method is-config="true" signature="setup()[pri:0, instance:tests.OverviewTest@1dd0e7c4]" started-at="2025-12-07T11:07:31 EET" name="setup" finished-at="2025-12-07T11:07:36 EET" duration-ms="5208" status="PASS">
          <reporter-output>
          </reporter-output>
        </test-method> <!-- setup -->
        <test-method signature="testOverviewPage(java.lang.String,java.lang.String)[pri:0, instance:tests.OverviewTest@1dd0e7c4]" started-at="2025-12-07T11:07:36 EET" name="testOverviewPage" data-provider="ValidLoginData" finished-at="2025-12-07T11:07:44 EET" duration-ms="7342" status="FAIL">
          <params>
            <param index="0">
              <value>
                <![CDATA[error_user]]>
              </value>
            </param>
            <param index="1">
              <value>
                <![CDATA[secret_sauce]]>
              </value>
            </param>
          </params>
          <exception class="java.lang.AssertionError">
            <message>
              <![CDATA[The following asserts failed:
The product: Sauce Labs Bike Light name does not match the expected name. expected [Sauce Labs Bolt T-Shirt] but found [Sauce Labs Bike Light],
The product: Sauce Labs Bike Light name does not match the expected name. expected [Sauce Labs Fleece Jacket] but found [Sauce Labs Bike Light],
The product: Sauce Labs Onesie name does not match the expected name. expected [Test.allTheThings() T-Shirt (Red)] but found [Sauce Labs Onesie]]]>
            </message>
            <full-stacktrace>
              <![CDATA[java.lang.AssertionError: The following asserts failed:
The product: Sauce Labs Bike Light name does not match the expected name. expected [Sauce Labs Bolt T-Shirt] but found [Sauce Labs Bike Light],
The product: Sauce Labs Bike Light name does not match the expected name. expected [Sauce Labs Fleece Jacket] but found [Sauce Labs Bike Light],
The product: Sauce Labs Onesie name does not match the expected name. expected [Test.allTheThings() T-Shirt (Red)] but found [Sauce Labs Onesie]
at org.testng.asserts.SoftAssert.assertAll(SoftAssert.java:46)
at org.testng.asserts.SoftAssert.assertAll(SoftAssert.java:30)
at tests.OverviewTest.testOverviewPage(OverviewTest.java:96)
at java.base/jdk.internal.reflect.DirectMethodHandleAccessor.invoke(DirectMethodHandleAccessor.java:104)
at java.base/java.lang.reflect.Method.invoke(Method.java:565)
at org.testng.internal.invokers.MethodInvocationHelper.invokeMethod(MethodInvocationHelper.java:139)
at org.testng.internal.invokers.TestInvoker.invokeMethod(TestInvoker.java:677)
at org.testng.internal.invokers.TestInvoker.invokeTestMethod(TestInvoker.java:221)
at org.testng.internal.invokers.MethodRunner.runInSequence(MethodRunner.java:50)
at org.testng.internal.invokers.TestInvoker$MethodInvocationAgent.invoke(TestInvoker.java:969)
at org.testng.internal.invokers.TestInvoker.invokeTestMethods(TestInvoker.java:194)
at org.testng.internal.invokers.TestMethodWorker.invokeTestMethods(TestMethodWorker.java:148)
at org.testng.internal.invokers.TestMethodWorker.run(TestMethodWorker.java:128)
at java.base/java.util.ArrayList.forEach(ArrayList.java:1604)
at org.testng.TestRunner.privateRun(TestRunner.java:829)
at org.testng.TestRunner.run(TestRunner.java:602)
at org.testng.SuiteRunner.runTest(SuiteRunner.java:437)
at org.testng.SuiteRunner$SuiteWorker.run(SuiteRunner.java:475)
at org.testng.internal.thread.ThreadUtil.lambda$execute$0(ThreadUtil.java:58)
at java.base/java.util.concurrent.FutureTask.run(FutureTask.java:328)
at java.base/java.util.concurrent.ThreadPoolExecutor.runWorker(ThreadPoolExecutor.java:1090)
at java.base/java.util.concurrent.ThreadPoolExecutor$Worker.run(ThreadPoolExecutor.java:614)
at java.base/java.lang.Thread.run(Thread.java:1474)
]]>
            </full-stacktrace>
          </exception> <!-- java.lang.AssertionError -->
          <reporter-output>
          </reporter-output>
        </test-method> <!-- testOverviewPage -->
        <test-method is-config="true" signature="teardown()[pri:0, instance:tests.OverviewTest@1dd0e7c4]" started-at="2025-12-07T11:07:44 EET" name="teardown" finished-at="2025-12-07T11:07:47 EET" duration-ms="3353" status="PASS">
          <reporter-output>
          </reporter-output>
        </test-method> <!-- teardown -->
        <test-method is-config="true" signature="setup()[pri:0, instance:tests.OverviewTest@1dd0e7c4]" started-at="2025-12-07T11:07:47 EET" name="setup" finished-at="2025-12-07T11:07:53 EET" duration-ms="5621" status="PASS">
          <reporter-output>
          </reporter-output>
        </test-method> <!-- setup -->
        <test-method signature="testOverviewPage(java.lang.String,java.lang.String)[pri:0, instance:tests.OverviewTest@1dd0e7c4]" started-at="2025-12-07T11:07:53 EET" name="testOverviewPage" data-provider="ValidLoginData" finished-at="2025-12-07T11:08:03 EET" duration-ms="10462" status="PASS">
          <params>
            <param index="0">
              <value>
                <![CDATA[visual_user]]>
              </value>
            </param>
            <param index="1">
              <value>
                <![CDATA[secret_sauce]]>
              </value>
            </param>
          </params>
          <reporter-output>
          </reporter-output>
        </test-method> <!-- testOverviewPage -->
        <test-method is-config="true" signature="teardown()[pri:0, instance:tests.OverviewTest@1dd0e7c4]" started-at="2025-12-07T11:08:03 EET" name="teardown" finished-at="2025-12-07T11:08:04 EET" duration-ms="1270" status="PASS">
          <reporter-output>
          </reporter-output>
        </test-method> <!-- teardown -->
        <test-method is-config="true" signature="setup()[pri:0, instance:tests.OverviewTest@1dd0e7c4]" started-at="2025-12-07T11:08:04 EET" name="setup" finished-at="2025-12-07T11:08:10 EET" duration-ms="5583" status="PASS">
          <reporter-output>
          </reporter-output>
        </test-method> <!-- setup -->
        <test-method signature="testTotalPrice(java.lang.String,java.lang.String)[pri:0, instance:tests.OverviewTest@1dd0e7c4]" started-at="2025-12-07T11:08:10 EET" name="testTotalPrice" data-provider="ValidLoginData" finished-at="2025-12-07T11:08:19 EET" duration-ms="9076" status="PASS">
          <params>
            <param index="0">
              <value>
                <![CDATA[standard_user]]>
              </value>
            </param>
            <param index="1">
              <value>
                <![CDATA[secret_sauce]]>
              </value>
            </param>
          </params>
          <reporter-output>
          </reporter-output>
        </test-method> <!-- testTotalPrice -->
        <test-method is-config="true" signature="teardown()[pri:0, instance:tests.OverviewTest@1dd0e7c4]" started-at="2025-12-07T11:08:19 EET" name="teardown" finished-at="2025-12-07T11:08:20 EET" duration-ms="1239" status="PASS">
          <reporter-output>
          </reporter-output>
        </test-method> <!-- teardown -->
        <test-method is-config="true" signature="setup()[pri:0, instance:tests.OverviewTest@1dd0e7c4]" started-at="2025-12-07T11:08:20 EET" name="setup" finished-at="2025-12-07T11:08:27 EET" duration-ms="6841" status="PASS">
          <reporter-output>
          </reporter-output>
        </test-method> <!-- setup -->
        <test-method signature="testTotalPrice(java.lang.String,java.lang.String)[pri:0, instance:tests.OverviewTest@1dd0e7c4]" started-at="2025-12-07T11:08:27 EET" name="testTotalPrice" data-provider="ValidLoginData" finished-at="2025-12-07T11:08:28 EET" duration-ms="871" status="FAIL">
          <params>
            <param index="0">
              <value>
                <![CDATA[problem_user]]>
              </value>
            </param>
            <param index="1">
              <value>
                <![CDATA[secret_sauce]]>
              </value>
            </param>
          </params>
          <exception class="java.lang.AssertionError">
            <message>
              <![CDATA[checkout failed Error: Last Name is required expected [] but found [Error: Last Name is required]]]>
            </message>
            <full-stacktrace>
              <![CDATA[java.lang.AssertionError: checkout failed Error: Last Name is required expected [] but found [Error: Last Name is required]
at org.testng.Assert.fail(Assert.java:110)
at org.testng.Assert.failNotEquals(Assert.java:1413)
at org.testng.Assert.assertEqualsImpl(Assert.java:149)
at org.testng.Assert.assertEquals(Assert.java:131)
at org.testng.Assert.assertEquals(Assert.java:655)
at tests.OverviewTest.fillValidInfo(OverviewTest.java:24)
at tests.OverviewTest.testTotalPrice(OverviewTest.java:134)
at java.base/jdk.internal.reflect.DirectMethodHandleAccessor.invoke(DirectMethodHandleAccessor.java:104)
at java.base/java.lang.reflect.Method.invoke(Method.java:565)
at org.testng.internal.invokers.MethodInvocationHelper.invokeMethod(MethodInvocationHelper.java:139)
at org.testng.internal.invokers.TestInvoker.invokeMethod(TestInvoker.java:677)
at org.testng.internal.invokers.TestInvoker.invokeTestMethod(TestInvoker.java:221)
at org.testng.internal.invokers.MethodRunner.runInSequence(MethodRunner.java:50)
at org.testng.internal.invokers.TestInvoker$MethodInvocationAgent.invoke(TestInvoker.java:969)
at org.testng.internal.invokers.TestInvoker.invokeTestMethods(TestInvoker.java:194)
at org.testng.internal.invokers.TestMethodWorker.invokeTestMethods(TestMethodWorker.java:148)
at org.testng.internal.invokers.TestMethodWorker.run(TestMethodWorker.java:128)
at java.base/java.util.ArrayList.forEach(ArrayList.java:1604)
at org.testng.TestRunner.privateRun(TestRunner.java:829)
at org.testng.TestRunner.run(TestRunner.java:602)
at org.testng.SuiteRunner.runTest(SuiteRunner.java:437)
at org.testng.SuiteRunner$SuiteWorker.run(SuiteRunner.java:475)
at org.testng.internal.thread.ThreadUtil.lambda$execute$0(ThreadUtil.java:58)
at java.base/java.util.concurrent.FutureTask.run(FutureTask.java:328)
at java.base/java.util.concurrent.ThreadPoolExecutor.runWorker(ThreadPoolExecutor.java:1090)
at java.base/java.util.concurrent.ThreadPoolExecutor$Worker.run(ThreadPoolExecutor.java:614)
at java.base/java.lang.Thread.run(Thread.java:1474)
]]>
            </full-stacktrace>
          </exception> <!-- java.lang.AssertionError -->
          <reporter-output>
          </reporter-output>
        </test-method> <!-- testTotalPrice -->
        <test-method is-config="true" signature="teardown()[pri:0, instance:tests.OverviewTest@1dd0e7c4]" started-at="2025-12-07T11:08:28 EET" name="teardown" finished-at="2025-12-07T11:08:30 EET" duration-ms="1784" status="PASS">
          <reporter-output>
          </reporter-output>
        </test-method> <!-- teardown -->
        <test-method is-config="true" signature="setup()[pri:0, instance:tests.OverviewTest@1dd0e7c4]" started-at="2025-12-07T11:08:30 EET" name="setup" finished-at="2025-12-07T11:08:39 EET" duration-ms="9252" status="PASS">
          <reporter-output>
          </reporter-output>
        </test-method> <!-- setup -->
        <test-method signature="testTotalPrice(java.lang.String,java.lang.String)[pri:0, instance:tests.OverviewTest@1dd0e7c4]" started-at="2025-12-07T11:08:39 EET" name="testTotalPrice" data-provider="ValidLoginData" finished-at="2025-12-07T11:09:20 EET" duration-ms="40536" status="PASS">
          <params>
            <param index="0">
              <value>
                <![CDATA[performance_glitch_user]]>
              </value>
            </param>
            <param index="1">
              <value>
                <![CDATA[secret_sauce]]>
              </value>
            </param>
          </params>
          <reporter-output>
          </reporter-output>
        </test-method> <!-- testTotalPrice -->
        <test-method is-config="true" signature="teardown()[pri:0, instance:tests.OverviewTest@1dd0e7c4]" started-at="2025-12-07T11:09:20 EET" name="teardown" finished-at="2025-12-07T11:09:21 EET" duration-ms="1386" status="PASS">
          <reporter-output>
          </reporter-output>
        </test-method> <!-- teardown -->
        <test-method is-config="true" signature="setup()[pri:0, instance:tests.OverviewTest@1dd0e7c4]" started-at="2025-12-07T11:09:21 EET" name="setup" finished-at="2025-12-07T11:09:27 EET" duration-ms="5666" status="PASS">
          <reporter-output>
          </reporter-output>
        </test-method> <!-- setup -->
        <test-method signature="testTotalPrice(java.lang.String,java.lang.String)[pri:0, instance:tests.OverviewTest@1dd0e7c4]" started-at="2025-12-07T11:09:27 EET" name="testTotalPrice" data-provider="ValidLoginData" finished-at="2025-12-07T11:09:34 EET" duration-ms="6823" status="FAIL">
          <params>
            <param index="0">
              <value>
                <![CDATA[error_user]]>
              </value>
            </param>
            <param index="1">
              <value>
                <![CDATA[secret_sauce]]>
              </value>
            </param>
          </params>
          <exception class="java.lang.AssertionError">
            <message>
              <![CDATA[The following asserts failed:
The total price calculation is incorrect! expected [59.17] but found [43.18],
The total price calculation is incorrect! expected [109.16000000000001] but found [43.18],
The total price calculation is incorrect! expected [117.79] but found [51.81],
The total price calculation is incorrect! expected [133.78] but found [51.81]]]>
            </message>
            <full-stacktrace>
              <![CDATA[java.lang.AssertionError: The following asserts failed:
The total price calculation is incorrect! expected [59.17] but found [43.18],
The total price calculation is incorrect! expected [109.16000000000001] but found [43.18],
The total price calculation is incorrect! expected [117.79] but found [51.81],
The total price calculation is incorrect! expected [133.78] but found [51.81]
at org.testng.asserts.SoftAssert.assertAll(SoftAssert.java:46)
at org.testng.asserts.SoftAssert.assertAll(SoftAssert.java:30)
at tests.OverviewTest.testTotalPrice(OverviewTest.java:149)
at java.base/jdk.internal.reflect.DirectMethodHandleAccessor.invoke(DirectMethodHandleAccessor.java:104)
at java.base/java.lang.reflect.Method.invoke(Method.java:565)
at org.testng.internal.invokers.MethodInvocationHelper.invokeMethod(MethodInvocationHelper.java:139)
at org.testng.internal.invokers.TestInvoker.invokeMethod(TestInvoker.java:677)
at org.testng.internal.invokers.TestInvoker.invokeTestMethod(TestInvoker.java:221)
at org.testng.internal.invokers.MethodRunner.runInSequence(MethodRunner.java:50)
at org.testng.internal.invokers.TestInvoker$MethodInvocationAgent.invoke(TestInvoker.java:969)
at org.testng.internal.invokers.TestInvoker.invokeTestMethods(TestInvoker.java:194)
at org.testng.internal.invokers.TestMethodWorker.invokeTestMethods(TestMethodWorker.java:148)
at org.testng.internal.invokers.TestMethodWorker.run(TestMethodWorker.java:128)
at java.base/java.util.ArrayList.forEach(ArrayList.java:1604)
at org.testng.TestRunner.privateRun(TestRunner.java:829)
at org.testng.TestRunner.run(TestRunner.java:602)
at org.testng.SuiteRunner.runTest(SuiteRunner.java:437)
at org.testng.SuiteRunner$SuiteWorker.run(SuiteRunner.java:475)
at org.testng.internal.thread.ThreadUtil.lambda$execute$0(ThreadUtil.java:58)
at java.base/java.util.concurrent.FutureTask.run(FutureTask.java:328)
at java.base/java.util.concurrent.ThreadPoolExecutor.runWorker(ThreadPoolExecutor.java:1090)
at java.base/java.util.concurrent.ThreadPoolExecutor$Worker.run(ThreadPoolExecutor.java:614)
at java.base/java.lang.Thread.run(Thread.java:1474)
]]>
            </full-stacktrace>
          </exception> <!-- java.lang.AssertionError -->
          <reporter-output>
          </reporter-output>
        </test-method> <!-- testTotalPrice -->
        <test-method is-config="true" signature="teardown()[pri:0, instance:tests.OverviewTest@1dd0e7c4]" started-at="2025-12-07T11:09:34 EET" name="teardown" finished-at="2025-12-07T11:09:35 EET" duration-ms="1308" status="PASS">
          <reporter-output>
          </reporter-output>
        </test-method> <!-- teardown -->
        <test-method is-config="true" signature="setup()[pri:0, instance:tests.OverviewTest@1dd0e7c4]" started-at="2025-12-07T11:09:35 EET" name="setup" finished-at="2025-12-07T11:09:39 EET" duration-ms="4638" status="PASS">
          <reporter-output>
          </reporter-output>
        </test-method> <!-- setup -->
        <test-method signature="testTotalPrice(java.lang.String,java.lang.String)[pri:0, instance:tests.OverviewTest@1dd0e7c4]" started-at="2025-12-07T11:09:39 EET" name="testTotalPrice" data-provider="ValidLoginData" finished-at="2025-12-07T11:09:45 EET" duration-ms="5548" status="PASS">
          <params>
            <param index="0">
              <value>
                <![CDATA[visual_user]]>
              </value>
            </param>
            <param index="1">
              <value>
                <![CDATA[secret_sauce]]>
              </value>
            </param>
          </params>
          <reporter-output>
          </reporter-output>
        </test-method> <!-- testTotalPrice -->
        <test-method is-config="true" signature="teardown()[pri:0, instance:tests.OverviewTest@1dd0e7c4]" started-at="2025-12-07T11:09:45 EET" name="teardown" finished-at="2025-12-07T11:09:46 EET" duration-ms="1161" status="PASS">
          <reporter-output>
          </reporter-output>
        </test-method> <!-- teardown -->
      </class> <!-- tests.OverviewTest -->
    </test> <!-- Overview Tests -->
  </suite> <!-- SauceDemo Test Suite -->
</testng-results>
