<?xml version="1.0" encoding="UTF-8"?>
<testsuite xmlns:xsi="http://www.w3.org/2001/XMLSchema-instance" xsi:noNamespaceSchemaLocation="https://maven.apache.org/surefire/maven-surefire-plugin/xsd/surefire-test-report-3.0.xsd" version="3.0" name="TestSuite" time="551.16" tests="84" errors="0" skipped="0" failures="24">
  <properties>
[...]
</properties>
  <testcase name="testInventoryItems[standard_user, secret_sauce](1)" classname="tests.InventoryTest" time="3.092">
    <system-out><![CDATA[[13:27:09] [INFO ] AutomationLogger - ===== Starting Inventory Items Validation Test for user: standard_user =====
[13:27:09] [INFO ] AutomationLogger - Logging in with username: standard_user
[13:27:10] [INFO ] AutomationLogger - Reading product list JSON
[13:27:10] [INFO ] AutomationLogger - Fetching inventory items from UI
[13:27:11] [INFO ] AutomationLogger - Comparing UI vs JSON → Sauce Labs Backpack
[13:27:11] [INFO ] AutomationLogger - Comparing UI vs JSON → Sauce Labs Bike Light
[13:27:11] [INFO ] AutomationLogger - Comparing UI vs JSON → Sauce Labs Bolt T-Shirt
[13:27:11] [INFO ] AutomationLogger - Comparing UI vs JSON → Sauce Labs Fleece Jacket
[13:27:11] [INFO ] AutomationLogger - Comparing UI vs JSON → Sauce Labs Onesie
[13:27:12] [INFO ] AutomationLogger - Comparing UI vs JSON → Test.allTheThings() T-Shirt (Red)
[13:27:12] [INFO ] AutomationLogger - ===== Inventory Items Test Completed for user: standard_user =====
]]></system-out>
    <system-err><![CDATA[SLF4J: Failed to load class "org.slf4j.impl.StaticLoggerBinder".
SLF4J: Defaulting to no-operation (NOP) logger implementation
SLF4J: See http://www.slf4j.org/codes.html#StaticLoggerBinder for further details.
176510682117265414	0g6e8c21k2o4d3ri	vgeecrk	oIdNFrOi	vLeirs	tIeNnFiOn	gL iosnt e1n2i7n.g0 .o0n. 1:1129571.70
.0.1:29705
1765106821572	mozrunner::runner	INFO	Running command: MOZ_CRASHREPORTER="1" MOZ_CRASHREPORTER_NO_REPORT="1" MOZ_CRASHREPORTER_SHUTDOWN="1" "/usr/bin/firefox" "--m ... s" "http://127.0.0.1:21979/,http://localhost:21979/,http://[::1]:21979/" "-no-remote" "-profile" "/tmp/rust_mozprofileg5uwex"
1765106821579	mozrunner::runner	INFO	Running command: MOZ_CRASHREPORTER="1" MOZ_CRASHREPORTER_NO_REPORT="1" MOZ_CRASHREPORTER_SHUTDOWN="1" "/usr/bin/firefox" "--m ... s" "http://127.0.0.1:14529/,http://localhost:14529/,http://[::1]:14529/" "-no-remote" "-profile" "/tmp/rust_mozprofileLBwgtZ"
1765106821660	geckodriver	INFO	Listening on 127.0.0.1:20995
1765106821671	geckodriver	INFO	Listening on 127.0.0.1:3493
1765106821781	mozrunner::runner	INFO	Running command: MOZ_CRASHREPORTER="1" MOZ_CRASHREPORTER_NO_REPORT="1" MOZ_CRASHREPORTER_SHUTDOWN="1" "/usr/bin/firefox" "--m ... s" "http://127.0.0.1:13483/,http://localhost:13483/,http://[::1]:13483/" "-no-remote" "-profile" "/tmp/rust_mozprofileoq54Xn"
1765106821832	mozrunner::runner	INFO	Running command: MOZ_CRASHREPORTER="1" MOZ_CRASHREPORTER_NO_REPORT="1" MOZ_CRASHREPORTER_SHUTDOWN="1" "/usr/bin/firefox" "--m ... s" "http://127.0.0.1:31787/,http://localhost:31787/,http://[::1]:31787/" "-no-remote" "-profile" "/tmp/rust_mozprofile1LW5Bb"
console.warn: services.settings: Ignoring preference override of remote settings server
console.warn: services.settings: Allow by setting MOZ_REMOTE_SETTINGS_DEVTOOLS=1 in the environment
1765106822388	Marionette	INFO	Marionette enabled
1765106822661	Marionette	INFO	Listening on port 43345
Read port: 43345
WebDriver BiDi listening on ws://127.0.0.1:21979
1765106822736	RemoteAgent	WARN	TLS certificate errors will be ignored for this session
console.warn: services.settings: Ignoring preference override of remote settings server
console.warn: services.settings: Allow by setting MOZ_REMOTE_SETTINGS_DEVTOOLS=1 in the environment
1765106823353	Marionette	INFO	Marionette enabled
1765106823719	Marionette	INFO	Listening on port 44837
WebDriver BiDi listening on ws://127.0.0.1:13483
Read port: 44837
1765106824023	RemoteAgent	WARN	TLS certificate errors will be ignored for this session
console.warn: services.settings: Ignoring preference override of remote settings server
console.warn: services.settings: Allow by setting MOZ_REMOTE_SETTINGS_DEVTOOLS=1 in the environment
1765106825496	Marionette	INFO	Marionette enabled
1765106826115	Marionette	INFO	Listening on port 38385
WebDriver BiDi listening on ws://127.0.0.1:31787
Read port: 38385
1765106826542	RemoteAgent	WARN	TLS certificate errors will be ignored for this session
console.warn: services.settings: Ignoring preference override of remote settings server
console.warn: services.settings: Allow by setting MOZ_REMOTE_SETTINGS_DEVTOOLS=1 in the environment
1765106828273	Marionette	INFO	Marionette enabled
1765106829561	Marionette	INFO	Listening on port 37409
WebDriver BiDi listening on ws://127.0.0.1:14529
Read port: 37409
1765106829869	RemoteAgent	WARN	TLS certificate errors will be ignored for this session
console.warn: LoginRecipes: "Falling back to a synchronous message for: https://www.saucedemo.com."
console.warn: LoginRecipes: "Falling back to a synchronous message for: https://www.saucedemo.com."
]]></system-err>
  </testcase>
  <testcase name="testInventoryItems[problem_user, secret_sauce](2)" classname="tests.InventoryTest" time="1.919">
    <system-out><![CDATA[[13:27:22] [INFO ] AutomationLogger - ===== Starting Inventory Items Validation Test for user: problem_user =====
[13:27:22] [INFO ] AutomationLogger - Logging in with username: problem_user
[13:27:23] [INFO ] AutomationLogger - Reading product list JSON
[13:27:23] [INFO ] AutomationLogger - Fetching inventory items from UI
[13:27:23] [INFO ] AutomationLogger - Comparing UI vs JSON → Sauce Labs Backpack
[13:27:23] [INFO ] AutomationLogger - Comparing UI vs JSON → Sauce Labs Bike Light
[13:27:23] [INFO ] AutomationLogger - Comparing UI vs JSON → Sauce Labs Bolt T-Shirt
[13:27:24] [INFO ] AutomationLogger - Comparing UI vs JSON → Sauce Labs Fleece Jacket
[13:27:24] [INFO ] AutomationLogger - Comparing UI vs JSON → Sauce Labs Onesie
[13:27:24] [INFO ] AutomationLogger - Comparing UI vs JSON → Test.allTheThings() T-Shirt (Red)
[13:27:24] [INFO ] AutomationLogger - ===== Inventory Items Test Completed for user: problem_user =====
]]></system-out>
    <system-err><![CDATA[1765106841231	Marionette	INFO	Stopped listening on port 38385
1765106841598	Marionette	INFO	Marionette enabled
1765106842872	Marionette	INFO	Listening on port 45201
Read port: 45201
WebDriver BiDi listening on ws://127.0.0.1:4784
1765106843061	RemoteAgent	WARN	TLS certificate errors will be ignored for this session
console.warn: LoginRecipes: "Falling back to a synchronous message for: https://www.saucedemo.com."
console.warn: LoginRecipes: "Falling back to a synchronous message for: https://www.saucedemo.com."
console.error: "Failed to fetch https://spocs.getpocket.com/user:" "NetworkError when attempting to fetch resource."
console.error: (new TypeError("NetworkError when attempting to fetch resource.", ""))
console.error: (new Error("OHTTP was configured for https://ads.mozilla.org/v1/delete_user but we couldn't fetch a valid config", "moz-src:///browser/modules/ContextId.sys.mjs", 234))
console.warn: TopSitesFeed: Failed to fetch data from MARS server: NetworkError when attempting to fetch resource.
JavaScript error: resource://gre/modules/ObliviousHTTP.sys.mjs, line 105: NS_ERROR_XPC_CANT_CONVERT_PRIMITIVE_TO_ARRAY: Cannot convert primitive JavaScript value into an array arg 2 [nsIObliviousHttpService.newChannel]
]]></system-err>
  </testcase>
  <testcase name="testInventoryItems[performance_glitch_user, secret_sauce](3)" classname="tests.InventoryTest" time="0.66">
    <system-out><![CDATA[[13:27:39] [INFO ] AutomationLogger - ===== Starting sortingByNameAtoZ test for user: performance_glitch_user =====
[13:27:39] [INFO ] AutomationLogger - Reading product list JSON
[13:27:39] [INFO ] AutomationLogger - Fetching inventory items from UI
[13:27:40] [INFO ] AutomationLogger - Comparing UI vs JSON → Sauce Labs Backpack
[13:27:40] [INFO ] AutomationLogger - Comparing UI vs JSON → Sauce Labs Bike Light
[13:27:40] [INFO ] AutomationLogger - Comparing UI vs JSON → Sauce Labs Bolt T-Shirt
[13:27:40] [INFO ] AutomationLogger - Comparing UI vs JSON → Sauce Labs Fleece Jacket
[13:27:40] [INFO ] AutomationLogger - Comparing UI vs JSON → Sauce Labs Onesie
[13:27:40] [INFO ] AutomationLogger - Comparing UI vs JSON → Test.allTheThings() T-Shirt (Red)
[13:27:40] [INFO ] AutomationLogger - ===== Inventory Items Test Completed for user: performance_glitch_user =====
]]></system-out>
    <system-err><![CDATA[1765106859046	Marionette	INFO	Stopped listening on port 33421
console.error: "Failed to fetch https://spocs.getpocket.com/user:" "NetworkError when attempting to fetch resource."
console.error: (new TypeError("NetworkError when attempting to fetch resource.", ""))
console.error: (new Error("OHTTP was configured for https://ads.mozilla.org/v1/delete_user but we couldn't fetch a valid config", "moz-src:///browser/modules/ContextId.sys.mjs", 234))
console.warn: TopSitesFeed: Failed to fetch data from MARS server: NetworkError when attempting to fetch resource.
JavaScript error: resource://gre/modules/ObliviousHTTP.sys.mjs, line 105: NS_ERROR_XPC_CANT_CONVERT_PRIMITIVE_TO_ARRAY: Cannot convert primitive JavaScript value into an array arg 2 [nsIObliviousHttpService.newChannel]
console.warn: LoginRecipes: "Falling back to a synchronous message for: https://www.saucedemo.com."
console.warn: LoginRecipes: "Falling back to a synchronous message for: https://www.saucedemo.com."
1765106860402	geckodriver	INFO	Listening on 127.0.0.1:25094
]]></system-err>
  </testcase>
  <testcase name="testInventoryItems[error_user, secret_sauce](4)" classname="tests.InventoryTest" time="1.108">
    <system-out><![CDATA[[13:27:50] [INFO ] AutomationLogger - Comparing UI vs JSON → Sauce Labs Fleece Jacket
[13:27:51] [INFO ] AutomationLogger - Comparing UI vs JSON → Sauce Labs Onesie
[13:27:51] [INFO ] AutomationLogger - Comparing UI vs JSON → Test.allTheThings() T-Shirt (Red)
[13:27:51] [INFO ] AutomationLogger - ===== Inventory Items Test Completed for user: error_user =====
]]></system-out>
    <system-err><![CDATA[1765106870881	Marionette	INFO	Stopped listening on port 41183
1765106870970	RemoteAgent	WARN	TLS certificate errors will be ignored for this session
]]></system-err>
  </testcase>
  <testcase name="testInventoryItems[visual_user, secret_sauce](5)" classname="tests.InventoryTest" time="0.919">
    <failure message="The following asserts failed:&#10;	User : &apos;visual_user&apos;, The price of the product is incorrect for item 1 : Sauce Labs Backpack expected [$29.99] but found [$47.22],&#10;	User : &apos;visual_user&apos;, The price of the product is incorrect for item 2 : Sauce Labs Bike Light expected [$9.99] but found [$44.12],&#10;	User : &apos;visual_user&apos;, The price of the product is incorrect for item 3 : Sauce Labs Bolt T-Shirt expected [$15.99] but found [$0.06],&#10;	User : &apos;visual_user&apos;, The price of the product is incorrect for item 4 : Sauce Labs Fleece Jacket expected [$49.99] but found [$72.2],&#10;	User : &apos;visual_user&apos;, The price of the product is incorrect for item 5 : Sauce Labs Onesie expected [$7.99] but found [$57.98],&#10;	User : &apos;visual_user&apos;, The price of the product is incorrect for item 6 : Test.allTheThings() T-Shirt (Red) expected [$15.99] but found [$76.83]" type="java.lang.AssertionError"><![CDATA[java.lang.AssertionError: 
The following asserts failed:
	User : 'visual_user', The price of the product is incorrect for item 1 : Sauce Labs Backpack expected [$29.99] but found [$47.22],
	User : 'visual_user', The price of the product is incorrect for item 2 : Sauce Labs Bike Light expected [$9.99] but found [$44.12],
	User : 'visual_user', The price of the product is incorrect for item 3 : Sauce Labs Bolt T-Shirt expected [$15.99] but found [$0.06],
	User : 'visual_user', The price of the product is incorrect for item 4 : Sauce Labs Fleece Jacket expected [$49.99] but found [$72.2],
	User : 'visual_user', The price of the product is incorrect for item 5 : Sauce Labs Onesie expected [$7.99] but found [$57.98],
	User : 'visual_user', The price of the product is incorrect for item 6 : Test.allTheThings() T-Shirt (Red) expected [$15.99] but found [$76.83]
	at tests.InventoryTest.testInventoryItems(InventoryTest.java:109)
]]></failure>
    <system-out><![CDATA[[13:28:01] [INFO ] AutomationLogger - ===== Starting Inventory Items Validation Test for user: visual_user =====
[13:28:01] [INFO ] AutomationLogger - Logging in with username: visual_user
[13:28:01] [INFO ] AutomationLogger - Reading product list JSON
[13:28:01] [INFO ] AutomationLogger - Fetching inventory items from UI
[13:28:01] [INFO ] AutomationLogger - Comparing UI vs JSON → Sauce Labs Backpack
[13:28:02] [INFO ] AutomationLogger - Comparing UI vs JSON → Sauce Labs Bike Light
[13:28:02] [INFO ] AutomationLogger - Comparing UI vs JSON → Sauce Labs Bolt T-Shirt
[13:28:02] [INFO ] AutomationLogger - Comparing UI vs JSON → Sauce Labs Fleece Jacket
[13:28:02] [INFO ] AutomationLogger - Comparing UI vs JSON → Sauce Labs Onesie
[13:28:02] [INFO ] AutomationLogger - Comparing UI vs JSON → Test.allTheThings() T-Shirt (Red)
]]></system-out>
    <system-err><![CDATA[1765106880036	Marionette	INFO	Stopped listening on port 43935
1765106880186	RemoteAgent	WARN	TLS certificate errors will be ignored for this session
console.error: "Failed to fetch https://spocs.getpocket.com/user:" "NetworkError when attempting to fetch resource."
console.error: (new TypeError("NetworkError when attempting to fetch resource.", ""))
console.error: (new Error("OHTTP was configured for https://ads.mozilla.org/v1/delete_user but we couldn't fetch a valid config", "moz-src:///browser/modules/ContextId.sys.mjs", 234))
console.warn: TopSitesFeed: Failed to fetch data from MARS server: NetworkError when attempting to fetch resource.
JavaScript error: resource://gre/modules/ObliviousHTTP.sys.mjs, line 105: NS_ERROR_XPC_CANT_CONVERT_PRIMITIVE_TO_ARRAY: Cannot convert primitive JavaScript value into an array arg 2 [nsIObliviousHttpService.newChannel]
console.error: "Failed to fetch https://spocs.getpocket.com/user:" "NetworkError when attempting to fetch resource."
console.error: (new TypeError("NetworkError when attempting to fetch resource.", ""))
console.error: (new Error("OHTTP was configured for https://ads.mozilla.org/v1/delete_user but we couldn't fetch a valid config", "moz-src:///browser/modules/ContextId.sys.mjs", 234))
console.warn: TopSitesFeed: Failed to fetch data from MARS server: NetworkError when attempting to fetch resource.
JavaScript error: resource://gre/modules/ObliviousHTTP.sys.mjs, line 105: NS_ERROR_XPC_CANT_CONVERT_PRIMITIVE_TO_ARRAY: Cannot convert primitive JavaScript value into an array arg 2 [nsIObliviousHttpService.newChannel]
1765106881623	geckodriver	INFO	Listening on 127.0.0.1:26853
1765106881762	mozrunner::runner	INFO	Running command: MOZ_CRASHREPORTER="1" MOZ_CRASHREPORTER_NO_REPORT="1" MOZ_CRASHREPORTER_SHUTDOWN="1" "/usr/bin/firefox" "--m ... gins" "http://127.0.0.1:1170/,http://localhost:1170/,http://[::1]:1170/" "-no-remote" "-profile" "/tmp/rust_mozprofilexrntFW"
console.warn: LoginRecipes: "Falling back to a synchronous message for: https://www.saucedemo.com."
console.warn: LoginRecipes: "Falling back to a synchronous message for: https://www.saucedemo.com."
1765106882044	geckodriver	INFO	Listening on 127.0.0.1:18568
1765106882175	mozrunner::runner	INFO	Running command: MOZ_CRASHREPORTER="1" MOZ_CRASHREPORTER_NO_REPORT="1" MOZ_CRASHREPORTER_SHUTDOWN="1" "/usr/bin/firefox" "--m ... gins" "http://127.0.0.1:1041/,http://localhost:1041/,http://[::1]:1041/" "-no-remote" "-profile" "/tmp/rust_mozprofileM6Gp9M"
]]></system-err>
  </testcase>
  <testcase name="test_Add_Remove_Item[standard_user, secret_sauce](1)" classname="tests.InventoryTest" time="2.351">
    <system-out><![CDATA[[13:28:16] [INFO ] AutomationLogger - Clicking Remove from Cart → Sauce Labs Bolt T-Shirt
[13:28:16] [INFO ] AutomationLogger - Testing Add/Remove for product: Sauce Labs Fleece Jacket
[13:28:16] [INFO ] AutomationLogger - Clicking Add to Cart → Sauce Labs Fleece Jacket
[13:28:16] [INFO ] AutomationLogger - Clicking Remove from Cart → Sauce Labs Fleece Jacket
[13:28:16] [INFO ] AutomationLogger - Testing Add/Remove for product: Sauce Labs Onesie
[13:28:16] [INFO ] AutomationLogger - Clicking Add to Cart → Sauce Labs Onesie
[13:28:16] [INFO ] AutomationLogger - Clicking Remove from Cart → Sauce Labs Onesie
[13:28:16] [INFO ] AutomationLogger - Testing Add/Remove for product: Test.allTheThings() T-Shirt (Red)
[13:28:16] [INFO ] AutomationLogger - Clicking Add to Cart → Test.allTheThings() T-Shirt (Red)
[13:28:16] [INFO ] AutomationLogger - Clicking Remove from Cart → Test.allTheThings() T-Shirt (Red)
[13:28:16] [INFO ] AutomationLogger - ===== Add/Remove Inventory Test Completed for user: standard_user =====
]]></system-out>
    <system-err><![CDATA[1765106896015	Marionette	INFO	Stopped listening on port 40059
1765106896107	geckodriver	INFO	Listening on 127.0.0.1:5911
1765106896267	mozrunner::runner	INFO	Running command: MOZ_CRASHREPORTER="1" MOZ_CRASHREPORTER_NO_REPORT="1" MOZ_CRASHREPORTER_SHUTDOWN="1" "/usr/bin/firefox" "--m ... gins" "http://127.0.0.1:2550/,http://localhost:2550/,http://[::1]:2550/" "-no-remote" "-profile" "/tmp/rust_mozprofilecqpQVN"
]]></system-err>
  </testcase>
  <testcase name="test_Add_Remove_Item[problem_user, secret_sauce](2)" classname="tests.InventoryTest" time="1.259">
    <failure message="The following asserts failed:&#10;	User : &apos;problem_user&apos;, Sauce Labs Bolt T-Shirt: remove form cart button unclickable.,&#10;	User : &apos;problem_user&apos;, Sauce Labs Fleece Jacket: remove form cart button unclickable.,&#10;	User : &apos;problem_user&apos;, Test.allTheThings() T-Shirt (Red): remove form cart button unclickable." type="java.lang.AssertionError"><![CDATA[java.lang.AssertionError: 
The following asserts failed:
	User : 'problem_user', Sauce Labs Bolt T-Shirt: remove form cart button unclickable.,
	User : 'problem_user', Sauce Labs Fleece Jacket: remove form cart button unclickable.,
	User : 'problem_user', Test.allTheThings() T-Shirt (Red): remove form cart button unclickable.
	at tests.InventoryTest.test_Add_Remove_Item(InventoryTest.java:65)
]]></failure>
    <system-out><![CDATA[[13:28:25] [INFO ] AutomationLogger - ===== Starting Product Add/Remove Test for user: visual_user =====
[13:28:25] [INFO ] AutomationLogger - Logged in successfully.
[13:28:25] [INFO ] AutomationLogger - Loaded 6 products from JSON.
[13:28:25] [INFO ] AutomationLogger - Opening product → item_4
[13:28:26] [INFO ] AutomationLogger - ===== Starting Add/Remove Inventory Test for user: problem_user =====
[13:28:26] [INFO ] AutomationLogger - Logging in with username: problem_user
[13:28:26] [INFO ] AutomationLogger - Reading product list JSON
[13:28:26] [INFO ] AutomationLogger - Testing Add/Remove for product: Sauce Labs Backpack
[13:28:26] [INFO ] AutomationLogger - Clicking Add to Cart → Sauce Labs Backpack
[13:28:26] [INFO ] AutomationLogger - Attempting to add product to cart.
[13:28:26] [INFO ] AutomationLogger - Clicking Remove from Cart → Sauce Labs Backpack
[13:28:27] [INFO ] AutomationLogger - Validating remove button and cart badge after adding.
[13:28:27] [INFO ] AutomationLogger - Testing Add/Remove for product: Sauce Labs Bike Light
[13:28:27] [INFO ] AutomationLogger - Clicking Add to Cart → Sauce Labs Bike Light
[13:28:27] [INFO ] AutomationLogger - Attempting to remove product from cart.
[13:28:27] [INFO ] AutomationLogger - Clicking Remove from Cart → Sauce Labs Bike Light
[13:28:27] [INFO ] AutomationLogger - Opening product → item_0
[13:28:27] [INFO ] AutomationLogger - Testing Add/Remove for product: Sauce Labs Bolt T-Shirt
[13:28:27] [INFO ] AutomationLogger - Clicking Add to Cart → Sauce Labs Bolt T-Shirt
[13:28:27] [INFO ] AutomationLogger - Clicking Remove from Cart → Sauce Labs Bolt T-Shirt
[13:28:27] [ERROR] AutomationLogger - Remove from Cart button NOT found for: Sauce Labs Bolt T-Shirt
[13:28:27] [INFO ] AutomationLogger - Testing Add/Remove for product: Sauce Labs Fleece Jacket
[13:28:27] [INFO ] AutomationLogger - Clicking Add to Cart → Sauce Labs Fleece Jacket
[13:28:27] [INFO ] AutomationLogger - Clicking Remove from Cart → Sauce Labs Fleece Jacket
[13:28:27] [ERROR] AutomationLogger - Remove from Cart button NOT found for: Sauce Labs Fleece Jacket
[13:28:27] [INFO ] AutomationLogger - Testing Add/Remove for product: Sauce Labs Onesie
[13:28:27] [INFO ] AutomationLogger - Clicking Add to Cart → Sauce Labs Onesie
[13:28:27] [INFO ] AutomationLogger - Clicking Remove from Cart → Sauce Labs Onesie
[13:28:27] [INFO ] AutomationLogger - Testing Add/Remove for product: Test.allTheThings() T-Shirt (Red)
[13:28:27] [INFO ] AutomationLogger - Clicking Add to Cart → Test.allTheThings() T-Shirt (Red)
[13:28:27] [INFO ] AutomationLogger - Clicking Remove from Cart → Test.allTheThings() T-Shirt (Red)
[13:28:27] [ERROR] AutomationLogger - Remove from Cart button NOT found for: Test.allTheThings() T-Shirt (Red)
]]></system-out>
    <system-err><![CDATA[1765106903768	Marionette	INFO	Stopped listening on port 39527
1765106903860	Marionette	INFO	Marionette enabled
1765106904278	Marionette	INFO	Listening on port 38707
Read port: 38707
WebDriver BiDi listening on ws://127.0.0.1:5068
1765106904382	RemoteAgent	WARN	TLS certificate errors will be ignored for this session
console.error: "Failed to fetch https://spocs.getpocket.com/user:" "NetworkError when attempting to fetch resource."
console.error: (new TypeError("NetworkError when attempting to fetch resource.", ""))
console.error: (new Error("OHTTP was configured for https://ads.mozilla.org/v1/delete_user but we couldn't fetch a valid config", "moz-src:///browser/modules/ContextId.sys.mjs", 234))
console.warn: TopSitesFeed: Failed to fetch data from MARS server: NetworkError when attempting to fetch resource.
JavaScript error: resource://gre/modules/ObliviousHTTP.sys.mjs, line 105: NS_ERROR_XPC_CANT_CONVERT_PRIMITIVE_TO_ARRAY: Cannot convert primitive JavaScript value into an array arg 2 [nsIObliviousHttpService.newChannel]
console.warn: LoginRecipes: "Falling back to a synchronous message for: https://www.saucedemo.com."
console.warn: LoginRecipes: "Falling back to a synchronous message for: https://www.saucedemo.com."
1765106905885	geckodriver	INFO	Listening on 127.0.0.1:32422
1765106906042	mozrunner::runner	INFO	Running command: MOZ_CRASHREPORTER="1" MOZ_CRASHREPORTER_NO_REPORT="1" MOZ_CRASHREPORTER_SHUTDOWN="1" "/usr/bin/firefox" "--m ... s" "http://127.0.0.1:29422/,http://localhost:29422/,http://[::1]:29422/" "-no-remote" "-profile" "/tmp/rust_mozprofileR9SdMJ"
1765106906258	Marionette	WARN	Ignoring event 'DOMContentLoaded' because document has an invalid readyState of 'complete'.
console.warn: services.settings: Ignoring preference override of remote settings server
console.warn: services.settings: Allow by setting MOZ_REMOTE_SETTINGS_DEVTOOLS=1 in the environment
console.warn: LoginRecipes: "Falling back to a synchronous message for: https://www.saucedemo.com."
console.warn: LoginRecipes: "Falling back to a synchronous message for: https://www.saucedemo.com."
1765106907230	Marionette	INFO	Marionette enabled
1765106907391	Marionette	WARN	Ignoring event 'DOMContentLoaded' because document has an invalid readyState of 'complete'.
]]></system-err>
  </testcase>
  <testcase name="test_Add_Remove_Item[performance_glitch_user, secret_sauce](3)" classname="tests.InventoryTest" time="0.29">
    <system-out><![CDATA[[13:28:41] [INFO ] AutomationLogger - ===== Starting Product Image Test for user: standard_user =====
[13:28:41] [INFO ] AutomationLogger - Logged in successfully.
[13:28:41] [INFO ] AutomationLogger - Loaded 6 products from JSON.
[13:28:41] [INFO ] AutomationLogger - Opening product page for image validation.
[13:28:41] [INFO ] AutomationLogger - Reading product list JSON
[13:28:41] [INFO ] AutomationLogger - Testing Add/Remove for product: Sauce Labs Backpack
[13:28:41] [INFO ] AutomationLogger - Clicking Add to Cart → Sauce Labs Backpack
[13:28:42] [INFO ] AutomationLogger - Clicking Remove from Cart → Sauce Labs Backpack
[13:28:42] [INFO ] AutomationLogger - Testing Add/Remove for product: Sauce Labs Bike Light
[13:28:42] [INFO ] AutomationLogger - Clicking Add to Cart → Sauce Labs Bike Light
[13:28:42] [INFO ] AutomationLogger - Clicking Remove from Cart → Sauce Labs Bike Light
[13:28:42] [INFO ] AutomationLogger - Testing Add/Remove for product: Sauce Labs Bolt T-Shirt
[13:28:42] [INFO ] AutomationLogger - Clicking Add to Cart → Sauce Labs Bolt T-Shirt
[13:28:42] [INFO ] AutomationLogger - Clicking Remove from Cart → Sauce Labs Bolt T-Shirt
[13:28:42] [INFO ] AutomationLogger - Testing Add/Remove for product: Sauce Labs Fleece Jacket
[13:28:42] [INFO ] AutomationLogger - Clicking Add to Cart → Sauce Labs Fleece Jacket
[13:28:42] [INFO ] AutomationLogger - Clicking Remove from Cart → Sauce Labs Fleece Jacket
[13:28:42] [INFO ] AutomationLogger - Comparing expected and actual image URLs.
[13:28:42] [INFO ] AutomationLogger - Opening product page for image validation.
[13:28:42] [INFO ] AutomationLogger - Testing Add/Remove for product: Sauce Labs Onesie
[13:28:42] [INFO ] AutomationLogger - Clicking Add to Cart → Sauce Labs Onesie
[13:28:42] [INFO ] AutomationLogger - ===== Starting sortingByNameZtoA test for user: performance_glitch_user =====
[13:28:42] [INFO ] AutomationLogger - Clicking Remove from Cart → Sauce Labs Onesie
[13:28:42] [INFO ] AutomationLogger - Testing Add/Remove for product: Test.allTheThings() T-Shirt (Red)
[13:28:42] [INFO ] AutomationLogger - Clicking Add to Cart → Test.allTheThings() T-Shirt (Red)
[13:28:42] [INFO ] AutomationLogger - Clicking Remove from Cart → Test.allTheThings() T-Shirt (Red)
[13:28:42] [INFO ] AutomationLogger - ===== Add/Remove Inventory Test Completed for user: performance_glitch_user =====
]]></system-out>
    <system-err><![CDATA[1765106919228	Marionette	INFO	Stopped listening on port 35031
console.error: "Failed to fetch https://spocs.getpocket.com/user:" "NetworkError when attempting to fetch resource."
console.error: (new TypeError("NetworkError when attempting to fetch resource.", ""))
console.error: (new Error("OHTTP was configured for https://ads.mozilla.org/v1/delete_user but we couldn't fetch a valid config", "moz-src:///browser/modules/ContextId.sys.mjs", 234))
console.warn: TopSitesFeed: Failed to fetch data from MARS server: NetworkError when attempting to fetch resource.
JavaScript error: resource://gre/modules/ObliviousHTTP.sys.mjs, line 105: NS_ERROR_XPC_CANT_CONVERT_PRIMITIVE_TO_ARRAY: Cannot convert primitive JavaScript value into an array arg 2 [nsIObliviousHttpService.newChannel]
console.warn: LoginRecipes: "Falling back to a synchronous message for: https://www.saucedemo.com."
console.warn: LoginRecipes: "Falling back to a synchronous message for: https://www.saucedemo.com."
1765106921728	geckodriver	INFO	Listening on 127.0.0.1:22388
1765106921749	Marionette	WARN	Ignoring event 'DOMContentLoaded' because document has an invalid readyState of 'complete'.
1765106921853	mozrunner::runner	INFO	Running command: MOZ_CRASHREPORTER="1" MOZ_CRASHREPORTER_NO_REPORT="1" MOZ_CRASHREPORTER_SHUTDOWN="1" "/usr/bin/firefox" "--m ... s" "http://127.0.0.1:15624/,http://localhost:15624/,http://[::1]:15624/" "-no-remote" "-profile" "/tmp/rust_mozprofileJJGD3Q"
console.warn: services.settings: Ignoring preference override of remote settings server
console.warn: services.settings: Allow by setting MOZ_REMOTE_SETTINGS_DEVTOOLS=1 in the environment
1765106922574	Marionette	WARN	Ignoring event 'DOMContentLoaded' because document has an invalid readyState of 'complete'.
]]></system-err>
  </testcase>
  <testcase name="test_Add_Remove_Item[error_user, secret_sauce](4)" classname="tests.InventoryTest" time="1.996">
    <failure message="The following asserts failed:&#10;	User : &apos;error_user&apos;, Sauce Labs Bolt T-Shirt: remove form cart button unclickable.,&#10;	User : &apos;error_user&apos;, Sauce Labs Fleece Jacket: remove form cart button unclickable.,&#10;	User : &apos;error_user&apos;, Test.allTheThings() T-Shirt (Red): remove form cart button unclickable." type="java.lang.AssertionError"><![CDATA[java.lang.AssertionError: 
The following asserts failed:
	User : 'error_user', Sauce Labs Bolt T-Shirt: remove form cart button unclickable.,
	User : 'error_user', Sauce Labs Fleece Jacket: remove form cart button unclickable.,
	User : 'error_user', Test.allTheThings() T-Shirt (Red): remove form cart button unclickable.
	at tests.InventoryTest.test_Add_Remove_Item(InventoryTest.java:65)
]]></failure>
    <system-out><![CDATA[[13:28:47] [INFO ] AutomationLogger - ===== Starting Cart Test for user: standard_user =====
[13:28:47] [INFO ] AutomationLogger - Logging in with username: standard_user
[13:28:48] [INFO ] AutomationLogger - Logged in successfully.
[13:28:48] [INFO ] AutomationLogger - Reading product list from JSON file
[13:28:48] [INFO ] AutomationLogger - Fetching inventory items from UI
[13:28:48] [INFO ] AutomationLogger - Adding product to cart → Sauce Labs Backpack
[13:28:48] [INFO ] AutomationLogger - Old cart badge count: 0
[13:28:48] [INFO ] AutomationLogger - New cart badge count: 1
[13:28:48] [INFO ] AutomationLogger - Opened cart to validate added item: Sauce Labs Backpack
[13:28:48] [INFO ] AutomationLogger - Validating name, description, and price for product: Sauce Labs Backpack
[13:28:48] [INFO ] AutomationLogger - Returning to inventory page
[13:28:48] [INFO ] AutomationLogger - Adding product to cart → Sauce Labs Bike Light
[13:28:48] [INFO ] AutomationLogger - Old cart badge count: 1
[13:28:48] [INFO ] AutomationLogger - New cart badge count: 2
[13:28:48] [INFO ] AutomationLogger - Opened cart to validate added item: Sauce Labs Bike Light
[13:28:49] [INFO ] AutomationLogger - Validating name, description, and price for product: Sauce Labs Bike Light
[13:28:49] [INFO ] AutomationLogger - Returning to inventory page
[13:28:49] [INFO ] AutomationLogger - Adding product to cart → Sauce Labs Bolt T-Shirt
[13:28:49] [INFO ] AutomationLogger - Old cart badge count: 2
[13:28:49] [INFO ] AutomationLogger - New cart badge count: 3
[13:28:49] [INFO ] AutomationLogger - Opened cart to validate added item: Sauce Labs Bolt T-Shirt
[13:28:50] [INFO ] AutomationLogger - Validating name, description, and price for product: Sauce Labs Bolt T-Shirt
[13:28:50] [INFO ] AutomationLogger - Returning to inventory page
[13:28:50] [INFO ] AutomationLogger - Adding product to cart → Sauce Labs Fleece Jacket
[13:28:50] [INFO ] AutomationLogger - Old cart badge count: 3
[13:28:50] [INFO ] AutomationLogger - New cart badge count: 4
[13:28:50] [INFO ] AutomationLogger - Opened cart to validate added item: Sauce Labs Fleece Jacket
[13:28:50] [INFO ] AutomationLogger - Validating name, description, and price for product: Sauce Labs Fleece Jacket
[13:28:50] [INFO ] AutomationLogger - Returning to inventory page
[13:28:50] [INFO ] AutomationLogger - Adding product to cart → Sauce Labs Onesie
[13:28:50] [INFO ] AutomationLogger - Old cart badge count: 4
[13:28:50] [INFO ] AutomationLogger - New cart badge count: 5
[13:28:51] [INFO ] AutomationLogger - Opened cart to validate added item: Sauce Labs Onesie
[13:28:51] [INFO ] AutomationLogger - Validating name, description, and price for product: Sauce Labs Onesie
[13:28:51] [INFO ] AutomationLogger - Returning to inventory page
[13:28:51] [INFO ] AutomationLogger - ===== Starting Add/Remove Inventory Test for user: error_user =====
[13:28:51] [INFO ] AutomationLogger - Logging in with username: error_user
[13:28:51] [INFO ] AutomationLogger - Adding product to cart → Test.allTheThings() T-Shirt (Red)
[13:28:51] [INFO ] AutomationLogger - Old cart badge count: 5
[13:28:52] [INFO ] AutomationLogger - Reading product list JSON
[13:28:52] [INFO ] AutomationLogger - Testing Add/Remove for product: Sauce Labs Backpack
[13:28:52] [INFO ] AutomationLogger - Clicking Add to Cart → Sauce Labs Backpack
[13:28:52] [INFO ] AutomationLogger - New cart badge count: 6
[13:28:52] [INFO ] AutomationLogger - Clicking Remove from Cart → Sauce Labs Backpack
[13:28:52] [INFO ] AutomationLogger - Opened cart to validate added item: Test.allTheThings() T-Shirt (Red)
[13:28:52] [INFO ] AutomationLogger - Testing Add/Remove for product: Sauce Labs Bike Light
[13:28:52] [INFO ] AutomationLogger - Clicking Add to Cart → Sauce Labs Bike Light
[13:28:52] [INFO ] AutomationLogger - Validating name, description, and price for product: Test.allTheThings() T-Shirt (Red)
[13:28:52] [INFO ] AutomationLogger - Returning to inventory page
[13:28:52] [INFO ] AutomationLogger - Clicking Remove from Cart → Sauce Labs Bike Light
[13:28:52] [INFO ] AutomationLogger - Removing product from cart → Sauce Labs Backpack
[13:28:52] [INFO ] AutomationLogger - Old cart badge count: 6
[13:28:52] [INFO ] AutomationLogger - Testing Add/Remove for product: Sauce Labs Bolt T-Shirt
[13:28:52] [INFO ] AutomationLogger - Clicking Add to Cart → Sauce Labs Bolt T-Shirt
[13:28:52] [INFO ] AutomationLogger - Clicked remove button for: Sauce Labs Backpack
[13:28:52] [INFO ] AutomationLogger - New cart badge count: 5
[13:28:52] [INFO ] AutomationLogger - Clicking Remove from Cart → Sauce Labs Bolt T-Shirt
[13:28:52] [ERROR] AutomationLogger - Remove from Cart button NOT found for: Sauce Labs Bolt T-Shirt
[13:28:52] [INFO ] AutomationLogger - Testing Add/Remove for product: Sauce Labs Fleece Jacket
[13:28:52] [INFO ] AutomationLogger - Clicking Add to Cart → Sauce Labs Fleece Jacket
[13:28:52] [INFO ] AutomationLogger - Checking cart to confirm removal: Sauce Labs Backpack
[13:28:52] [INFO ] AutomationLogger - Clicking Remove from Cart → Sauce Labs Fleece Jacket
[13:28:52] [ERROR] AutomationLogger - Remove from Cart button NOT found for: Sauce Labs Fleece Jacket
[13:28:52] [INFO ] AutomationLogger - Testing Add/Remove for product: Sauce Labs Onesie
[13:28:52] [INFO ] AutomationLogger - Clicking Add to Cart → Sauce Labs Onesie
[13:28:52] [INFO ] AutomationLogger - Returning to inventory page
[13:28:53] [INFO ] AutomationLogger - Clicking Remove from Cart → Sauce Labs Onesie
[13:28:53] [INFO ] AutomationLogger - Removing product from cart → Sauce Labs Bike Light
[13:28:53] [INFO ] AutomationLogger - Old cart badge count: 5
[13:28:53] [INFO ] AutomationLogger - Testing Add/Remove for product: Test.allTheThings() T-Shirt (Red)
[13:28:53] [INFO ] AutomationLogger - Clicking Add to Cart → Test.allTheThings() T-Shirt (Red)
[13:28:53] [INFO ] AutomationLogger - Clicked remove button for: Sauce Labs Bike Light
[13:28:53] [INFO ] AutomationLogger - New cart badge count: 4
[13:28:53] [INFO ] AutomationLogger - Clicking Remove from Cart → Test.allTheThings() T-Shirt (Red)
[13:28:53] [ERROR] AutomationLogger - Remove from Cart button NOT found for: Test.allTheThings() T-Shirt (Red)
]]></system-out>
    <system-err><![CDATA[1765106925238	Marionette	INFO	Stopped listening on port 42893
console.warn: services.settings: Ignoring preference override of remote settings server
console.warn: services.settings: Allow by setting MOZ_REMOTE_SETTINGS_DEVTOOLS=1 in the environment
1765106925836	Marionette	INFO	Marionette enabled
1765106926365	Marionette	INFO	Listening on port 39499
WebDriver BiDi listening on ws://127.0.0.1:16367
console.error: "Failed to fetch https://spocs.getpocket.com/user:" "NetworkError when attempting to fetch resource."
console.error: (new TypeError("NetworkError when attempting to fetch resource.", ""))
console.error: (new Error("OHTTP was configured for https://ads.mozilla.org/v1/delete_user but we couldn't fetch a valid config", "moz-src:///browser/modules/ContextId.sys.mjs", 234))
console.warn: TopSitesFeed: Failed to fetch data from MARS server: NetworkError when attempting to fetch resource.
JavaScript error: resource://gre/modules/ObliviousHTTP.sys.mjs, line 105: NS_ERROR_XPC_CANT_CONVERT_PRIMITIVE_TO_ARRAY: Cannot convert primitive JavaScript value into an array arg 2 [nsIObliviousHttpService.newChannel]
Read port: 39499
1765106926725	RemoteAgent	WARN	TLS certificate errors will be ignored for this session
1765106927235	geckodriver	INFO	Listening on 127.0.0.1:16257
1765106927396	mozrunner::runner	INFO	Running command: MOZ_CRASHREPORTER="1" MOZ_CRASHREPORTER_NO_REPORT="1" MOZ_CRASHREPORTER_SHUTDOWN="1" "/usr/bin/firefox" "--m ... s" "http://127.0.0.1:28013/,http://localhost:28013/,http://[::1]:28013/" "-no-remote" "-profile" "/tmp/rust_mozprofileVNGv4W"
console.warn: services.settings: Ignoring preference override of remote settings server
console.warn: services.settings: Allow by setting MOZ_REMOTE_SETTINGS_DEVTOOLS=1 in the environment
console.warn: LoginRecipes: "Falling back to a synchronous message for: https://www.saucedemo.com."
console.warn: LoginRecipes: "Falling back to a synchronous message for: https://www.saucedemo.com."
1765106928483	Marionette	INFO	Marionette enabled
1765106929018	Marionette	INFO	Listening on port 37719
WebDriver BiDi listening on ws://127.0.0.1:28013
Read port: 37719
1765106929299	RemoteAgent	WARN	TLS certificate errors will be ignored for this session
console.warn: LoginRecipes: "Falling back to a synchronous message for: https://www.saucedemo.com."
console.warn: LoginRecipes: "Falling back to a synchronous message for: https://www.saucedemo.com."
JavaScript error: https://www.saucedemo.com/static/js/main.bcf4bc5f.js, line 2: Error: Failed to remove item from cart.
JavaScript error: https://www.saucedemo.com/static/js/main.bcf4bc5f.js, line 2: Error: Failed to remove item from cart.
JavaScript error: https://www.saucedemo.com/static/js/main.bcf4bc5f.js, line 2: Error: Failed to add item to the cart.
JavaScript error: https://www.saucedemo.com/static/js/main.bcf4bc5f.js, line 2: Error: Failed to add item to the cart.
JavaScript error: https://www.saucedemo.com/static/js/main.bcf4bc5f.js, line 2: Error: Failed to remove item from cart.
JavaScript error: https://www.saucedemo.com/static/js/main.bcf4bc5f.js, line 2: Error: Failed to add item to the cart.
]]></system-err>
  </testcase>
  <testcase name="test_Add_Remove_Item[visual_user, secret_sauce](5)" classname="tests.InventoryTest" time="1.624">
    <system-out><![CDATA[[13:29:01] [INFO ] AutomationLogger - ===== Starting Add/Remove Inventory Test for user: visual_user =====
[13:29:01] [INFO ] AutomationLogger - Logging in with username: visual_user
[13:29:01] [INFO ] AutomationLogger - Reading product list JSON
[13:29:01] [INFO ] AutomationLogger - Testing Add/Remove for product: Sauce Labs Backpack
[13:29:01] [INFO ] AutomationLogger - Clicking Add to Cart → Sauce Labs Backpack
[13:29:01] [INFO ] AutomationLogger - Clicking Remove from Cart → Sauce Labs Backpack
[13:29:01] [INFO ] AutomationLogger - Testing Add/Remove for product: Sauce Labs Bike Light
[13:29:01] [INFO ] AutomationLogger - Clicking Add to Cart → Sauce Labs Bike Light
[13:29:02] [INFO ] AutomationLogger - Clicking Remove from Cart → Sauce Labs Bike Light
[13:29:02] [INFO ] AutomationLogger - Testing Add/Remove for product: Sauce Labs Bolt T-Shirt
[13:29:02] [INFO ] AutomationLogger - Clicking Add to Cart → Sauce Labs Bolt T-Shirt
[13:29:02] [INFO ] AutomationLogger - Clicking Remove from Cart → Sauce Labs Bolt T-Shirt
[13:29:02] [INFO ] AutomationLogger - Testing Add/Remove for product: Sauce Labs Fleece Jacket
[13:29:02] [INFO ] AutomationLogger - Clicking Add to Cart → Sauce Labs Fleece Jacket
[13:29:02] [INFO ] AutomationLogger - Clicking Remove from Cart → Sauce Labs Fleece Jacket
[13:29:02] [INFO ] AutomationLogger - Testing Add/Remove for product: Sauce Labs Onesie
[13:29:02] [INFO ] AutomationLogger - Clicking Add to Cart → Sauce Labs Onesie
[13:29:02] [INFO ] AutomationLogger - Clicking Remove from Cart → Sauce Labs Onesie
[13:29:02] [INFO ] AutomationLogger - Testing Add/Remove for product: Test.allTheThings() T-Shirt (Red)
[13:29:02] [INFO ] AutomationLogger - Clicking Add to Cart → Test.allTheThings() T-Shirt (Red)
[13:29:02] [INFO ] AutomationLogger - Clicking Remove from Cart → Test.allTheThings() T-Shirt (Red)
[13:29:02] [INFO ] AutomationLogger - ===== Add/Remove Inventory Test Completed for user: visual_user =====
]]></system-out>
    <system-err><![CDATA[1765106939966	Marionette	INFO	Stopped listening on port 37719
1765106939982	RemoteAgent	WARN	TLS certificate errors will be ignored for this session
console.error: "Failed to fetch https://spocs.getpocket.com/user:" "NetworkError when attempting to fetch resource."
console.error: (new TypeError("NetworkError when attempting to fetch resource.", ""))
console.error: (new Error("OHTTP was configured for https://ads.mozilla.org/v1/delete_user but we couldn't fetch a valid config", "moz-src:///browser/modules/ContextId.sys.mjs", 234))
console.warn: TopSitesFeed: Failed to fetch data from MARS server: NetworkError when attempting to fetch resource.
JavaScript error: resource://gre/modules/ObliviousHTTP.sys.mjs, line 105: NS_ERROR_XPC_CANT_CONVERT_PRIMITIVE_TO_ARRAY: Cannot convert primitive JavaScript value into an array arg 2 [nsIObliviousHttpService.newChannel]
console.warn: LoginRecipes: "Falling back to a synchronous message for: https://www.saucedemo.com."
console.warn: LoginRecipes: "Falling back to a synchronous message for: https://www.saucedemo.com."
1765106941948	geckodriver	INFO	Listening on 127.0.0.1:13298
1765106942088	mozrunner::runner	INFO	Running command: MOZ_CRASHREPORTER="1" MOZ_CRASHREPORTER_NO_REPORT="1" MOZ_CRASHREPORTER_SHUTDOWN="1" "/usr/bin/firefox" "--m ... s" "http://127.0.0.1:14173/,http://localhost:14173/,http://[::1]:14173/" "-no-remote" "-profile" "/tmp/rust_mozprofilewoVKx0"
console.warn: services.settings: Ignoring preference override of remote settings server
console.warn: services.settings: Allow by setting MOZ_REMOTE_SETTINGS_DEVTOOLS=1 in the environment
]]></system-err>
  </testcase>
  <testcase name="testLogin[standard_user, secret_sauce, null](1)" classname="tests.LoginTest" time="0.83">
    <system-out><![CDATA[[13:27:13] [INFO ] AutomationLogger - ===== Starting Login Test for user: standard_user =====
[13:27:13] [INFO ] AutomationLogger - Entering username: standard_user
[13:27:14] [INFO ] AutomationLogger - Entering password: secret_sauce
[13:27:14] [INFO ] AutomationLogger - Clicking login button
[13:27:14] [INFO ] AutomationLogger - Login SUCCESS for user: standard_user
[13:27:14] [INFO ] AutomationLogger - ===== Finished Login Test for user: standard_user =====
]]></system-out>
    <system-err><![CDATA[1765106832133	Marionette	INFO	Stopped listening on port 43345
console.error: "Failed to fetch https://spocs.getpocket.com/user:" "NetworkError when attempting to fetch resource."
console.error: (new TypeError("NetworkError when attempting to fetch resource.", ""))
console.error: (new Error("OHTTP was configured for https://ads.mozilla.org/v1/delete_user but we couldn't fetch a valid config", "moz-src:///browser/modules/ContextId.sys.mjs", 234))
console.warn: TopSitesFeed: Failed to fetch data from MARS server: NetworkError when attempting to fetch resource.
JavaScript error: resource://gre/modules/ObliviousHTTP.sys.mjs, line 105: NS_ERROR_XPC_CANT_CONVERT_PRIMITIVE_TO_ARRAY: Cannot convert primitive JavaScript value into an array arg 2 [nsIObliviousHttpService.newChannel]
console.warn: LoginRecipes: "Falling back to a synchronous message for: https://www.saucedemo.com."
console.warn: LoginRecipes: "Falling back to a synchronous message for: https://www.saucedemo.com."
]]></system-err>
  </testcase>
  <testcase name="testLogin[invalid_user, invalid_user, Epic sadface: Username and password do not match any user in this service](2)" classname="tests.LoginTest" time="0.631">
    <system-out><![CDATA[[13:27:26] [INFO ] AutomationLogger - ===== Starting Login Test for user: invalid_user =====
[13:27:26] [INFO ] AutomationLogger - Entering username: invalid_user
[13:27:26] [INFO ] AutomationLogger - Entering password: invalid_user
[13:27:26] [INFO ] AutomationLogger - Clicking login button
[13:27:26] [INFO ] AutomationLogger - Correct error message displayed for invalid login attempt of user: invalid_user
[13:27:26] [INFO ] AutomationLogger - ===== Finished Login Test for user: invalid_user =====
]]></system-out>
    <system-err><![CDATA[1765106844493	Marionette	INFO	Stopped listening on port 45901
1765106844964	geckodriver	INFO	Listening on 127.0.0.1:21170
1765106845096	mozrunner::runner	INFO	Running command: MOZ_CRASHREPORTER="1" MOZ_CRASHREPORTER_NO_REPORT="1" MOZ_CRASHREPORTER_SHUTDOWN="1" "/usr/bin/firefox" "--m ... gins" "http://127.0.0.1:8735/,http://localhost:8735/,http://[::1]:8735/" "-no-remote" "-profile" "/tmp/rust_mozprofileVME9ir"
console.warn: services.settings: Ignoring preference override of remote settings server
console.warn: services.settings: Allow by setting MOZ_REMOTE_SETTINGS_DEVTOOLS=1 in the environment
console.error: "Failed to fetch https://spocs.getpocket.com/user:" "NetworkError when attempting to fetch resource."
console.error: (new TypeError("NetworkError when attempting to fetch resource.", ""))
console.error: (new JavaScript error: resource://gre/modules/ObliviousHTTP.sys.mjs, line 105: NS_ERROR_XPC_CANT_CONVERT_PRIMITIVE_TO_ARRError("OHTTP was configured for https://ads.mozilla.org/v1/delete_user but we couldn't fetch a valid cAY: Cannot convert primitive JavaScripot valnfuig"e,  "moz-insrc:/to an a//rbray arg 2r o[wnsseIrO/bmloidvuilouessH/tCtontextId.sys.mjs", 234))pS
ervconsiolcee..newwarn: TopSitesFeed: CFahiled tanon efle]t
ch data from MARS server: NetworkError when attempting to fetch resource.
1765106846435	Marionette	INFO	Marionette enabled
console.warn: LoginRecipes: "Falling back to a synchronous message for: https://www.saucedemo.com."
1765106846870	geckodriver	INFO	Listening on 127.0.0.1:19162
]]></system-err>
  </testcase>
  <testcase name="testLogin[, secret_sauce, Epic sadface: Username is required](3)" classname="tests.LoginTest" time="1.342">
    <system-out><![CDATA[[13:27:31] [INFO ] AutomationLogger - ===== Starting Product Add/Remove Test for user: problem_user =====
[13:27:31] [INFO ] AutomationLogger - Logged in successfully.
[13:27:31] [INFO ] AutomationLogger - Loaded 6 products from JSON.
[13:27:31] [INFO ] AutomationLogger - Opening product → item_4
[13:27:32] [INFO ] AutomationLogger - Attempting to add product to cart.
[13:27:33] [INFO ] AutomationLogger - Validating remove button and cart badge after adding.
[13:27:33] [INFO ] AutomationLogger - Attempting to remove product from cart.
[13:27:33] [INFO ] AutomationLogger - Opening product → item_0
[13:27:33] [INFO ] AutomationLogger - ===== Starting Inventory Items Validation Test for user: performance_glitch_user =====
[13:27:33] [INFO ] AutomationLogger - Logging in with username: performance_glitch_user
[13:27:34] [INFO ] AutomationLogger - Attempting to add product to cart.
[13:27:34] [INFO ] AutomationLogger - Validating remove button and cart badge after adding.
[13:27:34] [INFO ] AutomationLogger - Attempting to remove product from cart.
[13:27:35] [INFO ] AutomationLogger - Opening product → item_1
[13:27:36] [INFO ] AutomationLogger - Attempting to add product to cart.
[13:27:36] [ERROR] AutomationLogger - Add to cart failed for: item_1
[13:27:36] [INFO ] AutomationLogger - Attempting to remove product from cart.
[13:27:36] [ERROR] AutomationLogger - Remove from cart failed for: item_1
[13:27:36] [INFO ] AutomationLogger - Opening product → item_5
[13:27:36] [INFO ] AutomationLogger - ===== Starting Login Test for user:  =====
[13:27:36] [INFO ] AutomationLogger - Entering username: 
[13:27:37] [INFO ] AutomationLogger - Attempting to add product to cart.
[13:27:37] [INFO ] AutomationLogger - Entering password: secret_sauce
[13:27:37] [ERROR] AutomationLogger - Add to cart failed for: item_5
[13:27:37] [INFO ] AutomationLogger - Attempting to remove product from cart.
[13:27:37] [ERROR] AutomationLogger - Remove from cart failed for: item_5
[13:27:37] [INFO ] AutomationLogger - Opening product → item_2
[13:27:37] [INFO ] AutomationLogger - Clicking login button
[13:27:38] [INFO ] AutomationLogger - Attempting to add product to cart.
[13:27:38] [INFO ] AutomationLogger - Correct error message displayed for invalid login attempt of user: 
[13:27:38] [INFO ] AutomationLogger - ===== Finished Login Test for user:  =====
]]></system-out>
    <system-err><![CDATA[1765106849236	Marionette	INFO	Stopped listening on port 45201
console.warn: services.settings: Ignoring preference override of remote settings server
console.warn: services.settings: Allow by setting MOZ_REMOTE_SETTINGS_DEVTOOLS=1 in the environment
1765106850235	Marionette	INFO	Marionette enabled
console.error: "Failed to fetch https://spocs.getpocket.com/user:" "NetworkError when attempting to fetch resource."
console.error: (new TypeError("NetworkError when attempting to fetch resource.", ""))
console.error: (new Error("OHTTP was configured for https://ads.mozilla.org/v1/delete_user but we couldn't fetch a valid config", "moz-src:///browser/modules/ContextId.sys.mjs", 234))
console.warn: TopSitesFeed: Failed to fetch data from MARS server: NetworkError when attempting to fetch resource.
JavaScript error: resource://gre/modules/ObliviousHTTP.sys.mjs, line 105: NS_ERROR_XPC_CANT_CONVERT_PRIMITIVE_TO_ARRAY: Cannot convert primitive JavaScript value into an array arg 2 [nsIObliviousHttpService.newChannel]
1765106850788	Marionette	INFO	Listening on port 46495
WebDriver BiDi listening on ws://127.0.0.1:4945
Read port: 46495
1765106851054	RemoteAgent	WARN	TLS certificate errors will be ignored for this session
1765106851346	geckodriver	INFO	Listening on 127.0.0.1:18399
1765106851501	mozrunner::runner	INFO	Running command: MOZ_CRASHREPORTER="1" MOZ_CRASHREPORTER_NO_REPORT="1" MOZ_CRASHREPORTER_SHUTDOWN="1" "/usr/bin/firefox" "--m ... s" "http://127.0.0.1:19212/,http://localhost:19212/,http://[::1]:19212/" "-no-remote" "-profile" "/tmp/rust_mozprofileDEeArZ"
console.warn: LoginRecipes: "Falling back to a synchronous message for: https://www.saucedemo.com."
console.warn: LoginRecipes: "Falling back to a synchronous message for: https://www.saucedemo.com."
1765106852151	Marionette	WARN	Ignoring event 'DOMContentLoaded' because document has an invalid readyState of 'complete'.
console.warn: services.settings: Ignoring preference override of remote settings server
console.warn: services.settings: Allow by setting MOZ_REMOTE_SETTINGS_DEVTOOLS=1 in the environment
1765106852770	Marionette	INFO	Marionette enabled
1765106853183	Marionette	INFO	Listening on port 41183
WebDriver BiDi listening on ws://127.0.0.1:19212
Read port: 41183
1765106853295	RemoteAgent	WARN	TLS certificate errors will be ignored for this session
1765106853567	Marionette	WARN	Ignoring event 'DOMContentLoaded' because document has an invalid readyState of 'complete'.
console.warn: LoginRecipes: "Falling back to a synchronous message for: https://www.saucedemo.com."
console.warn: LoginRecipes: "Falling back to a synchronous message for: https://www.saucedemo.com."
1765106855241	Marionette	WARN	Ignoring event 'DOMContentLoaded' because document has an invalid readyState of 'complete'.
1765106856447	Marionette	WARN	Ignoring event 'DOMContentLoaded' because document has an invalid readyState of 'complete'.
1765106857716	Marionette	WARN	Ignoring event 'DOMContentLoaded' because document has an invalid readyState of 'complete'.
console.warn: LoginRecipes: "Falling back to a synchronous message for: https://www.saucedemo.com."
]]></system-err>
  </testcase>
  <testcase name="testLogin[standard_user, , Epic sadface: Password is required](4)" classname="tests.LoginTest" time="0.605">
    <system-out><![CDATA[[13:27:45] [INFO ] AutomationLogger - Logged in successfully.
[13:27:46] [INFO ] AutomationLogger - ===== Starting Login Test for user: standard_user =====
[13:27:46] [INFO ] AutomationLogger - Entering username: standard_user
[13:27:46] [INFO ] AutomationLogger - Entering password: 
[13:27:46] [INFO ] AutomationLogger - Clicking login button
[13:27:46] [INFO ] AutomationLogger - Correct error message displayed for invalid login attempt of user: standard_user
[13:27:46] [INFO ] AutomationLogger - ===== Finished Login Test for user: standard_user =====
]]></system-out>
    <system-err><![CDATA[1765106860579	Marionette	INFO	Stopped listening on port 37437
console.error: "Failed to fetch https://spocs.getpocket.com/user:" "NetworkError when attempting to fetch resource."
console.error: (new TypeError("NetworkError when attempting to fetch resource.", ""))
console.error: (new Error("OHTTP was configured for https://ads.mozilla.org/v1/delete_user but we couldn't fetch a valid config", "moz-src:///browser/modules/ContextId.sys.mjs", 234))
console.warn: TopSitesFeed: Failed to fetch data from MARS server: NetworkError when attempting to fetch resource.
JavaScript error: resource://gre/modules/ObliviousHTTP.sys.mjs, line 105: NS_ERROR_XPC_CANT_CONVERT_PRIMITIVE_TO_ARRAY: Cannot convert primitive JavaScript value into an array arg 2 [nsIObliviousHttpService.newChannel]
1765106860624	mozrunner::runner	INFO	Running command: MOZ_CRASHREPORTER="1" MOZ_CRASHREPORTER_NO_REPORT="1" MOZ_CRASHREPORTER_SHUTDOWN="1" "/usr/bin/firefox" "--m ... s" "http://127.0.0.1:15947/,http://localhost:15947/,http://[::1]:15947/" "-no-remote" "-profile" "/tmp/rust_mozprofileGKvqIs"
1765106861165	geckodriver	INFO	Listening on 127.0.0.1:15894
console.warn: services.settings: Ignoring preference override of remote settings server
console.warn: services.settings: Allow by setting MOZ_REMOTE_SETTINGS_DEVTOOLS=1 in the environment
1765106861287	mozrunner::runner	INFO	Running command: MOZ_CRASHREPORTER="1" MOZ_CRASHREPORTER_NO_REPORT="1" MOZ_CRASHREPORTER_SHUTDOWN="1" "/usr/bin/firefox" "--m ... s" "http://127.0.0.1:32318/,http://localhost:32318/,http://[::1]:32318/" "-no-remote" "-profile" "/tmp/rust_mozprofileVIUTy2"
console.error: "Failed to fetch https://spocs.getpocket.com/user:" "NetworkError when attempting to fetch resource."
console.error: (new TypeError("NetworkError when attempting to fetch resource.", ""))
console.error: (new Error("OHTTP was configured for https://ads.mozilla.org/v1/delete_user but we couldn't fetch a valid config", "moz-src:///browser/modules/ContextId.sys.mjs", 234))
console.warn: TopSitesFeed: Failed to fetch data from MARS server: NetworkError when attempting to fetch resource.
JavaScript error: resource://gre/modules/ObliviousHTTP.sys.mjs, line 105: NS_ERROR_XPC_CANT_CONVERT_PRIMITIVE_TO_ARRAY: Cannot convert primitive JavaScript value into an array arg 2 [nsIObliviousHttpService.newChannel]
1765106861784	Marionette	INFO	Marionette enabled
1765106862180	Marionette	INFO	Listening on port 46365
WebDriver BiDi listening on ws://127.0.0.1:15947
Read port: 46365
1765106862317	geckodriver	INFO	Listening on 127.0.0.1:15404
1765106862402	RemoteAgent	WARN	TLS certificate errors will be ignored for this session
1765106862445	mozrunner::runner	INFO	Running command: MOZ_CRASHREPORTER="1" MOZ_CRASHREPORTER_NO_REPORT="1" MOZ_CRASHREPORTER_SHUTDOWN="1" "/usr/bin/firefox" "--m ... s" "http://127.0.0.1:20170/,http://localhost:20170/,http://[::1]:20170/" "-no-remote" "-profile" "/tmp/rust_mozprofileFfUpEO"
console.warn: services.settings: Ignoring preference override of remote settings server
console.warn: services.settings: Allow by setting MOZ_REMOTE_SETTINGS_DEVTOOLS=1 in the environment
1765106863110	Marionette	INFO	Marionette enabled
1765106863488	Marionette	INFO	Listening on port 36763
Read port: 36763
WebDriver BiDi listening on ws://127.0.0.1:32318
1765106863618	RemoteAgent	WARN	TLS certificate errors will be ignored for this session
console.warn: services.settings: Ignoring preference override of remote settings server
console.warn: services.settings: Allow by setting MOZ_REMOTE_SETTINGS_DEVTOOLS=1 in the environment
1765106864490	Marionette	INFO	Marionette enabled
1765106865042	Marionette	INFO	Listening on port 40459
Read port: 40459
WebDriver BiDi listening on ws://127.0.0.1:20170
1765106865212	RemoteAgent	WARN	TLS certificate errors will be ignored for this session
console.warn: LoginRecipes: "Falling back to a synchronous message for: https://www.saucedemo.com."
]]></system-err>
  </testcase>
  <testcase name="testLogin[locked_out_user, secret_sauce, Epic sadface: Sorry, this user has been locked out.](5)" classname="tests.LoginTest" time="0.651">
    <system-out><![CDATA[[13:27:54] [INFO ] AutomationLogger - Logged in successfully.
[13:27:54] [INFO ] AutomationLogger - Loaded 6 products from JSON.
[13:27:54] [INFO ] AutomationLogger - Opening product → item_4
[13:27:55] [INFO ] AutomationLogger - ===== Starting Login Test for user: locked_out_user =====
[13:27:55] [INFO ] AutomationLogger - Entering username: locked_out_user
[13:27:55] [INFO ] AutomationLogger - Entering password: secret_sauce
[13:27:55] [INFO ] AutomationLogger - Clicking login button
[13:27:55] [INFO ] AutomationLogger - Attempting to add product to cart.
[13:27:55] [INFO ] AutomationLogger - Validating remove button and cart badge after adding.
[13:27:55] [INFO ] AutomationLogger - Correct error message displayed for invalid login attempt of user: locked_out_user
[13:27:55] [INFO ] AutomationLogger - ===== Finished Login Test for user: locked_out_user =====
]]></system-out>
    <system-err><![CDATA[1765106871156	Marionette	INFO	Stopped listening on port 40459
console.error: "Failed to fetch https://spocs.getpocket.com/user:" "NetworkError when attempting to fetch resource."
console.error: (new TypeError("NetworkError when attempting to fetch resource.", ""))
console.error: (new Error("OHTTP was configured for https://ads.mozilla.org/v1/delete_user but we couldn't fetch a valid config", "moz-src:///browser/modules/ContextId.sys.mjs", 234))
console.warn: TopSitesFeed: Failed to fetch data from MARS server: NetworkError when attempting to fetch resource.
JavaScript error: resource://gre/modules/ObliviousHTTP.sys.mjs, line 105: NS_ERROR_XPC_CANT_CONVERT_PRIMITIVE_TO_ARRAY: Cannot convert primitive JavaScript value into an array arg 2 [nsIObliviousHttpService.newChannel]
console.error: "Failed to fetch https://spocs.getpocket.com/user:" "NetworkError when attempting to fetch resource."
console.error: (new TypeError("NetworkError when attempting to fetch resource.", ""))
console.error: (new Error("OHTTP was configured for https://ads.mozilJavaScript error: resource://gre/modules/ObliviousHTTP.sys.mjs, line 105: NS_ERROR_XPC_CANT_CONVERT_PRIMITIVE_TO_ARRAY: Cannot convert primitive JavaScripla.org/v1/delete_user but we couldn't fetch a valid config", "moz-src:///browser/modules/ContextId.sys.mjs", 234))
console.warn: TopSitesFeed: Failed to fetch data from MARS server: NetworkError when attempting to fetch resource.
t value into an array arg 2 [nsIObliviousHttpService.newChannel]
1765106872745	geckodriver	INFO	Listening on 127.0.0.1:6622
1765106872873	mozrunner::runner	INFO	Running command: MOZ_CRASHREPORTER="1" MOZ_CRASHREPORTER_NO_REPORT="1" MOZ_CRASHREPORTER_SHUTDOWN="1" "/usr/bin/firefox" "--m ... s" "http://127.0.0.1:20658/,http://localhost:20658/,http://[::1]:20658/" "-no-remote" "-profile" "/tmp/rust_mozprofile7ssPDX"
1765106873310	geckodriver	INFO	Listening on 127.0.0.1:6533
console.warn: services.settings: Ignoring preference override of remote settings server
console.warn: services.settings: Allow by setting MOZ_REMOTE_SETTINGS_DEVTOOLS=1 in the environment
1765106873442	mozrunner::runner	INFO	Running command: MOZ_CRASHREPORTER="1" MOZ_CRASHREPORTER_NO_REPORT="1" MOZ_CRASHREPORTER_SHUTDOWN="1" "/usr/bin/firefox" "--m ... s" "http://127.0.0.1:29782/,http://localhost:29782/,http://[::1]:29782/" "-no-remote" "-profile" "/tmp/rust_mozprofileyTmehw"
1765106873941	Marionette	INFO	Marionette enabled
1765106874368	Marionette	INFO	Listening on port 43935
Read port: 43935
WebDriver BiDi listening on ws://127.0.0.1:20658
1765106874473	RemoteAgent	WARN	TLS certificate errors will be ignored for this session
console.warn: services.settings: Ignoring preference override of remote settings server
console.warn: services.settings: Allow by setting MOZ_REMOTE_SETTINGS_DEVTOOLS=1 in the environment
1765106875035	Marionette	WARN	Ignoring event 'DOMContentLoaded' because document has an invalid readyState of 'complete'.
1765106875284	Marionette	INFO	Marionette enabled
console.warn: LoginRecipes: "Falling back to a synchronous message for: https://www.saucedemo.com."
]]></system-err>
  </testcase>
  <testcase name="testLogin[problem_user, secret_sauce, null](6)" classname="tests.LoginTest" time="0.821">
    <system-out><![CDATA[[13:28:04] [INFO ] AutomationLogger - ===== Starting Login Test for user: problem_user =====
[13:28:04] [INFO ] AutomationLogger - Entering username: problem_user
[13:28:04] [INFO ] AutomationLogger - Entering password: secret_sauce
[13:28:04] [INFO ] AutomationLogger - Clicking login button
[13:28:04] [INFO ] AutomationLogger - Login SUCCESS for user: problem_user
[13:28:04] [INFO ] AutomationLogger - ===== Finished Login Test for user: problem_user =====
]]></system-out>
    <system-err><![CDATA[1765106882321	Marionette	INFO	Stopped listening on port 38045
console.warn: services.settings: Ignoring preference override of remote settings server
console.warn: services.settings: Allow by setting MOZ_REMOTE_SETTINGS_DEVTOOLS=1 in the environment
1765106882804	Marionette	INFO	Marionette enabled
1765106883144	Marionette	INFO	Listening on port 40059
WebDriver BiDi listening on ws://127.0.0.1:1170
Read port: 40059
1765106883269	RemoteAgent	WARN	TLS certificate errors will be ignored for this session
console.error: "Failed to fetch https://spocs.getpocket.com/user:" "NetworkError when attempting to fetch resource."
console.error: (new TypeError("NetworkError when attempting to fetch resource.", ""))
console.error: (new Error("OHTTP was configured for https://ads.mozilla.org/v1/delete_user but we couldn't fetch a valid config", "moz-src:///browser/modules/ContextId.sys.mjs", 234))
console.warn: TopSitesFeed: Failed to fetch data from MARS server: NetworkError when attempting to fetch resource.
JavaScript error: resource://gre/modules/ObliviousHTTP.sys.mjs, line 105: NS_ERROR_XPC_CANT_CONVERT_PRIMITIVE_TO_ARRAY: Cannot convert primitive JavaScript value into an array arg 2 [nsIObliviousHttpService.newChannel]
console.warn: services.settings: Ignoring preference override of remote settings server
console.warn: services.settings: Allow by setting MOZ_REMOTE_SETTINGS_DEVTOOLS=1 in the environment
1765106884386	Marionette	INFO	Marionette enabled
1765106884396	geckodriver	INFO	Listening on 127.0.0.1:1205
1765106884570	mozrunner::runner	INFO	Running command: MOZ_CRASHREPORTER="1" MOZ_CRASHREPORTER_NO_REPORT="1" MOZ_CRASHREPORTER_SHUTDOWN="1" "/usr/bin/firefox" "--m ... s" "http://127.0.0.1:25444/,http://localhost:25444/,http://[::1]:25444/" "-no-remote" "-profile" "/tmp/rust_mozprofilehT6aWM"
console.warn: LoginRecipes: "Falling back to a synchronous message for: https://www.saucedemo.com."
console.warn: LoginRecipes: "Falling back to a synchronous message for: https://www.saucedemo.com."
]]></system-err>
  </testcase>
  <testcase name="testLogin[performance_glitch_user, secret_sauce, null](7)" classname="tests.LoginTest" time="5.998">
    <system-out><![CDATA[[13:28:20] [INFO ] AutomationLogger - Login SUCCESS for user: performance_glitch_user
[13:28:20] [INFO ] AutomationLogger - ===== Finished Login Test for user: performance_glitch_user =====
]]></system-out>
    <system-err><![CDATA[1765106896688	Marionette	INFO	Stopped listening on port 38985
console.warn: services.settings: Ignoring preference override of remote settings server
console.warn: services.settings: Allow by setting MOZ_REMOTE_SETTINGS_DEVTOOLS=1 in the environment
console.error: "Failed to fetch https://spocs.getpocket.com/user:" "NetworkError when attempting to fetch resource."
console.error: (new TypeError("NetworkError when attempting to fetch resource.", ""))
console.error: (new Error("OHTTP was configured for https://ads.mozilla.org/v1/delete_user but we couldn't fetch a valid config", "moz-src:///browser/modules/ContextId.sys.mjs", 234))
console.warn: TopSitesFeed: Failed to fetch data from MARS server: NetworkError when attempting to fetch resource.
JavaScript error: resource://gre/modules/ObliviousHTTP.sys.mjs, line 105: NS_ERROR_XPC_CANT_CONVERT_PRIMITIVE_TO_ARRAY: Cannot convert primitive JavaScript value into an array arg 2 [nsIObliviousHttpService.newChannel]
1765106897542	Marionette	INFO	Marionette enabled
console.error: "Failed to fetch https://spocs.getpocket.com/user:" "NetworkError when attempting to fetch resource."
console.error: (new TypeError("NetworkError when attempting to fetch resource.", ""))
console.error: (new Error("OHTTP was configured for https://ads.mozilla.org/v1/delete_user but we couldn't fetch a valid config", "moz-src:///browser/modules/ContextId.sys.mjs", 234))
console.warn: TopSitesFeed: Failed to fetch data from MARS server: NetwJavaScript error: resource://gre/modules/ObliviousHTTP.sys.mjs, line 105: NS_ERROR_XPC_CANT_CONVERT_PRIMITIVE_TO_orkErARrRoArY :wh eCna nantotte mcpotnivng to fetcehr tr epsroiumrictei.v
e JavaScript value into an array arg 2 [nsIObliviousHttpService.newChannel]
1765106898083	geckodriver	INFO	Listening on 127.0.0.1:3015
1765106898131	Marionette	INFO	Listening on port 39527
WebDriver BiDi listening on ws://127.0.0.1:2550
Read port: 39527
1765106898208	mozrunner::runner	INFO	Running command: MOZ_CRASHREPORTER="1" MOZ_CRASHREPORTER_NO_REPORT="1" MOZ_CRASHREPORTER_SHUTDOWN="1" "/usr/bin/firefox" "--m ... s" "http://127.0.0.1:14249/,http://localhost:14249/,http://[::1]:14249/" "-no-remote" "-profile" "/tmp/rust_mozprofilemEtVfY"
1765106898377	RemoteAgent	WARN	TLS certificate errors will be ignored for this session
1765106898565	geckodriver	INFO	Listening on 127.0.0.1:27341
1765106898714	mozrunner::runner	INFO	Running command: MOZ_CRASHREPORTER="1" MOZ_CRASHREPORTER_NO_REPORT="1" MOZ_CRASHREPORTER_SHUTDOWN="1" "/usr/bin/firefox" "--m ... gins" "http://127.0.0.1:9457/,http://localhost:9457/,http://[::1]:9457/" "-no-remote" "-profile" "/tmp/rust_mozprofileU8A658"
console.warn: services.settings: Ignoring preference override of remote settings server
console.warn: services.settings: Allow by setting MOZ_REMOTE_SETTINGS_DEVTOOLS=1 in the environment
1765106899332	Marionette	INFO	Marionette enabled
1765106899734	Marionette	INFO	Listening on port 45795
WebDriver BiDi listening on ws://127.0.0.1:14249
Read port: 45795
1765106900038	RemoteAgent	WARN	TLS certificate errors will be ignored for this session
console.warn: services.settings: Ignoring preference override of remote settings server
console.warn: services.settings: Allow by setting MOZ_REMOTE_SETTINGS_DEVTOOLS=1 in the environment
]]></system-err>
  </testcase>
  <testcase name="testLogin[error_user, secret_sauce, null](8)" classname="tests.LoginTest" time="0.88">
    <system-out><![CDATA[[13:28:27] [INFO ] AutomationLogger - Attempting to add product to cart.
[13:28:28] [INFO ] AutomationLogger - Validating remove button and cart badge after adding.
[13:28:28] [INFO ] AutomationLogger - Attempting to remove product from cart.
[13:28:28] [INFO ] AutomationLogger - Opening product → item_1
[13:28:28] [INFO ] AutomationLogger - ===== Starting Login Test for user: error_user =====
[13:28:28] [INFO ] AutomationLogger - Entering username: error_user
[13:28:28] [INFO ] AutomationLogger - Attempting to add product to cart.
[13:28:28] [INFO ] AutomationLogger - Validating remove button and cart badge after adding.
[13:28:29] [INFO ] AutomationLogger - Attempting to remove product from cart.
[13:28:29] [INFO ] AutomationLogger - Opening product → item_5
[13:28:29] [INFO ] AutomationLogger - Entering password: secret_sauce
[13:28:29] [INFO ] AutomationLogger - Clicking login button
[13:28:29] [INFO ] AutomationLogger - Login SUCCESS for user: error_user
[13:28:29] [INFO ] AutomationLogger - ===== Finished Login Test for user: error_user =====
]]></system-out>
    <system-err><![CDATA[1765106907702	Marionette	INFO	Stopped listening on port 45359
1765106907792	Marionette	INFO	Listening on port 35025
WebDriver BiDi listening on ws://127.0.0.1:29422
Read port: 35025
1765106908058	RemoteAgent	WARN	TLS certificate errors will be ignored for this session
1765106908238	Marionette	WARN	Ignoring event 'DOMContentLoaded' because document has an invalid readyState of 'complete'.
console.error: "Failed to fetch https://spocs.getpocket.com/user:" "NetworkError when attempting to fetch resource."
console.error: (new TypeError("NetworkError when attempting to fetch resource.", ""))
console.error: (new Error("OHTTP was configured for https://ads.mozilla.org/v1/delete_user but we couldn't fetch a valid config", "moz-src:///browser/modules/ContextId.sys.mjs", 234))
console.warn: TopSitesFeed: Failed to fetch data from MARS server: NetworkError when attempting to fetch resource.
JavaScript error: resource://gre/modules/ObliviousHTTP.sys.mjs, line 105: NS_ERROR_XPC_CANT_CONVERT_PRIMITIVE_TO_ARRAY: Cannot convert primitive JavaScript value into an array arg 2 [nsIObliviousHttpService.newChannel]
1765106909404	Marionette	WARN	Ignoring event 'DOMContentLoaded' because document has an invalid readyState of 'complete'.
console.warn: LoginRecipes: "Falling back to a synchronous message for: https://www.saucedemo.com."
console.warn: LoginRecipes: "Falling back to a synchronous message for: https://www.saucedemo.com."
]]></system-err>
  </testcase>
  <testcase name="testLogin[visual_user, secret_sauce, null](9)" classname="tests.LoginTest" time="0.487">
    <system-out><![CDATA[[13:28:36] [INFO ] AutomationLogger - ===== Starting Add/Remove Inventory Test for user: performance_glitch_user =====
[13:28:36] [INFO ] AutomationLogger - Logging in with username: performance_glitch_user
[13:28:38] [INFO ] AutomationLogger - ===== Starting Login Test for user: visual_user =====
[13:28:38] [INFO ] AutomationLogger - Entering username: visual_user
[13:28:38] [INFO ] AutomationLogger - Entering password: secret_sauce
[13:28:39] [INFO ] AutomationLogger - Clicking login button
[13:28:39] [INFO ] AutomationLogger - Login SUCCESS for user: visual_user
[13:28:39] [INFO ] AutomationLogger - ===== Finished Login Test for user: visual_user =====
]]></system-out>
    <system-err><![CDATA[1765106913430	Marionette	INFO	Stopped listening on port 35025
1765106913533	Marionette	INFO	Listening on port 35031
WebDriver BiDi listening on ws://127.0.0.1:6470
Read port: 35031
1765106913734	RemoteAgent	WARN	TLS certificate errors will be ignored for this session
console.warn: services.settings: Ignoring preference override of remote settings server
console.warn: services.settings: Allow by setting MOZ_REMOTE_SETTINGS_DEVTOOLS=1 in the environment
1765106914726	Marionette	INFO	Marionette enabled
console.error: "Failed to fetch https://spocs.getpocket.com/user:" "NetworkError when attempting to fetch resource."
console.error: (new TypeError("NetworkError when attempting to fetch resource.", ""))
console.error: (new Error("OHTTP was configured for https://ads.mozilla.org/v1/delete_user but we couldn't fetch a valid config", "moz-src:///browser/modules/ContextId.sys.mjs", 234))
console.warn: TopSitesFeed: Failed to fetch data from MARS server: NetworkError when attempting to fetch resource.
JavaScript error: resource://gre/modules/ObliviousHTTP.sys.mjs, line 105: NS_ERROR_XPC_CANT_CONVERT_PRIMITIVE_TO_ARRAY: Cannot convert primitive JavaScript value into an array arg 2 [nsIObliviousHttpService.newChannel]
1765106915306	Marionette	INFO	Listening on port 42893
WebDriver BiDi listening on ws://127.0.0.1:29892
Read port: 42893
1765106915447	geckodriver	INFO	Listening on 127.0.0.1:12337
1765106915553	RemoteAgent	WARN	TLS certificate errors will be ignored for this session
1765106915574	mozrunner::runner	INFO	Running command: MOZ_CRASHREPORTER="1" MOZ_CRASHREPORTER_NO_REPORT="1" MOZ_CRASHREPORTER_SHUTDOWN="1" "/usr/bin/firefox" "--m ... s" "http://127.0.0.1:23000/,http://localhost:23000/,http://[::1]:23000/" "-no-remote" "-profile" "/tmp/rust_mozprofileHA0RmU"
console.warn: services.settings: Ignoring preference override of remote settings server
console.warn: services.settings: Allow by setting MOZ_REMOTE_SETTINGS_DEVTOOLS=1 in the environment
console.warn: LoginRecipes: "Falling back to a synchronous message for: https://www.saucedemo.com."
console.warn: LoginRecipes: "Falling back to a synchronous message for: https://www.saucedemo.com."
1765106916928	Marionette	INFO	Marionette enabled
1765106917452	Marionette	INFO	Listening on port 42527
Read port: 42527
WebDriver BiDi listening on ws://127.0.0.1:23000
1765106917629	RemoteAgent	WARN	TLS certificate errors will be ignored for this session
console.warn: LoginRecipes: "Falling back to a synchronous message for: https://www.saucedemo.com."
console.warn: LoginRecipes: "Falling back to a synchronous message for: https://www.saucedemo.com."
]]></system-err>
  </testcase>
  <testcase name="sortingByNameAtoZ[standard_user, secret_sauce](1)" classname="tests.SortingTest" time="1.06">
    <system-out><![CDATA[[13:27:14] [INFO ] AutomationLogger - ===== Starting Product Add/Remove Test for user: standard_user =====
[13:27:15] [INFO ] AutomationLogger - Logged in successfully.
[13:27:15] [INFO ] AutomationLogger - Loaded 6 products from JSON.
[13:27:15] [INFO ] AutomationLogger - Opening product → item_4
[13:27:16] [INFO ] AutomationLogger - Attempting to add product to cart.
[13:27:16] [INFO ] AutomationLogger - Validating remove button and cart badge after adding.
[13:27:16] [INFO ] AutomationLogger - Attempting to remove product from cart.
[13:27:16] [INFO ] AutomationLogger - Opening product → item_0
[13:27:16] [INFO ] AutomationLogger - ===== Starting sortingByNameAtoZ test for user: standard_user =====
[13:27:17] [INFO ] AutomationLogger - Attempting to add product to cart.
[13:27:17] [INFO ] AutomationLogger - Logged in successfully.
[13:27:17] [INFO ] AutomationLogger - Validating remove button and cart badge after adding.
[13:27:17] [INFO ] AutomationLogger - Attempting to remove product from cart.
[13:27:17] [INFO ] AutomationLogger - Clicked 'Sort A to Z'
[13:27:17] [INFO ] AutomationLogger - Opening product → item_1
[13:27:17] [INFO ] AutomationLogger - ===== sortingByNameAtoZ test completed for user: standard_user =====
]]></system-out>
    <system-err><![CDATA[1765106834546	Marionette	INFO	Stopped listening on port 44837
console.warn: LoginRecipes: "Falling back to a synchronous message for: https://www.saucedemo.com."
console.warn: LoginRecipes: "Falling back to a synchronous message for: https://www.saucedemo.com."
1765106835364	geckodriver	INFO	Listening on 127.0.0.1:4186
1765106835439	Marionette	WARN	Ignoring event 'DOMContentLoaded' because document has an invalid readyState of 'complete'.
1765106835524	mozrunner::runner	INFO	Running command: MOZ_CRASHREPORTER="1" MOZ_CRASHREPORTER_NO_REPORT="1" MOZ_CRASHREPORTER_SHUTDOWN="1" "/usr/bin/firefox" "--m ... s" "http://127.0.0.1:30389/,http://localhost:30389/,http://[::1]:30389/" "-no-remote" "-profile" "/tmp/rust_mozprofileaRyi00"
console.error: "Failed to fetch https://spocs.getpocket.com/user:" "NetworkError when attempting to fetch resource."
console.error: (new TypeError("NetworkError when attempting to fetch resource.", ""))
console.error: (new Error("OHTTP was configured for https://ads.mozilla.org/v1/delete_user but we couldn't fetch a valid config", "moz-src:///browser/modules/ContextId.sys.mjs", 234))
console.warn: TopSitesFeed: Failed to fetch data from MARS server: NetworkError when attempting to fetch resource.
console.warn: services.settings: Ignoring preference override of remote settings server
console.warn: services.settings: Allow by setting MOZ_REMOTE_SETTINGS_DEVTOOLS=1 in the environment
JavaScript error: resource://gre/modules/ObliviousHTTP.sys.mjs, line 105: NS_ERROR_XPC_CANT_CONVERT_PRIMITIVE_TO_ARRAY: Cannot convert primitive JavaScript value into an array arg 2 [nsIObliviousHttpService.newChannel]
1765106836858	Marionette	INFO	Marionette enabled
1765106836870	Marionette	WARN	Ignoring event 'DOMContentLoaded' because document has an invalid readyState of 'complete'.
1765106837098	geckodriver	INFO	Listening on 127.0.0.1:31415
console.warn: LoginRecipes: "Falling back to a synchronous message for: https://www.saucedemo.com."
console.warn: LoginRecipes: "Falling back to a synchronous message for: https://www.saucedemo.com."
1765106837284	mozrunner::runner	INFO	Running command: MOZ_CRASHREPORTER="1" MOZ_CRASHREPORTER_NO_REPORT="1" MOZ_CRASHREPORTER_SHUTDOWN="1" "/usr/bin/firefox" "--m ... s" "http://127.0.0.1:29607/,http://localhost:29607/,http://[::1]:29607/" "-no-remote" "-profile" "/tmp/rust_mozprofile8qVVjZ"
1765106837562	Marionette	INFO	Listening on port 45901
WebDriver BiDi listening on ws://127.0.0.1:30389
Read port: 45901
1765106837796	RemoteAgent	WARN	TLS certificate errors will be ignored for this session
]]></system-err>
  </testcase>
  <testcase name="sortingByNameAtoZ[problem_user, secret_sauce](2)" classname="tests.SortingTest" time="1.372">
    <system-out><![CDATA[[13:27:27] [INFO ] AutomationLogger - ===== Starting sortingByNameAtoZ test for user: problem_user =====
[13:27:28] [INFO ] AutomationLogger - Logged in successfully.
[13:27:29] [INFO ] AutomationLogger - Clicked 'Sort A to Z'
[13:27:29] [INFO ] AutomationLogger - ===== sortingByNameAtoZ test completed for user: problem_user =====
]]></system-out>
    <system-err><![CDATA[1765106846896	Marionette	INFO	Stopped listening on port 33331
1765106846925	Marionette	INFO	Listening on port 33421
WebDriver BiDi listening on ws://127.0.0.1:8735
Read port: 33421
1765106847074	mozrunner::runner	INFO	Running command: MOZ_CRASHREPORTER="1" MOZ_CRASHREPORTER_NO_REPORT="1" MOZ_CRASHREPORTER_SHUTDOWN="1" "/usr/bin/firefox" "--m ... s" "http://127.0.0.1:21554/,http://localhost:21554/,http://[::1]:21554/" "-no-remote" "-profile" "/tmp/rust_mozprofileOKO4yz"
1765106847174	RemoteAgent	WARN	TLS certificate errors will be ignored for this session
console.warn: services.settings: Ignoring preference override of remote settings server
console.warn: services.settings: Allow by setting MOZ_REMOTE_SETTINGS_DEVTOOLS=1 in the environment
console.error: "Failed to fetch https://spocs.getpocket.com/user:" "NetworkError when attempting to fetch resource."
console.error: (new TypeError("NetworkError when attempting to fetch resource.", ""))
console.error: (new Error("OHTTP was configured for https://ads.mozilla.org/v1/delete_user but we couldn't fetch a valid config", "moz-src:///browser/modules/ContextId.sys.mjs", 234))
console.warn: TopSitesFeed: Failed to fetch data from MARS server: NetworkError when attempting to fetch resource.
JavaScript error: resource://gre/modules/ObliviousHTTP.sys.mjs, line 105: NS_ERROR_XPC_CANT_CONVERT_PRIMITIVE_TO_ARRAY: Cannot convert primitive JavaScript value into an array arg 2 [nsIObliviousHttpService.newChannel]
1765106848285	Marionette	INFO	Marionette enabled
console.warn: LoginRecipes: "Falling back to a synchronous message for: https://www.saucedemo.com."
console.warn: LoginRecipes: "Falling back to a synchronous message for: https://www.saucedemo.com."
1765106848788	Marionette	INFO	Listening on port 37437
WebDriver BiDi listening on ws://127.0.0.1:21554
1765106848875	geckodriver	INFO	Listening on 127.0.0.1:15237
Read port: 37437
[...]
console.warn: TopSitesFeed: Failed to fetch data from MARS server: NetworkError when attempting to fetch resource.
JavaScript error: resource://gre/modules/ObliviousHTTP.sys.mjs, line 105: NS_ERROR_XPC_CANT_CONVERT_PRIMITIVE_TO_ARRAY: Cannot convert primitive JavaScript value into an array arg 2 [nsIObliviousHttpService.newChannel]
1765107099922	Marionette	WARN	Ignoring event 'DOMContentLoaded' because document has an invalid readyState of 'complete'.
1765107099927	Marionette	WARN	Ignoring event 'DOMContentLoaded' because document has an invalid readyState of 'complete'.
1765107100153	geckodriver	INFO	Listening on 127.0.0.1:11242
1765107100305	mozrunner::runner	INFO	Running command: MOZ_CRASHREPORTER="1" MOZ_CRASHREPORTER_NO_REPORT="1" MOZ_CRASHREPORTER_SHUTDOWN="1" "/usr/bin/firefox" "--m ... s" "http://127.0.0.1:22533/,http://localhost:22533/,http://[::1]:22533/" "-no-remote" "-profile" "/tmp/rust_mozprofileY3pYXO"
1765107100728	Marionette	WARN	Ignoring event 'DOMContentLoaded' because document has an invalid readyState of 'complete'.
console.warn: services.settings: Ignoring preference override of remote settings server
console.warn: services.settings: Allow by setting MOZ_REMOTE_SETTINGS_DEVTOOLS=1 in the environment
1765107101205	Marionette	WARN	Ignoring event 'DOMContentLoaded' because document has an invalid readyState of 'complete'.
1765107101836	Marionette	INFO	Marionette enabled
1765107101859	Marionette	WARN	Ignoring event 'DOMContentLoaded' because document has an invalid readyState of 'complete'.
console.warn: LoginRecipes: "Falling back to a synchronous message for: https://www.saucedemo.com."
console.warn: LoginRecipes: "Falling back to a synchronous message for: https://www.saucedemo.com."
1765107102266	Marionette	WARN	Ignoring event 'DOMContentLoaded' because document has an invalid readyState of 'complete'.
1765107102394	Marionette	INFO	Listening on port 35693
Read port: 35693
WebDriver BiDi listening on ws://127.0.0.1:22533
1765107102515	RemoteAgent	WARN	TLS certificate errors will be ignored for this session
1765107102728	Marionette	WARN	Ignoring event 'DOMContentLoaded' because document has an invalid readyState of 'complete'.
1765107102980	Marionette	WARN	Ignoring event 'DOMContentLoaded' because document has an invalid readyState of 'complete'.
]]></system-err>
  </testcase>
  <testcase name="Logout[performance_glitch_user, secret_sauce](3)" classname="tests.LogoutTest" time="5.924">
    <system-out><![CDATA[[13:31:45] [INFO ] AutomationLogger - Filling checkout data → Firstname:    , Lastname:    , Zip:    
[13:31:45] [INFO ] AutomationLogger - Clicking Continue to trigger validation
[13:31:45] [INFO ] AutomationLogger - Reloading checkout step one page for next input test
[13:31:46] [INFO ] AutomationLogger - Filling checkout data → Firstname: John Doe, Lastname: Smith, Zip:  12345 
[13:31:46] [INFO ] AutomationLogger - Clicking Continue to trigger validation
[13:31:46] [INFO ] AutomationLogger - Reloading checkout step one page for next input test
[13:31:47] [INFO ] AutomationLogger - Filling checkout data → Firstname: John123, Lastname: Doe456, Zip: 001234
[13:31:47] [INFO ] AutomationLogger - Clicking Continue to trigger validation
[13:31:47] [INFO ] AutomationLogger - Reloading checkout step one page for next input test
[13:31:47] [INFO ] AutomationLogger - ===== Starting Finish Process Test for user: performance_glitch_user =====
[13:31:47] [INFO ] AutomationLogger - Filling checkout data → Firstname: JohnDoe, Lastname: LongLastNameHereThatExceedsNormalLength, Zip: 123456789012345
[13:31:48] [INFO ] AutomationLogger - Clicking Continue to trigger validation
[13:31:48] [INFO ] AutomationLogger - Reloading checkout step one page for next input test
[13:31:48] [INFO ] AutomationLogger - Filling checkout data → Firstname: Jo$hn, Lastname: Do^e, Zip: 12345!
[13:31:48] [INFO ] AutomationLogger - Clicking Continue to trigger validation
[13:31:48] [INFO ] AutomationLogger - Reloading checkout step one page for next input test
[13:31:49] [INFO ] AutomationLogger - Filling checkout data → Firstname: J@hn, Lastname: D#oe, Zip: 12-345
[13:31:49] [INFO ] AutomationLogger - Clicking Continue to trigger validation
[13:31:49] [INFO ] AutomationLogger - Reloading checkout step one page for next input test
[13:31:50] [INFO ] AutomationLogger - Returning to inventory page to continue testing
[13:31:50] [INFO ] AutomationLogger - Adding product to cart → Test.allTheThings() T-Shirt (Red)
[13:31:50] [INFO ] AutomationLogger - Navigating to shopping cart
[13:31:51] [INFO ] AutomationLogger - Opening checkout page
[13:31:51] [INFO ] AutomationLogger - Reading checkout input data JSON
[13:31:51] [INFO ] AutomationLogger - Filling checkout data → Firstname: , Lastname: , Zip: 
[13:31:51] [INFO ] AutomationLogger - Clicking Continue to trigger validation
[13:31:51] [INFO ] AutomationLogger - Reloading checkout step one page for next input test
[13:31:51] [INFO ] AutomationLogger - Starting Logout Test for user: performance_glitch_user
[13:31:51] [INFO ] AutomationLogger - Attempting to login with username: performance_glitch_user
[13:31:51] [INFO ] AutomationLogger - Filling checkout data → Firstname: , Lastname: Doe, Zip: 67890
[13:31:52] [INFO ] AutomationLogger - Clicking Continue to trigger validation
[13:31:52] [INFO ] AutomationLogger - Reloading checkout step one page for next input test
[13:31:52] [INFO ] AutomationLogger - Filling checkout data → Firstname: John, Lastname: , Zip: 67890
[13:31:52] [INFO ] AutomationLogger - Clicking Continue to trigger validation
[13:31:52] [INFO ] AutomationLogger - Reloading checkout step one page for next input test
[13:31:53] [INFO ] AutomationLogger - Logged in successfully.
[13:31:53] [INFO ] AutomationLogger - Loaded 6 products from product list JSON.
[13:31:53] [INFO ] AutomationLogger - ----- Iteration 1: Adding 1 products to the cart -----
[13:31:53] [INFO ] AutomationLogger - Navigated to Shopping Cart.
[13:31:53] [INFO ] AutomationLogger - Filling checkout data → Firstname: John, Lastname: Doe, Zip: 
[13:31:53] [INFO ] AutomationLogger - Navigated to Checkout Information page.
[13:31:53] [INFO ] AutomationLogger - Entering valid checkout information...
[13:31:53] [INFO ] AutomationLogger - Clicking Continue to trigger validation
[13:31:53] [INFO ] AutomationLogger - Reloading checkout step one page for next input test
[13:31:53] [INFO ] AutomationLogger - Clicked Continue on checkout page.
[13:31:53] [INFO ] AutomationLogger - Entered valid checkout information and continued.
[13:31:53] [INFO ] AutomationLogger - Clicked Finish Button.
[13:31:54] [INFO ] AutomationLogger - Filling checkout data → Firstname: John, Lastname: Doe, Zip: 12345
[13:31:54] [INFO ] AutomationLogger - Clicking Continue to trigger validation
[13:31:54] [INFO ] AutomationLogger - Reloading checkout step one page for next input test
[13:31:54] [INFO ] AutomationLogger - Filling checkout data → Firstname: J0hn, Lastname: D@e, Zip: 123-45
[13:31:54] [INFO ] AutomationLogger - Clicking Continue to trigger validation
[13:31:55] [INFO ] AutomationLogger - Reloading checkout step one page for next input test
[13:31:55] [INFO ] AutomationLogger - Filling checkout data → Firstname: J, Lastname: D, Zip: 1
[13:31:55] [INFO ] AutomationLogger - Clicking Continue to trigger validation
[13:31:55] [INFO ] AutomationLogger - Reloading checkout step one page for next input test
[13:31:55] [INFO ] AutomationLogger - Filling checkout data → Firstname: John@#, Lastname: Doe$%, Zip: ABCDE
[13:31:56] [INFO ] AutomationLogger - Clicking Continue to trigger validation
[13:31:56] [INFO ] AutomationLogger - Reloading checkout step one page for next input test
[13:31:56] [INFO ] AutomationLogger - Filling checkout data → Firstname:    , Lastname:    , Zip:    
[13:31:56] [INFO ] AutomationLogger - Clicking Continue to trigger validation
[13:31:56] [INFO ] AutomationLogger - Reloading checkout step one page for next input test
[13:31:57] [INFO ] AutomationLogger - Filling checkout data → Firstname: John Doe, Lastname: Smith, Zip:  12345 
[13:31:57] [INFO ] AutomationLogger - Clicking the menu to log out.
[13:31:57] [INFO ] AutomationLogger - Clicking Continue to trigger validation
[13:31:57] [INFO ] AutomationLogger - Clicking logout.
[13:31:57] [INFO ] AutomationLogger - Reloading checkout step one page for next input test
[13:31:57] [INFO ] AutomationLogger - Logout test completed for user: performance_glitch_user
]]></system-out>
    <system-err><![CDATA[1765107104885	Marionette	INFO	Stopped listening on port 36237
1765107105583	geckodriver	INFO	Listening on 127.0.0.1:1854
1765107105753	mozrunner::runner	INFO	Running command: MOZ_CRASHREPORTER="1" MOZ_CRASHREPORTER_NO_REPORT="1" MOZ_CRASHREPORTER_SHUTDOWN="1" "/usr/bin/firefox" "--m ... gins" "http://127.0.0.1:5490/,http://localhost:5490/,http://[::1]:5490/" "-no-remote" "-profile" "/tmp/rust_mozprofileUbTZIO"
1765107105753	Marionette	WARN	Ignoring event 'DOMContentLoaded' because document has an invalid readyState of 'complete'.
console.warn: services.settings: Ignoring preference override of remote settings server
console.warn: services.settings: Allow by setting MOZ_REMOTE_SETTINGS_DEVTOOLS=1 in the environment
console.error: "Failed to fetch https://spocs.getpocket.com/user:" "NetworkError when attempting to fetch resource."
console.error: (new TypeError("NetworkError when attempting to fetch resource.", ""))
console.error: (new Error("OHTTP was configured for https://ads.mozilla.org/v1/delete_user but we couldn't fetch a valid config", "moz-src:///browser/modules/ContextId.sys.mjs", 234))
console.warn: TopSitesFeed: Failed to fetch data from MARS server: NetworkError when attempting to fetch resource.
JavaScript error: resource://gre/modules/ObliviousHTTP.sys.mjs, line 105: NS_ERROR_XPC_CANT_CONVERT_PRIMITIVE_TO_ARRAY: Cannot convert primitive JavaScript value into an array arg 2 [nsIObliviousHttpService.newChannel]
1765107106673	Marionette	WARN	Ignoring event 'DOMContentLoaded' because document has an invalid readyState of 'complete'.
1765107106981	Marionette	INFO	Marionette enabled
1765107107461	Marionette	INFO	Listening on port 44781
1765107107492	Marionette	WARN	Ignoring event 'DOMContentLoaded' because document has an invalid readyState of 'complete'.
WebDriver BiDi listening on ws://127.0.0.1:5490
Read port: 44781
1765107107758	RemoteAgent	WARN	TLS certificate errors will be ignored for this session
console.warn: LoginRecipes: "Falling back to a synchronous message for: https://www.saucedemo.com."
console.warn: LoginRecipes: "Falling back to a synchronous message for: https://www.saucedemo.com."
1765107108338	Marionette	WARN	Ignoring event 'DOMContentLoaded' because document has an invalid readyState of 'complete'.
1765107109098	Marionette	WARN	Ignoring event 'DOMContentLoaded' because document has an invalid readyState of 'complete'.
1765107109794	Marionette	WARN	Ignoring event 'DOMContentLoaded' because document has an invalid readyState of 'complete'.
1765107110301	Marionette	WARN	Ignoring event 'DOMContentLoaded' because document has an invalid readyState of 'complete'.
1765107111446	Marionette	WARN	Ignoring event 'DOMContentLoaded' because document has an invalid readyState of 'complete'.
console.warn: LoginRecipes: "Falling back to a synchronous message for: https://www.saucedemo.com."
console.warn: LoginRecipes: "Falling back to a synchronous message for: https://www.saucedemo.com."
1765107112432	Marionette	WARN	Ignoring event 'DOMContentLoaded' because document has an invalid readyState of 'complete'.
1765107113159	Marionette	WARN	Ignoring event 'DOMContentLoaded' because document has an invalid readyState of 'complete'.
1765107113788	Marionette	WARN	Ignoring event 'DOMContentLoaded' because document has an invalid readyState of 'complete'.
1765107114429	Marionette	WARN	Ignoring event 'DOMContentLoaded' because document has an invalid readyState of 'complete'.
1765107115117	Marionette	WARN	Ignoring event 'DOMContentLoaded' because document has an invalid readyState of 'complete'.
1765107115662	Marionette	WARN	Ignoring event 'DOMContentLoaded' because document has an invalid readyState of 'complete'.
1765107116331	Marionette	WARN	Ignoring event 'DOMContentLoaded' because document has an invalid readyState of 'complete'.
1765107116801	Marionette	WARN	Ignoring event 'DOMContentLoaded' because document has an invalid readyState of 'complete'.
]]></system-err>
  </testcase>
  <testcase name="Logout[error_user, secret_sauce](4)" classname="tests.LogoutTest" time="0.719">
    <system-out><![CDATA[[13:32:03] [INFO ] AutomationLogger - Starting Logout Test for user: error_user
[13:32:03] [INFO ] AutomationLogger - Attempting to login with username: error_user
[13:32:04] [INFO ] AutomationLogger - Clicking the menu to log out.
[13:32:04] [INFO ] AutomationLogger - Clicking logout.
[13:32:04] [INFO ] AutomationLogger - Clicked Back Home.
[13:32:04] [INFO ] AutomationLogger - ----- Completed Iteration 2 -----

[13:32:04] [INFO ] AutomationLogger - ----- Iteration 3: Adding 1 products to the cart -----
[13:32:04] [INFO ] AutomationLogger - Logout test completed for user: error_user
]]></system-out>
    <system-err><![CDATA[1765107120555	Marionette	INFO	Stopped listening on port 37603
1765107120646	RemoteAgent	WARN	TLS certificate errors will be ignored for this session
console.error: (new TypeError("NetworkError when attempting to fetch resource.", ""))
console.error: (new Error("OHTTP was configured for https://ads.mozilla.org/v1/delete_user but we couldn't fetch a valid config", "moz-src:///browser/modules/ContextId.sys.mjs", 234))
console.error: "Failed to fetch https://spocs.getpocket.com/user:" "NetworkError when attempting to fetch resource."
console.warn: TopSitesFeed: Failed to fetch data from MARS server: NetworkError when attempting to fetch resource.
JavaScript error: resource://gre/modules/ObliviousHTTP.sys.mjs, line 105: NS_ERROR_XPC_CANT_CONVERT_PRIMITIVE_TO_ARRAY: Cannot convert primitive JavaScript value into an array arg 2 [nsIObliviousHttpService.newChannel]
1765107122486	geckodriver	INFO	Listening on 127.0.0.1:21375
1765107122610	mozrunner::runner	INFO	Running command: MOZ_CRASHREPORTER="1" MOZ_CRASHREPORTER_NO_REPORT="1" MOZ_CRASHREPORTER_SHUTDOWN="1" "/usr/bin/firefox" "--m ... gins" "http://127.0.0.1:9750/,http://localhost:9750/,http://[::1]:9750/" "-no-remote" "-profile" "/tmp/rust_mozprofilem6SZ7b"
console.warn: services.settings: Ignoring preference override of remote settings server
console.warn: services.settings: Allow by setting MOZ_REMOTE_SETTINGS_DEVTOOLS=1 in the environment
1765107123647	Marionette	INFO	Marionette enabled
1765107124010	Marionette	INFO	Listening on port 45523
WebDriver BiDi listening on ws://127.0.0.1:9750
Read port: 45523
console.warn: LoginRecipes: "Falling back to a synchronous message for: https://www.saucedemo.com."
console.warn: LoginRecipes: "Falling back to a synchronous message for: https://www.saucedemo.com."
1765107124302	RemoteAgent	WARN	TLS certificate errors will be ignored for this session
1765107124599	RemoteAgent	WARN	TimedPromise timed out after 500 ms: stacktrace:
TimedPromise/<@chrome://remote/content/shared/Sync.sys.mjs:448:24
TimedPromise@chrome://remote/content/shared/Sync.sys.mjs:432:10
interaction.flushEventLoop@chrome://remote/content/marionette/interaction.sys.mjs:465:10
webdriverClickElement@chrome://remote/content/marionette/interaction.sys.mjs:218:33
]]></system-err>
  </testcase>
  <testcase name="Logout[visual_user, secret_sauce](5)" classname="tests.LogoutTest" time="0.606">
    <system-out><![CDATA[[13:32:04] [INFO ] AutomationLogger - ----- Iteration 3: Adding 2 products to the cart -----
[13:32:04] [INFO ] AutomationLogger - ----- Iteration 3: Adding 3 products to the cart -----
[13:32:04] [INFO ] AutomationLogger - Navigated to Shopping Cart.
[13:32:05] [INFO ] AutomationLogger - Navigated to Checkout Information page.
[13:32:05] [INFO ] AutomationLogger - Entering valid checkout information...
[13:32:05] [INFO ] AutomationLogger - Clicked Continue on checkout page.
[13:32:05] [INFO ] AutomationLogger - Entered valid checkout information and continued.
[13:32:05] [INFO ] AutomationLogger - Clicked Finish Button.
[13:32:10] [INFO ] AutomationLogger - Clicked Back Home.
[13:32:10] [INFO ] AutomationLogger - ----- Completed Iteration 3 -----

[13:32:10] [INFO ] AutomationLogger - ----- Iteration 4: Adding 1 products to the cart -----
[13:32:10] [INFO ] AutomationLogger - ----- Iteration 4: Adding 2 products to the cart -----
[13:32:10] [INFO ] AutomationLogger - ----- Iteration 4: Adding 3 products to the cart -----
[13:32:10] [INFO ] AutomationLogger - ----- Iteration 4: Adding 4 products to the cart -----
[13:32:10] [INFO ] AutomationLogger - Navigated to Shopping Cart.
[13:32:11] [INFO ] AutomationLogger - Navigated to Checkout Information page.
[13:32:11] [INFO ] AutomationLogger - Entering valid checkout information...
[13:32:11] [INFO ] AutomationLogger - Clicked Continue on checkout page.
[13:32:11] [INFO ] AutomationLogger - Entered valid checkout information and continued.
[13:32:11] [INFO ] AutomationLogger - Clicked Finish Button.
[13:32:12] [INFO ] AutomationLogger - Starting Logout Test for user: visual_user
[13:32:12] [INFO ] AutomationLogger - Attempting to login with username: visual_user
[13:32:13] [INFO ] AutomationLogger - Clicking the menu to log out.
[13:32:13] [INFO ] AutomationLogger - Clicking logout.
[13:32:13] [INFO ] AutomationLogger - Logout test completed for user: visual_user
]]></system-out>
    <system-err><![CDATA[1765107124702	Marionette	INFO	Stopped listening on port 45227
console.error: "Failed to fetch https://spocs.getpocket.com/user:" "NetworkError when attempting to fetch resource."
console.error: (new TypeError("NetworkError when attempting to fetch resource.", ""))
console.error: (new Error("OHTTP was configured for https://ads.mozilla.org/v1/delete_user but we couldn't fetch a valid config", "moz-src:///browser/modules/ContextId.sys.mjs", 234))
console.warn: TopSitesFeed: Failed to fetch data from MARS server: NetworkError when attempting to fetch resource.
JavaScript error: resource://gre/modules/ObliviousHTTP.sys.mjs, line 105: NS_ERROR_XPC_CANT_CONVERT_PRIMITIVE_TO_ARRAY: Cannot convert primitive JavaScript value into an array arg 2 [nsIObliviousHttpService.newChannel]
1765107126867	geckodriver	INFO	Listening on 127.0.0.1:4993
1765107127046	mozrunner::runner	INFO	Running command: MOZ_CRASHREPORTER="1" MOZ_CRASHREPORTER_NO_REPORT="1" MOZ_CRASHREPORTER_SHUTDOWN="1" "/usr/bin/firefox" "--m ... s" "http://127.0.0.1:12351/,http://localhost:12351/,http://[::1]:12351/" "-no-remote" "-profile" "/tmp/rust_mozprofilebxnX5e"
console.warn: services.settings: Ignoring preference override of remote settings server
console.warn: services.settings: Allow by setting MOZ_REMOTE_SETTINGS_DEVTOOLS=1 in the environment
1765107128047	Marionette	INFO	Marionette enabled
1765107128371	Marionette	INFO	Listening on port 37381
WebDriver BiDi listening on ws://127.0.0.1:12351
Read port: 37381
1765107128593	RemoteAgent	WARN	TLS certificate errors will be ignored for this session
1765107130492	RemoteAgent	WARN	TimedPromise timed out after 500 ms: stacktrace:
TimedPromise/<@chrome://remote/content/shared/Sync.sys.mjs:448:24
TimedPromise@chrome://remote/content/shared/Sync.sys.mjs:432:10
interaction.flushEventLoop@chrome://remote/content/marionette/interaction.sys.mjs:465:10
webdriverClickElement@chrome://remote/content/marionette/interaction.sys.mjs:218:33
console.warn: LoginRecipes: "Falling back to a synchronous message for: https://www.saucedemo.com."
console.warn: LoginRecipes: "Falling back to a synchronous message for: https://www.saucedemo.com."
]]></system-err>
  </testcase>
</testsuite>