<?xml version="1.0" encoding="UTF-8"?>
<!-- Generated by org.testng.reporters.JUnitReportReporter -->
<testsuite hostname="archroot" failures="0" tests="9" name="tests.LoginTest" time="100.938" errors="0" timestamp="2025-12-07T13:36:10 EET" skipped="0">
  <testcase classname="tests.LoginTest" name="testLogin" time="8.953"/>
  <system-out/>
  <testcase classname="tests.LoginTest" name="testLogin" time="11.961"/>
  <system-out/>
  <testcase classname="tests.LoginTest" name="testLogin" time="15.919"/>
  <system-out/>
  <testcase classname="tests.LoginTest" name="testLogin" time="9.164"/>
  <system-out/>
  <testcase classname="tests.LoginTest" name="testLogin" time="15.577"/>
  <system-out/>
  <testcase classname="tests.LoginTest" name="testLogin" time="9.427"/>
  <system-out/>
  <testcase classname="tests.LoginTest" name="testLogin" time="8.805"/>
  <system-out/>
  <testcase classname="tests.LoginTest" name="testLogin" time="10.905"/>
  <system-out/>
  <testcase classname="tests.LoginTest" name="testLogin" time="10.227"/>
  <system-out/>
</testsuite> <!-- tests.LoginTest -->
