<?xml version="1.0" encoding="UTF-8"?>
<!-- Generated by org.testng.reporters.JUnitReportReporter -->
<testsuite hostname="archroot" failures="0" tests="5" name="tests.LogoutTest" time="52.419" errors="0" timestamp="2025-12-07T13:36:10 EET" skipped="0">
  <testcase classname="tests.LogoutTest" name="Logout" time="8.420"/>
  <system-out/>
  <testcase classname="tests.LogoutTest" name="Logout" time="8.826"/>
  <system-out/>
  <testcase classname="tests.LogoutTest" name="Logout" time="11.360"/>
  <system-out/>
  <testcase classname="tests.LogoutTest" name="Logout" time="15.670"/>
  <system-out/>
  <testcase classname="tests.LogoutTest" name="Logout" time="8.143"/>
  <system-out/>
</testsuite> <!-- tests.LogoutTest -->
