<?xml version="1.0" encoding="UTF-8"?>
<!-- Generated by org.testng.reporters.JUnitReportReporter -->
<testsuite hostname="archroot" failures="0" tests="5" name="tests.LogoutTest" time="56.115" errors="0" timestamp="2025-12-07T11:09:46 EET" skipped="0">
  <testcase classname="tests.LogoutTest" name="Logout" time="9.511"/>
  <system-out/>
  <testcase classname="tests.LogoutTest" name="Logout" time="18.107"/>
  <system-out/>
  <testcase classname="tests.LogoutTest" name="Logout" time="9.444"/>
  <system-out/>
  <testcase classname="tests.LogoutTest" name="Logout" time="8.175"/>
  <system-out/>
  <testcase classname="tests.LogoutTest" name="Logout" time="10.878"/>
  <system-out/>
</testsuite> <!-- tests.LogoutTest -->
