<?xml version="1.0" encoding="UTF-8"?>
<!-- Generated by org.testng.reporters.JUnitReportReporter -->
<testsuite hostname="archroot" failures="0" tests="9" name="tests.LoginTest" time="125.321" errors="0" timestamp="2025-12-07T11:09:46 EET" skipped="0">
  <testcase classname="tests.LoginTest" name="testLogin" time="11.759"/>
  <system-out/>
  <testcase classname="tests.LoginTest" name="testLogin" time="10.835"/>
  <system-out/>
  <testcase classname="tests.LoginTest" name="testLogin" time="11.896"/>
  <system-out/>
  <testcase classname="tests.LoginTest" name="testLogin" time="14.048"/>
  <system-out/>
  <testcase classname="tests.LoginTest" name="testLogin" time="11.313"/>
  <system-out/>
  <testcase classname="tests.LoginTest" name="testLogin" time="12.409"/>
  <system-out/>
  <testcase classname="tests.LoginTest" name="testLogin" time="21.539"/>
  <system-out/>
  <testcase classname="tests.LoginTest" name="testLogin" time="12.743"/>
  <system-out/>
  <testcase classname="tests.LoginTest" name="testLogin" time="18.779"/>
  <system-out/>
</testsuite> <!-- tests.LoginTest -->
